ERROR - 2025-04-14 04:56:35 --> mysqli_sql_exception: Duplicate entry '' for key 'email' in C:\xampp\htdocs\meeshodelivery\system\Database\MySQLi\Connection.php:327
Stack trace:
#0 C:\xampp\htdocs\meeshodelivery\system\Database\MySQLi\Connection.php(327): mysqli->query('INSERT INTO `st...', 0)
#1 C:\xampp\htdocs\meeshodelivery\system\Database\BaseConnection.php(738): CodeIgniter\Database\MySQLi\Connection->execute('INSERT INTO `st...')
#2 C:\xampp\htdocs\meeshodelivery\system\Database\BaseConnection.php(652): CodeIgniter\Database\BaseConnection->simpleQuery('INSERT INTO `st...')
#3 C:\xampp\htdocs\meeshodelivery\system\Database\BaseBuilder.php(2345): CodeIgniter\Database\BaseConnection->query('INSERT INTO `st...', Array, false)
#4 C:\xampp\htdocs\meeshodelivery\system\Model.php(394): CodeIgniter\Database\BaseBuilder->insert()
#5 C:\xampp\htdocs\meeshodelivery\system\BaseModel.php(839): CodeIgniter\Model->doInsert(Array)
#6 C:\xampp\htdocs\meeshodelivery\system\Model.php(800): CodeIgniter\BaseModel->insert(Array, true)
#7 C:\xampp\htdocs\meeshodelivery\app\Controllers\Admin.php(497): CodeIgniter\Model->insert(Array)
#8 C:\xampp\htdocs\meeshodelivery\system\CodeIgniter.php(933): App\Controllers\Admin->staffAdd()
#9 C:\xampp\htdocs\meeshodelivery\system\CodeIgniter.php(507): CodeIgniter\CodeIgniter->runController(Object(App\Controllers\Admin))
#10 C:\xampp\htdocs\meeshodelivery\system\CodeIgniter.php(354): CodeIgniter\CodeIgniter->handleRequest(NULL, Object(Config\Cache), false)
#11 C:\xampp\htdocs\meeshodelivery\system\Boot.php(334): CodeIgniter\CodeIgniter->run()
#12 C:\xampp\htdocs\meeshodelivery\system\Boot.php(67): CodeIgniter\Boot::runCodeIgniter(Object(CodeIgniter\CodeIgniter))
#13 C:\xampp\htdocs\meeshodelivery\index.php(56): CodeIgniter\Boot::bootWeb(Object(Config\Paths))
#14 {main}
CRITICAL - 2025-04-14 04:56:35 --> CodeIgniter\Database\Exceptions\DatabaseException: Duplicate entry '' for key 'email'
[Method: POST, Route: admin/addstaff]
in SYSTEMPATH\Database\BaseConnection.php on line 692.
 1 SYSTEMPATH\Database\BaseBuilder.php(2345): CodeIgniter\Database\BaseConnection->query('INSERT INTO `staff` (`name`, `phone`, `hub`, `image`, `bankname`, `bankaccountnumber`, `ifsccode`, `status`, `pancard`, `aadhaarcard`, `licence`, `insurance`) VALUES (:name:, :phone:, :hub:, :image:, :bankname:, :bankaccountnumber:, :ifsccode:, :status:, :pancard:, :aadhaarcard:, :licence:, :insurance:)', [...], false)
 2 SYSTEMPATH\Model.php(394): CodeIgniter\Database\BaseBuilder->insert()
 3 SYSTEMPATH\BaseModel.php(839): CodeIgniter\Model->doInsert([...])
 4 SYSTEMPATH\Model.php(800): CodeIgniter\BaseModel->insert([...], true)
 5 APPPATH\Controllers\Admin.php(497): CodeIgniter\Model->insert([...])
 6 SYSTEMPATH\CodeIgniter.php(933): App\Controllers\Admin->staffAdd()
 7 SYSTEMPATH\CodeIgniter.php(507): CodeIgniter\CodeIgniter->runController(Object(App\Controllers\Admin))
 8 SYSTEMPATH\CodeIgniter.php(354): CodeIgniter\CodeIgniter->handleRequest(null, Object(Config\Cache), false)
 9 SYSTEMPATH\Boot.php(334): CodeIgniter\CodeIgniter->run()
10 SYSTEMPATH\Boot.php(67): CodeIgniter\Boot::runCodeIgniter(Object(CodeIgniter\CodeIgniter))
11 FCPATH\index.php(56): CodeIgniter\Boot::bootWeb(Object(Config\Paths))
CRITICAL - 2025-04-14 04:56:35 --> [Caused by] CodeIgniter\Database\Exceptions\DatabaseException: Duplicate entry '' for key 'email'
in SYSTEMPATH\Database\MySQLi\Connection.php on line 332.
 1 SYSTEMPATH\Database\BaseConnection.php(738): CodeIgniter\Database\MySQLi\Connection->execute('INSERT INTO `staff` (`name`, `phone`, `hub`, `image`, `bankname`, `bankaccountnumber`, `ifsccode`, `status`, `pancard`, `aadhaarcard`, `licence`, `insurance`) VALUES (\'  testing entries trusttech\', \'0983938939\', \'\', \'uploads/staff/1744606595_9c132d76ee722e58c199.jpg\', \'DFFFFFFFF\', \'ARR34444\', \'q2wrweer\', \'active\', \'uploads/staff/defaultid.png\', \'uploads/staff/defaultid.png\', \'uploads/staff/1744606595_27a4ae566200aaed7eb4.png\', \'uploads/staff/defaultid.png\')')
 2 SYSTEMPATH\Database\BaseConnection.php(652): CodeIgniter\Database\BaseConnection->simpleQuery('INSERT INTO `staff` (`name`, `phone`, `hub`, `image`, `bankname`, `bankaccountnumber`, `ifsccode`, `status`, `pancard`, `aadhaarcard`, `licence`, `insurance`) VALUES (\'  testing entries trusttech\', \'0983938939\', \'\', \'uploads/staff/1744606595_9c132d76ee722e58c199.jpg\', \'DFFFFFFFF\', \'ARR34444\', \'q2wrweer\', \'active\', \'uploads/staff/defaultid.png\', \'uploads/staff/defaultid.png\', \'uploads/staff/1744606595_27a4ae566200aaed7eb4.png\', \'uploads/staff/defaultid.png\')')
 3 SYSTEMPATH\Database\BaseBuilder.php(2345): CodeIgniter\Database\BaseConnection->query('INSERT INTO `staff` (`name`, `phone`, `hub`, `image`, `bankname`, `bankaccountnumber`, `ifsccode`, `status`, `pancard`, `aadhaarcard`, `licence`, `insurance`) VALUES (:name:, :phone:, :hub:, :image:, :bankname:, :bankaccountnumber:, :ifsccode:, :status:, :pancard:, :aadhaarcard:, :licence:, :insurance:)', [...], false)
 4 SYSTEMPATH\Model.php(394): CodeIgniter\Database\BaseBuilder->insert()
 5 SYSTEMPATH\BaseModel.php(839): CodeIgniter\Model->doInsert([...])
 6 SYSTEMPATH\Model.php(800): CodeIgniter\BaseModel->insert([...], true)
 7 APPPATH\Controllers\Admin.php(497): CodeIgniter\Model->insert([...])
 8 SYSTEMPATH\CodeIgniter.php(933): App\Controllers\Admin->staffAdd()
 9 SYSTEMPATH\CodeIgniter.php(507): CodeIgniter\CodeIgniter->runController(Object(App\Controllers\Admin))
10 SYSTEMPATH\CodeIgniter.php(354): CodeIgniter\CodeIgniter->handleRequest(null, Object(Config\Cache), false)
11 SYSTEMPATH\Boot.php(334): CodeIgniter\CodeIgniter->run()
12 SYSTEMPATH\Boot.php(67): CodeIgniter\Boot::runCodeIgniter(Object(CodeIgniter\CodeIgniter))
13 FCPATH\index.php(56): CodeIgniter\Boot::bootWeb(Object(Config\Paths))
CRITICAL - 2025-04-14 04:56:35 --> [Caused by] mysqli_sql_exception: Duplicate entry '' for key 'email'
in SYSTEMPATH\Database\MySQLi\Connection.php on line 327.
 1 SYSTEMPATH\Database\MySQLi\Connection.php(327): mysqli->query('INSERT INTO `staff` (`name`, `phone`, `hub`, `image`, `bankname`, `bankaccountnumber`, `ifsccode`, `status`, `pancard`, `aadhaarcard`, `licence`, `insurance`) VALUES (\'  testing entries trusttech\', \'0983938939\', \'\', \'uploads/staff/1744606595_9c132d76ee722e58c199.jpg\', \'DFFFFFFFF\', \'ARR34444\', \'q2wrweer\', \'active\', \'uploads/staff/defaultid.png\', \'uploads/staff/defaultid.png\', \'uploads/staff/1744606595_27a4ae566200aaed7eb4.png\', \'uploads/staff/defaultid.png\')', 0)
 2 SYSTEMPATH\Database\BaseConnection.php(738): CodeIgniter\Database\MySQLi\Connection->execute('INSERT INTO `staff` (`name`, `phone`, `hub`, `image`, `bankname`, `bankaccountnumber`, `ifsccode`, `status`, `pancard`, `aadhaarcard`, `licence`, `insurance`) VALUES (\'  testing entries trusttech\', \'0983938939\', \'\', \'uploads/staff/1744606595_9c132d76ee722e58c199.jpg\', \'DFFFFFFFF\', \'ARR34444\', \'q2wrweer\', \'active\', \'uploads/staff/defaultid.png\', \'uploads/staff/defaultid.png\', \'uploads/staff/1744606595_27a4ae566200aaed7eb4.png\', \'uploads/staff/defaultid.png\')')
 3 SYSTEMPATH\Database\BaseConnection.php(652): CodeIgniter\Database\BaseConnection->simpleQuery('INSERT INTO `staff` (`name`, `phone`, `hub`, `image`, `bankname`, `bankaccountnumber`, `ifsccode`, `status`, `pancard`, `aadhaarcard`, `licence`, `insurance`) VALUES (\'  testing entries trusttech\', \'0983938939\', \'\', \'uploads/staff/1744606595_9c132d76ee722e58c199.jpg\', \'DFFFFFFFF\', \'ARR34444\', \'q2wrweer\', \'active\', \'uploads/staff/defaultid.png\', \'uploads/staff/defaultid.png\', \'uploads/staff/1744606595_27a4ae566200aaed7eb4.png\', \'uploads/staff/defaultid.png\')')
 4 SYSTEMPATH\Database\BaseBuilder.php(2345): CodeIgniter\Database\BaseConnection->query('INSERT INTO `staff` (`name`, `phone`, `hub`, `image`, `bankname`, `bankaccountnumber`, `ifsccode`, `status`, `pancard`, `aadhaarcard`, `licence`, `insurance`) VALUES (:name:, :phone:, :hub:, :image:, :bankname:, :bankaccountnumber:, :ifsccode:, :status:, :pancard:, :aadhaarcard:, :licence:, :insurance:)', [...], false)
 5 SYSTEMPATH\Model.php(394): CodeIgniter\Database\BaseBuilder->insert()
 6 SYSTEMPATH\BaseModel.php(839): CodeIgniter\Model->doInsert([...])
 7 SYSTEMPATH\Model.php(800): CodeIgniter\BaseModel->insert([...], true)
 8 APPPATH\Controllers\Admin.php(497): CodeIgniter\Model->insert([...])
 9 SYSTEMPATH\CodeIgniter.php(933): App\Controllers\Admin->staffAdd()
10 SYSTEMPATH\CodeIgniter.php(507): CodeIgniter\CodeIgniter->runController(Object(App\Controllers\Admin))
11 SYSTEMPATH\CodeIgniter.php(354): CodeIgniter\CodeIgniter->handleRequest(null, Object(Config\Cache), false)
12 SYSTEMPATH\Boot.php(334): CodeIgniter\CodeIgniter->run()
13 SYSTEMPATH\Boot.php(67): CodeIgniter\Boot::runCodeIgniter(Object(CodeIgniter\CodeIgniter))
14 FCPATH\index.php(56): CodeIgniter\Boot::bootWeb(Object(Config\Paths))
ERROR - 2025-04-14 04:57:58 --> mysqli_sql_exception: Duplicate entry '' for key 'email' in C:\xampp\htdocs\meeshodelivery\system\Database\MySQLi\Connection.php:327
Stack trace:
#0 C:\xampp\htdocs\meeshodelivery\system\Database\MySQLi\Connection.php(327): mysqli->query('INSERT INTO `st...', 0)
#1 C:\xampp\htdocs\meeshodelivery\system\Database\BaseConnection.php(738): CodeIgniter\Database\MySQLi\Connection->execute('INSERT INTO `st...')
#2 C:\xampp\htdocs\meeshodelivery\system\Database\BaseConnection.php(652): CodeIgniter\Database\BaseConnection->simpleQuery('INSERT INTO `st...')
#3 C:\xampp\htdocs\meeshodelivery\system\Database\BaseBuilder.php(2345): CodeIgniter\Database\BaseConnection->query('INSERT INTO `st...', Array, false)
#4 C:\xampp\htdocs\meeshodelivery\system\Model.php(394): CodeIgniter\Database\BaseBuilder->insert()
#5 C:\xampp\htdocs\meeshodelivery\system\BaseModel.php(839): CodeIgniter\Model->doInsert(Array)
#6 C:\xampp\htdocs\meeshodelivery\system\Model.php(800): CodeIgniter\BaseModel->insert(Array, true)
#7 C:\xampp\htdocs\meeshodelivery\app\Controllers\Admin.php(497): CodeIgniter\Model->insert(Array)
#8 C:\xampp\htdocs\meeshodelivery\system\CodeIgniter.php(933): App\Controllers\Admin->staffAdd()
#9 C:\xampp\htdocs\meeshodelivery\system\CodeIgniter.php(507): CodeIgniter\CodeIgniter->runController(Object(App\Controllers\Admin))
#10 C:\xampp\htdocs\meeshodelivery\system\CodeIgniter.php(354): CodeIgniter\CodeIgniter->handleRequest(NULL, Object(Config\Cache), false)
#11 C:\xampp\htdocs\meeshodelivery\system\Boot.php(334): CodeIgniter\CodeIgniter->run()
#12 C:\xampp\htdocs\meeshodelivery\system\Boot.php(67): CodeIgniter\Boot::runCodeIgniter(Object(CodeIgniter\CodeIgniter))
#13 C:\xampp\htdocs\meeshodelivery\index.php(56): CodeIgniter\Boot::bootWeb(Object(Config\Paths))
#14 {main}
CRITICAL - 2025-04-14 04:57:58 --> CodeIgniter\Database\Exceptions\DatabaseException: Duplicate entry '' for key 'email'
[Method: POST, Route: admin/addstaff]
in SYSTEMPATH\Database\BaseConnection.php on line 692.
 1 SYSTEMPATH\Database\BaseBuilder.php(2345): CodeIgniter\Database\BaseConnection->query('INSERT INTO `staff` (`name`, `phone`, `hub`, `image`, `bankname`, `bankaccountnumber`, `ifsccode`, `status`, `pancard`, `aadhaarcard`, `licence`, `insurance`) VALUES (:name:, :phone:, :hub:, :image:, :bankname:, :bankaccountnumber:, :ifsccode:, :status:, :pancard:, :aadhaarcard:, :licence:, :insurance:)', [...], false)
 2 SYSTEMPATH\Model.php(394): CodeIgniter\Database\BaseBuilder->insert()
 3 SYSTEMPATH\BaseModel.php(839): CodeIgniter\Model->doInsert([...])
 4 SYSTEMPATH\Model.php(800): CodeIgniter\BaseModel->insert([...], true)
 5 APPPATH\Controllers\Admin.php(497): CodeIgniter\Model->insert([...])
 6 SYSTEMPATH\CodeIgniter.php(933): App\Controllers\Admin->staffAdd()
 7 SYSTEMPATH\CodeIgniter.php(507): CodeIgniter\CodeIgniter->runController(Object(App\Controllers\Admin))
 8 SYSTEMPATH\CodeIgniter.php(354): CodeIgniter\CodeIgniter->handleRequest(null, Object(Config\Cache), false)
 9 SYSTEMPATH\Boot.php(334): CodeIgniter\CodeIgniter->run()
10 SYSTEMPATH\Boot.php(67): CodeIgniter\Boot::runCodeIgniter(Object(CodeIgniter\CodeIgniter))
11 FCPATH\index.php(56): CodeIgniter\Boot::bootWeb(Object(Config\Paths))
CRITICAL - 2025-04-14 04:57:58 --> [Caused by] CodeIgniter\Database\Exceptions\DatabaseException: Duplicate entry '' for key 'email'
in SYSTEMPATH\Database\MySQLi\Connection.php on line 332.
 1 SYSTEMPATH\Database\BaseConnection.php(738): CodeIgniter\Database\MySQLi\Connection->execute('INSERT INTO `staff` (`name`, `phone`, `hub`, `image`, `bankname`, `bankaccountnumber`, `ifsccode`, `status`, `pancard`, `aadhaarcard`, `licence`, `insurance`) VALUES (\'  testing entries trusttech\', \'0983938939\', \'\', \'uploads/staff/1744606678_3136a6e21402d58d5e95.jpg\', \'DFFFFFFFF\', \'ARR34444\', \'q2wrweer\', \'active\', \'uploads/staff/defaultid.png\', \'uploads/staff/defaultid.png\', \'uploads/staff/1744606678_e28aa1dc6ac006b65e99.png\', \'uploads/staff/defaultid.png\')')
 2 SYSTEMPATH\Database\BaseConnection.php(652): CodeIgniter\Database\BaseConnection->simpleQuery('INSERT INTO `staff` (`name`, `phone`, `hub`, `image`, `bankname`, `bankaccountnumber`, `ifsccode`, `status`, `pancard`, `aadhaarcard`, `licence`, `insurance`) VALUES (\'  testing entries trusttech\', \'0983938939\', \'\', \'uploads/staff/1744606678_3136a6e21402d58d5e95.jpg\', \'DFFFFFFFF\', \'ARR34444\', \'q2wrweer\', \'active\', \'uploads/staff/defaultid.png\', \'uploads/staff/defaultid.png\', \'uploads/staff/1744606678_e28aa1dc6ac006b65e99.png\', \'uploads/staff/defaultid.png\')')
 3 SYSTEMPATH\Database\BaseBuilder.php(2345): CodeIgniter\Database\BaseConnection->query('INSERT INTO `staff` (`name`, `phone`, `hub`, `image`, `bankname`, `bankaccountnumber`, `ifsccode`, `status`, `pancard`, `aadhaarcard`, `licence`, `insurance`) VALUES (:name:, :phone:, :hub:, :image:, :bankname:, :bankaccountnumber:, :ifsccode:, :status:, :pancard:, :aadhaarcard:, :licence:, :insurance:)', [...], false)
 4 SYSTEMPATH\Model.php(394): CodeIgniter\Database\BaseBuilder->insert()
 5 SYSTEMPATH\BaseModel.php(839): CodeIgniter\Model->doInsert([...])
 6 SYSTEMPATH\Model.php(800): CodeIgniter\BaseModel->insert([...], true)
 7 APPPATH\Controllers\Admin.php(497): CodeIgniter\Model->insert([...])
 8 SYSTEMPATH\CodeIgniter.php(933): App\Controllers\Admin->staffAdd()
 9 SYSTEMPATH\CodeIgniter.php(507): CodeIgniter\CodeIgniter->runController(Object(App\Controllers\Admin))
10 SYSTEMPATH\CodeIgniter.php(354): CodeIgniter\CodeIgniter->handleRequest(null, Object(Config\Cache), false)
11 SYSTEMPATH\Boot.php(334): CodeIgniter\CodeIgniter->run()
12 SYSTEMPATH\Boot.php(67): CodeIgniter\Boot::runCodeIgniter(Object(CodeIgniter\CodeIgniter))
13 FCPATH\index.php(56): CodeIgniter\Boot::bootWeb(Object(Config\Paths))
CRITICAL - 2025-04-14 04:57:58 --> [Caused by] mysqli_sql_exception: Duplicate entry '' for key 'email'
in SYSTEMPATH\Database\MySQLi\Connection.php on line 327.
 1 SYSTEMPATH\Database\MySQLi\Connection.php(327): mysqli->query('INSERT INTO `staff` (`name`, `phone`, `hub`, `image`, `bankname`, `bankaccountnumber`, `ifsccode`, `status`, `pancard`, `aadhaarcard`, `licence`, `insurance`) VALUES (\'  testing entries trusttech\', \'0983938939\', \'\', \'uploads/staff/1744606678_3136a6e21402d58d5e95.jpg\', \'DFFFFFFFF\', \'ARR34444\', \'q2wrweer\', \'active\', \'uploads/staff/defaultid.png\', \'uploads/staff/defaultid.png\', \'uploads/staff/1744606678_e28aa1dc6ac006b65e99.png\', \'uploads/staff/defaultid.png\')', 0)
 2 SYSTEMPATH\Database\BaseConnection.php(738): CodeIgniter\Database\MySQLi\Connection->execute('INSERT INTO `staff` (`name`, `phone`, `hub`, `image`, `bankname`, `bankaccountnumber`, `ifsccode`, `status`, `pancard`, `aadhaarcard`, `licence`, `insurance`) VALUES (\'  testing entries trusttech\', \'0983938939\', \'\', \'uploads/staff/1744606678_3136a6e21402d58d5e95.jpg\', \'DFFFFFFFF\', \'ARR34444\', \'q2wrweer\', \'active\', \'uploads/staff/defaultid.png\', \'uploads/staff/defaultid.png\', \'uploads/staff/1744606678_e28aa1dc6ac006b65e99.png\', \'uploads/staff/defaultid.png\')')
 3 SYSTEMPATH\Database\BaseConnection.php(652): CodeIgniter\Database\BaseConnection->simpleQuery('INSERT INTO `staff` (`name`, `phone`, `hub`, `image`, `bankname`, `bankaccountnumber`, `ifsccode`, `status`, `pancard`, `aadhaarcard`, `licence`, `insurance`) VALUES (\'  testing entries trusttech\', \'0983938939\', \'\', \'uploads/staff/1744606678_3136a6e21402d58d5e95.jpg\', \'DFFFFFFFF\', \'ARR34444\', \'q2wrweer\', \'active\', \'uploads/staff/defaultid.png\', \'uploads/staff/defaultid.png\', \'uploads/staff/1744606678_e28aa1dc6ac006b65e99.png\', \'uploads/staff/defaultid.png\')')
 4 SYSTEMPATH\Database\BaseBuilder.php(2345): CodeIgniter\Database\BaseConnection->query('INSERT INTO `staff` (`name`, `phone`, `hub`, `image`, `bankname`, `bankaccountnumber`, `ifsccode`, `status`, `pancard`, `aadhaarcard`, `licence`, `insurance`) VALUES (:name:, :phone:, :hub:, :image:, :bankname:, :bankaccountnumber:, :ifsccode:, :status:, :pancard:, :aadhaarcard:, :licence:, :insurance:)', [...], false)
 5 SYSTEMPATH\Model.php(394): CodeIgniter\Database\BaseBuilder->insert()
 6 SYSTEMPATH\BaseModel.php(839): CodeIgniter\Model->doInsert([...])
 7 SYSTEMPATH\Model.php(800): CodeIgniter\BaseModel->insert([...], true)
 8 APPPATH\Controllers\Admin.php(497): CodeIgniter\Model->insert([...])
 9 SYSTEMPATH\CodeIgniter.php(933): App\Controllers\Admin->staffAdd()
10 SYSTEMPATH\CodeIgniter.php(507): CodeIgniter\CodeIgniter->runController(Object(App\Controllers\Admin))
11 SYSTEMPATH\CodeIgniter.php(354): CodeIgniter\CodeIgniter->handleRequest(null, Object(Config\Cache), false)
12 SYSTEMPATH\Boot.php(334): CodeIgniter\CodeIgniter->run()
13 SYSTEMPATH\Boot.php(67): CodeIgniter\Boot::runCodeIgniter(Object(CodeIgniter\CodeIgniter))
14 FCPATH\index.php(56): CodeIgniter\Boot::bootWeb(Object(Config\Paths))
CRITICAL - 2025-04-14 05:13:51 --> ErrorException: session_start(): Failed to decode session object. Session has been destroyed
[Method: GET, Route: admin/staff/edit/39]
in SYSTEMPATH\Session\Session.php on line 896.
 1 [internal function]: CodeIgniter\Debug\Exceptions->errorHandler(2, 'session_start(): Failed to decode session object. Session has been destroyed', 'C:\\xampp\\htdocs\\meeshodelivery\\system\\Session\\Session.php', 896)
 2 SYSTEMPATH\Session\Session.php(896): session_start()
 3 SYSTEMPATH\Session\Session.php(242): CodeIgniter\Session\Session->startSession()
 4 SYSTEMPATH\Config\Services.php(710): CodeIgniter\Session\Session->start()
 5 SYSTEMPATH\Config\BaseService.php(312): CodeIgniter\Config\Services::session(Object(Config\Session), false)
 6 SYSTEMPATH\Config\BaseService.php(251): CodeIgniter\Config\BaseService::__callStatic('session', [...])
 7 SYSTEMPATH\Config\Services.php(668): CodeIgniter\Config\BaseService::getSharedInstance('session', null)
 8 SYSTEMPATH\Config\BaseService.php(321): CodeIgniter\Config\Services::session()
 9 SYSTEMPATH\Config\BaseService.php(202): CodeIgniter\Config\BaseService::__callStatic('session', [])
10 SYSTEMPATH\Common.php(1000): CodeIgniter\Config\BaseService::get('session')
11 SYSTEMPATH\Common.php(973): service('session')
12 APPPATH\Controllers\Admin.php(544): session()
13 SYSTEMPATH\CodeIgniter.php(933): App\Controllers\Admin->editStaff('39')
14 SYSTEMPATH\CodeIgniter.php(507): CodeIgniter\CodeIgniter->runController(Object(App\Controllers\Admin))
15 SYSTEMPATH\CodeIgniter.php(354): CodeIgniter\CodeIgniter->handleRequest(null, Object(Config\Cache), false)
16 SYSTEMPATH\Boot.php(334): CodeIgniter\CodeIgniter->run()
17 SYSTEMPATH\Boot.php(67): CodeIgniter\Boot::runCodeIgniter(Object(CodeIgniter\CodeIgniter))
18 FCPATH\index.php(56): CodeIgniter\Boot::bootWeb(Object(Config\Paths))
CRITICAL - 2025-04-14 06:34:40 --> ErrorException: Undefined variable $menus
[Method: GET, Route: admin/expense/filter]
in APPPATH\Views\common\menu_view.php on line 37.
 1 APPPATH\Views\common\menu_view.php(37): CodeIgniter\Debug\Exceptions->errorHandler(2, 'Undefined variable $menus', 'C:\\xampp\\htdocs\\meeshodelivery\\app\\Views\\common\\menu_view.php', 37)
 2 SYSTEMPATH\View\View.php(224): include('C:\\xampp\\htdocs\\meeshodelivery\\app\\Views\\common\\menu_view.php')
 3 SYSTEMPATH\View\View.php(227): CodeIgniter\View\View->CodeIgniter\View\{closure}()
 4 SYSTEMPATH\View\View.php(475): CodeIgniter\View\View->render('common/menu_view', null, true)
 5 APPPATH\Views\expenses_list.php(4): CodeIgniter\View\View->include('common/menu_view')
 6 SYSTEMPATH\View\View.php(224): include('C:\\xampp\\htdocs\\meeshodelivery\\app\\Views\\expenses_list.php')
 7 SYSTEMPATH\View\View.php(227): CodeIgniter\View\View->CodeIgniter\View\{closure}()
 8 SYSTEMPATH\Common.php(1173): CodeIgniter\View\View->render('expenses_list', [], true)
 9 APPPATH\Controllers\Admin.php(891): view('expenses_list', [...])
10 SYSTEMPATH\CodeIgniter.php(933): App\Controllers\Admin->filterexpenses()
11 SYSTEMPATH\CodeIgniter.php(507): CodeIgniter\CodeIgniter->runController(Object(App\Controllers\Admin))
12 SYSTEMPATH\CodeIgniter.php(354): CodeIgniter\CodeIgniter->handleRequest(null, Object(Config\Cache), false)
13 SYSTEMPATH\Boot.php(334): CodeIgniter\CodeIgniter->run()
14 SYSTEMPATH\Boot.php(67): CodeIgniter\Boot::runCodeIgniter(Object(CodeIgniter\CodeIgniter))
15 FCPATH\index.php(56): CodeIgniter\Boot::bootWeb(Object(Config\Paths))
CRITICAL - 2025-04-14 06:48:15 --> Error: Call to a member function delete() on array
[Method: GET, Route: admin/basicpay/delete/5]
in APPPATH\Controllers\Admin.php on line 2271.
 1 SYSTEMPATH\CodeIgniter.php(933): App\Controllers\Admin->deleteBasicpay('5')
 2 SYSTEMPATH\CodeIgniter.php(507): CodeIgniter\CodeIgniter->runController(Object(App\Controllers\Admin))
 3 SYSTEMPATH\CodeIgniter.php(354): CodeIgniter\CodeIgniter->handleRequest(null, Object(Config\Cache), false)
 4 SYSTEMPATH\Boot.php(334): CodeIgniter\CodeIgniter->run()
 5 SYSTEMPATH\Boot.php(67): CodeIgniter\Boot::runCodeIgniter(Object(CodeIgniter\CodeIgniter))
 6 FCPATH\index.php(56): CodeIgniter\Boot::bootWeb(Object(Config\Paths))
CRITICAL - 2025-04-14 06:48:22 --> Error: Call to a member function delete() on array
[Method: GET, Route: admin/basicpay/delete/5]
in APPPATH\Controllers\Admin.php on line 2271.
 1 SYSTEMPATH\CodeIgniter.php(933): App\Controllers\Admin->deleteBasicpay('5')
 2 SYSTEMPATH\CodeIgniter.php(507): CodeIgniter\CodeIgniter->runController(Object(App\Controllers\Admin))
 3 SYSTEMPATH\CodeIgniter.php(354): CodeIgniter\CodeIgniter->handleRequest(null, Object(Config\Cache), false)
 4 SYSTEMPATH\Boot.php(334): CodeIgniter\CodeIgniter->run()
 5 SYSTEMPATH\Boot.php(67): CodeIgniter\Boot::runCodeIgniter(Object(CodeIgniter\CodeIgniter))
 6 FCPATH\index.php(56): CodeIgniter\Boot::bootWeb(Object(Config\Paths))
CRITICAL - 2025-04-14 13:48:00 --> ErrorException: Undefined variable $end_date
[Method: GET, Route: admin/income/filter]
in APPPATH\Views\layouts\income_list.php on line 148.
 1 APPPATH\Views\layouts\income_list.php(148): CodeIgniter\Debug\Exceptions->errorHandler(2, 'Undefined variable $end_date', 'C:\\xampp\\htdocs\\meeshodelivery\\app\\Views\\layouts\\income_list.php', 148)
 2 SYSTEMPATH\View\View.php(224): include('C:\\xampp\\htdocs\\meeshodelivery\\app\\Views\\layouts\\income_list.php')
 3 SYSTEMPATH\View\View.php(227): CodeIgniter\View\View->CodeIgniter\View\{closure}()
 4 SYSTEMPATH\View\View.php(475): CodeIgniter\View\View->render('layouts/income_list', null, true)
 5 APPPATH\Views\income_list.php(6): CodeIgniter\View\View->include('layouts/income_list')
 6 SYSTEMPATH\View\View.php(224): include('C:\\xampp\\htdocs\\meeshodelivery\\app\\Views\\income_list.php')
 7 SYSTEMPATH\View\View.php(227): CodeIgniter\View\View->CodeIgniter\View\{closure}()
 8 SYSTEMPATH\Common.php(1173): CodeIgniter\View\View->render('income_list', [], true)
 9 APPPATH\Controllers\Admin.php(1021): view('income_list', [...])
10 SYSTEMPATH\CodeIgniter.php(933): App\Controllers\Admin->filter()
11 SYSTEMPATH\CodeIgniter.php(507): CodeIgniter\CodeIgniter->runController(Object(App\Controllers\Admin))
12 SYSTEMPATH\CodeIgniter.php(354): CodeIgniter\CodeIgniter->handleRequest(null, Object(Config\Cache), false)
13 SYSTEMPATH\Boot.php(334): CodeIgniter\CodeIgniter->run()
14 SYSTEMPATH\Boot.php(67): CodeIgniter\Boot::runCodeIgniter(Object(CodeIgniter\CodeIgniter))
15 FCPATH\index.php(56): CodeIgniter\Boot::bootWeb(Object(Config\Paths))
