CRITICAL - 2025-03-22 07:34:34 --> ErrorException: Undefined variable $serialNo
[Method: GET, Route: admin/staff/advancepayments]
in APPPATH\Views\layouts\advance_payment_list.php on line 140.
 1 APPPATH\Views\layouts\advance_payment_list.php(140): CodeIgniter\Debug\Exceptions->errorHandler(2, 'Undefined variable $serialNo', 'C:\\xampp\\htdocs\\meeshodelivery\\app\\Views\\layouts\\advance_payment_list.php', 140)
 2 SYSTEMPATH\View\View.php(224): include('C:\\xampp\\htdocs\\meeshodelivery\\app\\Views\\layouts\\advance_payment_list.php')
 3 SYSTEMPATH\View\View.php(227): CodeIgniter\View\View->CodeIgniter\View\{closure}()
 4 SYSTEMPATH\View\View.php(475): CodeIgniter\View\View->render('layouts/advance_payment_list', null, true)
 5 APPPATH\Views\advance_payment_list.php(6): CodeIgniter\View\View->include('layouts/advance_payment_list')
 6 SYSTEMPATH\View\View.php(224): include('C:\\xampp\\htdocs\\meeshodelivery\\app\\Views\\advance_payment_list.php')
 7 SYSTEMPATH\View\View.php(227): CodeIgniter\View\View->CodeIgniter\View\{closure}()
 8 SYSTEMPATH\Common.php(1173): CodeIgniter\View\View->render('advance_payment_list', [], true)
 9 APPPATH\Controllers\Admin.php(883): view('advance_payment_list', [...])
10 SYSTEMPATH\CodeIgniter.php(933): App\Controllers\Admin->advancePaymentlist()
11 SYSTEMPATH\CodeIgniter.php(507): CodeIgniter\CodeIgniter->runController(Object(App\Controllers\Admin))
12 SYSTEMPATH\CodeIgniter.php(354): CodeIgniter\CodeIgniter->handleRequest(null, Object(Config\Cache), false)
13 SYSTEMPATH\Boot.php(334): CodeIgniter\CodeIgniter->run()
14 SYSTEMPATH\Boot.php(67): CodeIgniter\Boot::runCodeIgniter(Object(CodeIgniter\CodeIgniter))
15 FCPATH\index.php(56): CodeIgniter\Boot::bootWeb(Object(Config\Paths))
CRITICAL - 2025-03-22 07:35:12 --> ErrorException: Undefined variable $staffName
[Method: GET, Route: admin/staff/advancepayments]
in APPPATH\Views\layouts\advance_payment_list.php on line 70.
 1 APPPATH\Views\layouts\advance_payment_list.php(70): CodeIgniter\Debug\Exceptions->errorHandler(2, 'Undefined variable $staffName', 'C:\\xampp\\htdocs\\meeshodelivery\\app\\Views\\layouts\\advance_payment_list.php', 70)
 2 SYSTEMPATH\View\View.php(224): include('C:\\xampp\\htdocs\\meeshodelivery\\app\\Views\\layouts\\advance_payment_list.php')
 3 SYSTEMPATH\View\View.php(227): CodeIgniter\View\View->CodeIgniter\View\{closure}()
 4 SYSTEMPATH\View\View.php(475): CodeIgniter\View\View->render('layouts/advance_payment_list', null, true)
 5 APPPATH\Views\advance_payment_list.php(6): CodeIgniter\View\View->include('layouts/advance_payment_list')
 6 SYSTEMPATH\View\View.php(224): include('C:\\xampp\\htdocs\\meeshodelivery\\app\\Views\\advance_payment_list.php')
 7 SYSTEMPATH\View\View.php(227): CodeIgniter\View\View->CodeIgniter\View\{closure}()
 8 SYSTEMPATH\Common.php(1173): CodeIgniter\View\View->render('advance_payment_list', [], true)
 9 APPPATH\Controllers\Admin.php(883): view('advance_payment_list', [...])
10 SYSTEMPATH\CodeIgniter.php(933): App\Controllers\Admin->advancePaymentlist()
11 SYSTEMPATH\CodeIgniter.php(507): CodeIgniter\CodeIgniter->runController(Object(App\Controllers\Admin))
12 SYSTEMPATH\CodeIgniter.php(354): CodeIgniter\CodeIgniter->handleRequest(null, Object(Config\Cache), false)
13 SYSTEMPATH\Boot.php(334): CodeIgniter\CodeIgniter->run()
14 SYSTEMPATH\Boot.php(67): CodeIgniter\Boot::runCodeIgniter(Object(CodeIgniter\CodeIgniter))
15 FCPATH\index.php(56): CodeIgniter\Boot::bootWeb(Object(Config\Paths))
CRITICAL - 2025-03-22 07:35:13 --> ErrorException: Undefined variable $staffName
[Method: GET, Route: admin/staff/advancepayments]
in APPPATH\Views\layouts\advance_payment_list.php on line 70.
 1 APPPATH\Views\layouts\advance_payment_list.php(70): CodeIgniter\Debug\Exceptions->errorHandler(2, 'Undefined variable $staffName', 'C:\\xampp\\htdocs\\meeshodelivery\\app\\Views\\layouts\\advance_payment_list.php', 70)
 2 SYSTEMPATH\View\View.php(224): include('C:\\xampp\\htdocs\\meeshodelivery\\app\\Views\\layouts\\advance_payment_list.php')
 3 SYSTEMPATH\View\View.php(227): CodeIgniter\View\View->CodeIgniter\View\{closure}()
 4 SYSTEMPATH\View\View.php(475): CodeIgniter\View\View->render('layouts/advance_payment_list', null, true)
 5 APPPATH\Views\advance_payment_list.php(6): CodeIgniter\View\View->include('layouts/advance_payment_list')
 6 SYSTEMPATH\View\View.php(224): include('C:\\xampp\\htdocs\\meeshodelivery\\app\\Views\\advance_payment_list.php')
 7 SYSTEMPATH\View\View.php(227): CodeIgniter\View\View->CodeIgniter\View\{closure}()
 8 SYSTEMPATH\Common.php(1173): CodeIgniter\View\View->render('advance_payment_list', [], true)
 9 APPPATH\Controllers\Admin.php(883): view('advance_payment_list', [...])
10 SYSTEMPATH\CodeIgniter.php(933): App\Controllers\Admin->advancePaymentlist()
11 SYSTEMPATH\CodeIgniter.php(507): CodeIgniter\CodeIgniter->runController(Object(App\Controllers\Admin))
12 SYSTEMPATH\CodeIgniter.php(354): CodeIgniter\CodeIgniter->handleRequest(null, Object(Config\Cache), false)
13 SYSTEMPATH\Boot.php(334): CodeIgniter\CodeIgniter->run()
14 SYSTEMPATH\Boot.php(67): CodeIgniter\Boot::runCodeIgniter(Object(CodeIgniter\CodeIgniter))
15 FCPATH\index.php(56): CodeIgniter\Boot::bootWeb(Object(Config\Paths))
CRITICAL - 2025-03-22 08:07:58 --> Error: Undefined constant "expense"
[Method: GET, Route: admin/expenseslist]
in APPPATH\Views\layouts\expenses_list.php on line 148.
 1 SYSTEMPATH\View\View.php(224): include()
 2 SYSTEMPATH\View\View.php(227): CodeIgniter\View\View->CodeIgniter\View\{closure}()
 3 SYSTEMPATH\View\View.php(475): CodeIgniter\View\View->render('layouts/expenses_list', null, true)
 4 APPPATH\Views\expenses_list.php(6): CodeIgniter\View\View->include('layouts/expenses_list')
 5 SYSTEMPATH\View\View.php(224): include('C:\\xampp\\htdocs\\meeshodelivery\\app\\Views\\expenses_list.php')
 6 SYSTEMPATH\View\View.php(227): CodeIgniter\View\View->CodeIgniter\View\{closure}()
 7 SYSTEMPATH\Common.php(1173): CodeIgniter\View\View->render('expenses_list', [], true)
 8 APPPATH\Controllers\Admin.php(389): view('expenses_list', [...])
 9 SYSTEMPATH\CodeIgniter.php(933): App\Controllers\Admin->expenseList()
10 SYSTEMPATH\CodeIgniter.php(507): CodeIgniter\CodeIgniter->runController(Object(App\Controllers\Admin))
11 SYSTEMPATH\CodeIgniter.php(354): CodeIgniter\CodeIgniter->handleRequest(null, Object(Config\Cache), false)
12 SYSTEMPATH\Boot.php(334): CodeIgniter\CodeIgniter->run()
13 SYSTEMPATH\Boot.php(67): CodeIgniter\Boot::runCodeIgniter(Object(CodeIgniter\CodeIgniter))
14 FCPATH\index.php(56): CodeIgniter\Boot::bootWeb(Object(Config\Paths))
CRITICAL - 2025-03-22 08:08:42 --> ParseError: syntax error, unexpected identifier "admin", expecting "]"
[Method: GET, Route: admin/expenseslist]
in APPPATH\Views\layouts\expenses_list.php on line 140.
 1 SYSTEMPATH\View\View.php(227): CodeIgniter\View\View->CodeIgniter\View\{closure}()
 2 SYSTEMPATH\View\View.php(475): CodeIgniter\View\View->render('layouts/expenses_list', null, true)
 3 APPPATH\Views\expenses_list.php(6): CodeIgniter\View\View->include('layouts/expenses_list')
 4 SYSTEMPATH\View\View.php(224): include('C:\\xampp\\htdocs\\meeshodelivery\\app\\Views\\expenses_list.php')
 5 SYSTEMPATH\View\View.php(227): CodeIgniter\View\View->CodeIgniter\View\{closure}()
 6 SYSTEMPATH\Common.php(1173): CodeIgniter\View\View->render('expenses_list', [], true)
 7 APPPATH\Controllers\Admin.php(389): view('expenses_list', [...])
 8 SYSTEMPATH\CodeIgniter.php(933): App\Controllers\Admin->expenseList()
 9 SYSTEMPATH\CodeIgniter.php(507): CodeIgniter\CodeIgniter->runController(Object(App\Controllers\Admin))
10 SYSTEMPATH\CodeIgniter.php(354): CodeIgniter\CodeIgniter->handleRequest(null, Object(Config\Cache), false)
11 SYSTEMPATH\Boot.php(334): CodeIgniter\CodeIgniter->run()
12 SYSTEMPATH\Boot.php(67): CodeIgniter\Boot::runCodeIgniter(Object(CodeIgniter\CodeIgniter))
13 FCPATH\index.php(56): CodeIgniter\Boot::bootWeb(Object(Config\Paths))
CRITICAL - 2025-03-22 08:27:21 --> TypeError: count(): Argument #1 ($value) must be of type Countable|array, null given
[Method: GET, Route: admin/expenseslist]
in APPPATH\Views\layouts\expenses_list.php on line 170.
 1 SYSTEMPATH\View\View.php(224): include()
 2 SYSTEMPATH\View\View.php(227): CodeIgniter\View\View->CodeIgniter\View\{closure}()
 3 SYSTEMPATH\View\View.php(475): CodeIgniter\View\View->render('layouts/expenses_list', null, true)
 4 APPPATH\Views\expenses_list.php(6): CodeIgniter\View\View->include('layouts/expenses_list')
 5 SYSTEMPATH\View\View.php(224): include('C:\\xampp\\htdocs\\meeshodelivery\\app\\Views\\expenses_list.php')
 6 SYSTEMPATH\View\View.php(227): CodeIgniter\View\View->CodeIgniter\View\{closure}()
 7 SYSTEMPATH\Common.php(1173): CodeIgniter\View\View->render('expenses_list', [], true)
 8 APPPATH\Controllers\Admin.php(389): view('expenses_list', [...])
 9 SYSTEMPATH\CodeIgniter.php(933): App\Controllers\Admin->expenseList()
10 SYSTEMPATH\CodeIgniter.php(507): CodeIgniter\CodeIgniter->runController(Object(App\Controllers\Admin))
11 SYSTEMPATH\CodeIgniter.php(354): CodeIgniter\CodeIgniter->handleRequest(null, Object(Config\Cache), false)
12 SYSTEMPATH\Boot.php(334): CodeIgniter\CodeIgniter->run()
13 SYSTEMPATH\Boot.php(67): CodeIgniter\Boot::runCodeIgniter(Object(CodeIgniter\CodeIgniter))
14 FCPATH\index.php(56): CodeIgniter\Boot::bootWeb(Object(Config\Paths))
CRITICAL - 2025-03-22 08:27:21 --> [Caused by] ErrorException: Undefined variable $payments
in APPPATH\Views\layouts\expenses_list.php on line 170.
 1 APPPATH\Views\layouts\expenses_list.php(170): CodeIgniter\Debug\Exceptions->errorHandler(2, 'Undefined variable $payments', 'C:\\xampp\\htdocs\\meeshodelivery\\app\\Views\\layouts\\expenses_list.php', 170)
 2 SYSTEMPATH\View\View.php(224): include('C:\\xampp\\htdocs\\meeshodelivery\\app\\Views\\layouts\\expenses_list.php')
 3 SYSTEMPATH\View\View.php(227): CodeIgniter\View\View->CodeIgniter\View\{closure}()
 4 SYSTEMPATH\View\View.php(475): CodeIgniter\View\View->render('layouts/expenses_list', null, true)
 5 APPPATH\Views\expenses_list.php(6): CodeIgniter\View\View->include('layouts/expenses_list')
 6 SYSTEMPATH\View\View.php(224): include('C:\\xampp\\htdocs\\meeshodelivery\\app\\Views\\expenses_list.php')
 7 SYSTEMPATH\View\View.php(227): CodeIgniter\View\View->CodeIgniter\View\{closure}()
 8 SYSTEMPATH\Common.php(1173): CodeIgniter\View\View->render('expenses_list', [], true)
 9 APPPATH\Controllers\Admin.php(389): view('expenses_list', [...])
10 SYSTEMPATH\CodeIgniter.php(933): App\Controllers\Admin->expenseList()
11 SYSTEMPATH\CodeIgniter.php(507): CodeIgniter\CodeIgniter->runController(Object(App\Controllers\Admin))
12 SYSTEMPATH\CodeIgniter.php(354): CodeIgniter\CodeIgniter->handleRequest(null, Object(Config\Cache), false)
13 SYSTEMPATH\Boot.php(334): CodeIgniter\CodeIgniter->run()
14 SYSTEMPATH\Boot.php(67): CodeIgniter\Boot::runCodeIgniter(Object(CodeIgniter\CodeIgniter))
15 FCPATH\index.php(56): CodeIgniter\Boot::bootWeb(Object(Config\Paths))
CRITICAL - 2025-03-22 08:29:06 --> ErrorException: Undefined variable $staff
[Method: GET, Route: admin/expenseslist]
in APPPATH\Views\layouts\expenses_list.php on line 182.
 1 APPPATH\Views\layouts\expenses_list.php(182): CodeIgniter\Debug\Exceptions->errorHandler(2, 'Undefined variable $staff', 'C:\\xampp\\htdocs\\meeshodelivery\\app\\Views\\layouts\\expenses_list.php', 182)
 2 SYSTEMPATH\View\View.php(224): include('C:\\xampp\\htdocs\\meeshodelivery\\app\\Views\\layouts\\expenses_list.php')
 3 SYSTEMPATH\View\View.php(227): CodeIgniter\View\View->CodeIgniter\View\{closure}()
 4 SYSTEMPATH\View\View.php(475): CodeIgniter\View\View->render('layouts/expenses_list', null, true)
 5 APPPATH\Views\expenses_list.php(6): CodeIgniter\View\View->include('layouts/expenses_list')
 6 SYSTEMPATH\View\View.php(224): include('C:\\xampp\\htdocs\\meeshodelivery\\app\\Views\\expenses_list.php')
 7 SYSTEMPATH\View\View.php(227): CodeIgniter\View\View->CodeIgniter\View\{closure}()
 8 SYSTEMPATH\Common.php(1173): CodeIgniter\View\View->render('expenses_list', [], true)
 9 APPPATH\Controllers\Admin.php(389): view('expenses_list', [...])
10 SYSTEMPATH\CodeIgniter.php(933): App\Controllers\Admin->expenseList()
11 SYSTEMPATH\CodeIgniter.php(507): CodeIgniter\CodeIgniter->runController(Object(App\Controllers\Admin))
12 SYSTEMPATH\CodeIgniter.php(354): CodeIgniter\CodeIgniter->handleRequest(null, Object(Config\Cache), false)
13 SYSTEMPATH\Boot.php(334): CodeIgniter\CodeIgniter->run()
14 SYSTEMPATH\Boot.php(67): CodeIgniter\Boot::runCodeIgniter(Object(CodeIgniter\CodeIgniter))
15 FCPATH\index.php(56): CodeIgniter\Boot::bootWeb(Object(Config\Paths))
CRITICAL - 2025-03-22 08:36:12 --> TypeError: count(): Argument #1 ($value) must be of type Countable|array, null given
[Method: GET, Route: admin/expenseslist]
in APPPATH\Views\layouts\expenses_list.php on line 148.
 1 SYSTEMPATH\View\View.php(224): include()
 2 SYSTEMPATH\View\View.php(227): CodeIgniter\View\View->CodeIgniter\View\{closure}()
 3 SYSTEMPATH\View\View.php(475): CodeIgniter\View\View->render('layouts/expenses_list', null, true)
 4 APPPATH\Views\expenses_list.php(6): CodeIgniter\View\View->include('layouts/expenses_list')
 5 SYSTEMPATH\View\View.php(224): include('C:\\xampp\\htdocs\\meeshodelivery\\app\\Views\\expenses_list.php')
 6 SYSTEMPATH\View\View.php(227): CodeIgniter\View\View->CodeIgniter\View\{closure}()
 7 SYSTEMPATH\Common.php(1173): CodeIgniter\View\View->render('expenses_list', [], true)
 8 APPPATH\Controllers\Admin.php(389): view('expenses_list', [...])
 9 SYSTEMPATH\CodeIgniter.php(933): App\Controllers\Admin->expenseList()
10 SYSTEMPATH\CodeIgniter.php(507): CodeIgniter\CodeIgniter->runController(Object(App\Controllers\Admin))
11 SYSTEMPATH\CodeIgniter.php(354): CodeIgniter\CodeIgniter->handleRequest(null, Object(Config\Cache), false)
12 SYSTEMPATH\Boot.php(334): CodeIgniter\CodeIgniter->run()
13 SYSTEMPATH\Boot.php(67): CodeIgniter\Boot::runCodeIgniter(Object(CodeIgniter\CodeIgniter))
14 FCPATH\index.php(56): CodeIgniter\Boot::bootWeb(Object(Config\Paths))
CRITICAL - 2025-03-22 08:36:12 --> [Caused by] ErrorException: Undefined variable $payments
in APPPATH\Views\layouts\expenses_list.php on line 148.
 1 APPPATH\Views\layouts\expenses_list.php(148): CodeIgniter\Debug\Exceptions->errorHandler(2, 'Undefined variable $payments', 'C:\\xampp\\htdocs\\meeshodelivery\\app\\Views\\layouts\\expenses_list.php', 148)
 2 SYSTEMPATH\View\View.php(224): include('C:\\xampp\\htdocs\\meeshodelivery\\app\\Views\\layouts\\expenses_list.php')
 3 SYSTEMPATH\View\View.php(227): CodeIgniter\View\View->CodeIgniter\View\{closure}()
 4 SYSTEMPATH\View\View.php(475): CodeIgniter\View\View->render('layouts/expenses_list', null, true)
 5 APPPATH\Views\expenses_list.php(6): CodeIgniter\View\View->include('layouts/expenses_list')
 6 SYSTEMPATH\View\View.php(224): include('C:\\xampp\\htdocs\\meeshodelivery\\app\\Views\\expenses_list.php')
 7 SYSTEMPATH\View\View.php(227): CodeIgniter\View\View->CodeIgniter\View\{closure}()
 8 SYSTEMPATH\Common.php(1173): CodeIgniter\View\View->render('expenses_list', [], true)
 9 APPPATH\Controllers\Admin.php(389): view('expenses_list', [...])
10 SYSTEMPATH\CodeIgniter.php(933): App\Controllers\Admin->expenseList()
11 SYSTEMPATH\CodeIgniter.php(507): CodeIgniter\CodeIgniter->runController(Object(App\Controllers\Admin))
12 SYSTEMPATH\CodeIgniter.php(354): CodeIgniter\CodeIgniter->handleRequest(null, Object(Config\Cache), false)
13 SYSTEMPATH\Boot.php(334): CodeIgniter\CodeIgniter->run()
14 SYSTEMPATH\Boot.php(67): CodeIgniter\Boot::runCodeIgniter(Object(CodeIgniter\CodeIgniter))
15 FCPATH\index.php(56): CodeIgniter\Boot::bootWeb(Object(Config\Paths))
CRITICAL - 2025-03-22 10:35:20 --> CodeIgniter\HTTP\Exceptions\BadRequestException: The URI you submitted has disallowed characters: "logo-light.png""
[Method: GET, Route: public/assets/img/logo-light.png%22]
in SYSTEMPATH\Router\Router.php on line 739.
 1 SYSTEMPATH\Router\Router.php(207): CodeIgniter\Router\Router->checkDisallowedChars('public/assets/img/logo-light.png"')
 2 SYSTEMPATH\CodeIgniter.php(832): CodeIgniter\Router\Router->handle('public/assets/img/logo-light.png"')
 3 SYSTEMPATH\CodeIgniter.php(455): CodeIgniter\CodeIgniter->tryToRouteIt(Object(CodeIgniter\Router\RouteCollection))
 4 SYSTEMPATH\CodeIgniter.php(354): CodeIgniter\CodeIgniter->handleRequest(null, Object(Config\Cache), false)
 5 SYSTEMPATH\Boot.php(334): CodeIgniter\CodeIgniter->run()
 6 SYSTEMPATH\Boot.php(67): CodeIgniter\Boot::runCodeIgniter(Object(CodeIgniter\CodeIgniter))
 7 FCPATH\index.php(56): CodeIgniter\Boot::bootWeb(Object(Config\Paths))
CRITICAL - 2025-03-22 10:35:20 --> CodeIgniter\HTTP\Exceptions\BadRequestException: The URI you submitted has disallowed characters: "logo-light.png""
[Method: GET, Route: public/assets/img/logo-light.png%22]
in SYSTEMPATH\Router\Router.php on line 739.
 1 SYSTEMPATH\Router\Router.php(207): CodeIgniter\Router\Router->checkDisallowedChars('public/assets/img/logo-light.png"')
 2 SYSTEMPATH\CodeIgniter.php(832): CodeIgniter\Router\Router->handle('public/assets/img/logo-light.png"')
 3 SYSTEMPATH\CodeIgniter.php(455): CodeIgniter\CodeIgniter->tryToRouteIt(Object(CodeIgniter\Router\RouteCollection))
 4 SYSTEMPATH\CodeIgniter.php(354): CodeIgniter\CodeIgniter->handleRequest(null, Object(Config\Cache), false)
 5 SYSTEMPATH\Boot.php(334): CodeIgniter\CodeIgniter->run()
 6 SYSTEMPATH\Boot.php(67): CodeIgniter\Boot::runCodeIgniter(Object(CodeIgniter\CodeIgniter))
 7 FCPATH\index.php(56): CodeIgniter\Boot::bootWeb(Object(Config\Paths))
CRITICAL - 2025-03-22 10:35:25 --> CodeIgniter\HTTP\Exceptions\BadRequestException: The URI you submitted has disallowed characters: "logo-light.png""
[Method: GET, Route: public/assets/img/logo-light.png%22]
in SYSTEMPATH\Router\Router.php on line 739.
 1 SYSTEMPATH\Router\Router.php(207): CodeIgniter\Router\Router->checkDisallowedChars('public/assets/img/logo-light.png"')
 2 SYSTEMPATH\CodeIgniter.php(832): CodeIgniter\Router\Router->handle('public/assets/img/logo-light.png"')
 3 SYSTEMPATH\CodeIgniter.php(455): CodeIgniter\CodeIgniter->tryToRouteIt(Object(CodeIgniter\Router\RouteCollection))
 4 SYSTEMPATH\CodeIgniter.php(354): CodeIgniter\CodeIgniter->handleRequest(null, Object(Config\Cache), false)
 5 SYSTEMPATH\Boot.php(334): CodeIgniter\CodeIgniter->run()
 6 SYSTEMPATH\Boot.php(67): CodeIgniter\Boot::runCodeIgniter(Object(CodeIgniter\CodeIgniter))
 7 FCPATH\index.php(56): CodeIgniter\Boot::bootWeb(Object(Config\Paths))
CRITICAL - 2025-03-22 10:35:25 --> CodeIgniter\HTTP\Exceptions\BadRequestException: The URI you submitted has disallowed characters: "logo-light.png""
[Method: GET, Route: public/assets/img/logo-light.png%22]
in SYSTEMPATH\Router\Router.php on line 739.
 1 SYSTEMPATH\Router\Router.php(207): CodeIgniter\Router\Router->checkDisallowedChars('public/assets/img/logo-light.png"')
 2 SYSTEMPATH\CodeIgniter.php(832): CodeIgniter\Router\Router->handle('public/assets/img/logo-light.png"')
 3 SYSTEMPATH\CodeIgniter.php(455): CodeIgniter\CodeIgniter->tryToRouteIt(Object(CodeIgniter\Router\RouteCollection))
 4 SYSTEMPATH\CodeIgniter.php(354): CodeIgniter\CodeIgniter->handleRequest(null, Object(Config\Cache), false)
 5 SYSTEMPATH\Boot.php(334): CodeIgniter\CodeIgniter->run()
 6 SYSTEMPATH\Boot.php(67): CodeIgniter\Boot::runCodeIgniter(Object(CodeIgniter\CodeIgniter))
 7 FCPATH\index.php(56): CodeIgniter\Boot::bootWeb(Object(Config\Paths))
CRITICAL - 2025-03-22 13:09:40 --> ErrorException: Undefined variable $staffNames
[Method: GET, Route: admin/dashboard]
in APPPATH\Views\layouts\dashboard.php on line 202.
 1 APPPATH\Views\layouts\dashboard.php(202): CodeIgniter\Debug\Exceptions->errorHandler(2, 'Undefined variable $staffNames', 'C:\\xampp\\htdocs\\meeshodelivery\\app\\Views\\layouts\\dashboard.php', 202)
 2 SYSTEMPATH\View\View.php(224): include('C:\\xampp\\htdocs\\meeshodelivery\\app\\Views\\layouts\\dashboard.php')
 3 SYSTEMPATH\View\View.php(227): CodeIgniter\View\View->CodeIgniter\View\{closure}()
 4 SYSTEMPATH\View\View.php(475): CodeIgniter\View\View->render('layouts/dashboard', null, true)
 5 APPPATH\Views\admin_layout.php(8): CodeIgniter\View\View->include('layouts/dashboard')
 6 SYSTEMPATH\View\View.php(224): include('C:\\xampp\\htdocs\\meeshodelivery\\app\\Views\\admin_layout.php')
 7 SYSTEMPATH\View\View.php(227): CodeIgniter\View\View->CodeIgniter\View\{closure}()
 8 SYSTEMPATH\Common.php(1173): CodeIgniter\View\View->render('admin_layout', [], true)
 9 APPPATH\Controllers\LoginController.php(118): view('admin_layout', [...])
10 SYSTEMPATH\CodeIgniter.php(933): App\Controllers\LoginController->dashboard()
11 SYSTEMPATH\CodeIgniter.php(507): CodeIgniter\CodeIgniter->runController(Object(App\Controllers\LoginController))
12 SYSTEMPATH\CodeIgniter.php(354): CodeIgniter\CodeIgniter->handleRequest(null, Object(Config\Cache), false)
13 SYSTEMPATH\Boot.php(334): CodeIgniter\CodeIgniter->run()
14 SYSTEMPATH\Boot.php(67): CodeIgniter\Boot::runCodeIgniter(Object(CodeIgniter\CodeIgniter))
15 FCPATH\index.php(56): CodeIgniter\Boot::bootWeb(Object(Config\Paths))
CRITICAL - 2025-03-22 13:09:58 --> ErrorException: Undefined variable $deliveryCounts
[Method: GET, Route: admin/dashboard]
in APPPATH\Views\layouts\dashboard.php on line 125.
 1 APPPATH\Views\layouts\dashboard.php(125): CodeIgniter\Debug\Exceptions->errorHandler(2, 'Undefined variable $deliveryCounts', 'C:\\xampp\\htdocs\\meeshodelivery\\app\\Views\\layouts\\dashboard.php', 125)
 2 SYSTEMPATH\View\View.php(224): include('C:\\xampp\\htdocs\\meeshodelivery\\app\\Views\\layouts\\dashboard.php')
 3 SYSTEMPATH\View\View.php(227): CodeIgniter\View\View->CodeIgniter\View\{closure}()
 4 SYSTEMPATH\View\View.php(475): CodeIgniter\View\View->render('layouts/dashboard', null, true)
 5 APPPATH\Views\admin_layout.php(8): CodeIgniter\View\View->include('layouts/dashboard')
 6 SYSTEMPATH\View\View.php(224): include('C:\\xampp\\htdocs\\meeshodelivery\\app\\Views\\admin_layout.php')
 7 SYSTEMPATH\View\View.php(227): CodeIgniter\View\View->CodeIgniter\View\{closure}()
 8 SYSTEMPATH\Common.php(1173): CodeIgniter\View\View->render('admin_layout', [], true)
 9 APPPATH\Controllers\LoginController.php(117): view('admin_layout', [...])
10 SYSTEMPATH\CodeIgniter.php(933): App\Controllers\LoginController->dashboard()
11 SYSTEMPATH\CodeIgniter.php(507): CodeIgniter\CodeIgniter->runController(Object(App\Controllers\LoginController))
12 SYSTEMPATH\CodeIgniter.php(354): CodeIgniter\CodeIgniter->handleRequest(null, Object(Config\Cache), false)
13 SYSTEMPATH\Boot.php(334): CodeIgniter\CodeIgniter->run()
14 SYSTEMPATH\Boot.php(67): CodeIgniter\Boot::runCodeIgniter(Object(CodeIgniter\CodeIgniter))
15 FCPATH\index.php(56): CodeIgniter\Boot::bootWeb(Object(Config\Paths))
CRITICAL - 2025-03-22 13:09:59 --> ErrorException: Undefined variable $deliveryCounts
[Method: GET, Route: admin/dashboard]
in APPPATH\Views\layouts\dashboard.php on line 125.
 1 APPPATH\Views\layouts\dashboard.php(125): CodeIgniter\Debug\Exceptions->errorHandler(2, 'Undefined variable $deliveryCounts', 'C:\\xampp\\htdocs\\meeshodelivery\\app\\Views\\layouts\\dashboard.php', 125)
 2 SYSTEMPATH\View\View.php(224): include('C:\\xampp\\htdocs\\meeshodelivery\\app\\Views\\layouts\\dashboard.php')
 3 SYSTEMPATH\View\View.php(227): CodeIgniter\View\View->CodeIgniter\View\{closure}()
 4 SYSTEMPATH\View\View.php(475): CodeIgniter\View\View->render('layouts/dashboard', null, true)
 5 APPPATH\Views\admin_layout.php(8): CodeIgniter\View\View->include('layouts/dashboard')
 6 SYSTEMPATH\View\View.php(224): include('C:\\xampp\\htdocs\\meeshodelivery\\app\\Views\\admin_layout.php')
 7 SYSTEMPATH\View\View.php(227): CodeIgniter\View\View->CodeIgniter\View\{closure}()
 8 SYSTEMPATH\Common.php(1173): CodeIgniter\View\View->render('admin_layout', [], true)
 9 APPPATH\Controllers\LoginController.php(117): view('admin_layout', [...])
10 SYSTEMPATH\CodeIgniter.php(933): App\Controllers\LoginController->dashboard()
11 SYSTEMPATH\CodeIgniter.php(507): CodeIgniter\CodeIgniter->runController(Object(App\Controllers\LoginController))
12 SYSTEMPATH\CodeIgniter.php(354): CodeIgniter\CodeIgniter->handleRequest(null, Object(Config\Cache), false)
13 SYSTEMPATH\Boot.php(334): CodeIgniter\CodeIgniter->run()
14 SYSTEMPATH\Boot.php(67): CodeIgniter\Boot::runCodeIgniter(Object(CodeIgniter\CodeIgniter))
15 FCPATH\index.php(56): CodeIgniter\Boot::bootWeb(Object(Config\Paths))
CRITICAL - 2025-03-22 13:10:14 --> ErrorException: Undefined variable $staffNames
[Method: GET, Route: admin/dashboard]
in APPPATH\Views\layouts\dashboard.php on line 202.
 1 APPPATH\Views\layouts\dashboard.php(202): CodeIgniter\Debug\Exceptions->errorHandler(2, 'Undefined variable $staffNames', 'C:\\xampp\\htdocs\\meeshodelivery\\app\\Views\\layouts\\dashboard.php', 202)
 2 SYSTEMPATH\View\View.php(224): include('C:\\xampp\\htdocs\\meeshodelivery\\app\\Views\\layouts\\dashboard.php')
 3 SYSTEMPATH\View\View.php(227): CodeIgniter\View\View->CodeIgniter\View\{closure}()
 4 SYSTEMPATH\View\View.php(475): CodeIgniter\View\View->render('layouts/dashboard', null, true)
 5 APPPATH\Views\admin_layout.php(8): CodeIgniter\View\View->include('layouts/dashboard')
 6 SYSTEMPATH\View\View.php(224): include('C:\\xampp\\htdocs\\meeshodelivery\\app\\Views\\admin_layout.php')
 7 SYSTEMPATH\View\View.php(227): CodeIgniter\View\View->CodeIgniter\View\{closure}()
 8 SYSTEMPATH\Common.php(1173): CodeIgniter\View\View->render('admin_layout', [], true)
 9 APPPATH\Controllers\LoginController.php(118): view('admin_layout', [...])
10 SYSTEMPATH\CodeIgniter.php(933): App\Controllers\LoginController->dashboard()
11 SYSTEMPATH\CodeIgniter.php(507): CodeIgniter\CodeIgniter->runController(Object(App\Controllers\LoginController))
12 SYSTEMPATH\CodeIgniter.php(354): CodeIgniter\CodeIgniter->handleRequest(null, Object(Config\Cache), false)
13 SYSTEMPATH\Boot.php(334): CodeIgniter\CodeIgniter->run()
14 SYSTEMPATH\Boot.php(67): CodeIgniter\Boot::runCodeIgniter(Object(CodeIgniter\CodeIgniter))
15 FCPATH\index.php(56): CodeIgniter\Boot::bootWeb(Object(Config\Paths))
CRITICAL - 2025-03-22 13:10:41 --> ErrorException: Undefined variable $totaldeleveryStaff
[Method: GET, Route: admin/dashboard]
in APPPATH\Views\layouts\dashboard.php on line 70.
 1 APPPATH\Views\layouts\dashboard.php(70): CodeIgniter\Debug\Exceptions->errorHandler(2, 'Undefined variable $totaldeleveryStaff', 'C:\\xampp\\htdocs\\meeshodelivery\\app\\Views\\layouts\\dashboard.php', 70)
 2 SYSTEMPATH\View\View.php(224): include('C:\\xampp\\htdocs\\meeshodelivery\\app\\Views\\layouts\\dashboard.php')
 3 SYSTEMPATH\View\View.php(227): CodeIgniter\View\View->CodeIgniter\View\{closure}()
 4 SYSTEMPATH\View\View.php(475): CodeIgniter\View\View->render('layouts/dashboard', null, true)
 5 APPPATH\Views\admin_layout.php(8): CodeIgniter\View\View->include('layouts/dashboard')
 6 SYSTEMPATH\View\View.php(224): include('C:\\xampp\\htdocs\\meeshodelivery\\app\\Views\\admin_layout.php')
 7 SYSTEMPATH\View\View.php(227): CodeIgniter\View\View->CodeIgniter\View\{closure}()
 8 SYSTEMPATH\Common.php(1173): CodeIgniter\View\View->render('admin_layout', [], true)
 9 APPPATH\Controllers\LoginController.php(131): view('admin_layout', [...])
10 SYSTEMPATH\CodeIgniter.php(933): App\Controllers\LoginController->dashboard()
11 SYSTEMPATH\CodeIgniter.php(507): CodeIgniter\CodeIgniter->runController(Object(App\Controllers\LoginController))
12 SYSTEMPATH\CodeIgniter.php(354): CodeIgniter\CodeIgniter->handleRequest(null, Object(Config\Cache), false)
13 SYSTEMPATH\Boot.php(334): CodeIgniter\CodeIgniter->run()
14 SYSTEMPATH\Boot.php(67): CodeIgniter\Boot::runCodeIgniter(Object(CodeIgniter\CodeIgniter))
15 FCPATH\index.php(56): CodeIgniter\Boot::bootWeb(Object(Config\Paths))
CRITICAL - 2025-03-22 13:10:42 --> ErrorException: Undefined variable $totaldeleveryStaff
[Method: GET, Route: admin/dashboard]
in APPPATH\Views\layouts\dashboard.php on line 70.
 1 APPPATH\Views\layouts\dashboard.php(70): CodeIgniter\Debug\Exceptions->errorHandler(2, 'Undefined variable $totaldeleveryStaff', 'C:\\xampp\\htdocs\\meeshodelivery\\app\\Views\\layouts\\dashboard.php', 70)
 2 SYSTEMPATH\View\View.php(224): include('C:\\xampp\\htdocs\\meeshodelivery\\app\\Views\\layouts\\dashboard.php')
 3 SYSTEMPATH\View\View.php(227): CodeIgniter\View\View->CodeIgniter\View\{closure}()
 4 SYSTEMPATH\View\View.php(475): CodeIgniter\View\View->render('layouts/dashboard', null, true)
 5 APPPATH\Views\admin_layout.php(8): CodeIgniter\View\View->include('layouts/dashboard')
 6 SYSTEMPATH\View\View.php(224): include('C:\\xampp\\htdocs\\meeshodelivery\\app\\Views\\admin_layout.php')
 7 SYSTEMPATH\View\View.php(227): CodeIgniter\View\View->CodeIgniter\View\{closure}()
 8 SYSTEMPATH\Common.php(1173): CodeIgniter\View\View->render('admin_layout', [], true)
 9 APPPATH\Controllers\LoginController.php(131): view('admin_layout', [...])
10 SYSTEMPATH\CodeIgniter.php(933): App\Controllers\LoginController->dashboard()
11 SYSTEMPATH\CodeIgniter.php(507): CodeIgniter\CodeIgniter->runController(Object(App\Controllers\LoginController))
12 SYSTEMPATH\CodeIgniter.php(354): CodeIgniter\CodeIgniter->handleRequest(null, Object(Config\Cache), false)
13 SYSTEMPATH\Boot.php(334): CodeIgniter\CodeIgniter->run()
14 SYSTEMPATH\Boot.php(67): CodeIgniter\Boot::runCodeIgniter(Object(CodeIgniter\CodeIgniter))
15 FCPATH\index.php(56): CodeIgniter\Boot::bootWeb(Object(Config\Paths))
CRITICAL - 2025-03-22 13:11:24 --> ErrorException: Undefined variable $totaldeleveryStaff
[Method: GET, Route: admin/dashboard]
in APPPATH\Views\layouts\dashboard.php on line 70.
 1 APPPATH\Views\layouts\dashboard.php(70): CodeIgniter\Debug\Exceptions->errorHandler(2, 'Undefined variable $totaldeleveryStaff', 'C:\\xampp\\htdocs\\meeshodelivery\\app\\Views\\layouts\\dashboard.php', 70)
 2 SYSTEMPATH\View\View.php(224): include('C:\\xampp\\htdocs\\meeshodelivery\\app\\Views\\layouts\\dashboard.php')
 3 SYSTEMPATH\View\View.php(227): CodeIgniter\View\View->CodeIgniter\View\{closure}()
 4 SYSTEMPATH\View\View.php(475): CodeIgniter\View\View->render('layouts/dashboard', null, true)
 5 APPPATH\Views\admin_layout.php(8): CodeIgniter\View\View->include('layouts/dashboard')
 6 SYSTEMPATH\View\View.php(224): include('C:\\xampp\\htdocs\\meeshodelivery\\app\\Views\\admin_layout.php')
 7 SYSTEMPATH\View\View.php(227): CodeIgniter\View\View->CodeIgniter\View\{closure}()
 8 SYSTEMPATH\Common.php(1173): CodeIgniter\View\View->render('admin_layout', [], true)
 9 APPPATH\Controllers\LoginController.php(131): view('admin_layout', [...])
10 SYSTEMPATH\CodeIgniter.php(933): App\Controllers\LoginController->dashboard()
11 SYSTEMPATH\CodeIgniter.php(507): CodeIgniter\CodeIgniter->runController(Object(App\Controllers\LoginController))
12 SYSTEMPATH\CodeIgniter.php(354): CodeIgniter\CodeIgniter->handleRequest(null, Object(Config\Cache), false)
13 SYSTEMPATH\Boot.php(334): CodeIgniter\CodeIgniter->run()
14 SYSTEMPATH\Boot.php(67): CodeIgniter\Boot::runCodeIgniter(Object(CodeIgniter\CodeIgniter))
15 FCPATH\index.php(56): CodeIgniter\Boot::bootWeb(Object(Config\Paths))
CRITICAL - 2025-03-22 13:11:24 --> ErrorException: Undefined variable $totaldeleveryStaff
[Method: GET, Route: admin/dashboard]
in APPPATH\Views\layouts\dashboard.php on line 70.
 1 APPPATH\Views\layouts\dashboard.php(70): CodeIgniter\Debug\Exceptions->errorHandler(2, 'Undefined variable $totaldeleveryStaff', 'C:\\xampp\\htdocs\\meeshodelivery\\app\\Views\\layouts\\dashboard.php', 70)
 2 SYSTEMPATH\View\View.php(224): include('C:\\xampp\\htdocs\\meeshodelivery\\app\\Views\\layouts\\dashboard.php')
 3 SYSTEMPATH\View\View.php(227): CodeIgniter\View\View->CodeIgniter\View\{closure}()
 4 SYSTEMPATH\View\View.php(475): CodeIgniter\View\View->render('layouts/dashboard', null, true)
 5 APPPATH\Views\admin_layout.php(8): CodeIgniter\View\View->include('layouts/dashboard')
 6 SYSTEMPATH\View\View.php(224): include('C:\\xampp\\htdocs\\meeshodelivery\\app\\Views\\admin_layout.php')
 7 SYSTEMPATH\View\View.php(227): CodeIgniter\View\View->CodeIgniter\View\{closure}()
 8 SYSTEMPATH\Common.php(1173): CodeIgniter\View\View->render('admin_layout', [], true)
 9 APPPATH\Controllers\LoginController.php(131): view('admin_layout', [...])
10 SYSTEMPATH\CodeIgniter.php(933): App\Controllers\LoginController->dashboard()
11 SYSTEMPATH\CodeIgniter.php(507): CodeIgniter\CodeIgniter->runController(Object(App\Controllers\LoginController))
12 SYSTEMPATH\CodeIgniter.php(354): CodeIgniter\CodeIgniter->handleRequest(null, Object(Config\Cache), false)
13 SYSTEMPATH\Boot.php(334): CodeIgniter\CodeIgniter->run()
14 SYSTEMPATH\Boot.php(67): CodeIgniter\Boot::runCodeIgniter(Object(CodeIgniter\CodeIgniter))
15 FCPATH\index.php(56): CodeIgniter\Boot::bootWeb(Object(Config\Paths))
CRITICAL - 2025-03-22 13:11:25 --> ErrorException: Undefined variable $totaldeleveryStaff
[Method: GET, Route: admin/dashboard]
in APPPATH\Views\layouts\dashboard.php on line 70.
 1 APPPATH\Views\layouts\dashboard.php(70): CodeIgniter\Debug\Exceptions->errorHandler(2, 'Undefined variable $totaldeleveryStaff', 'C:\\xampp\\htdocs\\meeshodelivery\\app\\Views\\layouts\\dashboard.php', 70)
 2 SYSTEMPATH\View\View.php(224): include('C:\\xampp\\htdocs\\meeshodelivery\\app\\Views\\layouts\\dashboard.php')
 3 SYSTEMPATH\View\View.php(227): CodeIgniter\View\View->CodeIgniter\View\{closure}()
 4 SYSTEMPATH\View\View.php(475): CodeIgniter\View\View->render('layouts/dashboard', null, true)
 5 APPPATH\Views\admin_layout.php(8): CodeIgniter\View\View->include('layouts/dashboard')
 6 SYSTEMPATH\View\View.php(224): include('C:\\xampp\\htdocs\\meeshodelivery\\app\\Views\\admin_layout.php')
 7 SYSTEMPATH\View\View.php(227): CodeIgniter\View\View->CodeIgniter\View\{closure}()
 8 SYSTEMPATH\Common.php(1173): CodeIgniter\View\View->render('admin_layout', [], true)
 9 APPPATH\Controllers\LoginController.php(131): view('admin_layout', [...])
10 SYSTEMPATH\CodeIgniter.php(933): App\Controllers\LoginController->dashboard()
11 SYSTEMPATH\CodeIgniter.php(507): CodeIgniter\CodeIgniter->runController(Object(App\Controllers\LoginController))
12 SYSTEMPATH\CodeIgniter.php(354): CodeIgniter\CodeIgniter->handleRequest(null, Object(Config\Cache), false)
13 SYSTEMPATH\Boot.php(334): CodeIgniter\CodeIgniter->run()
14 SYSTEMPATH\Boot.php(67): CodeIgniter\Boot::runCodeIgniter(Object(CodeIgniter\CodeIgniter))
15 FCPATH\index.php(56): CodeIgniter\Boot::bootWeb(Object(Config\Paths))
CRITICAL - 2025-03-22 13:12:43 --> ErrorException: Undefined variable $totaldeleveryStaff
[Method: GET, Route: admin/dashboard]
in APPPATH\Views\layouts\dashboard.php on line 70.
 1 APPPATH\Views\layouts\dashboard.php(70): CodeIgniter\Debug\Exceptions->errorHandler(2, 'Undefined variable $totaldeleveryStaff', 'C:\\xampp\\htdocs\\meeshodelivery\\app\\Views\\layouts\\dashboard.php', 70)
 2 SYSTEMPATH\View\View.php(224): include('C:\\xampp\\htdocs\\meeshodelivery\\app\\Views\\layouts\\dashboard.php')
 3 SYSTEMPATH\View\View.php(227): CodeIgniter\View\View->CodeIgniter\View\{closure}()
 4 SYSTEMPATH\View\View.php(475): CodeIgniter\View\View->render('layouts/dashboard', null, true)
 5 APPPATH\Views\admin_layout.php(8): CodeIgniter\View\View->include('layouts/dashboard')
 6 SYSTEMPATH\View\View.php(224): include('C:\\xampp\\htdocs\\meeshodelivery\\app\\Views\\admin_layout.php')
 7 SYSTEMPATH\View\View.php(227): CodeIgniter\View\View->CodeIgniter\View\{closure}()
 8 SYSTEMPATH\Common.php(1173): CodeIgniter\View\View->render('admin_layout', [], true)
 9 APPPATH\Controllers\LoginController.php(131): view('admin_layout', [...])
10 SYSTEMPATH\CodeIgniter.php(933): App\Controllers\LoginController->dashboard()
11 SYSTEMPATH\CodeIgniter.php(507): CodeIgniter\CodeIgniter->runController(Object(App\Controllers\LoginController))
12 SYSTEMPATH\CodeIgniter.php(354): CodeIgniter\CodeIgniter->handleRequest(null, Object(Config\Cache), false)
13 SYSTEMPATH\Boot.php(334): CodeIgniter\CodeIgniter->run()
14 SYSTEMPATH\Boot.php(67): CodeIgniter\Boot::runCodeIgniter(Object(CodeIgniter\CodeIgniter))
15 FCPATH\index.php(56): CodeIgniter\Boot::bootWeb(Object(Config\Paths))
CRITICAL - 2025-03-22 13:12:44 --> ErrorException: Undefined variable $totaldeleveryStaff
[Method: GET, Route: admin/dashboard]
in APPPATH\Views\layouts\dashboard.php on line 70.
 1 APPPATH\Views\layouts\dashboard.php(70): CodeIgniter\Debug\Exceptions->errorHandler(2, 'Undefined variable $totaldeleveryStaff', 'C:\\xampp\\htdocs\\meeshodelivery\\app\\Views\\layouts\\dashboard.php', 70)
 2 SYSTEMPATH\View\View.php(224): include('C:\\xampp\\htdocs\\meeshodelivery\\app\\Views\\layouts\\dashboard.php')
 3 SYSTEMPATH\View\View.php(227): CodeIgniter\View\View->CodeIgniter\View\{closure}()
 4 SYSTEMPATH\View\View.php(475): CodeIgniter\View\View->render('layouts/dashboard', null, true)
 5 APPPATH\Views\admin_layout.php(8): CodeIgniter\View\View->include('layouts/dashboard')
 6 SYSTEMPATH\View\View.php(224): include('C:\\xampp\\htdocs\\meeshodelivery\\app\\Views\\admin_layout.php')
 7 SYSTEMPATH\View\View.php(227): CodeIgniter\View\View->CodeIgniter\View\{closure}()
 8 SYSTEMPATH\Common.php(1173): CodeIgniter\View\View->render('admin_layout', [], true)
 9 APPPATH\Controllers\LoginController.php(131): view('admin_layout', [...])
10 SYSTEMPATH\CodeIgniter.php(933): App\Controllers\LoginController->dashboard()
11 SYSTEMPATH\CodeIgniter.php(507): CodeIgniter\CodeIgniter->runController(Object(App\Controllers\LoginController))
12 SYSTEMPATH\CodeIgniter.php(354): CodeIgniter\CodeIgniter->handleRequest(null, Object(Config\Cache), false)
13 SYSTEMPATH\Boot.php(334): CodeIgniter\CodeIgniter->run()
14 SYSTEMPATH\Boot.php(67): CodeIgniter\Boot::runCodeIgniter(Object(CodeIgniter\CodeIgniter))
15 FCPATH\index.php(56): CodeIgniter\Boot::bootWeb(Object(Config\Paths))
CRITICAL - 2025-03-22 13:12:50 --> ErrorException: Undefined variable $totaldeleveryStaff
[Method: GET, Route: admin/dashboard]
in APPPATH\Views\layouts\dashboard.php on line 70.
 1 APPPATH\Views\layouts\dashboard.php(70): CodeIgniter\Debug\Exceptions->errorHandler(2, 'Undefined variable $totaldeleveryStaff', 'C:\\xampp\\htdocs\\meeshodelivery\\app\\Views\\layouts\\dashboard.php', 70)
 2 SYSTEMPATH\View\View.php(224): include('C:\\xampp\\htdocs\\meeshodelivery\\app\\Views\\layouts\\dashboard.php')
 3 SYSTEMPATH\View\View.php(227): CodeIgniter\View\View->CodeIgniter\View\{closure}()
 4 SYSTEMPATH\View\View.php(475): CodeIgniter\View\View->render('layouts/dashboard', null, true)
 5 APPPATH\Views\admin_layout.php(8): CodeIgniter\View\View->include('layouts/dashboard')
 6 SYSTEMPATH\View\View.php(224): include('C:\\xampp\\htdocs\\meeshodelivery\\app\\Views\\admin_layout.php')
 7 SYSTEMPATH\View\View.php(227): CodeIgniter\View\View->CodeIgniter\View\{closure}()
 8 SYSTEMPATH\Common.php(1173): CodeIgniter\View\View->render('admin_layout', [], true)
 9 APPPATH\Controllers\LoginController.php(131): view('admin_layout', [...])
10 SYSTEMPATH\CodeIgniter.php(933): App\Controllers\LoginController->dashboard()
11 SYSTEMPATH\CodeIgniter.php(507): CodeIgniter\CodeIgniter->runController(Object(App\Controllers\LoginController))
12 SYSTEMPATH\CodeIgniter.php(354): CodeIgniter\CodeIgniter->handleRequest(null, Object(Config\Cache), false)
13 SYSTEMPATH\Boot.php(334): CodeIgniter\CodeIgniter->run()
14 SYSTEMPATH\Boot.php(67): CodeIgniter\Boot::runCodeIgniter(Object(CodeIgniter\CodeIgniter))
15 FCPATH\index.php(56): CodeIgniter\Boot::bootWeb(Object(Config\Paths))
CRITICAL - 2025-03-22 13:13:01 --> ErrorException: Undefined variable $totaldeleveryStaff
[Method: GET, Route: admin/dashboard]
in APPPATH\Views\layouts\dashboard.php on line 70.
 1 APPPATH\Views\layouts\dashboard.php(70): CodeIgniter\Debug\Exceptions->errorHandler(2, 'Undefined variable $totaldeleveryStaff', 'C:\\xampp\\htdocs\\meeshodelivery\\app\\Views\\layouts\\dashboard.php', 70)
 2 SYSTEMPATH\View\View.php(224): include('C:\\xampp\\htdocs\\meeshodelivery\\app\\Views\\layouts\\dashboard.php')
 3 SYSTEMPATH\View\View.php(227): CodeIgniter\View\View->CodeIgniter\View\{closure}()
 4 SYSTEMPATH\View\View.php(475): CodeIgniter\View\View->render('layouts/dashboard', null, true)
 5 APPPATH\Views\admin_layout.php(8): CodeIgniter\View\View->include('layouts/dashboard')
 6 SYSTEMPATH\View\View.php(224): include('C:\\xampp\\htdocs\\meeshodelivery\\app\\Views\\admin_layout.php')
 7 SYSTEMPATH\View\View.php(227): CodeIgniter\View\View->CodeIgniter\View\{closure}()
 8 SYSTEMPATH\Common.php(1173): CodeIgniter\View\View->render('admin_layout', [], true)
 9 APPPATH\Controllers\LoginController.php(131): view('admin_layout', [...])
10 SYSTEMPATH\CodeIgniter.php(933): App\Controllers\LoginController->dashboard()
11 SYSTEMPATH\CodeIgniter.php(507): CodeIgniter\CodeIgniter->runController(Object(App\Controllers\LoginController))
12 SYSTEMPATH\CodeIgniter.php(354): CodeIgniter\CodeIgniter->handleRequest(null, Object(Config\Cache), false)
13 SYSTEMPATH\Boot.php(334): CodeIgniter\CodeIgniter->run()
14 SYSTEMPATH\Boot.php(67): CodeIgniter\Boot::runCodeIgniter(Object(CodeIgniter\CodeIgniter))
15 FCPATH\index.php(56): CodeIgniter\Boot::bootWeb(Object(Config\Paths))
CRITICAL - 2025-03-22 13:13:07 --> ErrorException: Undefined variable $totaldeleveryStaff
[Method: GET, Route: admin/dashboard]
in APPPATH\Views\layouts\dashboard.php on line 70.
 1 APPPATH\Views\layouts\dashboard.php(70): CodeIgniter\Debug\Exceptions->errorHandler(2, 'Undefined variable $totaldeleveryStaff', 'C:\\xampp\\htdocs\\meeshodelivery\\app\\Views\\layouts\\dashboard.php', 70)
 2 SYSTEMPATH\View\View.php(224): include('C:\\xampp\\htdocs\\meeshodelivery\\app\\Views\\layouts\\dashboard.php')
 3 SYSTEMPATH\View\View.php(227): CodeIgniter\View\View->CodeIgniter\View\{closure}()
 4 SYSTEMPATH\View\View.php(475): CodeIgniter\View\View->render('layouts/dashboard', null, true)
 5 APPPATH\Views\admin_layout.php(8): CodeIgniter\View\View->include('layouts/dashboard')
 6 SYSTEMPATH\View\View.php(224): include('C:\\xampp\\htdocs\\meeshodelivery\\app\\Views\\admin_layout.php')
 7 SYSTEMPATH\View\View.php(227): CodeIgniter\View\View->CodeIgniter\View\{closure}()
 8 SYSTEMPATH\Common.php(1173): CodeIgniter\View\View->render('admin_layout', [], true)
 9 APPPATH\Controllers\LoginController.php(131): view('admin_layout', [...])
10 SYSTEMPATH\CodeIgniter.php(933): App\Controllers\LoginController->dashboard()
11 SYSTEMPATH\CodeIgniter.php(507): CodeIgniter\CodeIgniter->runController(Object(App\Controllers\LoginController))
12 SYSTEMPATH\CodeIgniter.php(354): CodeIgniter\CodeIgniter->handleRequest(null, Object(Config\Cache), false)
13 SYSTEMPATH\Boot.php(334): CodeIgniter\CodeIgniter->run()
14 SYSTEMPATH\Boot.php(67): CodeIgniter\Boot::runCodeIgniter(Object(CodeIgniter\CodeIgniter))
15 FCPATH\index.php(56): CodeIgniter\Boot::bootWeb(Object(Config\Paths))
CRITICAL - 2025-03-22 13:13:07 --> ErrorException: Undefined variable $totaldeleveryStaff
[Method: GET, Route: admin/dashboard]
in APPPATH\Views\layouts\dashboard.php on line 70.
 1 APPPATH\Views\layouts\dashboard.php(70): CodeIgniter\Debug\Exceptions->errorHandler(2, 'Undefined variable $totaldeleveryStaff', 'C:\\xampp\\htdocs\\meeshodelivery\\app\\Views\\layouts\\dashboard.php', 70)
 2 SYSTEMPATH\View\View.php(224): include('C:\\xampp\\htdocs\\meeshodelivery\\app\\Views\\layouts\\dashboard.php')
 3 SYSTEMPATH\View\View.php(227): CodeIgniter\View\View->CodeIgniter\View\{closure}()
 4 SYSTEMPATH\View\View.php(475): CodeIgniter\View\View->render('layouts/dashboard', null, true)
 5 APPPATH\Views\admin_layout.php(8): CodeIgniter\View\View->include('layouts/dashboard')
 6 SYSTEMPATH\View\View.php(224): include('C:\\xampp\\htdocs\\meeshodelivery\\app\\Views\\admin_layout.php')
 7 SYSTEMPATH\View\View.php(227): CodeIgniter\View\View->CodeIgniter\View\{closure}()
 8 SYSTEMPATH\Common.php(1173): CodeIgniter\View\View->render('admin_layout', [], true)
 9 APPPATH\Controllers\LoginController.php(131): view('admin_layout', [...])
10 SYSTEMPATH\CodeIgniter.php(933): App\Controllers\LoginController->dashboard()
11 SYSTEMPATH\CodeIgniter.php(507): CodeIgniter\CodeIgniter->runController(Object(App\Controllers\LoginController))
12 SYSTEMPATH\CodeIgniter.php(354): CodeIgniter\CodeIgniter->handleRequest(null, Object(Config\Cache), false)
13 SYSTEMPATH\Boot.php(334): CodeIgniter\CodeIgniter->run()
14 SYSTEMPATH\Boot.php(67): CodeIgniter\Boot::runCodeIgniter(Object(CodeIgniter\CodeIgniter))
15 FCPATH\index.php(56): CodeIgniter\Boot::bootWeb(Object(Config\Paths))
CRITICAL - 2025-03-22 13:13:16 --> ErrorException: Undefined variable $totaldeleveryStaff
[Method: GET, Route: admin/dashboard]
in APPPATH\Views\layouts\dashboard.php on line 70.
 1 APPPATH\Views\layouts\dashboard.php(70): CodeIgniter\Debug\Exceptions->errorHandler(2, 'Undefined variable $totaldeleveryStaff', 'C:\\xampp\\htdocs\\meeshodelivery\\app\\Views\\layouts\\dashboard.php', 70)
 2 SYSTEMPATH\View\View.php(224): include('C:\\xampp\\htdocs\\meeshodelivery\\app\\Views\\layouts\\dashboard.php')
 3 SYSTEMPATH\View\View.php(227): CodeIgniter\View\View->CodeIgniter\View\{closure}()
 4 SYSTEMPATH\View\View.php(475): CodeIgniter\View\View->render('layouts/dashboard', null, true)
 5 APPPATH\Views\admin_layout.php(8): CodeIgniter\View\View->include('layouts/dashboard')
 6 SYSTEMPATH\View\View.php(224): include('C:\\xampp\\htdocs\\meeshodelivery\\app\\Views\\admin_layout.php')
 7 SYSTEMPATH\View\View.php(227): CodeIgniter\View\View->CodeIgniter\View\{closure}()
 8 SYSTEMPATH\Common.php(1173): CodeIgniter\View\View->render('admin_layout', [], true)
 9 APPPATH\Controllers\LoginController.php(131): view('admin_layout', [...])
10 SYSTEMPATH\CodeIgniter.php(933): App\Controllers\LoginController->dashboard()
11 SYSTEMPATH\CodeIgniter.php(507): CodeIgniter\CodeIgniter->runController(Object(App\Controllers\LoginController))
12 SYSTEMPATH\CodeIgniter.php(354): CodeIgniter\CodeIgniter->handleRequest(null, Object(Config\Cache), false)
13 SYSTEMPATH\Boot.php(334): CodeIgniter\CodeIgniter->run()
14 SYSTEMPATH\Boot.php(67): CodeIgniter\Boot::runCodeIgniter(Object(CodeIgniter\CodeIgniter))
15 FCPATH\index.php(56): CodeIgniter\Boot::bootWeb(Object(Config\Paths))
CRITICAL - 2025-03-22 13:13:21 --> ErrorException: Undefined variable $totaldeleveryStaff
[Method: GET, Route: admin/dashboard]
in APPPATH\Views\layouts\dashboard.php on line 70.
 1 APPPATH\Views\layouts\dashboard.php(70): CodeIgniter\Debug\Exceptions->errorHandler(2, 'Undefined variable $totaldeleveryStaff', 'C:\\xampp\\htdocs\\meeshodelivery\\app\\Views\\layouts\\dashboard.php', 70)
 2 SYSTEMPATH\View\View.php(224): include('C:\\xampp\\htdocs\\meeshodelivery\\app\\Views\\layouts\\dashboard.php')
 3 SYSTEMPATH\View\View.php(227): CodeIgniter\View\View->CodeIgniter\View\{closure}()
 4 SYSTEMPATH\View\View.php(475): CodeIgniter\View\View->render('layouts/dashboard', null, true)
 5 APPPATH\Views\admin_layout.php(8): CodeIgniter\View\View->include('layouts/dashboard')
 6 SYSTEMPATH\View\View.php(224): include('C:\\xampp\\htdocs\\meeshodelivery\\app\\Views\\admin_layout.php')
 7 SYSTEMPATH\View\View.php(227): CodeIgniter\View\View->CodeIgniter\View\{closure}()
 8 SYSTEMPATH\Common.php(1173): CodeIgniter\View\View->render('admin_layout', [], true)
 9 APPPATH\Controllers\LoginController.php(131): view('admin_layout', [...])
10 SYSTEMPATH\CodeIgniter.php(933): App\Controllers\LoginController->dashboard()
11 SYSTEMPATH\CodeIgniter.php(507): CodeIgniter\CodeIgniter->runController(Object(App\Controllers\LoginController))
12 SYSTEMPATH\CodeIgniter.php(354): CodeIgniter\CodeIgniter->handleRequest(null, Object(Config\Cache), false)
13 SYSTEMPATH\Boot.php(334): CodeIgniter\CodeIgniter->run()
14 SYSTEMPATH\Boot.php(67): CodeIgniter\Boot::runCodeIgniter(Object(CodeIgniter\CodeIgniter))
15 FCPATH\index.php(56): CodeIgniter\Boot::bootWeb(Object(Config\Paths))
CRITICAL - 2025-03-22 13:13:29 --> ErrorException: Undefined variable $totaldeleveryStaff
[Method: GET, Route: admin/dashboard]
in APPPATH\Views\layouts\dashboard.php on line 70.
 1 APPPATH\Views\layouts\dashboard.php(70): CodeIgniter\Debug\Exceptions->errorHandler(2, 'Undefined variable $totaldeleveryStaff', 'C:\\xampp\\htdocs\\meeshodelivery\\app\\Views\\layouts\\dashboard.php', 70)
 2 SYSTEMPATH\View\View.php(224): include('C:\\xampp\\htdocs\\meeshodelivery\\app\\Views\\layouts\\dashboard.php')
 3 SYSTEMPATH\View\View.php(227): CodeIgniter\View\View->CodeIgniter\View\{closure}()
 4 SYSTEMPATH\View\View.php(475): CodeIgniter\View\View->render('layouts/dashboard', null, true)
 5 APPPATH\Views\admin_layout.php(8): CodeIgniter\View\View->include('layouts/dashboard')
 6 SYSTEMPATH\View\View.php(224): include('C:\\xampp\\htdocs\\meeshodelivery\\app\\Views\\admin_layout.php')
 7 SYSTEMPATH\View\View.php(227): CodeIgniter\View\View->CodeIgniter\View\{closure}()
 8 SYSTEMPATH\Common.php(1173): CodeIgniter\View\View->render('admin_layout', [], true)
 9 APPPATH\Controllers\LoginController.php(131): view('admin_layout', [...])
10 SYSTEMPATH\CodeIgniter.php(933): App\Controllers\LoginController->dashboard()
11 SYSTEMPATH\CodeIgniter.php(507): CodeIgniter\CodeIgniter->runController(Object(App\Controllers\LoginController))
12 SYSTEMPATH\CodeIgniter.php(354): CodeIgniter\CodeIgniter->handleRequest(null, Object(Config\Cache), false)
13 SYSTEMPATH\Boot.php(334): CodeIgniter\CodeIgniter->run()
14 SYSTEMPATH\Boot.php(67): CodeIgniter\Boot::runCodeIgniter(Object(CodeIgniter\CodeIgniter))
15 FCPATH\index.php(56): CodeIgniter\Boot::bootWeb(Object(Config\Paths))
CRITICAL - 2025-03-22 13:13:36 --> ErrorException: Undefined variable $totaldeleveryStaff
[Method: GET, Route: admin/dashboard]
in APPPATH\Views\layouts\dashboard.php on line 70.
 1 APPPATH\Views\layouts\dashboard.php(70): CodeIgniter\Debug\Exceptions->errorHandler(2, 'Undefined variable $totaldeleveryStaff', 'C:\\xampp\\htdocs\\meeshodelivery\\app\\Views\\layouts\\dashboard.php', 70)
 2 SYSTEMPATH\View\View.php(224): include('C:\\xampp\\htdocs\\meeshodelivery\\app\\Views\\layouts\\dashboard.php')
 3 SYSTEMPATH\View\View.php(227): CodeIgniter\View\View->CodeIgniter\View\{closure}()
 4 SYSTEMPATH\View\View.php(475): CodeIgniter\View\View->render('layouts/dashboard', null, true)
 5 APPPATH\Views\admin_layout.php(8): CodeIgniter\View\View->include('layouts/dashboard')
 6 SYSTEMPATH\View\View.php(224): include('C:\\xampp\\htdocs\\meeshodelivery\\app\\Views\\admin_layout.php')
 7 SYSTEMPATH\View\View.php(227): CodeIgniter\View\View->CodeIgniter\View\{closure}()
 8 SYSTEMPATH\Common.php(1173): CodeIgniter\View\View->render('admin_layout', [], true)
 9 APPPATH\Controllers\LoginController.php(131): view('admin_layout', [...])
10 SYSTEMPATH\CodeIgniter.php(933): App\Controllers\LoginController->dashboard()
11 SYSTEMPATH\CodeIgniter.php(507): CodeIgniter\CodeIgniter->runController(Object(App\Controllers\LoginController))
12 SYSTEMPATH\CodeIgniter.php(354): CodeIgniter\CodeIgniter->handleRequest(null, Object(Config\Cache), false)
13 SYSTEMPATH\Boot.php(334): CodeIgniter\CodeIgniter->run()
14 SYSTEMPATH\Boot.php(67): CodeIgniter\Boot::runCodeIgniter(Object(CodeIgniter\CodeIgniter))
15 FCPATH\index.php(56): CodeIgniter\Boot::bootWeb(Object(Config\Paths))
CRITICAL - 2025-03-22 13:13:36 --> ErrorException: Undefined variable $totaldeleveryStaff
[Method: GET, Route: admin/dashboard]
in APPPATH\Views\layouts\dashboard.php on line 70.
 1 APPPATH\Views\layouts\dashboard.php(70): CodeIgniter\Debug\Exceptions->errorHandler(2, 'Undefined variable $totaldeleveryStaff', 'C:\\xampp\\htdocs\\meeshodelivery\\app\\Views\\layouts\\dashboard.php', 70)
 2 SYSTEMPATH\View\View.php(224): include('C:\\xampp\\htdocs\\meeshodelivery\\app\\Views\\layouts\\dashboard.php')
 3 SYSTEMPATH\View\View.php(227): CodeIgniter\View\View->CodeIgniter\View\{closure}()
 4 SYSTEMPATH\View\View.php(475): CodeIgniter\View\View->render('layouts/dashboard', null, true)
 5 APPPATH\Views\admin_layout.php(8): CodeIgniter\View\View->include('layouts/dashboard')
 6 SYSTEMPATH\View\View.php(224): include('C:\\xampp\\htdocs\\meeshodelivery\\app\\Views\\admin_layout.php')
 7 SYSTEMPATH\View\View.php(227): CodeIgniter\View\View->CodeIgniter\View\{closure}()
 8 SYSTEMPATH\Common.php(1173): CodeIgniter\View\View->render('admin_layout', [], true)
 9 APPPATH\Controllers\LoginController.php(131): view('admin_layout', [...])
10 SYSTEMPATH\CodeIgniter.php(933): App\Controllers\LoginController->dashboard()
11 SYSTEMPATH\CodeIgniter.php(507): CodeIgniter\CodeIgniter->runController(Object(App\Controllers\LoginController))
12 SYSTEMPATH\CodeIgniter.php(354): CodeIgniter\CodeIgniter->handleRequest(null, Object(Config\Cache), false)
13 SYSTEMPATH\Boot.php(334): CodeIgniter\CodeIgniter->run()
14 SYSTEMPATH\Boot.php(67): CodeIgniter\Boot::runCodeIgniter(Object(CodeIgniter\CodeIgniter))
15 FCPATH\index.php(56): CodeIgniter\Boot::bootWeb(Object(Config\Paths))
CRITICAL - 2025-03-22 13:13:37 --> ErrorException: Undefined variable $totaldeleveryStaff
[Method: GET, Route: admin/dashboard]
in APPPATH\Views\layouts\dashboard.php on line 70.
 1 APPPATH\Views\layouts\dashboard.php(70): CodeIgniter\Debug\Exceptions->errorHandler(2, 'Undefined variable $totaldeleveryStaff', 'C:\\xampp\\htdocs\\meeshodelivery\\app\\Views\\layouts\\dashboard.php', 70)
 2 SYSTEMPATH\View\View.php(224): include('C:\\xampp\\htdocs\\meeshodelivery\\app\\Views\\layouts\\dashboard.php')
 3 SYSTEMPATH\View\View.php(227): CodeIgniter\View\View->CodeIgniter\View\{closure}()
 4 SYSTEMPATH\View\View.php(475): CodeIgniter\View\View->render('layouts/dashboard', null, true)
 5 APPPATH\Views\admin_layout.php(8): CodeIgniter\View\View->include('layouts/dashboard')
 6 SYSTEMPATH\View\View.php(224): include('C:\\xampp\\htdocs\\meeshodelivery\\app\\Views\\admin_layout.php')
 7 SYSTEMPATH\View\View.php(227): CodeIgniter\View\View->CodeIgniter\View\{closure}()
 8 SYSTEMPATH\Common.php(1173): CodeIgniter\View\View->render('admin_layout', [], true)
 9 APPPATH\Controllers\LoginController.php(131): view('admin_layout', [...])
10 SYSTEMPATH\CodeIgniter.php(933): App\Controllers\LoginController->dashboard()
11 SYSTEMPATH\CodeIgniter.php(507): CodeIgniter\CodeIgniter->runController(Object(App\Controllers\LoginController))
12 SYSTEMPATH\CodeIgniter.php(354): CodeIgniter\CodeIgniter->handleRequest(null, Object(Config\Cache), false)
13 SYSTEMPATH\Boot.php(334): CodeIgniter\CodeIgniter->run()
14 SYSTEMPATH\Boot.php(67): CodeIgniter\Boot::runCodeIgniter(Object(CodeIgniter\CodeIgniter))
15 FCPATH\index.php(56): CodeIgniter\Boot::bootWeb(Object(Config\Paths))
CRITICAL - 2025-03-22 13:13:37 --> ErrorException: Undefined variable $totaldeleveryStaff
[Method: GET, Route: admin/dashboard]
in APPPATH\Views\layouts\dashboard.php on line 70.
 1 APPPATH\Views\layouts\dashboard.php(70): CodeIgniter\Debug\Exceptions->errorHandler(2, 'Undefined variable $totaldeleveryStaff', 'C:\\xampp\\htdocs\\meeshodelivery\\app\\Views\\layouts\\dashboard.php', 70)
 2 SYSTEMPATH\View\View.php(224): include('C:\\xampp\\htdocs\\meeshodelivery\\app\\Views\\layouts\\dashboard.php')
 3 SYSTEMPATH\View\View.php(227): CodeIgniter\View\View->CodeIgniter\View\{closure}()
 4 SYSTEMPATH\View\View.php(475): CodeIgniter\View\View->render('layouts/dashboard', null, true)
 5 APPPATH\Views\admin_layout.php(8): CodeIgniter\View\View->include('layouts/dashboard')
 6 SYSTEMPATH\View\View.php(224): include('C:\\xampp\\htdocs\\meeshodelivery\\app\\Views\\admin_layout.php')
 7 SYSTEMPATH\View\View.php(227): CodeIgniter\View\View->CodeIgniter\View\{closure}()
 8 SYSTEMPATH\Common.php(1173): CodeIgniter\View\View->render('admin_layout', [], true)
 9 APPPATH\Controllers\LoginController.php(131): view('admin_layout', [...])
10 SYSTEMPATH\CodeIgniter.php(933): App\Controllers\LoginController->dashboard()
11 SYSTEMPATH\CodeIgniter.php(507): CodeIgniter\CodeIgniter->runController(Object(App\Controllers\LoginController))
12 SYSTEMPATH\CodeIgniter.php(354): CodeIgniter\CodeIgniter->handleRequest(null, Object(Config\Cache), false)
13 SYSTEMPATH\Boot.php(334): CodeIgniter\CodeIgniter->run()
14 SYSTEMPATH\Boot.php(67): CodeIgniter\Boot::runCodeIgniter(Object(CodeIgniter\CodeIgniter))
15 FCPATH\index.php(56): CodeIgniter\Boot::bootWeb(Object(Config\Paths))
CRITICAL - 2025-03-22 13:13:48 --> ErrorException: Undefined variable $totaldeleveryStaff
[Method: GET, Route: admin/dashboard]
in APPPATH\Views\layouts\dashboard.php on line 70.
 1 APPPATH\Views\layouts\dashboard.php(70): CodeIgniter\Debug\Exceptions->errorHandler(2, 'Undefined variable $totaldeleveryStaff', 'C:\\xampp\\htdocs\\meeshodelivery\\app\\Views\\layouts\\dashboard.php', 70)
 2 SYSTEMPATH\View\View.php(224): include('C:\\xampp\\htdocs\\meeshodelivery\\app\\Views\\layouts\\dashboard.php')
 3 SYSTEMPATH\View\View.php(227): CodeIgniter\View\View->CodeIgniter\View\{closure}()
 4 SYSTEMPATH\View\View.php(475): CodeIgniter\View\View->render('layouts/dashboard', null, true)
 5 APPPATH\Views\admin_layout.php(8): CodeIgniter\View\View->include('layouts/dashboard')
 6 SYSTEMPATH\View\View.php(224): include('C:\\xampp\\htdocs\\meeshodelivery\\app\\Views\\admin_layout.php')
 7 SYSTEMPATH\View\View.php(227): CodeIgniter\View\View->CodeIgniter\View\{closure}()
 8 SYSTEMPATH\Common.php(1173): CodeIgniter\View\View->render('admin_layout', [], true)
 9 APPPATH\Controllers\LoginController.php(131): view('admin_layout', [...])
10 SYSTEMPATH\CodeIgniter.php(933): App\Controllers\LoginController->dashboard()
11 SYSTEMPATH\CodeIgniter.php(507): CodeIgniter\CodeIgniter->runController(Object(App\Controllers\LoginController))
12 SYSTEMPATH\CodeIgniter.php(354): CodeIgniter\CodeIgniter->handleRequest(null, Object(Config\Cache), false)
13 SYSTEMPATH\Boot.php(334): CodeIgniter\CodeIgniter->run()
14 SYSTEMPATH\Boot.php(67): CodeIgniter\Boot::runCodeIgniter(Object(CodeIgniter\CodeIgniter))
15 FCPATH\index.php(56): CodeIgniter\Boot::bootWeb(Object(Config\Paths))
CRITICAL - 2025-03-22 13:13:48 --> ErrorException: Undefined variable $totaldeleveryStaff
[Method: GET, Route: admin/dashboard]
in APPPATH\Views\layouts\dashboard.php on line 70.
 1 APPPATH\Views\layouts\dashboard.php(70): CodeIgniter\Debug\Exceptions->errorHandler(2, 'Undefined variable $totaldeleveryStaff', 'C:\\xampp\\htdocs\\meeshodelivery\\app\\Views\\layouts\\dashboard.php', 70)
 2 SYSTEMPATH\View\View.php(224): include('C:\\xampp\\htdocs\\meeshodelivery\\app\\Views\\layouts\\dashboard.php')
 3 SYSTEMPATH\View\View.php(227): CodeIgniter\View\View->CodeIgniter\View\{closure}()
 4 SYSTEMPATH\View\View.php(475): CodeIgniter\View\View->render('layouts/dashboard', null, true)
 5 APPPATH\Views\admin_layout.php(8): CodeIgniter\View\View->include('layouts/dashboard')
 6 SYSTEMPATH\View\View.php(224): include('C:\\xampp\\htdocs\\meeshodelivery\\app\\Views\\admin_layout.php')
 7 SYSTEMPATH\View\View.php(227): CodeIgniter\View\View->CodeIgniter\View\{closure}()
 8 SYSTEMPATH\Common.php(1173): CodeIgniter\View\View->render('admin_layout', [], true)
 9 APPPATH\Controllers\LoginController.php(131): view('admin_layout', [...])
10 SYSTEMPATH\CodeIgniter.php(933): App\Controllers\LoginController->dashboard()
11 SYSTEMPATH\CodeIgniter.php(507): CodeIgniter\CodeIgniter->runController(Object(App\Controllers\LoginController))
12 SYSTEMPATH\CodeIgniter.php(354): CodeIgniter\CodeIgniter->handleRequest(null, Object(Config\Cache), false)
13 SYSTEMPATH\Boot.php(334): CodeIgniter\CodeIgniter->run()
14 SYSTEMPATH\Boot.php(67): CodeIgniter\Boot::runCodeIgniter(Object(CodeIgniter\CodeIgniter))
15 FCPATH\index.php(56): CodeIgniter\Boot::bootWeb(Object(Config\Paths))
CRITICAL - 2025-03-22 13:13:49 --> ErrorException: Undefined variable $totaldeleveryStaff
[Method: GET, Route: admin/dashboard]
in APPPATH\Views\layouts\dashboard.php on line 70.
 1 APPPATH\Views\layouts\dashboard.php(70): CodeIgniter\Debug\Exceptions->errorHandler(2, 'Undefined variable $totaldeleveryStaff', 'C:\\xampp\\htdocs\\meeshodelivery\\app\\Views\\layouts\\dashboard.php', 70)
 2 SYSTEMPATH\View\View.php(224): include('C:\\xampp\\htdocs\\meeshodelivery\\app\\Views\\layouts\\dashboard.php')
 3 SYSTEMPATH\View\View.php(227): CodeIgniter\View\View->CodeIgniter\View\{closure}()
 4 SYSTEMPATH\View\View.php(475): CodeIgniter\View\View->render('layouts/dashboard', null, true)
 5 APPPATH\Views\admin_layout.php(8): CodeIgniter\View\View->include('layouts/dashboard')
 6 SYSTEMPATH\View\View.php(224): include('C:\\xampp\\htdocs\\meeshodelivery\\app\\Views\\admin_layout.php')
 7 SYSTEMPATH\View\View.php(227): CodeIgniter\View\View->CodeIgniter\View\{closure}()
 8 SYSTEMPATH\Common.php(1173): CodeIgniter\View\View->render('admin_layout', [], true)
 9 APPPATH\Controllers\LoginController.php(131): view('admin_layout', [...])
10 SYSTEMPATH\CodeIgniter.php(933): App\Controllers\LoginController->dashboard()
11 SYSTEMPATH\CodeIgniter.php(507): CodeIgniter\CodeIgniter->runController(Object(App\Controllers\LoginController))
12 SYSTEMPATH\CodeIgniter.php(354): CodeIgniter\CodeIgniter->handleRequest(null, Object(Config\Cache), false)
13 SYSTEMPATH\Boot.php(334): CodeIgniter\CodeIgniter->run()
14 SYSTEMPATH\Boot.php(67): CodeIgniter\Boot::runCodeIgniter(Object(CodeIgniter\CodeIgniter))
15 FCPATH\index.php(56): CodeIgniter\Boot::bootWeb(Object(Config\Paths))
CRITICAL - 2025-03-22 13:13:49 --> ErrorException: Undefined variable $totaldeleveryStaff
[Method: GET, Route: admin/dashboard]
in APPPATH\Views\layouts\dashboard.php on line 70.
 1 APPPATH\Views\layouts\dashboard.php(70): CodeIgniter\Debug\Exceptions->errorHandler(2, 'Undefined variable $totaldeleveryStaff', 'C:\\xampp\\htdocs\\meeshodelivery\\app\\Views\\layouts\\dashboard.php', 70)
 2 SYSTEMPATH\View\View.php(224): include('C:\\xampp\\htdocs\\meeshodelivery\\app\\Views\\layouts\\dashboard.php')
 3 SYSTEMPATH\View\View.php(227): CodeIgniter\View\View->CodeIgniter\View\{closure}()
 4 SYSTEMPATH\View\View.php(475): CodeIgniter\View\View->render('layouts/dashboard', null, true)
 5 APPPATH\Views\admin_layout.php(8): CodeIgniter\View\View->include('layouts/dashboard')
 6 SYSTEMPATH\View\View.php(224): include('C:\\xampp\\htdocs\\meeshodelivery\\app\\Views\\admin_layout.php')
 7 SYSTEMPATH\View\View.php(227): CodeIgniter\View\View->CodeIgniter\View\{closure}()
 8 SYSTEMPATH\Common.php(1173): CodeIgniter\View\View->render('admin_layout', [], true)
 9 APPPATH\Controllers\LoginController.php(131): view('admin_layout', [...])
10 SYSTEMPATH\CodeIgniter.php(933): App\Controllers\LoginController->dashboard()
11 SYSTEMPATH\CodeIgniter.php(507): CodeIgniter\CodeIgniter->runController(Object(App\Controllers\LoginController))
12 SYSTEMPATH\CodeIgniter.php(354): CodeIgniter\CodeIgniter->handleRequest(null, Object(Config\Cache), false)
13 SYSTEMPATH\Boot.php(334): CodeIgniter\CodeIgniter->run()
14 SYSTEMPATH\Boot.php(67): CodeIgniter\Boot::runCodeIgniter(Object(CodeIgniter\CodeIgniter))
15 FCPATH\index.php(56): CodeIgniter\Boot::bootWeb(Object(Config\Paths))
CRITICAL - 2025-03-22 13:13:58 --> ErrorException: Undefined variable $totaldeleveryStaff
[Method: GET, Route: admin/dashboard]
in APPPATH\Views\layouts\dashboard.php on line 70.
 1 APPPATH\Views\layouts\dashboard.php(70): CodeIgniter\Debug\Exceptions->errorHandler(2, 'Undefined variable $totaldeleveryStaff', 'C:\\xampp\\htdocs\\meeshodelivery\\app\\Views\\layouts\\dashboard.php', 70)
 2 SYSTEMPATH\View\View.php(224): include('C:\\xampp\\htdocs\\meeshodelivery\\app\\Views\\layouts\\dashboard.php')
 3 SYSTEMPATH\View\View.php(227): CodeIgniter\View\View->CodeIgniter\View\{closure}()
 4 SYSTEMPATH\View\View.php(475): CodeIgniter\View\View->render('layouts/dashboard', null, true)
 5 APPPATH\Views\admin_layout.php(8): CodeIgniter\View\View->include('layouts/dashboard')
 6 SYSTEMPATH\View\View.php(224): include('C:\\xampp\\htdocs\\meeshodelivery\\app\\Views\\admin_layout.php')
 7 SYSTEMPATH\View\View.php(227): CodeIgniter\View\View->CodeIgniter\View\{closure}()
 8 SYSTEMPATH\Common.php(1173): CodeIgniter\View\View->render('admin_layout', [], true)
 9 APPPATH\Controllers\LoginController.php(131): view('admin_layout', [...])
10 SYSTEMPATH\CodeIgniter.php(933): App\Controllers\LoginController->dashboard()
11 SYSTEMPATH\CodeIgniter.php(507): CodeIgniter\CodeIgniter->runController(Object(App\Controllers\LoginController))
12 SYSTEMPATH\CodeIgniter.php(354): CodeIgniter\CodeIgniter->handleRequest(null, Object(Config\Cache), false)
13 SYSTEMPATH\Boot.php(334): CodeIgniter\CodeIgniter->run()
14 SYSTEMPATH\Boot.php(67): CodeIgniter\Boot::runCodeIgniter(Object(CodeIgniter\CodeIgniter))
15 FCPATH\index.php(56): CodeIgniter\Boot::bootWeb(Object(Config\Paths))
CRITICAL - 2025-03-22 13:13:59 --> ErrorException: Undefined variable $totaldeleveryStaff
[Method: GET, Route: admin/dashboard]
in APPPATH\Views\layouts\dashboard.php on line 70.
 1 APPPATH\Views\layouts\dashboard.php(70): CodeIgniter\Debug\Exceptions->errorHandler(2, 'Undefined variable $totaldeleveryStaff', 'C:\\xampp\\htdocs\\meeshodelivery\\app\\Views\\layouts\\dashboard.php', 70)
 2 SYSTEMPATH\View\View.php(224): include('C:\\xampp\\htdocs\\meeshodelivery\\app\\Views\\layouts\\dashboard.php')
 3 SYSTEMPATH\View\View.php(227): CodeIgniter\View\View->CodeIgniter\View\{closure}()
 4 SYSTEMPATH\View\View.php(475): CodeIgniter\View\View->render('layouts/dashboard', null, true)
 5 APPPATH\Views\admin_layout.php(8): CodeIgniter\View\View->include('layouts/dashboard')
 6 SYSTEMPATH\View\View.php(224): include('C:\\xampp\\htdocs\\meeshodelivery\\app\\Views\\admin_layout.php')
 7 SYSTEMPATH\View\View.php(227): CodeIgniter\View\View->CodeIgniter\View\{closure}()
 8 SYSTEMPATH\Common.php(1173): CodeIgniter\View\View->render('admin_layout', [], true)
 9 APPPATH\Controllers\LoginController.php(131): view('admin_layout', [...])
10 SYSTEMPATH\CodeIgniter.php(933): App\Controllers\LoginController->dashboard()
11 SYSTEMPATH\CodeIgniter.php(507): CodeIgniter\CodeIgniter->runController(Object(App\Controllers\LoginController))
12 SYSTEMPATH\CodeIgniter.php(354): CodeIgniter\CodeIgniter->handleRequest(null, Object(Config\Cache), false)
13 SYSTEMPATH\Boot.php(334): CodeIgniter\CodeIgniter->run()
14 SYSTEMPATH\Boot.php(67): CodeIgniter\Boot::runCodeIgniter(Object(CodeIgniter\CodeIgniter))
15 FCPATH\index.php(56): CodeIgniter\Boot::bootWeb(Object(Config\Paths))
CRITICAL - 2025-03-22 13:13:59 --> ErrorException: Undefined variable $totaldeleveryStaff
[Method: GET, Route: admin/dashboard]
in APPPATH\Views\layouts\dashboard.php on line 70.
 1 APPPATH\Views\layouts\dashboard.php(70): CodeIgniter\Debug\Exceptions->errorHandler(2, 'Undefined variable $totaldeleveryStaff', 'C:\\xampp\\htdocs\\meeshodelivery\\app\\Views\\layouts\\dashboard.php', 70)
 2 SYSTEMPATH\View\View.php(224): include('C:\\xampp\\htdocs\\meeshodelivery\\app\\Views\\layouts\\dashboard.php')
 3 SYSTEMPATH\View\View.php(227): CodeIgniter\View\View->CodeIgniter\View\{closure}()
 4 SYSTEMPATH\View\View.php(475): CodeIgniter\View\View->render('layouts/dashboard', null, true)
 5 APPPATH\Views\admin_layout.php(8): CodeIgniter\View\View->include('layouts/dashboard')
 6 SYSTEMPATH\View\View.php(224): include('C:\\xampp\\htdocs\\meeshodelivery\\app\\Views\\admin_layout.php')
 7 SYSTEMPATH\View\View.php(227): CodeIgniter\View\View->CodeIgniter\View\{closure}()
 8 SYSTEMPATH\Common.php(1173): CodeIgniter\View\View->render('admin_layout', [], true)
 9 APPPATH\Controllers\LoginController.php(131): view('admin_layout', [...])
10 SYSTEMPATH\CodeIgniter.php(933): App\Controllers\LoginController->dashboard()
11 SYSTEMPATH\CodeIgniter.php(507): CodeIgniter\CodeIgniter->runController(Object(App\Controllers\LoginController))
12 SYSTEMPATH\CodeIgniter.php(354): CodeIgniter\CodeIgniter->handleRequest(null, Object(Config\Cache), false)
13 SYSTEMPATH\Boot.php(334): CodeIgniter\CodeIgniter->run()
14 SYSTEMPATH\Boot.php(67): CodeIgniter\Boot::runCodeIgniter(Object(CodeIgniter\CodeIgniter))
15 FCPATH\index.php(56): CodeIgniter\Boot::bootWeb(Object(Config\Paths))
CRITICAL - 2025-03-22 13:13:59 --> ErrorException: Undefined variable $totaldeleveryStaff
[Method: GET, Route: admin/dashboard]
in APPPATH\Views\layouts\dashboard.php on line 70.
 1 APPPATH\Views\layouts\dashboard.php(70): CodeIgniter\Debug\Exceptions->errorHandler(2, 'Undefined variable $totaldeleveryStaff', 'C:\\xampp\\htdocs\\meeshodelivery\\app\\Views\\layouts\\dashboard.php', 70)
 2 SYSTEMPATH\View\View.php(224): include('C:\\xampp\\htdocs\\meeshodelivery\\app\\Views\\layouts\\dashboard.php')
 3 SYSTEMPATH\View\View.php(227): CodeIgniter\View\View->CodeIgniter\View\{closure}()
 4 SYSTEMPATH\View\View.php(475): CodeIgniter\View\View->render('layouts/dashboard', null, true)
 5 APPPATH\Views\admin_layout.php(8): CodeIgniter\View\View->include('layouts/dashboard')
 6 SYSTEMPATH\View\View.php(224): include('C:\\xampp\\htdocs\\meeshodelivery\\app\\Views\\admin_layout.php')
 7 SYSTEMPATH\View\View.php(227): CodeIgniter\View\View->CodeIgniter\View\{closure}()
 8 SYSTEMPATH\Common.php(1173): CodeIgniter\View\View->render('admin_layout', [], true)
 9 APPPATH\Controllers\LoginController.php(131): view('admin_layout', [...])
10 SYSTEMPATH\CodeIgniter.php(933): App\Controllers\LoginController->dashboard()
11 SYSTEMPATH\CodeIgniter.php(507): CodeIgniter\CodeIgniter->runController(Object(App\Controllers\LoginController))
12 SYSTEMPATH\CodeIgniter.php(354): CodeIgniter\CodeIgniter->handleRequest(null, Object(Config\Cache), false)
13 SYSTEMPATH\Boot.php(334): CodeIgniter\CodeIgniter->run()
14 SYSTEMPATH\Boot.php(67): CodeIgniter\Boot::runCodeIgniter(Object(CodeIgniter\CodeIgniter))
15 FCPATH\index.php(56): CodeIgniter\Boot::bootWeb(Object(Config\Paths))
CRITICAL - 2025-03-22 13:13:59 --> ErrorException: Undefined variable $totaldeleveryStaff
[Method: GET, Route: admin/dashboard]
in APPPATH\Views\layouts\dashboard.php on line 70.
 1 APPPATH\Views\layouts\dashboard.php(70): CodeIgniter\Debug\Exceptions->errorHandler(2, 'Undefined variable $totaldeleveryStaff', 'C:\\xampp\\htdocs\\meeshodelivery\\app\\Views\\layouts\\dashboard.php', 70)
 2 SYSTEMPATH\View\View.php(224): include('C:\\xampp\\htdocs\\meeshodelivery\\app\\Views\\layouts\\dashboard.php')
 3 SYSTEMPATH\View\View.php(227): CodeIgniter\View\View->CodeIgniter\View\{closure}()
 4 SYSTEMPATH\View\View.php(475): CodeIgniter\View\View->render('layouts/dashboard', null, true)
 5 APPPATH\Views\admin_layout.php(8): CodeIgniter\View\View->include('layouts/dashboard')
 6 SYSTEMPATH\View\View.php(224): include('C:\\xampp\\htdocs\\meeshodelivery\\app\\Views\\admin_layout.php')
 7 SYSTEMPATH\View\View.php(227): CodeIgniter\View\View->CodeIgniter\View\{closure}()
 8 SYSTEMPATH\Common.php(1173): CodeIgniter\View\View->render('admin_layout', [], true)
 9 APPPATH\Controllers\LoginController.php(131): view('admin_layout', [...])
10 SYSTEMPATH\CodeIgniter.php(933): App\Controllers\LoginController->dashboard()
11 SYSTEMPATH\CodeIgniter.php(507): CodeIgniter\CodeIgniter->runController(Object(App\Controllers\LoginController))
12 SYSTEMPATH\CodeIgniter.php(354): CodeIgniter\CodeIgniter->handleRequest(null, Object(Config\Cache), false)
13 SYSTEMPATH\Boot.php(334): CodeIgniter\CodeIgniter->run()
14 SYSTEMPATH\Boot.php(67): CodeIgniter\Boot::runCodeIgniter(Object(CodeIgniter\CodeIgniter))
15 FCPATH\index.php(56): CodeIgniter\Boot::bootWeb(Object(Config\Paths))
CRITICAL - 2025-03-22 13:14:00 --> ErrorException: Undefined variable $totaldeleveryStaff
[Method: GET, Route: admin/dashboard]
in APPPATH\Views\layouts\dashboard.php on line 70.
 1 APPPATH\Views\layouts\dashboard.php(70): CodeIgniter\Debug\Exceptions->errorHandler(2, 'Undefined variable $totaldeleveryStaff', 'C:\\xampp\\htdocs\\meeshodelivery\\app\\Views\\layouts\\dashboard.php', 70)
 2 SYSTEMPATH\View\View.php(224): include('C:\\xampp\\htdocs\\meeshodelivery\\app\\Views\\layouts\\dashboard.php')
 3 SYSTEMPATH\View\View.php(227): CodeIgniter\View\View->CodeIgniter\View\{closure}()
 4 SYSTEMPATH\View\View.php(475): CodeIgniter\View\View->render('layouts/dashboard', null, true)
 5 APPPATH\Views\admin_layout.php(8): CodeIgniter\View\View->include('layouts/dashboard')
 6 SYSTEMPATH\View\View.php(224): include('C:\\xampp\\htdocs\\meeshodelivery\\app\\Views\\admin_layout.php')
 7 SYSTEMPATH\View\View.php(227): CodeIgniter\View\View->CodeIgniter\View\{closure}()
 8 SYSTEMPATH\Common.php(1173): CodeIgniter\View\View->render('admin_layout', [], true)
 9 APPPATH\Controllers\LoginController.php(131): view('admin_layout', [...])
10 SYSTEMPATH\CodeIgniter.php(933): App\Controllers\LoginController->dashboard()
11 SYSTEMPATH\CodeIgniter.php(507): CodeIgniter\CodeIgniter->runController(Object(App\Controllers\LoginController))
12 SYSTEMPATH\CodeIgniter.php(354): CodeIgniter\CodeIgniter->handleRequest(null, Object(Config\Cache), false)
13 SYSTEMPATH\Boot.php(334): CodeIgniter\CodeIgniter->run()
14 SYSTEMPATH\Boot.php(67): CodeIgniter\Boot::runCodeIgniter(Object(CodeIgniter\CodeIgniter))
15 FCPATH\index.php(56): CodeIgniter\Boot::bootWeb(Object(Config\Paths))
CRITICAL - 2025-03-22 13:14:00 --> ErrorException: Undefined variable $totaldeleveryStaff
[Method: GET, Route: admin/dashboard]
in APPPATH\Views\layouts\dashboard.php on line 70.
 1 APPPATH\Views\layouts\dashboard.php(70): CodeIgniter\Debug\Exceptions->errorHandler(2, 'Undefined variable $totaldeleveryStaff', 'C:\\xampp\\htdocs\\meeshodelivery\\app\\Views\\layouts\\dashboard.php', 70)
 2 SYSTEMPATH\View\View.php(224): include('C:\\xampp\\htdocs\\meeshodelivery\\app\\Views\\layouts\\dashboard.php')
 3 SYSTEMPATH\View\View.php(227): CodeIgniter\View\View->CodeIgniter\View\{closure}()
 4 SYSTEMPATH\View\View.php(475): CodeIgniter\View\View->render('layouts/dashboard', null, true)
 5 APPPATH\Views\admin_layout.php(8): CodeIgniter\View\View->include('layouts/dashboard')
 6 SYSTEMPATH\View\View.php(224): include('C:\\xampp\\htdocs\\meeshodelivery\\app\\Views\\admin_layout.php')
 7 SYSTEMPATH\View\View.php(227): CodeIgniter\View\View->CodeIgniter\View\{closure}()
 8 SYSTEMPATH\Common.php(1173): CodeIgniter\View\View->render('admin_layout', [], true)
 9 APPPATH\Controllers\LoginController.php(131): view('admin_layout', [...])
10 SYSTEMPATH\CodeIgniter.php(933): App\Controllers\LoginController->dashboard()
11 SYSTEMPATH\CodeIgniter.php(507): CodeIgniter\CodeIgniter->runController(Object(App\Controllers\LoginController))
12 SYSTEMPATH\CodeIgniter.php(354): CodeIgniter\CodeIgniter->handleRequest(null, Object(Config\Cache), false)
13 SYSTEMPATH\Boot.php(334): CodeIgniter\CodeIgniter->run()
14 SYSTEMPATH\Boot.php(67): CodeIgniter\Boot::runCodeIgniter(Object(CodeIgniter\CodeIgniter))
15 FCPATH\index.php(56): CodeIgniter\Boot::bootWeb(Object(Config\Paths))
CRITICAL - 2025-03-22 14:33:48 --> ErrorException: Undefined variable $totalDeliveries
[Method: GET, Route: admin/deliverylist]
in APPPATH\Views\layouts\delivery_operations_report.php on line 80.
 1 APPPATH\Views\layouts\delivery_operations_report.php(80): CodeIgniter\Debug\Exceptions->errorHandler(2, 'Undefined variable $totalDeliveries', 'C:\\xampp\\htdocs\\meeshodelivery\\app\\Views\\layouts\\delivery_operations_report.php', 80)
 2 SYSTEMPATH\View\View.php(224): include('C:\\xampp\\htdocs\\meeshodelivery\\app\\Views\\layouts\\delivery_operations_report.php')
 3 SYSTEMPATH\View\View.php(227): CodeIgniter\View\View->CodeIgniter\View\{closure}()
 4 SYSTEMPATH\View\View.php(475): CodeIgniter\View\View->render('layouts/delivery_operations_report', null, true)
 5 APPPATH\Views\delivery_operations_report.php(6): CodeIgniter\View\View->include('layouts/delivery_operations_report')
 6 SYSTEMPATH\View\View.php(224): include('C:\\xampp\\htdocs\\meeshodelivery\\app\\Views\\delivery_operations_report.php')
 7 SYSTEMPATH\View\View.php(227): CodeIgniter\View\View->CodeIgniter\View\{closure}()
 8 SYSTEMPATH\Common.php(1173): CodeIgniter\View\View->render('delivery_operations_report', [], true)
 9 APPPATH\Controllers\Admin.php(585): view('delivery_operations_report', [...])
10 SYSTEMPATH\CodeIgniter.php(933): App\Controllers\Admin->deliveryOperationsReport()
11 SYSTEMPATH\CodeIgniter.php(507): CodeIgniter\CodeIgniter->runController(Object(App\Controllers\Admin))
12 SYSTEMPATH\CodeIgniter.php(354): CodeIgniter\CodeIgniter->handleRequest(null, Object(Config\Cache), false)
13 SYSTEMPATH\Boot.php(334): CodeIgniter\CodeIgniter->run()
14 SYSTEMPATH\Boot.php(67): CodeIgniter\Boot::runCodeIgniter(Object(CodeIgniter\CodeIgniter))
15 FCPATH\index.php(56): CodeIgniter\Boot::bootWeb(Object(Config\Paths))
CRITICAL - 2025-03-22 14:34:32 --> ErrorException: Cannot redeclare App\Controllers\Admin::deliveryOperationsReportfiter()
[Method: GET, Route: admin/deliverylist]
in APPPATH\Controllers\Admin.php on line 618.
 1 [internal function]: CodeIgniter\Debug\Exceptions->shutdownHandler()
CRITICAL - 2025-03-22 14:34:51 --> ErrorException: Undefined variable $totalDeliveries
[Method: GET, Route: admin/deliverylist]
in APPPATH\Views\layouts\delivery_operations_report.php on line 80.
 1 APPPATH\Views\layouts\delivery_operations_report.php(80): CodeIgniter\Debug\Exceptions->errorHandler(2, 'Undefined variable $totalDeliveries', 'C:\\xampp\\htdocs\\meeshodelivery\\app\\Views\\layouts\\delivery_operations_report.php', 80)
 2 SYSTEMPATH\View\View.php(224): include('C:\\xampp\\htdocs\\meeshodelivery\\app\\Views\\layouts\\delivery_operations_report.php')
 3 SYSTEMPATH\View\View.php(227): CodeIgniter\View\View->CodeIgniter\View\{closure}()
 4 SYSTEMPATH\View\View.php(475): CodeIgniter\View\View->render('layouts/delivery_operations_report', null, true)
 5 APPPATH\Views\delivery_operations_report.php(6): CodeIgniter\View\View->include('layouts/delivery_operations_report')
 6 SYSTEMPATH\View\View.php(224): include('C:\\xampp\\htdocs\\meeshodelivery\\app\\Views\\delivery_operations_report.php')
 7 SYSTEMPATH\View\View.php(227): CodeIgniter\View\View->CodeIgniter\View\{closure}()
 8 SYSTEMPATH\Common.php(1173): CodeIgniter\View\View->render('delivery_operations_report', [], true)
 9 APPPATH\Controllers\Admin.php(585): view('delivery_operations_report', [...])
10 SYSTEMPATH\CodeIgniter.php(933): App\Controllers\Admin->deliveryOperationsReport()
11 SYSTEMPATH\CodeIgniter.php(507): CodeIgniter\CodeIgniter->runController(Object(App\Controllers\Admin))
12 SYSTEMPATH\CodeIgniter.php(354): CodeIgniter\CodeIgniter->handleRequest(null, Object(Config\Cache), false)
13 SYSTEMPATH\Boot.php(334): CodeIgniter\CodeIgniter->run()
14 SYSTEMPATH\Boot.php(67): CodeIgniter\Boot::runCodeIgniter(Object(CodeIgniter\CodeIgniter))
15 FCPATH\index.php(56): CodeIgniter\Boot::bootWeb(Object(Config\Paths))
CRITICAL - 2025-03-22 14:34:53 --> ErrorException: Undefined variable $totalDeliveries
[Method: GET, Route: admin/deliverylist]
in APPPATH\Views\layouts\delivery_operations_report.php on line 80.
 1 APPPATH\Views\layouts\delivery_operations_report.php(80): CodeIgniter\Debug\Exceptions->errorHandler(2, 'Undefined variable $totalDeliveries', 'C:\\xampp\\htdocs\\meeshodelivery\\app\\Views\\layouts\\delivery_operations_report.php', 80)
 2 SYSTEMPATH\View\View.php(224): include('C:\\xampp\\htdocs\\meeshodelivery\\app\\Views\\layouts\\delivery_operations_report.php')
 3 SYSTEMPATH\View\View.php(227): CodeIgniter\View\View->CodeIgniter\View\{closure}()
 4 SYSTEMPATH\View\View.php(475): CodeIgniter\View\View->render('layouts/delivery_operations_report', null, true)
 5 APPPATH\Views\delivery_operations_report.php(6): CodeIgniter\View\View->include('layouts/delivery_operations_report')
 6 SYSTEMPATH\View\View.php(224): include('C:\\xampp\\htdocs\\meeshodelivery\\app\\Views\\delivery_operations_report.php')
 7 SYSTEMPATH\View\View.php(227): CodeIgniter\View\View->CodeIgniter\View\{closure}()
 8 SYSTEMPATH\Common.php(1173): CodeIgniter\View\View->render('delivery_operations_report', [], true)
 9 APPPATH\Controllers\Admin.php(585): view('delivery_operations_report', [...])
10 SYSTEMPATH\CodeIgniter.php(933): App\Controllers\Admin->deliveryOperationsReport()
11 SYSTEMPATH\CodeIgniter.php(507): CodeIgniter\CodeIgniter->runController(Object(App\Controllers\Admin))
12 SYSTEMPATH\CodeIgniter.php(354): CodeIgniter\CodeIgniter->handleRequest(null, Object(Config\Cache), false)
13 SYSTEMPATH\Boot.php(334): CodeIgniter\CodeIgniter->run()
14 SYSTEMPATH\Boot.php(67): CodeIgniter\Boot::runCodeIgniter(Object(CodeIgniter\CodeIgniter))
15 FCPATH\index.php(56): CodeIgniter\Boot::bootWeb(Object(Config\Paths))
CRITICAL - 2025-03-22 14:51:20 --> Error: Call to a member function links() on string
[Method: POST, Route: admin/delivery/operations]
in APPPATH\Views\layouts\delivery_operations_report.php on line 222.
 1 SYSTEMPATH\View\View.php(224): include()
 2 SYSTEMPATH\View\View.php(227): CodeIgniter\View\View->CodeIgniter\View\{closure}()
 3 SYSTEMPATH\View\View.php(475): CodeIgniter\View\View->render('layouts/delivery_operations_report', null, true)
 4 APPPATH\Views\delivery_operations_report.php(6): CodeIgniter\View\View->include('layouts/delivery_operations_report')
 5 SYSTEMPATH\View\View.php(224): include('C:\\xampp\\htdocs\\meeshodelivery\\app\\Views\\delivery_operations_report.php')
 6 SYSTEMPATH\View\View.php(227): CodeIgniter\View\View->CodeIgniter\View\{closure}()
 7 SYSTEMPATH\Common.php(1173): CodeIgniter\View\View->render('delivery_operations_report', [], true)
 8 APPPATH\Controllers\Admin.php(618): view('delivery_operations_report', [...])
 9 SYSTEMPATH\CodeIgniter.php(933): App\Controllers\Admin->deliveryOperationsReport()
10 SYSTEMPATH\CodeIgniter.php(507): CodeIgniter\CodeIgniter->runController(Object(App\Controllers\Admin))
11 SYSTEMPATH\CodeIgniter.php(354): CodeIgniter\CodeIgniter->handleRequest(null, Object(Config\Cache), false)
12 SYSTEMPATH\Boot.php(334): CodeIgniter\CodeIgniter->run()
13 SYSTEMPATH\Boot.php(67): CodeIgniter\Boot::runCodeIgniter(Object(CodeIgniter\CodeIgniter))
14 FCPATH\index.php(56): CodeIgniter\Boot::bootWeb(Object(Config\Paths))
CRITICAL - 2025-03-22 14:51:22 --> Error: Call to a member function links() on string
[Method: GET, Route: admin/deliverylist]
in APPPATH\Views\layouts\delivery_operations_report.php on line 222.
 1 SYSTEMPATH\View\View.php(224): include()
 2 SYSTEMPATH\View\View.php(227): CodeIgniter\View\View->CodeIgniter\View\{closure}()
 3 SYSTEMPATH\View\View.php(475): CodeIgniter\View\View->render('layouts/delivery_operations_report', null, true)
 4 APPPATH\Views\delivery_operations_report.php(6): CodeIgniter\View\View->include('layouts/delivery_operations_report')
 5 SYSTEMPATH\View\View.php(224): include('C:\\xampp\\htdocs\\meeshodelivery\\app\\Views\\delivery_operations_report.php')
 6 SYSTEMPATH\View\View.php(227): CodeIgniter\View\View->CodeIgniter\View\{closure}()
 7 SYSTEMPATH\Common.php(1173): CodeIgniter\View\View->render('delivery_operations_report', [], true)
 8 APPPATH\Controllers\Admin.php(618): view('delivery_operations_report', [...])
 9 SYSTEMPATH\CodeIgniter.php(933): App\Controllers\Admin->deliveryOperationsReport()
10 SYSTEMPATH\CodeIgniter.php(507): CodeIgniter\CodeIgniter->runController(Object(App\Controllers\Admin))
11 SYSTEMPATH\CodeIgniter.php(354): CodeIgniter\CodeIgniter->handleRequest(null, Object(Config\Cache), false)
12 SYSTEMPATH\Boot.php(334): CodeIgniter\CodeIgniter->run()
13 SYSTEMPATH\Boot.php(67): CodeIgniter\Boot::runCodeIgniter(Object(CodeIgniter\CodeIgniter))
14 FCPATH\index.php(56): CodeIgniter\Boot::bootWeb(Object(Config\Paths))
CRITICAL - 2025-03-22 14:51:25 --> Error: Call to a member function links() on string
[Method: GET, Route: admin/deliverylist]
in APPPATH\Views\layouts\delivery_operations_report.php on line 222.
 1 SYSTEMPATH\View\View.php(224): include()
 2 SYSTEMPATH\View\View.php(227): CodeIgniter\View\View->CodeIgniter\View\{closure}()
 3 SYSTEMPATH\View\View.php(475): CodeIgniter\View\View->render('layouts/delivery_operations_report', null, true)
 4 APPPATH\Views\delivery_operations_report.php(6): CodeIgniter\View\View->include('layouts/delivery_operations_report')
 5 SYSTEMPATH\View\View.php(224): include('C:\\xampp\\htdocs\\meeshodelivery\\app\\Views\\delivery_operations_report.php')
 6 SYSTEMPATH\View\View.php(227): CodeIgniter\View\View->CodeIgniter\View\{closure}()
 7 SYSTEMPATH\Common.php(1173): CodeIgniter\View\View->render('delivery_operations_report', [], true)
 8 APPPATH\Controllers\Admin.php(618): view('delivery_operations_report', [...])
 9 SYSTEMPATH\CodeIgniter.php(933): App\Controllers\Admin->deliveryOperationsReport()
10 SYSTEMPATH\CodeIgniter.php(507): CodeIgniter\CodeIgniter->runController(Object(App\Controllers\Admin))
11 SYSTEMPATH\CodeIgniter.php(354): CodeIgniter\CodeIgniter->handleRequest(null, Object(Config\Cache), false)
12 SYSTEMPATH\Boot.php(334): CodeIgniter\CodeIgniter->run()
13 SYSTEMPATH\Boot.php(67): CodeIgniter\Boot::runCodeIgniter(Object(CodeIgniter\CodeIgniter))
14 FCPATH\index.php(56): CodeIgniter\Boot::bootWeb(Object(Config\Paths))
CRITICAL - 2025-03-22 14:53:56 --> Error: Call to a member function getLinks() on string
[Method: GET, Route: admin/deliverylist]
in APPPATH\Views\layouts\delivery_operations_report.php on line 222.
 1 SYSTEMPATH\View\View.php(224): include()
 2 SYSTEMPATH\View\View.php(227): CodeIgniter\View\View->CodeIgniter\View\{closure}()
 3 SYSTEMPATH\View\View.php(475): CodeIgniter\View\View->render('layouts/delivery_operations_report', null, true)
 4 APPPATH\Views\delivery_operations_report.php(6): CodeIgniter\View\View->include('layouts/delivery_operations_report')
 5 SYSTEMPATH\View\View.php(224): include('C:\\xampp\\htdocs\\meeshodelivery\\app\\Views\\delivery_operations_report.php')
 6 SYSTEMPATH\View\View.php(227): CodeIgniter\View\View->CodeIgniter\View\{closure}()
 7 SYSTEMPATH\Common.php(1173): CodeIgniter\View\View->render('delivery_operations_report', [], true)
 8 APPPATH\Controllers\Admin.php(618): view('delivery_operations_report', [...])
 9 SYSTEMPATH\CodeIgniter.php(933): App\Controllers\Admin->deliveryOperationsReport()
10 SYSTEMPATH\CodeIgniter.php(507): CodeIgniter\CodeIgniter->runController(Object(App\Controllers\Admin))
11 SYSTEMPATH\CodeIgniter.php(354): CodeIgniter\CodeIgniter->handleRequest(null, Object(Config\Cache), false)
12 SYSTEMPATH\Boot.php(334): CodeIgniter\CodeIgniter->run()
13 SYSTEMPATH\Boot.php(67): CodeIgniter\Boot::runCodeIgniter(Object(CodeIgniter\CodeIgniter))
14 FCPATH\index.php(56): CodeIgniter\Boot::bootWeb(Object(Config\Paths))
CRITICAL - 2025-03-22 15:07:55 --> ErrorException: Undefined variable $totalOutForPickup
[Method: GET, Route: admin/deliveryoperationsreport]
in APPPATH\Views\layouts\delivery_report.php on line 104.
 1 APPPATH\Views\layouts\delivery_report.php(104): CodeIgniter\Debug\Exceptions->errorHandler(2, 'Undefined variable $totalOutForPickup', 'C:\\xampp\\htdocs\\meeshodelivery\\app\\Views\\layouts\\delivery_report.php', 104)
 2 SYSTEMPATH\View\View.php(224): include('C:\\xampp\\htdocs\\meeshodelivery\\app\\Views\\layouts\\delivery_report.php')
 3 SYSTEMPATH\View\View.php(227): CodeIgniter\View\View->CodeIgniter\View\{closure}()
 4 SYSTEMPATH\View\View.php(475): CodeIgniter\View\View->render('layouts/delivery_report', null, true)
 5 APPPATH\Views\delivery_report.php(6): CodeIgniter\View\View->include('layouts/delivery_report')
 6 SYSTEMPATH\View\View.php(224): include('C:\\xampp\\htdocs\\meeshodelivery\\app\\Views\\delivery_report.php')
 7 SYSTEMPATH\View\View.php(227): CodeIgniter\View\View->CodeIgniter\View\{closure}()
 8 SYSTEMPATH\Common.php(1173): CodeIgniter\View\View->render('delivery_report', [], true)
 9 APPPATH\Controllers\Admin.php(689): view('delivery_report', [...])
10 SYSTEMPATH\CodeIgniter.php(933): App\Controllers\Admin->deliveryOperationsReportfiter()
11 SYSTEMPATH\CodeIgniter.php(507): CodeIgniter\CodeIgniter->runController(Object(App\Controllers\Admin))
12 SYSTEMPATH\CodeIgniter.php(354): CodeIgniter\CodeIgniter->handleRequest(null, Object(Config\Cache), false)
13 SYSTEMPATH\Boot.php(334): CodeIgniter\CodeIgniter->run()
14 SYSTEMPATH\Boot.php(67): CodeIgniter\Boot::runCodeIgniter(Object(CodeIgniter\CodeIgniter))
15 FCPATH\index.php(56): CodeIgniter\Boot::bootWeb(Object(Config\Paths))
CRITICAL - 2025-03-22 15:35:25 --> ErrorException: Undefined variable $totalExpense
[Method: GET, Route: admin/expenseslist]
in APPPATH\Views\layouts\expenses_list.php on line 201.
 1 APPPATH\Views\layouts\expenses_list.php(201): CodeIgniter\Debug\Exceptions->errorHandler(2, 'Undefined variable $totalExpense', 'C:\\xampp\\htdocs\\meeshodelivery\\app\\Views\\layouts\\expenses_list.php', 201)
 2 SYSTEMPATH\View\View.php(224): include('C:\\xampp\\htdocs\\meeshodelivery\\app\\Views\\layouts\\expenses_list.php')
 3 SYSTEMPATH\View\View.php(227): CodeIgniter\View\View->CodeIgniter\View\{closure}()
 4 SYSTEMPATH\View\View.php(475): CodeIgniter\View\View->render('layouts/expenses_list', null, true)
 5 APPPATH\Views\expenses_list.php(6): CodeIgniter\View\View->include('layouts/expenses_list')
 6 SYSTEMPATH\View\View.php(224): include('C:\\xampp\\htdocs\\meeshodelivery\\app\\Views\\expenses_list.php')
 7 SYSTEMPATH\View\View.php(227): CodeIgniter\View\View->CodeIgniter\View\{closure}()
 8 SYSTEMPATH\Common.php(1173): CodeIgniter\View\View->render('expenses_list', [], true)
 9 APPPATH\Controllers\Admin.php(389): view('expenses_list', [...])
10 SYSTEMPATH\CodeIgniter.php(933): App\Controllers\Admin->expenseList()
11 SYSTEMPATH\CodeIgniter.php(507): CodeIgniter\CodeIgniter->runController(Object(App\Controllers\Admin))
12 SYSTEMPATH\CodeIgniter.php(354): CodeIgniter\CodeIgniter->handleRequest(null, Object(Config\Cache), false)
13 SYSTEMPATH\Boot.php(334): CodeIgniter\CodeIgniter->run()
14 SYSTEMPATH\Boot.php(67): CodeIgniter\Boot::runCodeIgniter(Object(CodeIgniter\CodeIgniter))
15 FCPATH\index.php(56): CodeIgniter\Boot::bootWeb(Object(Config\Paths))
CRITICAL - 2025-03-22 15:47:36 --> ErrorException: Undefined variable $users
[Method: GET, Route: admin/staff/view/18]
in APPPATH\Views\layouts\view_staff.php on line 71.
 1 APPPATH\Views\layouts\view_staff.php(71): CodeIgniter\Debug\Exceptions->errorHandler(2, 'Undefined variable $users', 'C:\\xampp\\htdocs\\meeshodelivery\\app\\Views\\layouts\\view_staff.php', 71)
 2 SYSTEMPATH\View\View.php(224): include('C:\\xampp\\htdocs\\meeshodelivery\\app\\Views\\layouts\\view_staff.php')
 3 SYSTEMPATH\View\View.php(227): CodeIgniter\View\View->CodeIgniter\View\{closure}()
 4 SYSTEMPATH\View\View.php(240): CodeIgniter\View\View->render('layouts/view_staff', null, true)
 5 SYSTEMPATH\View\View.php(475): CodeIgniter\View\View->render('common/footer', null, true)
 6 APPPATH\Views\view_staff.php(10): CodeIgniter\View\View->include('common/footer')
 7 SYSTEMPATH\View\View.php(224): include('C:\\xampp\\htdocs\\meeshodelivery\\app\\Views\\view_staff.php')
 8 SYSTEMPATH\View\View.php(227): CodeIgniter\View\View->CodeIgniter\View\{closure}()
 9 SYSTEMPATH\Common.php(1173): CodeIgniter\View\View->render('view_staff', [], true)
10 APPPATH\Controllers\Admin.php(376): view('view_staff', [...])
11 SYSTEMPATH\CodeIgniter.php(933): App\Controllers\Admin->viewStaff('18')
12 SYSTEMPATH\CodeIgniter.php(507): CodeIgniter\CodeIgniter->runController(Object(App\Controllers\Admin))
13 SYSTEMPATH\CodeIgniter.php(354): CodeIgniter\CodeIgniter->handleRequest(null, Object(Config\Cache), false)
14 SYSTEMPATH\Boot.php(334): CodeIgniter\CodeIgniter->run()
15 SYSTEMPATH\Boot.php(67): CodeIgniter\Boot::runCodeIgniter(Object(CodeIgniter\CodeIgniter))
16 FCPATH\index.php(56): CodeIgniter\Boot::bootWeb(Object(Config\Paths))
