CRITICAL - 2025-04-22 08:49:04 --> CodeIgniter\Exceptions\BadMethodCallException: Call to undefined method App\Models\StaffModel::getStaffWithHubQuery
[Method: GET, Route: staffmanagement]
in SYSTEMPATH/Model.php on line 930.
 1 APPPATH/Controllers/Admin.php(394): CodeIgniter\Model->__call()
 2 SYSTEMPATH/CodeIgniter.php(933): App\Controllers\Admin->liststaff()
 3 SYSTEMPATH/CodeIgniter.php(507): CodeIgniter\CodeIgniter->runController()
 4 SYSTEMPATH/CodeIgniter.php(354): CodeIgniter\CodeIgniter->handleRequest()
 5 SYSTEMPATH/Boot.php(334): CodeIgniter\CodeIgniter->run()
 6 SYSTEMPATH/Boot.php(67): CodeIgniter\Boot::runCodeIgniter()
 7 FCPATH/index.php(56): CodeIgniter\Boot::bootWeb()
CRITICAL - 2025-04-22 08:57:57 --> ErrorException: Cannot redeclare App\Controllers\Admin::deliveryOperationsReport()
[Method: GET, Route: deliverylist]
in APPPATH/Controllers/Admin.php on line 1845.
 1 [internal function]: CodeIgniter\Debug\Exceptions->shutdownHandler()
ERROR - 2025-04-22 10:35:44 --> Error connecting to the database: TypeError: str_replace(): Argument #1 ($search) must be of type array|string, null given in C:\xampp\htdocs\gloriaadmin\system\Database\MySQLi\Connection.php:244
Stack trace:
#0 C:\xampp\htdocs\gloriaadmin\system\Database\MySQLi\Connection.php(244): str_replace(NULL, '****', 'Access denied f...')
#1 C:\xampp\htdocs\gloriaadmin\system\Database\BaseConnection.php(421): CodeIgniter\Database\MySQLi\Connection->connect(false)
#2 C:\xampp\htdocs\gloriaadmin\system\Database\BaseConnection.php(620): CodeIgniter\Database\BaseConnection->initialize()
#3 C:\xampp\htdocs\gloriaadmin\system\Database\BaseBuilder.php(1649): CodeIgniter\Database\BaseConnection->query('SELECT *\nFROM `...', Array, false)
#4 C:\xampp\htdocs\gloriaadmin\system\Model.php(330): CodeIgniter\Database\BaseBuilder->get()
#5 C:\xampp\htdocs\gloriaadmin\system\BaseModel.php(713): CodeIgniter\Model->doFirst()
#6 C:\xampp\htdocs\gloriaadmin\app\Models\UserModel.php(16): CodeIgniter\BaseModel->first()
#7 C:\xampp\htdocs\gloriaadmin\app\Controllers\LoginController.php(40): App\Models\UserModel->getUserByEmail('superadmin@mees...')
#8 C:\xampp\htdocs\gloriaadmin\system\CodeIgniter.php(933): App\Controllers\LoginController->login()
#9 C:\xampp\htdocs\gloriaadmin\system\CodeIgniter.php(507): CodeIgniter\CodeIgniter->runController(Object(App\Controllers\LoginController))
#10 C:\xampp\htdocs\gloriaadmin\system\CodeIgniter.php(354): CodeIgniter\CodeIgniter->handleRequest(NULL, Object(Config\Cache), false)
#11 C:\xampp\htdocs\gloriaadmin\system\Boot.php(334): CodeIgniter\CodeIgniter->run()
#12 C:\xampp\htdocs\gloriaadmin\system\Boot.php(67): CodeIgniter\Boot::runCodeIgniter(Object(CodeIgniter\CodeIgniter))
#13 C:\xampp\htdocs\gloriaadmin\index.php(56): CodeIgniter\Boot::bootWeb(Object(Config\Paths))
#14 {main}
CRITICAL - 2025-04-22 10:35:44 --> CodeIgniter\Database\Exceptions\DatabaseException: Unable to connect to the database.
Main connection [MySQLi]: str_replace(): Argument #1 ($search) must be of type array|string, null given
[Method: POST, Route: userlogin]
in SYSTEMPATH\Database\BaseConnection.php on line 467.
 1 SYSTEMPATH\Database\BaseConnection.php(620): CodeIgniter\Database\BaseConnection->initialize()
 2 SYSTEMPATH\Database\BaseBuilder.php(1649): CodeIgniter\Database\BaseConnection->query('SELECT *
FROM `users`
WHERE LOWER(email) = :LOWER(email):
 LIMIT 1', [...], false)
 3 SYSTEMPATH\Model.php(330): CodeIgniter\Database\BaseBuilder->get()
 4 SYSTEMPATH\BaseModel.php(713): CodeIgniter\Model->doFirst()
 5 APPPATH\Models\UserModel.php(16): CodeIgniter\BaseModel->first()
 6 APPPATH\Controllers\LoginController.php(40): App\Models\UserModel->getUserByEmail('superadmin@meesho.com')
 7 SYSTEMPATH\CodeIgniter.php(933): App\Controllers\LoginController->login()
 8 SYSTEMPATH\CodeIgniter.php(507): CodeIgniter\CodeIgniter->runController(Object(App\Controllers\LoginController))
 9 SYSTEMPATH\CodeIgniter.php(354): CodeIgniter\CodeIgniter->handleRequest(null, Object(Config\Cache), false)
10 SYSTEMPATH\Boot.php(334): CodeIgniter\CodeIgniter->run()
11 SYSTEMPATH\Boot.php(67): CodeIgniter\Boot::runCodeIgniter(Object(CodeIgniter\CodeIgniter))
12 FCPATH\index.php(56): CodeIgniter\Boot::bootWeb(Object(Config\Paths))
