CRITICAL - 2025-03-28 14:43:29 --> ErrorException: Undefined variable $todate
[Method: POST, Route: admin/payment/filterReport]
in APPPATH\Views\layouts\daily_payment_report.php on line 48.
 1 APPPATH\Views\layouts\daily_payment_report.php(48): CodeIgniter\Debug\Exceptions->errorHandler(2, 'Undefined variable $todate', 'C:\\xampp\\htdocs\\meeshodelivery\\app\\Views\\layouts\\daily_payment_report.php', 48)
 2 SYSTEMPATH\View\View.php(224): include('C:\\xampp\\htdocs\\meeshodelivery\\app\\Views\\layouts\\daily_payment_report.php')
 3 SYSTEMPATH\View\View.php(227): CodeIgniter\View\View->CodeIgniter\View\{closure}()
 4 SYSTEMPATH\View\View.php(475): CodeIgniter\View\View->render('layouts/daily_payment_report', null, true)
 5 APPPATH\Views\daily_payment_report.php(6): CodeIgniter\View\View->include('layouts/daily_payment_report')
 6 SYSTEMPATH\View\View.php(224): include('C:\\xampp\\htdocs\\meeshodelivery\\app\\Views\\daily_payment_report.php')
 7 SYSTEMPATH\View\View.php(227): CodeIgniter\View\View->CodeIgniter\View\{closure}()
 8 SYSTEMPATH\Common.php(1173): CodeIgniter\View\View->render('daily_payment_report', [], true)
 9 APPPATH\Controllers\Admin.php(934): view('daily_payment_report', [...])
10 SYSTEMPATH\CodeIgniter.php(933): App\Controllers\Admin->filterDailyReport()
11 SYSTEMPATH\CodeIgniter.php(507): CodeIgniter\CodeIgniter->runController(Object(App\Controllers\Admin))
12 SYSTEMPATH\CodeIgniter.php(354): CodeIgniter\CodeIgniter->handleRequest(null, Object(Config\Cache), false)
13 SYSTEMPATH\Boot.php(334): CodeIgniter\CodeIgniter->run()
14 SYSTEMPATH\Boot.php(67): CodeIgniter\Boot::runCodeIgniter(Object(CodeIgniter\CodeIgniter))
15 FCPATH\index.php(56): CodeIgniter\Boot::bootWeb(Object(Config\Paths))
CRITICAL - 2025-03-28 14:43:35 --> ErrorException: Undefined variable $todate
[Method: GET, Route: admin/dailypaymentreport]
in APPPATH\Views\layouts\daily_payment_report.php on line 48.
 1 APPPATH\Views\layouts\daily_payment_report.php(48): CodeIgniter\Debug\Exceptions->errorHandler(2, 'Undefined variable $todate', 'C:\\xampp\\htdocs\\meeshodelivery\\app\\Views\\layouts\\daily_payment_report.php', 48)
 2 SYSTEMPATH\View\View.php(224): include('C:\\xampp\\htdocs\\meeshodelivery\\app\\Views\\layouts\\daily_payment_report.php')
 3 SYSTEMPATH\View\View.php(227): CodeIgniter\View\View->CodeIgniter\View\{closure}()
 4 SYSTEMPATH\View\View.php(475): CodeIgniter\View\View->render('layouts/daily_payment_report', null, true)
 5 APPPATH\Views\daily_payment_report.php(6): CodeIgniter\View\View->include('layouts/daily_payment_report')
 6 SYSTEMPATH\View\View.php(224): include('C:\\xampp\\htdocs\\meeshodelivery\\app\\Views\\daily_payment_report.php')
 7 SYSTEMPATH\View\View.php(227): CodeIgniter\View\View->CodeIgniter\View\{closure}()
 8 SYSTEMPATH\Common.php(1173): CodeIgniter\View\View->render('daily_payment_report', [], true)
 9 APPPATH\Controllers\Admin.php(873): view('daily_payment_report', [...])
10 SYSTEMPATH\CodeIgniter.php(933): App\Controllers\Admin->dailyPaymentReport()
11 SYSTEMPATH\CodeIgniter.php(507): CodeIgniter\CodeIgniter->runController(Object(App\Controllers\Admin))
12 SYSTEMPATH\CodeIgniter.php(354): CodeIgniter\CodeIgniter->handleRequest(null, Object(Config\Cache), false)
13 SYSTEMPATH\Boot.php(334): CodeIgniter\CodeIgniter->run()
14 SYSTEMPATH\Boot.php(67): CodeIgniter\Boot::runCodeIgniter(Object(CodeIgniter\CodeIgniter))
15 FCPATH\index.php(56): CodeIgniter\Boot::bootWeb(Object(Config\Paths))
CRITICAL - 2025-03-28 14:43:51 --> ErrorException: Undefined variable $todate
[Method: GET, Route: admin/dailypaymentreport]
in APPPATH\Views\layouts\daily_payment_report.php on line 48.
 1 APPPATH\Views\layouts\daily_payment_report.php(48): CodeIgniter\Debug\Exceptions->errorHandler(2, 'Undefined variable $todate', 'C:\\xampp\\htdocs\\meeshodelivery\\app\\Views\\layouts\\daily_payment_report.php', 48)
 2 SYSTEMPATH\View\View.php(224): include('C:\\xampp\\htdocs\\meeshodelivery\\app\\Views\\layouts\\daily_payment_report.php')
 3 SYSTEMPATH\View\View.php(227): CodeIgniter\View\View->CodeIgniter\View\{closure}()
 4 SYSTEMPATH\View\View.php(475): CodeIgniter\View\View->render('layouts/daily_payment_report', null, true)
 5 APPPATH\Views\daily_payment_report.php(6): CodeIgniter\View\View->include('layouts/daily_payment_report')
 6 SYSTEMPATH\View\View.php(224): include('C:\\xampp\\htdocs\\meeshodelivery\\app\\Views\\daily_payment_report.php')
 7 SYSTEMPATH\View\View.php(227): CodeIgniter\View\View->CodeIgniter\View\{closure}()
 8 SYSTEMPATH\Common.php(1173): CodeIgniter\View\View->render('daily_payment_report', [], true)
 9 APPPATH\Controllers\Admin.php(873): view('daily_payment_report', [...])
10 SYSTEMPATH\CodeIgniter.php(933): App\Controllers\Admin->dailyPaymentReport()
11 SYSTEMPATH\CodeIgniter.php(507): CodeIgniter\CodeIgniter->runController(Object(App\Controllers\Admin))
12 SYSTEMPATH\CodeIgniter.php(354): CodeIgniter\CodeIgniter->handleRequest(null, Object(Config\Cache), false)
13 SYSTEMPATH\Boot.php(334): CodeIgniter\CodeIgniter->run()
14 SYSTEMPATH\Boot.php(67): CodeIgniter\Boot::runCodeIgniter(Object(CodeIgniter\CodeIgniter))
15 FCPATH\index.php(56): CodeIgniter\Boot::bootWeb(Object(Config\Paths))
CRITICAL - 2025-03-28 14:46:19 --> ErrorException: Undefined variable $todate
[Method: POST, Route: admin/payment/filterReport]
in APPPATH\Views\layouts\daily_payment_report.php on line 48.
 1 APPPATH\Views\layouts\daily_payment_report.php(48): CodeIgniter\Debug\Exceptions->errorHandler(2, 'Undefined variable $todate', 'C:\\xampp\\htdocs\\meeshodelivery\\app\\Views\\layouts\\daily_payment_report.php', 48)
 2 SYSTEMPATH\View\View.php(224): include('C:\\xampp\\htdocs\\meeshodelivery\\app\\Views\\layouts\\daily_payment_report.php')
 3 SYSTEMPATH\View\View.php(227): CodeIgniter\View\View->CodeIgniter\View\{closure}()
 4 SYSTEMPATH\View\View.php(475): CodeIgniter\View\View->render('layouts/daily_payment_report', null, true)
 5 APPPATH\Views\daily_payment_report.php(6): CodeIgniter\View\View->include('layouts/daily_payment_report')
 6 SYSTEMPATH\View\View.php(224): include('C:\\xampp\\htdocs\\meeshodelivery\\app\\Views\\daily_payment_report.php')
 7 SYSTEMPATH\View\View.php(227): CodeIgniter\View\View->CodeIgniter\View\{closure}()
 8 SYSTEMPATH\Common.php(1173): CodeIgniter\View\View->render('daily_payment_report', [], true)
 9 APPPATH\Controllers\Admin.php(945): view('daily_payment_report', [...])
10 SYSTEMPATH\CodeIgniter.php(933): App\Controllers\Admin->filterDailyReport()
11 SYSTEMPATH\CodeIgniter.php(507): CodeIgniter\CodeIgniter->runController(Object(App\Controllers\Admin))
12 SYSTEMPATH\CodeIgniter.php(354): CodeIgniter\CodeIgniter->handleRequest(null, Object(Config\Cache), false)
13 SYSTEMPATH\Boot.php(334): CodeIgniter\CodeIgniter->run()
14 SYSTEMPATH\Boot.php(67): CodeIgniter\Boot::runCodeIgniter(Object(CodeIgniter\CodeIgniter))
15 FCPATH\index.php(56): CodeIgniter\Boot::bootWeb(Object(Config\Paths))
