CRITICAL - 2025-04-26 05:46:48 --> ErrorException: Undefined variable $userRole
[Method: POST, Route: filterprofitlossummary]
in APPPATH\Views\layouts\profit_loss_summary.php on line 68.
 1 APPPATH\Views\layouts\profit_loss_summary.php(68): CodeIgniter\Debug\Exceptions->errorHandler(2, 'Undefined variable $userRole', 'C:\\xampp\\htdocs\\gloriaadmin\\app\\Views\\layouts\\profit_loss_summary.php', 68)
 2 SYSTEMPATH\View\View.php(224): include('C:\\xampp\\htdocs\\gloriaadmin\\app\\Views\\layouts\\profit_loss_summary.php')
 3 SYSTEMPATH\View\View.php(227): CodeIgniter\View\View->CodeIgniter\View\{closure}()
 4 SYSTEMPATH\View\View.php(475): CodeIgniter\View\View->render('layouts/profit_loss_summary', null, true)
 5 APPPATH\Views\profit_loss_summary.php(6): CodeIgniter\View\View->include('layouts/profit_loss_summary')
 6 SYSTEMPATH\View\View.php(224): include('C:\\xampp\\htdocs\\gloriaadmin\\app\\Views\\profit_loss_summary.php')
 7 SYSTEMPATH\View\View.php(227): CodeIgniter\View\View->CodeIgniter\View\{closure}()
 8 SYSTEMPATH\Common.php(1173): CodeIgniter\View\View->render('profit_loss_summary', [], true)
 9 APPPATH\Controllers\Admin.php(3100): view('profit_loss_summary', [...])
10 SYSTEMPATH\CodeIgniter.php(933): App\Controllers\Admin->filterProfitLossSummary()
11 SYSTEMPATH\CodeIgniter.php(507): CodeIgniter\CodeIgniter->runController(Object(App\Controllers\Admin))
12 SYSTEMPATH\CodeIgniter.php(354): CodeIgniter\CodeIgniter->handleRequest(null, Object(Config\Cache), false)
13 SYSTEMPATH\Boot.php(334): CodeIgniter\CodeIgniter->run()
14 SYSTEMPATH\Boot.php(67): CodeIgniter\Boot::runCodeIgniter(Object(CodeIgniter\CodeIgniter))
15 FCPATH\index.php(56): CodeIgniter\Boot::bootWeb(Object(Config\Paths))
CRITICAL - 2025-04-26 06:30:52 --> CodeIgniter\Exceptions\ModelException: You cannot use "getCompiledSelect()" in "App\Models\ExpenseModel". This is a method of the Query Builder Class.
[Method: POST, Route: filterprofitlossummary]
in SYSTEMPATH\Model.php on line 946.
 1 SYSTEMPATH\Model.php(946): CodeIgniter\Exceptions\ModelException::forMethodNotAvailable('App\\Models\\ExpenseModel', 'getCompiledSelect()')
 2 SYSTEMPATH\Model.php(926): CodeIgniter\Model->checkBuilderMethod('getCompiledSelect')
 3 APPPATH\Controllers\Admin.php(3065): CodeIgniter\Model->__call('getCompiledSelect', [])
 4 SYSTEMPATH\CodeIgniter.php(933): App\Controllers\Admin->filterProfitLossSummary()
 5 SYSTEMPATH\CodeIgniter.php(507): CodeIgniter\CodeIgniter->runController(Object(App\Controllers\Admin))
 6 SYSTEMPATH\CodeIgniter.php(354): CodeIgniter\CodeIgniter->handleRequest(null, Object(Config\Cache), false)
 7 SYSTEMPATH\Boot.php(334): CodeIgniter\CodeIgniter->run()
 8 SYSTEMPATH\Boot.php(67): CodeIgniter\Boot::runCodeIgniter(Object(CodeIgniter\CodeIgniter))
 9 FCPATH\index.php(56): CodeIgniter\Boot::bootWeb(Object(Config\Paths))
CRITICAL - 2025-04-26 06:37:28 --> TypeError: strtotime(): Argument #1 ($datetime) must be of type string, array given
[Method: POST, Route: filterprofitlossummary]
in APPPATH\Views\layouts\profit_loss_summary.php on line 129.
 1 APPPATH\Views\layouts\profit_loss_summary.php(129): strtotime([...])
 2 [internal function]: CodeIgniter\View\View->{closure}([...], [...])
 3 APPPATH\Views\layouts\profit_loss_summary.php(124): usort([...], Object(Closure))
 4 SYSTEMPATH\View\View.php(224): include('C:\\xampp\\htdocs\\gloriaadmin\\app\\Views\\layouts\\profit_loss_summary.php')
 5 SYSTEMPATH\View\View.php(227): CodeIgniter\View\View->CodeIgniter\View\{closure}()
 6 SYSTEMPATH\View\View.php(475): CodeIgniter\View\View->render('layouts/profit_loss_summary', null, true)
 7 APPPATH\Views\profit_loss_summary.php(6): CodeIgniter\View\View->include('layouts/profit_loss_summary')
 8 SYSTEMPATH\View\View.php(224): include('C:\\xampp\\htdocs\\gloriaadmin\\app\\Views\\profit_loss_summary.php')
 9 SYSTEMPATH\View\View.php(227): CodeIgniter\View\View->CodeIgniter\View\{closure}()
10 SYSTEMPATH\Common.php(1173): CodeIgniter\View\View->render('profit_loss_summary', [], true)
11 APPPATH\Controllers\Admin.php(3078): view('profit_loss_summary', [...])
12 SYSTEMPATH\CodeIgniter.php(933): App\Controllers\Admin->filterProfitLossSummary()
13 SYSTEMPATH\CodeIgniter.php(507): CodeIgniter\CodeIgniter->runController(Object(App\Controllers\Admin))
14 SYSTEMPATH\CodeIgniter.php(354): CodeIgniter\CodeIgniter->handleRequest(null, Object(Config\Cache), false)
15 SYSTEMPATH\Boot.php(334): CodeIgniter\CodeIgniter->run()
16 SYSTEMPATH\Boot.php(67): CodeIgniter\Boot::runCodeIgniter(Object(CodeIgniter\CodeIgniter))
17 FCPATH\index.php(56): CodeIgniter\Boot::bootWeb(Object(Config\Paths))
CRITICAL - 2025-04-26 06:38:07 --> TypeError: strtotime(): Argument #1 ($datetime) must be of type string, array given
[Method: POST, Route: filterprofitlossummary]
in APPPATH\Views\layouts\profit_loss_summary.php on line 135.
 1 APPPATH\Views\layouts\profit_loss_summary.php(135): strtotime([...])
 2 [internal function]: CodeIgniter\View\View->{closure}([...], [...])
 3 APPPATH\Views\layouts\profit_loss_summary.php(124): usort([...], Object(Closure))
 4 SYSTEMPATH\View\View.php(224): include('C:\\xampp\\htdocs\\gloriaadmin\\app\\Views\\layouts\\profit_loss_summary.php')
 5 SYSTEMPATH\View\View.php(227): CodeIgniter\View\View->CodeIgniter\View\{closure}()
 6 SYSTEMPATH\View\View.php(475): CodeIgniter\View\View->render('layouts/profit_loss_summary', null, true)
 7 APPPATH\Views\profit_loss_summary.php(6): CodeIgniter\View\View->include('layouts/profit_loss_summary')
 8 SYSTEMPATH\View\View.php(224): include('C:\\xampp\\htdocs\\gloriaadmin\\app\\Views\\profit_loss_summary.php')
 9 SYSTEMPATH\View\View.php(227): CodeIgniter\View\View->CodeIgniter\View\{closure}()
10 SYSTEMPATH\Common.php(1173): CodeIgniter\View\View->render('profit_loss_summary', [], true)
11 APPPATH\Controllers\Admin.php(3078): view('profit_loss_summary', [...])
12 SYSTEMPATH\CodeIgniter.php(933): App\Controllers\Admin->filterProfitLossSummary()
13 SYSTEMPATH\CodeIgniter.php(507): CodeIgniter\CodeIgniter->runController(Object(App\Controllers\Admin))
14 SYSTEMPATH\CodeIgniter.php(354): CodeIgniter\CodeIgniter->handleRequest(null, Object(Config\Cache), false)
15 SYSTEMPATH\Boot.php(334): CodeIgniter\CodeIgniter->run()
16 SYSTEMPATH\Boot.php(67): CodeIgniter\Boot::runCodeIgniter(Object(CodeIgniter\CodeIgniter))
17 FCPATH\index.php(56): CodeIgniter\Boot::bootWeb(Object(Config\Paths))
CRITICAL - 2025-04-26 06:38:59 --> TypeError: strtotime(): Argument #1 ($datetime) must be of type string, array given
[Method: POST, Route: filterprofitlossummary]
in APPPATH\Views\layouts\profit_loss_summary.php on line 143.
 1 APPPATH\Views\layouts\profit_loss_summary.php(143): strtotime([...])
 2 [internal function]: CodeIgniter\View\View->{closure}([...], [...])
 3 APPPATH\Views\layouts\profit_loss_summary.php(124): usort([...], Object(Closure))
 4 SYSTEMPATH\View\View.php(224): include('C:\\xampp\\htdocs\\gloriaadmin\\app\\Views\\layouts\\profit_loss_summary.php')
 5 SYSTEMPATH\View\View.php(227): CodeIgniter\View\View->CodeIgniter\View\{closure}()
 6 SYSTEMPATH\View\View.php(475): CodeIgniter\View\View->render('layouts/profit_loss_summary', null, true)
 7 APPPATH\Views\profit_loss_summary.php(6): CodeIgniter\View\View->include('layouts/profit_loss_summary')
 8 SYSTEMPATH\View\View.php(224): include('C:\\xampp\\htdocs\\gloriaadmin\\app\\Views\\profit_loss_summary.php')
 9 SYSTEMPATH\View\View.php(227): CodeIgniter\View\View->CodeIgniter\View\{closure}()
10 SYSTEMPATH\Common.php(1173): CodeIgniter\View\View->render('profit_loss_summary', [], true)
11 APPPATH\Controllers\Admin.php(3078): view('profit_loss_summary', [...])
12 SYSTEMPATH\CodeIgniter.php(933): App\Controllers\Admin->filterProfitLossSummary()
13 SYSTEMPATH\CodeIgniter.php(507): CodeIgniter\CodeIgniter->runController(Object(App\Controllers\Admin))
14 SYSTEMPATH\CodeIgniter.php(354): CodeIgniter\CodeIgniter->handleRequest(null, Object(Config\Cache), false)
15 SYSTEMPATH\Boot.php(334): CodeIgniter\CodeIgniter->run()
16 SYSTEMPATH\Boot.php(67): CodeIgniter\Boot::runCodeIgniter(Object(CodeIgniter\CodeIgniter))
17 FCPATH\index.php(56): CodeIgniter\Boot::bootWeb(Object(Config\Paths))
