CRITICAL - 2025-04-27 04:17:01 --> Error: Call to undefined method App\Controllers\Admin::getAdvanceReportData()
[Method: GET, Route: advance-report-pdf]
in APPPATH\Controllers\Admin.php on line 3408.
 1 SYSTEMPATH\CodeIgniter.php(933): App\Controllers\Admin->advanceReportPdf()
 2 SYSTEMPATH\CodeIgniter.php(507): CodeIgniter\CodeIgniter->runController(Object(App\Controllers\Admin))
 3 SYSTEMPATH\CodeIgniter.php(354): CodeIgniter\CodeIgniter->handleRequest(null, Object(Config\Cache), false)
 4 SYSTEMPATH\Boot.php(334): CodeIgniter\CodeIgniter->run()
 5 SYSTEMPATH\Boot.php(67): CodeIgniter\Boot::runCodeIgniter(Object(CodeIgniter\CodeIgniter))
 6 FCPATH\index.php(56): CodeIgniter\Boot::bootWeb(Object(Config\Paths))
CRITICAL - 2025-04-27 04:17:06 --> Error: Call to undefined method App\Controllers\Admin::getAdvanceReportData()
[Method: GET, Route: advance-report-pdf]
in APPPATH\Controllers\Admin.php on line 3408.
 1 SYSTEMPATH\CodeIgniter.php(933): App\Controllers\Admin->advanceReportPdf()
 2 SYSTEMPATH\CodeIgniter.php(507): CodeIgniter\CodeIgniter->runController(Object(App\Controllers\Admin))
 3 SYSTEMPATH\CodeIgniter.php(354): CodeIgniter\CodeIgniter->handleRequest(null, Object(Config\Cache), false)
 4 SYSTEMPATH\Boot.php(334): CodeIgniter\CodeIgniter->run()
 5 SYSTEMPATH\Boot.php(67): CodeIgniter\Boot::runCodeIgniter(Object(CodeIgniter\CodeIgniter))
 6 FCPATH\index.php(56): CodeIgniter\Boot::bootWeb(Object(Config\Paths))
CRITICAL - 2025-04-27 08:18:56 --> ErrorException: Undefined property: stdClass::$date
[Method: GET, Route: pendency-statement]
in APPPATH\Views\layouts\pendency_statement.php on line 186.
 1 APPPATH\Views\layouts\pendency_statement.php(186): CodeIgniter\Debug\Exceptions->errorHandler(2, 'Undefined property: stdClass::$date', 'C:\\xampp\\htdocs\\gloriaadmin\\app\\Views\\layouts\\pendency_statement.php', 186)
 2 SYSTEMPATH\View\View.php(224): include('C:\\xampp\\htdocs\\gloriaadmin\\app\\Views\\layouts\\pendency_statement.php')
 3 SYSTEMPATH\View\View.php(227): CodeIgniter\View\View->CodeIgniter\View\{closure}()
 4 SYSTEMPATH\View\View.php(475): CodeIgniter\View\View->render('layouts/pendency_statement', null, true)
 5 APPPATH\Views\pendency_statement.php(6): CodeIgniter\View\View->include('layouts/pendency_statement')
 6 SYSTEMPATH\View\View.php(224): include('C:\\xampp\\htdocs\\gloriaadmin\\app\\Views\\pendency_statement.php')
 7 SYSTEMPATH\View\View.php(227): CodeIgniter\View\View->CodeIgniter\View\{closure}()
 8 SYSTEMPATH\Common.php(1173): CodeIgniter\View\View->render('pendency_statement', [], true)
 9 APPPATH\Controllers\Admin.php(3640): view('pendency_statement', [...])
10 SYSTEMPATH\CodeIgniter.php(933): App\Controllers\Admin->Pendinginventory()
11 SYSTEMPATH\CodeIgniter.php(507): CodeIgniter\CodeIgniter->runController(Object(App\Controllers\Admin))
12 SYSTEMPATH\CodeIgniter.php(354): CodeIgniter\CodeIgniter->handleRequest(null, Object(Config\Cache), false)
13 SYSTEMPATH\Boot.php(334): CodeIgniter\CodeIgniter->run()
14 SYSTEMPATH\Boot.php(67): CodeIgniter\Boot::runCodeIgniter(Object(CodeIgniter\CodeIgniter))
15 FCPATH\index.php(56): CodeIgniter\Boot::bootWeb(Object(Config\Paths))
CRITICAL - 2025-04-27 08:20:02 --> ErrorException: Undefined property: stdClass::$date
[Method: GET, Route: pendency-statement]
in APPPATH\Views\layouts\pendency_statement.php on line 186.
 1 APPPATH\Views\layouts\pendency_statement.php(186): CodeIgniter\Debug\Exceptions->errorHandler(2, 'Undefined property: stdClass::$date', 'C:\\xampp\\htdocs\\gloriaadmin\\app\\Views\\layouts\\pendency_statement.php', 186)
 2 SYSTEMPATH\View\View.php(224): include('C:\\xampp\\htdocs\\gloriaadmin\\app\\Views\\layouts\\pendency_statement.php')
 3 SYSTEMPATH\View\View.php(227): CodeIgniter\View\View->CodeIgniter\View\{closure}()
 4 SYSTEMPATH\View\View.php(475): CodeIgniter\View\View->render('layouts/pendency_statement', null, true)
 5 APPPATH\Views\pendency_statement.php(6): CodeIgniter\View\View->include('layouts/pendency_statement')
 6 SYSTEMPATH\View\View.php(224): include('C:\\xampp\\htdocs\\gloriaadmin\\app\\Views\\pendency_statement.php')
 7 SYSTEMPATH\View\View.php(227): CodeIgniter\View\View->CodeIgniter\View\{closure}()
 8 SYSTEMPATH\Common.php(1173): CodeIgniter\View\View->render('pendency_statement', [], true)
 9 APPPATH\Controllers\Admin.php(3657): view('pendency_statement', [...])
10 SYSTEMPATH\CodeIgniter.php(933): App\Controllers\Admin->Pendinginventory()
11 SYSTEMPATH\CodeIgniter.php(507): CodeIgniter\CodeIgniter->runController(Object(App\Controllers\Admin))
12 SYSTEMPATH\CodeIgniter.php(354): CodeIgniter\CodeIgniter->handleRequest(null, Object(Config\Cache), false)
13 SYSTEMPATH\Boot.php(334): CodeIgniter\CodeIgniter->run()
14 SYSTEMPATH\Boot.php(67): CodeIgniter\Boot::runCodeIgniter(Object(CodeIgniter\CodeIgniter))
15 FCPATH\index.php(56): CodeIgniter\Boot::bootWeb(Object(Config\Paths))
CRITICAL - 2025-04-27 08:20:03 --> ErrorException: Undefined property: stdClass::$date
[Method: GET, Route: pendency-statement]
in APPPATH\Views\layouts\pendency_statement.php on line 186.
 1 APPPATH\Views\layouts\pendency_statement.php(186): CodeIgniter\Debug\Exceptions->errorHandler(2, 'Undefined property: stdClass::$date', 'C:\\xampp\\htdocs\\gloriaadmin\\app\\Views\\layouts\\pendency_statement.php', 186)
 2 SYSTEMPATH\View\View.php(224): include('C:\\xampp\\htdocs\\gloriaadmin\\app\\Views\\layouts\\pendency_statement.php')
 3 SYSTEMPATH\View\View.php(227): CodeIgniter\View\View->CodeIgniter\View\{closure}()
 4 SYSTEMPATH\View\View.php(475): CodeIgniter\View\View->render('layouts/pendency_statement', null, true)
 5 APPPATH\Views\pendency_statement.php(6): CodeIgniter\View\View->include('layouts/pendency_statement')
 6 SYSTEMPATH\View\View.php(224): include('C:\\xampp\\htdocs\\gloriaadmin\\app\\Views\\pendency_statement.php')
 7 SYSTEMPATH\View\View.php(227): CodeIgniter\View\View->CodeIgniter\View\{closure}()
 8 SYSTEMPATH\Common.php(1173): CodeIgniter\View\View->render('pendency_statement', [], true)
 9 APPPATH\Controllers\Admin.php(3657): view('pendency_statement', [...])
10 SYSTEMPATH\CodeIgniter.php(933): App\Controllers\Admin->Pendinginventory()
11 SYSTEMPATH\CodeIgniter.php(507): CodeIgniter\CodeIgniter->runController(Object(App\Controllers\Admin))
12 SYSTEMPATH\CodeIgniter.php(354): CodeIgniter\CodeIgniter->handleRequest(null, Object(Config\Cache), false)
13 SYSTEMPATH\Boot.php(334): CodeIgniter\CodeIgniter->run()
14 SYSTEMPATH\Boot.php(67): CodeIgniter\Boot::runCodeIgniter(Object(CodeIgniter\CodeIgniter))
15 FCPATH\index.php(56): CodeIgniter\Boot::bootWeb(Object(Config\Paths))
CRITICAL - 2025-04-27 08:20:03 --> ErrorException: Undefined property: stdClass::$date
[Method: GET, Route: pendency-statement]
in APPPATH\Views\layouts\pendency_statement.php on line 186.
 1 APPPATH\Views\layouts\pendency_statement.php(186): CodeIgniter\Debug\Exceptions->errorHandler(2, 'Undefined property: stdClass::$date', 'C:\\xampp\\htdocs\\gloriaadmin\\app\\Views\\layouts\\pendency_statement.php', 186)
 2 SYSTEMPATH\View\View.php(224): include('C:\\xampp\\htdocs\\gloriaadmin\\app\\Views\\layouts\\pendency_statement.php')
 3 SYSTEMPATH\View\View.php(227): CodeIgniter\View\View->CodeIgniter\View\{closure}()
 4 SYSTEMPATH\View\View.php(475): CodeIgniter\View\View->render('layouts/pendency_statement', null, true)
 5 APPPATH\Views\pendency_statement.php(6): CodeIgniter\View\View->include('layouts/pendency_statement')
 6 SYSTEMPATH\View\View.php(224): include('C:\\xampp\\htdocs\\gloriaadmin\\app\\Views\\pendency_statement.php')
 7 SYSTEMPATH\View\View.php(227): CodeIgniter\View\View->CodeIgniter\View\{closure}()
 8 SYSTEMPATH\Common.php(1173): CodeIgniter\View\View->render('pendency_statement', [], true)
 9 APPPATH\Controllers\Admin.php(3657): view('pendency_statement', [...])
10 SYSTEMPATH\CodeIgniter.php(933): App\Controllers\Admin->Pendinginventory()
11 SYSTEMPATH\CodeIgniter.php(507): CodeIgniter\CodeIgniter->runController(Object(App\Controllers\Admin))
12 SYSTEMPATH\CodeIgniter.php(354): CodeIgniter\CodeIgniter->handleRequest(null, Object(Config\Cache), false)
13 SYSTEMPATH\Boot.php(334): CodeIgniter\CodeIgniter->run()
14 SYSTEMPATH\Boot.php(67): CodeIgniter\Boot::runCodeIgniter(Object(CodeIgniter\CodeIgniter))
15 FCPATH\index.php(56): CodeIgniter\Boot::bootWeb(Object(Config\Paths))
CRITICAL - 2025-04-27 08:20:03 --> ErrorException: Undefined property: stdClass::$date
[Method: GET, Route: pendency-statement]
in APPPATH\Views\layouts\pendency_statement.php on line 186.
 1 APPPATH\Views\layouts\pendency_statement.php(186): CodeIgniter\Debug\Exceptions->errorHandler(2, 'Undefined property: stdClass::$date', 'C:\\xampp\\htdocs\\gloriaadmin\\app\\Views\\layouts\\pendency_statement.php', 186)
 2 SYSTEMPATH\View\View.php(224): include('C:\\xampp\\htdocs\\gloriaadmin\\app\\Views\\layouts\\pendency_statement.php')
 3 SYSTEMPATH\View\View.php(227): CodeIgniter\View\View->CodeIgniter\View\{closure}()
 4 SYSTEMPATH\View\View.php(475): CodeIgniter\View\View->render('layouts/pendency_statement', null, true)
 5 APPPATH\Views\pendency_statement.php(6): CodeIgniter\View\View->include('layouts/pendency_statement')
 6 SYSTEMPATH\View\View.php(224): include('C:\\xampp\\htdocs\\gloriaadmin\\app\\Views\\pendency_statement.php')
 7 SYSTEMPATH\View\View.php(227): CodeIgniter\View\View->CodeIgniter\View\{closure}()
 8 SYSTEMPATH\Common.php(1173): CodeIgniter\View\View->render('pendency_statement', [], true)
 9 APPPATH\Controllers\Admin.php(3657): view('pendency_statement', [...])
10 SYSTEMPATH\CodeIgniter.php(933): App\Controllers\Admin->Pendinginventory()
11 SYSTEMPATH\CodeIgniter.php(507): CodeIgniter\CodeIgniter->runController(Object(App\Controllers\Admin))
12 SYSTEMPATH\CodeIgniter.php(354): CodeIgniter\CodeIgniter->handleRequest(null, Object(Config\Cache), false)
13 SYSTEMPATH\Boot.php(334): CodeIgniter\CodeIgniter->run()
14 SYSTEMPATH\Boot.php(67): CodeIgniter\Boot::runCodeIgniter(Object(CodeIgniter\CodeIgniter))
15 FCPATH\index.php(56): CodeIgniter\Boot::bootWeb(Object(Config\Paths))
CRITICAL - 2025-04-27 08:20:32 --> ErrorException: Undefined property: stdClass::$from_date
[Method: GET, Route: pendency-statement]
in APPPATH\Views\layouts\pendency_statement.php on line 186.
 1 APPPATH\Views\layouts\pendency_statement.php(186): CodeIgniter\Debug\Exceptions->errorHandler(2, 'Undefined property: stdClass::$from_date', 'C:\\xampp\\htdocs\\gloriaadmin\\app\\Views\\layouts\\pendency_statement.php', 186)
 2 SYSTEMPATH\View\View.php(224): include('C:\\xampp\\htdocs\\gloriaadmin\\app\\Views\\layouts\\pendency_statement.php')
 3 SYSTEMPATH\View\View.php(227): CodeIgniter\View\View->CodeIgniter\View\{closure}()
 4 SYSTEMPATH\View\View.php(475): CodeIgniter\View\View->render('layouts/pendency_statement', null, true)
 5 APPPATH\Views\pendency_statement.php(6): CodeIgniter\View\View->include('layouts/pendency_statement')
 6 SYSTEMPATH\View\View.php(224): include('C:\\xampp\\htdocs\\gloriaadmin\\app\\Views\\pendency_statement.php')
 7 SYSTEMPATH\View\View.php(227): CodeIgniter\View\View->CodeIgniter\View\{closure}()
 8 SYSTEMPATH\Common.php(1173): CodeIgniter\View\View->render('pendency_statement', [], true)
 9 APPPATH\Controllers\Admin.php(3657): view('pendency_statement', [...])
10 SYSTEMPATH\CodeIgniter.php(933): App\Controllers\Admin->Pendinginventory()
11 SYSTEMPATH\CodeIgniter.php(507): CodeIgniter\CodeIgniter->runController(Object(App\Controllers\Admin))
12 SYSTEMPATH\CodeIgniter.php(354): CodeIgniter\CodeIgniter->handleRequest(null, Object(Config\Cache), false)
13 SYSTEMPATH\Boot.php(334): CodeIgniter\CodeIgniter->run()
14 SYSTEMPATH\Boot.php(67): CodeIgniter\Boot::runCodeIgniter(Object(CodeIgniter\CodeIgniter))
15 FCPATH\index.php(56): CodeIgniter\Boot::bootWeb(Object(Config\Paths))
CRITICAL - 2025-04-27 08:20:54 --> ErrorException: Undefined property: stdClass::$from_date
[Method: GET, Route: pendency-statement]
in APPPATH\Views\layouts\pendency_statement.php on line 186.
 1 APPPATH\Views\layouts\pendency_statement.php(186): CodeIgniter\Debug\Exceptions->errorHandler(2, 'Undefined property: stdClass::$from_date', 'C:\\xampp\\htdocs\\gloriaadmin\\app\\Views\\layouts\\pendency_statement.php', 186)
 2 SYSTEMPATH\View\View.php(224): include('C:\\xampp\\htdocs\\gloriaadmin\\app\\Views\\layouts\\pendency_statement.php')
 3 SYSTEMPATH\View\View.php(227): CodeIgniter\View\View->CodeIgniter\View\{closure}()
 4 SYSTEMPATH\View\View.php(475): CodeIgniter\View\View->render('layouts/pendency_statement', null, true)
 5 APPPATH\Views\pendency_statement.php(6): CodeIgniter\View\View->include('layouts/pendency_statement')
 6 SYSTEMPATH\View\View.php(224): include('C:\\xampp\\htdocs\\gloriaadmin\\app\\Views\\pendency_statement.php')
 7 SYSTEMPATH\View\View.php(227): CodeIgniter\View\View->CodeIgniter\View\{closure}()
 8 SYSTEMPATH\Common.php(1173): CodeIgniter\View\View->render('pendency_statement', [], true)
 9 APPPATH\Controllers\Admin.php(3657): view('pendency_statement', [...])
10 SYSTEMPATH\CodeIgniter.php(933): App\Controllers\Admin->Pendinginventory()
11 SYSTEMPATH\CodeIgniter.php(507): CodeIgniter\CodeIgniter->runController(Object(App\Controllers\Admin))
12 SYSTEMPATH\CodeIgniter.php(354): CodeIgniter\CodeIgniter->handleRequest(null, Object(Config\Cache), false)
13 SYSTEMPATH\Boot.php(334): CodeIgniter\CodeIgniter->run()
14 SYSTEMPATH\Boot.php(67): CodeIgniter\Boot::runCodeIgniter(Object(CodeIgniter\CodeIgniter))
15 FCPATH\index.php(56): CodeIgniter\Boot::bootWeb(Object(Config\Paths))
CRITICAL - 2025-04-27 08:20:55 --> ErrorException: Undefined property: stdClass::$from_date
[Method: GET, Route: pendency-statement]
in APPPATH\Views\layouts\pendency_statement.php on line 186.
 1 APPPATH\Views\layouts\pendency_statement.php(186): CodeIgniter\Debug\Exceptions->errorHandler(2, 'Undefined property: stdClass::$from_date', 'C:\\xampp\\htdocs\\gloriaadmin\\app\\Views\\layouts\\pendency_statement.php', 186)
 2 SYSTEMPATH\View\View.php(224): include('C:\\xampp\\htdocs\\gloriaadmin\\app\\Views\\layouts\\pendency_statement.php')
 3 SYSTEMPATH\View\View.php(227): CodeIgniter\View\View->CodeIgniter\View\{closure}()
 4 SYSTEMPATH\View\View.php(475): CodeIgniter\View\View->render('layouts/pendency_statement', null, true)
 5 APPPATH\Views\pendency_statement.php(6): CodeIgniter\View\View->include('layouts/pendency_statement')
 6 SYSTEMPATH\View\View.php(224): include('C:\\xampp\\htdocs\\gloriaadmin\\app\\Views\\pendency_statement.php')
 7 SYSTEMPATH\View\View.php(227): CodeIgniter\View\View->CodeIgniter\View\{closure}()
 8 SYSTEMPATH\Common.php(1173): CodeIgniter\View\View->render('pendency_statement', [], true)
 9 APPPATH\Controllers\Admin.php(3657): view('pendency_statement', [...])
10 SYSTEMPATH\CodeIgniter.php(933): App\Controllers\Admin->Pendinginventory()
11 SYSTEMPATH\CodeIgniter.php(507): CodeIgniter\CodeIgniter->runController(Object(App\Controllers\Admin))
12 SYSTEMPATH\CodeIgniter.php(354): CodeIgniter\CodeIgniter->handleRequest(null, Object(Config\Cache), false)
13 SYSTEMPATH\Boot.php(334): CodeIgniter\CodeIgniter->run()
14 SYSTEMPATH\Boot.php(67): CodeIgniter\Boot::runCodeIgniter(Object(CodeIgniter\CodeIgniter))
15 FCPATH\index.php(56): CodeIgniter\Boot::bootWeb(Object(Config\Paths))
CRITICAL - 2025-04-27 08:20:55 --> ErrorException: Undefined property: stdClass::$from_date
[Method: GET, Route: pendency-statement]
in APPPATH\Views\layouts\pendency_statement.php on line 186.
 1 APPPATH\Views\layouts\pendency_statement.php(186): CodeIgniter\Debug\Exceptions->errorHandler(2, 'Undefined property: stdClass::$from_date', 'C:\\xampp\\htdocs\\gloriaadmin\\app\\Views\\layouts\\pendency_statement.php', 186)
 2 SYSTEMPATH\View\View.php(224): include('C:\\xampp\\htdocs\\gloriaadmin\\app\\Views\\layouts\\pendency_statement.php')
 3 SYSTEMPATH\View\View.php(227): CodeIgniter\View\View->CodeIgniter\View\{closure}()
 4 SYSTEMPATH\View\View.php(475): CodeIgniter\View\View->render('layouts/pendency_statement', null, true)
 5 APPPATH\Views\pendency_statement.php(6): CodeIgniter\View\View->include('layouts/pendency_statement')
 6 SYSTEMPATH\View\View.php(224): include('C:\\xampp\\htdocs\\gloriaadmin\\app\\Views\\pendency_statement.php')
 7 SYSTEMPATH\View\View.php(227): CodeIgniter\View\View->CodeIgniter\View\{closure}()
 8 SYSTEMPATH\Common.php(1173): CodeIgniter\View\View->render('pendency_statement', [], true)
 9 APPPATH\Controllers\Admin.php(3657): view('pendency_statement', [...])
10 SYSTEMPATH\CodeIgniter.php(933): App\Controllers\Admin->Pendinginventory()
11 SYSTEMPATH\CodeIgniter.php(507): CodeIgniter\CodeIgniter->runController(Object(App\Controllers\Admin))
12 SYSTEMPATH\CodeIgniter.php(354): CodeIgniter\CodeIgniter->handleRequest(null, Object(Config\Cache), false)
13 SYSTEMPATH\Boot.php(334): CodeIgniter\CodeIgniter->run()
14 SYSTEMPATH\Boot.php(67): CodeIgniter\Boot::runCodeIgniter(Object(CodeIgniter\CodeIgniter))
15 FCPATH\index.php(56): CodeIgniter\Boot::bootWeb(Object(Config\Paths))
CRITICAL - 2025-04-27 08:20:56 --> ErrorException: Undefined property: stdClass::$from_date
[Method: GET, Route: pendency-statement]
in APPPATH\Views\layouts\pendency_statement.php on line 186.
 1 APPPATH\Views\layouts\pendency_statement.php(186): CodeIgniter\Debug\Exceptions->errorHandler(2, 'Undefined property: stdClass::$from_date', 'C:\\xampp\\htdocs\\gloriaadmin\\app\\Views\\layouts\\pendency_statement.php', 186)
 2 SYSTEMPATH\View\View.php(224): include('C:\\xampp\\htdocs\\gloriaadmin\\app\\Views\\layouts\\pendency_statement.php')
 3 SYSTEMPATH\View\View.php(227): CodeIgniter\View\View->CodeIgniter\View\{closure}()
 4 SYSTEMPATH\View\View.php(475): CodeIgniter\View\View->render('layouts/pendency_statement', null, true)
 5 APPPATH\Views\pendency_statement.php(6): CodeIgniter\View\View->include('layouts/pendency_statement')
 6 SYSTEMPATH\View\View.php(224): include('C:\\xampp\\htdocs\\gloriaadmin\\app\\Views\\pendency_statement.php')
 7 SYSTEMPATH\View\View.php(227): CodeIgniter\View\View->CodeIgniter\View\{closure}()
 8 SYSTEMPATH\Common.php(1173): CodeIgniter\View\View->render('pendency_statement', [], true)
 9 APPPATH\Controllers\Admin.php(3657): view('pendency_statement', [...])
10 SYSTEMPATH\CodeIgniter.php(933): App\Controllers\Admin->Pendinginventory()
11 SYSTEMPATH\CodeIgniter.php(507): CodeIgniter\CodeIgniter->runController(Object(App\Controllers\Admin))
12 SYSTEMPATH\CodeIgniter.php(354): CodeIgniter\CodeIgniter->handleRequest(null, Object(Config\Cache), false)
13 SYSTEMPATH\Boot.php(334): CodeIgniter\CodeIgniter->run()
14 SYSTEMPATH\Boot.php(67): CodeIgniter\Boot::runCodeIgniter(Object(CodeIgniter\CodeIgniter))
15 FCPATH\index.php(56): CodeIgniter\Boot::bootWeb(Object(Config\Paths))
CRITICAL - 2025-04-27 08:20:56 --> ErrorException: Undefined property: stdClass::$from_date
[Method: GET, Route: pendency-statement]
in APPPATH\Views\layouts\pendency_statement.php on line 186.
 1 APPPATH\Views\layouts\pendency_statement.php(186): CodeIgniter\Debug\Exceptions->errorHandler(2, 'Undefined property: stdClass::$from_date', 'C:\\xampp\\htdocs\\gloriaadmin\\app\\Views\\layouts\\pendency_statement.php', 186)
 2 SYSTEMPATH\View\View.php(224): include('C:\\xampp\\htdocs\\gloriaadmin\\app\\Views\\layouts\\pendency_statement.php')
 3 SYSTEMPATH\View\View.php(227): CodeIgniter\View\View->CodeIgniter\View\{closure}()
 4 SYSTEMPATH\View\View.php(475): CodeIgniter\View\View->render('layouts/pendency_statement', null, true)
 5 APPPATH\Views\pendency_statement.php(6): CodeIgniter\View\View->include('layouts/pendency_statement')
 6 SYSTEMPATH\View\View.php(224): include('C:\\xampp\\htdocs\\gloriaadmin\\app\\Views\\pendency_statement.php')
 7 SYSTEMPATH\View\View.php(227): CodeIgniter\View\View->CodeIgniter\View\{closure}()
 8 SYSTEMPATH\Common.php(1173): CodeIgniter\View\View->render('pendency_statement', [], true)
 9 APPPATH\Controllers\Admin.php(3657): view('pendency_statement', [...])
10 SYSTEMPATH\CodeIgniter.php(933): App\Controllers\Admin->Pendinginventory()
11 SYSTEMPATH\CodeIgniter.php(507): CodeIgniter\CodeIgniter->runController(Object(App\Controllers\Admin))
12 SYSTEMPATH\CodeIgniter.php(354): CodeIgniter\CodeIgniter->handleRequest(null, Object(Config\Cache), false)
13 SYSTEMPATH\Boot.php(334): CodeIgniter\CodeIgniter->run()
14 SYSTEMPATH\Boot.php(67): CodeIgniter\Boot::runCodeIgniter(Object(CodeIgniter\CodeIgniter))
15 FCPATH\index.php(56): CodeIgniter\Boot::bootWeb(Object(Config\Paths))
