ERROR - 2025-03-11 04:19:45 --> Error connecting to the database: mysqli_sql_exception: No connection could be made because the target machine actively refused it in C:\xampp\htdocs\meesho\system\Database\MySQLi\Connection.php:201
Stack trace:
#0 C:\xampp\htdocs\meesho\system\Database\MySQLi\Connection.php(201): mysqli->real_connect('localhost', 'root', Object(SensitiveParameterValue), 'meesho', 3306, '', 0)
#1 C:\xampp\htdocs\meesho\system\Database\BaseConnection.php(421): CodeIgniter\Database\MySQLi\Connection->connect(false)
#2 C:\xampp\htdocs\meesho\system\Database\BaseConnection.php(620): CodeIgniter\Database\BaseConnection->initialize()
#3 C:\xampp\htdocs\meesho\system\Database\BaseBuilder.php(1649): CodeIgniter\Database\BaseConnection->query('SELECT *\nFROM `...', Array, false)
#4 C:\xampp\htdocs\meesho\system\Model.php(330): CodeIgniter\Database\BaseBuilder->get()
#5 C:\xampp\htdocs\meesho\system\BaseModel.php(713): CodeIgniter\Model->doFirst()
#6 C:\xampp\htdocs\meesho\app\Models\UserModel.php(23): CodeIgniter\BaseModel->first()
#7 C:\xampp\htdocs\meesho\app\Controllers\LoginController.php(28): App\Models\UserModel->getUserByEmail('superadmin@exam...')
#8 C:\xampp\htdocs\meesho\system\CodeIgniter.php(933): App\Controllers\LoginController->login()
#9 C:\xampp\htdocs\meesho\system\CodeIgniter.php(507): CodeIgniter\CodeIgniter->runController(Object(App\Controllers\LoginController))
#10 C:\xampp\htdocs\meesho\system\CodeIgniter.php(354): CodeIgniter\CodeIgniter->handleRequest(NULL, Object(Config\Cache), false)
#11 C:\xampp\htdocs\meesho\system\Boot.php(334): CodeIgniter\CodeIgniter->run()
#12 C:\xampp\htdocs\meesho\system\Boot.php(67): CodeIgniter\Boot::runCodeIgniter(Object(CodeIgniter\CodeIgniter))
#13 C:\xampp\htdocs\meesho\index.php(56): CodeIgniter\Boot::bootWeb(Object(Config\Paths))
#14 {main}

Next CodeIgniter\Database\Exceptions\DatabaseException: No connection could be made because the target machine actively refused it in C:\xampp\htdocs\meesho\system\Database\MySQLi\Connection.php:246
Stack trace:
#0 C:\xampp\htdocs\meesho\system\Database\BaseConnection.php(421): CodeIgniter\Database\MySQLi\Connection->connect(false)
#1 C:\xampp\htdocs\meesho\system\Database\BaseConnection.php(620): CodeIgniter\Database\BaseConnection->initialize()
#2 C:\xampp\htdocs\meesho\system\Database\BaseBuilder.php(1649): CodeIgniter\Database\BaseConnection->query('SELECT *\nFROM `...', Array, false)
#3 C:\xampp\htdocs\meesho\system\Model.php(330): CodeIgniter\Database\BaseBuilder->get()
#4 C:\xampp\htdocs\meesho\system\BaseModel.php(713): CodeIgniter\Model->doFirst()
#5 C:\xampp\htdocs\meesho\app\Models\UserModel.php(23): CodeIgniter\BaseModel->first()
#6 C:\xampp\htdocs\meesho\app\Controllers\LoginController.php(28): App\Models\UserModel->getUserByEmail('superadmin@exam...')
#7 C:\xampp\htdocs\meesho\system\CodeIgniter.php(933): App\Controllers\LoginController->login()
#8 C:\xampp\htdocs\meesho\system\CodeIgniter.php(507): CodeIgniter\CodeIgniter->runController(Object(App\Controllers\LoginController))
#9 C:\xampp\htdocs\meesho\system\CodeIgniter.php(354): CodeIgniter\CodeIgniter->handleRequest(NULL, Object(Config\Cache), false)
#10 C:\xampp\htdocs\meesho\system\Boot.php(334): CodeIgniter\CodeIgniter->run()
#11 C:\xampp\htdocs\meesho\system\Boot.php(67): CodeIgniter\Boot::runCodeIgniter(Object(CodeIgniter\CodeIgniter))
#12 C:\xampp\htdocs\meesho\index.php(56): CodeIgniter\Boot::bootWeb(Object(Config\Paths))
#13 {main}
CRITICAL - 2025-03-11 04:19:45 --> CodeIgniter\Database\Exceptions\DatabaseException: Unable to connect to the database.
Main connection [MySQLi]: No connection could be made because the target machine actively refused it
[Method: POST, Route: admin/userlogin]
in SYSTEMPATH\Database\BaseConnection.php on line 467.
 1 SYSTEMPATH\Database\BaseConnection.php(620): CodeIgniter\Database\BaseConnection->initialize()
 2 SYSTEMPATH\Database\BaseBuilder.php(1649): CodeIgniter\Database\BaseConnection->query('SELECT *
FROM `users`
WHERE LOWER(email) = :LOWER(email):
 LIMIT 1', [...], false)
 3 SYSTEMPATH\Model.php(330): CodeIgniter\Database\BaseBuilder->get()
 4 SYSTEMPATH\BaseModel.php(713): CodeIgniter\Model->doFirst()
 5 APPPATH\Models\UserModel.php(23): CodeIgniter\BaseModel->first()
 6 APPPATH\Controllers\LoginController.php(28): App\Models\UserModel->getUserByEmail('superadmin@example.com')
 7 SYSTEMPATH\CodeIgniter.php(933): App\Controllers\LoginController->login()
 8 SYSTEMPATH\CodeIgniter.php(507): CodeIgniter\CodeIgniter->runController(Object(App\Controllers\LoginController))
 9 SYSTEMPATH\CodeIgniter.php(354): CodeIgniter\CodeIgniter->handleRequest(null, Object(Config\Cache), false)
10 SYSTEMPATH\Boot.php(334): CodeIgniter\CodeIgniter->run()
11 SYSTEMPATH\Boot.php(67): CodeIgniter\Boot::runCodeIgniter(Object(CodeIgniter\CodeIgniter))
12 FCPATH\index.php(56): CodeIgniter\Boot::bootWeb(Object(Config\Paths))
CRITICAL - 2025-03-11 04:26:51 --> ParseError: syntax error, unexpected token "=", expecting "]"
[Method: GET, Route: admin/staff/salaries]
in APPPATH\Controllers\Admin.php on line 688.
 1 SYSTEMPATH\Autoloader\Autoloader.php(295): CodeIgniter\Autoloader\Autoloader->includeFile('C:\\xampp\\htdocs\\meesho\\app\\Controllers\\Admin.php')
 2 SYSTEMPATH\Autoloader\Autoloader.php(271): CodeIgniter\Autoloader\Autoloader->loadInNamespace('App\\Controllers\\Admin')
 3 [internal function]: CodeIgniter\Autoloader\Autoloader->loadClass('App\\Controllers\\Admin')
 4 SYSTEMPATH\CodeIgniter.php(885): class_exists('\\App\\Controllers\\Admin', true)
 5 SYSTEMPATH\CodeIgniter.php(494): CodeIgniter\CodeIgniter->startController()
 6 SYSTEMPATH\CodeIgniter.php(354): CodeIgniter\CodeIgniter->handleRequest(null, Object(Config\Cache), false)
 7 SYSTEMPATH\Boot.php(334): CodeIgniter\CodeIgniter->run()
 8 SYSTEMPATH\Boot.php(67): CodeIgniter\Boot::runCodeIgniter(Object(CodeIgniter\CodeIgniter))
 9 FCPATH\index.php(56): CodeIgniter\Boot::bootWeb(Object(Config\Paths))
CRITICAL - 2025-03-11 04:27:07 --> ParseError: syntax error, unexpected token "=", expecting "]"
[Method: GET, Route: admin/staff/salaries]
in APPPATH\Controllers\Admin.php on line 688.
 1 SYSTEMPATH\Autoloader\Autoloader.php(295): CodeIgniter\Autoloader\Autoloader->includeFile('C:\\xampp\\htdocs\\meesho\\app\\Controllers\\Admin.php')
 2 SYSTEMPATH\Autoloader\Autoloader.php(271): CodeIgniter\Autoloader\Autoloader->loadInNamespace('App\\Controllers\\Admin')
 3 [internal function]: CodeIgniter\Autoloader\Autoloader->loadClass('App\\Controllers\\Admin')
 4 SYSTEMPATH\CodeIgniter.php(885): class_exists('\\App\\Controllers\\Admin', true)
 5 SYSTEMPATH\CodeIgniter.php(494): CodeIgniter\CodeIgniter->startController()
 6 SYSTEMPATH\CodeIgniter.php(354): CodeIgniter\CodeIgniter->handleRequest(null, Object(Config\Cache), false)
 7 SYSTEMPATH\Boot.php(334): CodeIgniter\CodeIgniter->run()
 8 SYSTEMPATH\Boot.php(67): CodeIgniter\Boot::runCodeIgniter(Object(CodeIgniter\CodeIgniter))
 9 FCPATH\index.php(56): CodeIgniter\Boot::bootWeb(Object(Config\Paths))
CRITICAL - 2025-03-11 04:27:08 --> ParseError: syntax error, unexpected token "=", expecting "]"
[Method: GET, Route: admin/staff/salaries]
in APPPATH\Controllers\Admin.php on line 688.
 1 SYSTEMPATH\Autoloader\Autoloader.php(295): CodeIgniter\Autoloader\Autoloader->includeFile('C:\\xampp\\htdocs\\meesho\\app\\Controllers\\Admin.php')
 2 SYSTEMPATH\Autoloader\Autoloader.php(271): CodeIgniter\Autoloader\Autoloader->loadInNamespace('App\\Controllers\\Admin')
 3 [internal function]: CodeIgniter\Autoloader\Autoloader->loadClass('App\\Controllers\\Admin')
 4 SYSTEMPATH\CodeIgniter.php(885): class_exists('\\App\\Controllers\\Admin', true)
 5 SYSTEMPATH\CodeIgniter.php(494): CodeIgniter\CodeIgniter->startController()
 6 SYSTEMPATH\CodeIgniter.php(354): CodeIgniter\CodeIgniter->handleRequest(null, Object(Config\Cache), false)
 7 SYSTEMPATH\Boot.php(334): CodeIgniter\CodeIgniter->run()
 8 SYSTEMPATH\Boot.php(67): CodeIgniter\Boot::runCodeIgniter(Object(CodeIgniter\CodeIgniter))
 9 FCPATH\index.php(56): CodeIgniter\Boot::bootWeb(Object(Config\Paths))
CRITICAL - 2025-03-11 04:28:45 --> ErrorException: Undefined variable $startDate
[Method: GET, Route: admin/staff/salaries]
in APPPATH\Views\layouts\staff_salaries_list.php on line 27.
 1 APPPATH\Views\layouts\staff_salaries_list.php(27): CodeIgniter\Debug\Exceptions->errorHandler(2, 'Undefined variable $startDate', 'C:\\xampp\\htdocs\\meesho\\app\\Views\\layouts\\staff_salaries_list.php', 27)
 2 SYSTEMPATH\View\View.php(224): include('C:\\xampp\\htdocs\\meesho\\app\\Views\\layouts\\staff_salaries_list.php')
 3 SYSTEMPATH\View\View.php(227): CodeIgniter\View\View->CodeIgniter\View\{closure}()
 4 SYSTEMPATH\View\View.php(240): CodeIgniter\View\View->render('layouts/staff_salaries_list', null, true)
 5 SYSTEMPATH\View\View.php(475): CodeIgniter\View\View->render('common/footer', null, true)
 6 APPPATH\Views\staff_salaries_list.php(10): CodeIgniter\View\View->include('common/footer')
 7 SYSTEMPATH\View\View.php(224): include('C:\\xampp\\htdocs\\meesho\\app\\Views\\staff_salaries_list.php')
 8 SYSTEMPATH\View\View.php(227): CodeIgniter\View\View->CodeIgniter\View\{closure}()
 9 SYSTEMPATH\Common.php(1173): CodeIgniter\View\View->render('staff_salaries_list', [], true)
10 APPPATH\Controllers\Admin.php(696): view('staff_salaries_list', [...])
11 SYSTEMPATH\CodeIgniter.php(933): App\Controllers\Admin->listStaffSalaries()
12 SYSTEMPATH\CodeIgniter.php(507): CodeIgniter\CodeIgniter->runController(Object(App\Controllers\Admin))
13 SYSTEMPATH\CodeIgniter.php(354): CodeIgniter\CodeIgniter->handleRequest(null, Object(Config\Cache), false)
14 SYSTEMPATH\Boot.php(334): CodeIgniter\CodeIgniter->run()
15 SYSTEMPATH\Boot.php(67): CodeIgniter\Boot::runCodeIgniter(Object(CodeIgniter\CodeIgniter))
16 FCPATH\index.php(56): CodeIgniter\Boot::bootWeb(Object(Config\Paths))
ERROR - 2025-03-11 05:00:15 --> mysqli_sql_exception: Unknown column 'created_at' in 'field list' in C:\xampp\htdocs\meesho\system\Database\MySQLi\Connection.php:327
Stack trace:
#0 C:\xampp\htdocs\meesho\system\Database\MySQLi\Connection.php(327): mysqli->query('INSERT INTO `pa...', 0)
#1 C:\xampp\htdocs\meesho\system\Database\BaseConnection.php(738): CodeIgniter\Database\MySQLi\Connection->execute('INSERT INTO `pa...')
#2 C:\xampp\htdocs\meesho\system\Database\BaseConnection.php(652): CodeIgniter\Database\BaseConnection->simpleQuery('INSERT INTO `pa...')
#3 C:\xampp\htdocs\meesho\system\Database\BaseBuilder.php(2345): CodeIgniter\Database\BaseConnection->query('INSERT INTO `pa...', Array, false)
#4 C:\xampp\htdocs\meesho\system\Model.php(394): CodeIgniter\Database\BaseBuilder->insert()
#5 C:\xampp\htdocs\meesho\system\BaseModel.php(839): CodeIgniter\Model->doInsert(Array)
#6 C:\xampp\htdocs\meesho\system\Model.php(800): CodeIgniter\BaseModel->insert(Array, false)
#7 C:\xampp\htdocs\meesho\system\BaseModel.php(750): CodeIgniter\Model->insert(Array, false)
#8 C:\xampp\htdocs\meesho\app\Controllers\Admin.php(722): CodeIgniter\BaseModel->save(Array)
#9 C:\xampp\htdocs\meesho\system\CodeIgniter.php(933): App\Controllers\Admin->advanceformSubmit()
#10 C:\xampp\htdocs\meesho\system\CodeIgniter.php(507): CodeIgniter\CodeIgniter->runController(Object(App\Controllers\Admin))
#11 C:\xampp\htdocs\meesho\system\CodeIgniter.php(354): CodeIgniter\CodeIgniter->handleRequest(NULL, Object(Config\Cache), false)
#12 C:\xampp\htdocs\meesho\system\Boot.php(334): CodeIgniter\CodeIgniter->run()
#13 C:\xampp\htdocs\meesho\system\Boot.php(67): CodeIgniter\Boot::runCodeIgniter(Object(CodeIgniter\CodeIgniter))
#14 C:\xampp\htdocs\meesho\index.php(56): CodeIgniter\Boot::bootWeb(Object(Config\Paths))
#15 {main}
CRITICAL - 2025-03-11 05:00:15 --> CodeIgniter\Database\Exceptions\DatabaseException: Unknown column 'created_at' in 'field list'
[Method: POST, Route: admin/advance-payment/submit]
in SYSTEMPATH\Database\BaseConnection.php on line 692.
 1 SYSTEMPATH\Database\BaseBuilder.php(2345): CodeIgniter\Database\BaseConnection->query('INSERT INTO `payments` (`staff_id`, `advance_amount`, `payment_date`, `created_at`, `updated_at`) VALUES (:staff_id:, :advance_amount:, :payment_date:, :created_at:, :updated_at:)', [...], false)
 2 SYSTEMPATH\Model.php(394): CodeIgniter\Database\BaseBuilder->insert()
 3 SYSTEMPATH\BaseModel.php(839): CodeIgniter\Model->doInsert([...])
 4 SYSTEMPATH\Model.php(800): CodeIgniter\BaseModel->insert([...], false)
 5 SYSTEMPATH\BaseModel.php(750): CodeIgniter\Model->insert([...], false)
 6 APPPATH\Controllers\Admin.php(722): CodeIgniter\BaseModel->save([...])
 7 SYSTEMPATH\CodeIgniter.php(933): App\Controllers\Admin->advanceformSubmit()
 8 SYSTEMPATH\CodeIgniter.php(507): CodeIgniter\CodeIgniter->runController(Object(App\Controllers\Admin))
 9 SYSTEMPATH\CodeIgniter.php(354): CodeIgniter\CodeIgniter->handleRequest(null, Object(Config\Cache), false)
10 SYSTEMPATH\Boot.php(334): CodeIgniter\CodeIgniter->run()
11 SYSTEMPATH\Boot.php(67): CodeIgniter\Boot::runCodeIgniter(Object(CodeIgniter\CodeIgniter))
12 FCPATH\index.php(56): CodeIgniter\Boot::bootWeb(Object(Config\Paths))
CRITICAL - 2025-03-11 05:00:15 --> [Caused by] CodeIgniter\Database\Exceptions\DatabaseException: Unknown column 'created_at' in 'field list'
in SYSTEMPATH\Database\MySQLi\Connection.php on line 332.
 1 SYSTEMPATH\Database\BaseConnection.php(738): CodeIgniter\Database\MySQLi\Connection->execute('INSERT INTO `payments` (`staff_id`, `advance_amount`, `payment_date`, `created_at`, `updated_at`) VALUES (\'16\', \'5\', \'2025-03-11\', \'2025-03-11 05:00:15\', \'2025-03-11 05:00:15\')')
 2 SYSTEMPATH\Database\BaseConnection.php(652): CodeIgniter\Database\BaseConnection->simpleQuery('INSERT INTO `payments` (`staff_id`, `advance_amount`, `payment_date`, `created_at`, `updated_at`) VALUES (\'16\', \'5\', \'2025-03-11\', \'2025-03-11 05:00:15\', \'2025-03-11 05:00:15\')')
 3 SYSTEMPATH\Database\BaseBuilder.php(2345): CodeIgniter\Database\BaseConnection->query('INSERT INTO `payments` (`staff_id`, `advance_amount`, `payment_date`, `created_at`, `updated_at`) VALUES (:staff_id:, :advance_amount:, :payment_date:, :created_at:, :updated_at:)', [...], false)
 4 SYSTEMPATH\Model.php(394): CodeIgniter\Database\BaseBuilder->insert()
 5 SYSTEMPATH\BaseModel.php(839): CodeIgniter\Model->doInsert([...])
 6 SYSTEMPATH\Model.php(800): CodeIgniter\BaseModel->insert([...], false)
 7 SYSTEMPATH\BaseModel.php(750): CodeIgniter\Model->insert([...], false)
 8 APPPATH\Controllers\Admin.php(722): CodeIgniter\BaseModel->save([...])
 9 SYSTEMPATH\CodeIgniter.php(933): App\Controllers\Admin->advanceformSubmit()
10 SYSTEMPATH\CodeIgniter.php(507): CodeIgniter\CodeIgniter->runController(Object(App\Controllers\Admin))
11 SYSTEMPATH\CodeIgniter.php(354): CodeIgniter\CodeIgniter->handleRequest(null, Object(Config\Cache), false)
12 SYSTEMPATH\Boot.php(334): CodeIgniter\CodeIgniter->run()
13 SYSTEMPATH\Boot.php(67): CodeIgniter\Boot::runCodeIgniter(Object(CodeIgniter\CodeIgniter))
14 FCPATH\index.php(56): CodeIgniter\Boot::bootWeb(Object(Config\Paths))
CRITICAL - 2025-03-11 05:00:15 --> [Caused by] mysqli_sql_exception: Unknown column 'created_at' in 'field list'
in SYSTEMPATH\Database\MySQLi\Connection.php on line 327.
 1 SYSTEMPATH\Database\MySQLi\Connection.php(327): mysqli->query('INSERT INTO `payments` (`staff_id`, `advance_amount`, `payment_date`, `created_at`, `updated_at`) VALUES (\'16\', \'5\', \'2025-03-11\', \'2025-03-11 05:00:15\', \'2025-03-11 05:00:15\')', 0)
 2 SYSTEMPATH\Database\BaseConnection.php(738): CodeIgniter\Database\MySQLi\Connection->execute('INSERT INTO `payments` (`staff_id`, `advance_amount`, `payment_date`, `created_at`, `updated_at`) VALUES (\'16\', \'5\', \'2025-03-11\', \'2025-03-11 05:00:15\', \'2025-03-11 05:00:15\')')
 3 SYSTEMPATH\Database\BaseConnection.php(652): CodeIgniter\Database\BaseConnection->simpleQuery('INSERT INTO `payments` (`staff_id`, `advance_amount`, `payment_date`, `created_at`, `updated_at`) VALUES (\'16\', \'5\', \'2025-03-11\', \'2025-03-11 05:00:15\', \'2025-03-11 05:00:15\')')
 4 SYSTEMPATH\Database\BaseBuilder.php(2345): CodeIgniter\Database\BaseConnection->query('INSERT INTO `payments` (`staff_id`, `advance_amount`, `payment_date`, `created_at`, `updated_at`) VALUES (:staff_id:, :advance_amount:, :payment_date:, :created_at:, :updated_at:)', [...], false)
 5 SYSTEMPATH\Model.php(394): CodeIgniter\Database\BaseBuilder->insert()
 6 SYSTEMPATH\BaseModel.php(839): CodeIgniter\Model->doInsert([...])
 7 SYSTEMPATH\Model.php(800): CodeIgniter\BaseModel->insert([...], false)
 8 SYSTEMPATH\BaseModel.php(750): CodeIgniter\Model->insert([...], false)
 9 APPPATH\Controllers\Admin.php(722): CodeIgniter\BaseModel->save([...])
10 SYSTEMPATH\CodeIgniter.php(933): App\Controllers\Admin->advanceformSubmit()
11 SYSTEMPATH\CodeIgniter.php(507): CodeIgniter\CodeIgniter->runController(Object(App\Controllers\Admin))
12 SYSTEMPATH\CodeIgniter.php(354): CodeIgniter\CodeIgniter->handleRequest(null, Object(Config\Cache), false)
13 SYSTEMPATH\Boot.php(334): CodeIgniter\CodeIgniter->run()
14 SYSTEMPATH\Boot.php(67): CodeIgniter\Boot::runCodeIgniter(Object(CodeIgniter\CodeIgniter))
15 FCPATH\index.php(56): CodeIgniter\Boot::bootWeb(Object(Config\Paths))
ERROR - 2025-03-11 05:01:07 --> mysqli_sql_exception: Unknown column 'created_at' in 'field list' in C:\xampp\htdocs\meesho\system\Database\MySQLi\Connection.php:327
Stack trace:
#0 C:\xampp\htdocs\meesho\system\Database\MySQLi\Connection.php(327): mysqli->query('INSERT INTO `pa...', 0)
#1 C:\xampp\htdocs\meesho\system\Database\BaseConnection.php(738): CodeIgniter\Database\MySQLi\Connection->execute('INSERT INTO `pa...')
#2 C:\xampp\htdocs\meesho\system\Database\BaseConnection.php(652): CodeIgniter\Database\BaseConnection->simpleQuery('INSERT INTO `pa...')
#3 C:\xampp\htdocs\meesho\system\Database\BaseBuilder.php(2345): CodeIgniter\Database\BaseConnection->query('INSERT INTO `pa...', Array, false)
#4 C:\xampp\htdocs\meesho\system\Model.php(394): CodeIgniter\Database\BaseBuilder->insert()
#5 C:\xampp\htdocs\meesho\system\BaseModel.php(839): CodeIgniter\Model->doInsert(Array)
#6 C:\xampp\htdocs\meesho\system\Model.php(800): CodeIgniter\BaseModel->insert(Array, false)
#7 C:\xampp\htdocs\meesho\system\BaseModel.php(750): CodeIgniter\Model->insert(Array, false)
#8 C:\xampp\htdocs\meesho\app\Controllers\Admin.php(722): CodeIgniter\BaseModel->save(Array)
#9 C:\xampp\htdocs\meesho\system\CodeIgniter.php(933): App\Controllers\Admin->advanceformSubmit()
#10 C:\xampp\htdocs\meesho\system\CodeIgniter.php(507): CodeIgniter\CodeIgniter->runController(Object(App\Controllers\Admin))
#11 C:\xampp\htdocs\meesho\system\CodeIgniter.php(354): CodeIgniter\CodeIgniter->handleRequest(NULL, Object(Config\Cache), false)
#12 C:\xampp\htdocs\meesho\system\Boot.php(334): CodeIgniter\CodeIgniter->run()
#13 C:\xampp\htdocs\meesho\system\Boot.php(67): CodeIgniter\Boot::runCodeIgniter(Object(CodeIgniter\CodeIgniter))
#14 C:\xampp\htdocs\meesho\index.php(56): CodeIgniter\Boot::bootWeb(Object(Config\Paths))
#15 {main}
CRITICAL - 2025-03-11 05:01:07 --> CodeIgniter\Database\Exceptions\DatabaseException: Unknown column 'created_at' in 'field list'
[Method: POST, Route: admin/advance-payment/submit]
in SYSTEMPATH\Database\BaseConnection.php on line 692.
 1 SYSTEMPATH\Database\BaseBuilder.php(2345): CodeIgniter\Database\BaseConnection->query('INSERT INTO `payments` (`staff_id`, `advance_amount`, `payment_date`, `created_at`, `updated_at`) VALUES (:staff_id:, :advance_amount:, :payment_date:, :created_at:, :updated_at:)', [...], false)
 2 SYSTEMPATH\Model.php(394): CodeIgniter\Database\BaseBuilder->insert()
 3 SYSTEMPATH\BaseModel.php(839): CodeIgniter\Model->doInsert([...])
 4 SYSTEMPATH\Model.php(800): CodeIgniter\BaseModel->insert([...], false)
 5 SYSTEMPATH\BaseModel.php(750): CodeIgniter\Model->insert([...], false)
 6 APPPATH\Controllers\Admin.php(722): CodeIgniter\BaseModel->save([...])
 7 SYSTEMPATH\CodeIgniter.php(933): App\Controllers\Admin->advanceformSubmit()
 8 SYSTEMPATH\CodeIgniter.php(507): CodeIgniter\CodeIgniter->runController(Object(App\Controllers\Admin))
 9 SYSTEMPATH\CodeIgniter.php(354): CodeIgniter\CodeIgniter->handleRequest(null, Object(Config\Cache), false)
10 SYSTEMPATH\Boot.php(334): CodeIgniter\CodeIgniter->run()
11 SYSTEMPATH\Boot.php(67): CodeIgniter\Boot::runCodeIgniter(Object(CodeIgniter\CodeIgniter))
12 FCPATH\index.php(56): CodeIgniter\Boot::bootWeb(Object(Config\Paths))
CRITICAL - 2025-03-11 05:01:07 --> [Caused by] CodeIgniter\Database\Exceptions\DatabaseException: Unknown column 'created_at' in 'field list'
in SYSTEMPATH\Database\MySQLi\Connection.php on line 332.
 1 SYSTEMPATH\Database\BaseConnection.php(738): CodeIgniter\Database\MySQLi\Connection->execute('INSERT INTO `payments` (`staff_id`, `advance_amount`, `payment_date`, `created_at`, `updated_at`) VALUES (\'16\', \'5\', \'2025-03-11\', \'2025-03-11 05:01:07\', \'2025-03-11 05:01:07\')')
 2 SYSTEMPATH\Database\BaseConnection.php(652): CodeIgniter\Database\BaseConnection->simpleQuery('INSERT INTO `payments` (`staff_id`, `advance_amount`, `payment_date`, `created_at`, `updated_at`) VALUES (\'16\', \'5\', \'2025-03-11\', \'2025-03-11 05:01:07\', \'2025-03-11 05:01:07\')')
 3 SYSTEMPATH\Database\BaseBuilder.php(2345): CodeIgniter\Database\BaseConnection->query('INSERT INTO `payments` (`staff_id`, `advance_amount`, `payment_date`, `created_at`, `updated_at`) VALUES (:staff_id:, :advance_amount:, :payment_date:, :created_at:, :updated_at:)', [...], false)
 4 SYSTEMPATH\Model.php(394): CodeIgniter\Database\BaseBuilder->insert()
 5 SYSTEMPATH\BaseModel.php(839): CodeIgniter\Model->doInsert([...])
 6 SYSTEMPATH\Model.php(800): CodeIgniter\BaseModel->insert([...], false)
 7 SYSTEMPATH\BaseModel.php(750): CodeIgniter\Model->insert([...], false)
 8 APPPATH\Controllers\Admin.php(722): CodeIgniter\BaseModel->save([...])
 9 SYSTEMPATH\CodeIgniter.php(933): App\Controllers\Admin->advanceformSubmit()
10 SYSTEMPATH\CodeIgniter.php(507): CodeIgniter\CodeIgniter->runController(Object(App\Controllers\Admin))
11 SYSTEMPATH\CodeIgniter.php(354): CodeIgniter\CodeIgniter->handleRequest(null, Object(Config\Cache), false)
12 SYSTEMPATH\Boot.php(334): CodeIgniter\CodeIgniter->run()
13 SYSTEMPATH\Boot.php(67): CodeIgniter\Boot::runCodeIgniter(Object(CodeIgniter\CodeIgniter))
14 FCPATH\index.php(56): CodeIgniter\Boot::bootWeb(Object(Config\Paths))
CRITICAL - 2025-03-11 05:01:07 --> [Caused by] mysqli_sql_exception: Unknown column 'created_at' in 'field list'
in SYSTEMPATH\Database\MySQLi\Connection.php on line 327.
 1 SYSTEMPATH\Database\MySQLi\Connection.php(327): mysqli->query('INSERT INTO `payments` (`staff_id`, `advance_amount`, `payment_date`, `created_at`, `updated_at`) VALUES (\'16\', \'5\', \'2025-03-11\', \'2025-03-11 05:01:07\', \'2025-03-11 05:01:07\')', 0)
 2 SYSTEMPATH\Database\BaseConnection.php(738): CodeIgniter\Database\MySQLi\Connection->execute('INSERT INTO `payments` (`staff_id`, `advance_amount`, `payment_date`, `created_at`, `updated_at`) VALUES (\'16\', \'5\', \'2025-03-11\', \'2025-03-11 05:01:07\', \'2025-03-11 05:01:07\')')
 3 SYSTEMPATH\Database\BaseConnection.php(652): CodeIgniter\Database\BaseConnection->simpleQuery('INSERT INTO `payments` (`staff_id`, `advance_amount`, `payment_date`, `created_at`, `updated_at`) VALUES (\'16\', \'5\', \'2025-03-11\', \'2025-03-11 05:01:07\', \'2025-03-11 05:01:07\')')
 4 SYSTEMPATH\Database\BaseBuilder.php(2345): CodeIgniter\Database\BaseConnection->query('INSERT INTO `payments` (`staff_id`, `advance_amount`, `payment_date`, `created_at`, `updated_at`) VALUES (:staff_id:, :advance_amount:, :payment_date:, :created_at:, :updated_at:)', [...], false)
 5 SYSTEMPATH\Model.php(394): CodeIgniter\Database\BaseBuilder->insert()
 6 SYSTEMPATH\BaseModel.php(839): CodeIgniter\Model->doInsert([...])
 7 SYSTEMPATH\Model.php(800): CodeIgniter\BaseModel->insert([...], false)
 8 SYSTEMPATH\BaseModel.php(750): CodeIgniter\Model->insert([...], false)
 9 APPPATH\Controllers\Admin.php(722): CodeIgniter\BaseModel->save([...])
10 SYSTEMPATH\CodeIgniter.php(933): App\Controllers\Admin->advanceformSubmit()
11 SYSTEMPATH\CodeIgniter.php(507): CodeIgniter\CodeIgniter->runController(Object(App\Controllers\Admin))
12 SYSTEMPATH\CodeIgniter.php(354): CodeIgniter\CodeIgniter->handleRequest(null, Object(Config\Cache), false)
13 SYSTEMPATH\Boot.php(334): CodeIgniter\CodeIgniter->run()
14 SYSTEMPATH\Boot.php(67): CodeIgniter\Boot::runCodeIgniter(Object(CodeIgniter\CodeIgniter))
15 FCPATH\index.php(56): CodeIgniter\Boot::bootWeb(Object(Config\Paths))
ERROR - 2025-03-11 05:01:17 --> mysqli_sql_exception: Unknown column 'created_at' in 'field list' in C:\xampp\htdocs\meesho\system\Database\MySQLi\Connection.php:327
Stack trace:
#0 C:\xampp\htdocs\meesho\system\Database\MySQLi\Connection.php(327): mysqli->query('INSERT INTO `pa...', 0)
#1 C:\xampp\htdocs\meesho\system\Database\BaseConnection.php(738): CodeIgniter\Database\MySQLi\Connection->execute('INSERT INTO `pa...')
#2 C:\xampp\htdocs\meesho\system\Database\BaseConnection.php(652): CodeIgniter\Database\BaseConnection->simpleQuery('INSERT INTO `pa...')
#3 C:\xampp\htdocs\meesho\system\Database\BaseBuilder.php(2345): CodeIgniter\Database\BaseConnection->query('INSERT INTO `pa...', Array, false)
#4 C:\xampp\htdocs\meesho\system\Model.php(394): CodeIgniter\Database\BaseBuilder->insert()
#5 C:\xampp\htdocs\meesho\system\BaseModel.php(839): CodeIgniter\Model->doInsert(Array)
#6 C:\xampp\htdocs\meesho\system\Model.php(800): CodeIgniter\BaseModel->insert(Array, false)
#7 C:\xampp\htdocs\meesho\system\BaseModel.php(750): CodeIgniter\Model->insert(Array, false)
#8 C:\xampp\htdocs\meesho\app\Controllers\Admin.php(722): CodeIgniter\BaseModel->save(Array)
#9 C:\xampp\htdocs\meesho\system\CodeIgniter.php(933): App\Controllers\Admin->advanceformSubmit()
#10 C:\xampp\htdocs\meesho\system\CodeIgniter.php(507): CodeIgniter\CodeIgniter->runController(Object(App\Controllers\Admin))
#11 C:\xampp\htdocs\meesho\system\CodeIgniter.php(354): CodeIgniter\CodeIgniter->handleRequest(NULL, Object(Config\Cache), false)
#12 C:\xampp\htdocs\meesho\system\Boot.php(334): CodeIgniter\CodeIgniter->run()
#13 C:\xampp\htdocs\meesho\system\Boot.php(67): CodeIgniter\Boot::runCodeIgniter(Object(CodeIgniter\CodeIgniter))
#14 C:\xampp\htdocs\meesho\index.php(56): CodeIgniter\Boot::bootWeb(Object(Config\Paths))
#15 {main}
CRITICAL - 2025-03-11 05:01:17 --> CodeIgniter\Database\Exceptions\DatabaseException: Unknown column 'created_at' in 'field list'
[Method: POST, Route: admin/advance-payment/submit]
in SYSTEMPATH\Database\BaseConnection.php on line 692.
 1 SYSTEMPATH\Database\BaseBuilder.php(2345): CodeIgniter\Database\BaseConnection->query('INSERT INTO `payments` (`staff_id`, `advance_amount`, `payment_date`, `created_at`, `updated_at`) VALUES (:staff_id:, :advance_amount:, :payment_date:, :created_at:, :updated_at:)', [...], false)
 2 SYSTEMPATH\Model.php(394): CodeIgniter\Database\BaseBuilder->insert()
 3 SYSTEMPATH\BaseModel.php(839): CodeIgniter\Model->doInsert([...])
 4 SYSTEMPATH\Model.php(800): CodeIgniter\BaseModel->insert([...], false)
 5 SYSTEMPATH\BaseModel.php(750): CodeIgniter\Model->insert([...], false)
 6 APPPATH\Controllers\Admin.php(722): CodeIgniter\BaseModel->save([...])
 7 SYSTEMPATH\CodeIgniter.php(933): App\Controllers\Admin->advanceformSubmit()
 8 SYSTEMPATH\CodeIgniter.php(507): CodeIgniter\CodeIgniter->runController(Object(App\Controllers\Admin))
 9 SYSTEMPATH\CodeIgniter.php(354): CodeIgniter\CodeIgniter->handleRequest(null, Object(Config\Cache), false)
10 SYSTEMPATH\Boot.php(334): CodeIgniter\CodeIgniter->run()
11 SYSTEMPATH\Boot.php(67): CodeIgniter\Boot::runCodeIgniter(Object(CodeIgniter\CodeIgniter))
12 FCPATH\index.php(56): CodeIgniter\Boot::bootWeb(Object(Config\Paths))
CRITICAL - 2025-03-11 05:01:17 --> [Caused by] CodeIgniter\Database\Exceptions\DatabaseException: Unknown column 'created_at' in 'field list'
in SYSTEMPATH\Database\MySQLi\Connection.php on line 332.
 1 SYSTEMPATH\Database\BaseConnection.php(738): CodeIgniter\Database\MySQLi\Connection->execute('INSERT INTO `payments` (`staff_id`, `advance_amount`, `payment_date`, `created_at`, `updated_at`) VALUES (\'18\', \'5\', \'2025-03-11\', \'2025-03-11 05:01:17\', \'2025-03-11 05:01:17\')')
 2 SYSTEMPATH\Database\BaseConnection.php(652): CodeIgniter\Database\BaseConnection->simpleQuery('INSERT INTO `payments` (`staff_id`, `advance_amount`, `payment_date`, `created_at`, `updated_at`) VALUES (\'18\', \'5\', \'2025-03-11\', \'2025-03-11 05:01:17\', \'2025-03-11 05:01:17\')')
 3 SYSTEMPATH\Database\BaseBuilder.php(2345): CodeIgniter\Database\BaseConnection->query('INSERT INTO `payments` (`staff_id`, `advance_amount`, `payment_date`, `created_at`, `updated_at`) VALUES (:staff_id:, :advance_amount:, :payment_date:, :created_at:, :updated_at:)', [...], false)
 4 SYSTEMPATH\Model.php(394): CodeIgniter\Database\BaseBuilder->insert()
 5 SYSTEMPATH\BaseModel.php(839): CodeIgniter\Model->doInsert([...])
 6 SYSTEMPATH\Model.php(800): CodeIgniter\BaseModel->insert([...], false)
 7 SYSTEMPATH\BaseModel.php(750): CodeIgniter\Model->insert([...], false)
 8 APPPATH\Controllers\Admin.php(722): CodeIgniter\BaseModel->save([...])
 9 SYSTEMPATH\CodeIgniter.php(933): App\Controllers\Admin->advanceformSubmit()
10 SYSTEMPATH\CodeIgniter.php(507): CodeIgniter\CodeIgniter->runController(Object(App\Controllers\Admin))
11 SYSTEMPATH\CodeIgniter.php(354): CodeIgniter\CodeIgniter->handleRequest(null, Object(Config\Cache), false)
12 SYSTEMPATH\Boot.php(334): CodeIgniter\CodeIgniter->run()
13 SYSTEMPATH\Boot.php(67): CodeIgniter\Boot::runCodeIgniter(Object(CodeIgniter\CodeIgniter))
14 FCPATH\index.php(56): CodeIgniter\Boot::bootWeb(Object(Config\Paths))
CRITICAL - 2025-03-11 05:01:17 --> [Caused by] mysqli_sql_exception: Unknown column 'created_at' in 'field list'
in SYSTEMPATH\Database\MySQLi\Connection.php on line 327.
 1 SYSTEMPATH\Database\MySQLi\Connection.php(327): mysqli->query('INSERT INTO `payments` (`staff_id`, `advance_amount`, `payment_date`, `created_at`, `updated_at`) VALUES (\'18\', \'5\', \'2025-03-11\', \'2025-03-11 05:01:17\', \'2025-03-11 05:01:17\')', 0)
 2 SYSTEMPATH\Database\BaseConnection.php(738): CodeIgniter\Database\MySQLi\Connection->execute('INSERT INTO `payments` (`staff_id`, `advance_amount`, `payment_date`, `created_at`, `updated_at`) VALUES (\'18\', \'5\', \'2025-03-11\', \'2025-03-11 05:01:17\', \'2025-03-11 05:01:17\')')
 3 SYSTEMPATH\Database\BaseConnection.php(652): CodeIgniter\Database\BaseConnection->simpleQuery('INSERT INTO `payments` (`staff_id`, `advance_amount`, `payment_date`, `created_at`, `updated_at`) VALUES (\'18\', \'5\', \'2025-03-11\', \'2025-03-11 05:01:17\', \'2025-03-11 05:01:17\')')
 4 SYSTEMPATH\Database\BaseBuilder.php(2345): CodeIgniter\Database\BaseConnection->query('INSERT INTO `payments` (`staff_id`, `advance_amount`, `payment_date`, `created_at`, `updated_at`) VALUES (:staff_id:, :advance_amount:, :payment_date:, :created_at:, :updated_at:)', [...], false)
 5 SYSTEMPATH\Model.php(394): CodeIgniter\Database\BaseBuilder->insert()
 6 SYSTEMPATH\BaseModel.php(839): CodeIgniter\Model->doInsert([...])
 7 SYSTEMPATH\Model.php(800): CodeIgniter\BaseModel->insert([...], false)
 8 SYSTEMPATH\BaseModel.php(750): CodeIgniter\Model->insert([...], false)
 9 APPPATH\Controllers\Admin.php(722): CodeIgniter\BaseModel->save([...])
10 SYSTEMPATH\CodeIgniter.php(933): App\Controllers\Admin->advanceformSubmit()
11 SYSTEMPATH\CodeIgniter.php(507): CodeIgniter\CodeIgniter->runController(Object(App\Controllers\Admin))
12 SYSTEMPATH\CodeIgniter.php(354): CodeIgniter\CodeIgniter->handleRequest(null, Object(Config\Cache), false)
13 SYSTEMPATH\Boot.php(334): CodeIgniter\CodeIgniter->run()
14 SYSTEMPATH\Boot.php(67): CodeIgniter\Boot::runCodeIgniter(Object(CodeIgniter\CodeIgniter))
15 FCPATH\index.php(56): CodeIgniter\Boot::bootWeb(Object(Config\Paths))
CRITICAL - 2025-03-11 05:08:21 --> ParseError: syntax error, unexpected end of file
[Method: GET, Route: admin/staff/advancepayments]
in APPPATH\Config\Routes.php on line 67.
 1 SYSTEMPATH\CodeIgniter.php(821): CodeIgniter\Router\RouteCollection->loadRoutes()
 2 SYSTEMPATH\CodeIgniter.php(455): CodeIgniter\CodeIgniter->tryToRouteIt(null)
 3 SYSTEMPATH\CodeIgniter.php(354): CodeIgniter\CodeIgniter->handleRequest(null, Object(Config\Cache), false)
 4 SYSTEMPATH\Boot.php(334): CodeIgniter\CodeIgniter->run()
 5 SYSTEMPATH\Boot.php(67): CodeIgniter\Boot::runCodeIgniter(Object(CodeIgniter\CodeIgniter))
 6 FCPATH\index.php(56): CodeIgniter\Boot::bootWeb(Object(Config\Paths))
CRITICAL - 2025-03-11 05:08:34 --> CodeIgniter\View\Exceptions\ViewException: Invalid file: "admin/advance_payment_list.php"
[Method: GET, Route: admin/staff/advancepayments]
in SYSTEMPATH\Exceptions\FrameworkException.php on line 39.
 1 SYSTEMPATH\View\View.php(212): CodeIgniter\Exceptions\FrameworkException::forInvalidFile('admin/advance_payment_list.php')
 2 SYSTEMPATH\Common.php(1173): CodeIgniter\View\View->render('admin/advance_payment_list', [], true)
 3 APPPATH\Controllers\Admin.php(742): view('admin/advance_payment_list', [...])
 4 SYSTEMPATH\CodeIgniter.php(933): App\Controllers\Admin->advancePaymentlist()
 5 SYSTEMPATH\CodeIgniter.php(507): CodeIgniter\CodeIgniter->runController(Object(App\Controllers\Admin))
 6 SYSTEMPATH\CodeIgniter.php(354): CodeIgniter\CodeIgniter->handleRequest(null, Object(Config\Cache), false)
 7 SYSTEMPATH\Boot.php(334): CodeIgniter\CodeIgniter->run()
 8 SYSTEMPATH\Boot.php(67): CodeIgniter\Boot::runCodeIgniter(Object(CodeIgniter\CodeIgniter))
 9 FCPATH\index.php(56): CodeIgniter\Boot::bootWeb(Object(Config\Paths))
CRITICAL - 2025-03-11 05:34:55 --> CodeIgniter\View\Exceptions\ViewException: Invalid file: "admin/advance_payment_list.php"
[Method: GET, Route: admin/staff/advancepayments]
in SYSTEMPATH\Exceptions\FrameworkException.php on line 39.
 1 SYSTEMPATH\View\View.php(212): CodeIgniter\Exceptions\FrameworkException::forInvalidFile('admin/advance_payment_list.php')
 2 SYSTEMPATH\Common.php(1173): CodeIgniter\View\View->render('admin/advance_payment_list', [], true)
 3 APPPATH\Controllers\Admin.php(759): view('admin/advance_payment_list', [...])
 4 SYSTEMPATH\CodeIgniter.php(933): App\Controllers\Admin->advancePaymentlist()
 5 SYSTEMPATH\CodeIgniter.php(507): CodeIgniter\CodeIgniter->runController(Object(App\Controllers\Admin))
 6 SYSTEMPATH\CodeIgniter.php(354): CodeIgniter\CodeIgniter->handleRequest(null, Object(Config\Cache), false)
 7 SYSTEMPATH\Boot.php(334): CodeIgniter\CodeIgniter->run()
 8 SYSTEMPATH\Boot.php(67): CodeIgniter\Boot::runCodeIgniter(Object(CodeIgniter\CodeIgniter))
 9 FCPATH\index.php(56): CodeIgniter\Boot::bootWeb(Object(Config\Paths))
CRITICAL - 2025-03-11 05:55:48 --> ErrorException: Undefined array key "advance_amount"
[Method: GET, Route: admin/staff/salaries]
in APPPATH\Views\layouts\staff_salaries_list.php on line 66.
 1 APPPATH\Views\layouts\staff_salaries_list.php(66): CodeIgniter\Debug\Exceptions->errorHandler(2, 'Undefined array key "advance_amount"', 'C:\\xampp\\htdocs\\meesho\\app\\Views\\layouts\\staff_salaries_list.php', 66)
 2 SYSTEMPATH\View\View.php(224): include('C:\\xampp\\htdocs\\meesho\\app\\Views\\layouts\\staff_salaries_list.php')
 3 SYSTEMPATH\View\View.php(227): CodeIgniter\View\View->CodeIgniter\View\{closure}()
 4 SYSTEMPATH\View\View.php(240): CodeIgniter\View\View->render('layouts/staff_salaries_list', null, true)
 5 SYSTEMPATH\View\View.php(475): CodeIgniter\View\View->render('common/footer', null, true)
 6 APPPATH\Views\staff_salaries_list.php(10): CodeIgniter\View\View->include('common/footer')
 7 SYSTEMPATH\View\View.php(224): include('C:\\xampp\\htdocs\\meesho\\app\\Views\\staff_salaries_list.php')
 8 SYSTEMPATH\View\View.php(227): CodeIgniter\View\View->CodeIgniter\View\{closure}()
 9 SYSTEMPATH\Common.php(1173): CodeIgniter\View\View->render('staff_salaries_list', [], true)
10 APPPATH\Controllers\Admin.php(795): view('staff_salaries_list', [...])
11 SYSTEMPATH\CodeIgniter.php(933): App\Controllers\Admin->listStaffSalaries()
12 SYSTEMPATH\CodeIgniter.php(507): CodeIgniter\CodeIgniter->runController(Object(App\Controllers\Admin))
13 SYSTEMPATH\CodeIgniter.php(354): CodeIgniter\CodeIgniter->handleRequest(null, Object(Config\Cache), false)
14 SYSTEMPATH\Boot.php(334): CodeIgniter\CodeIgniter->run()
15 SYSTEMPATH\Boot.php(67): CodeIgniter\Boot::runCodeIgniter(Object(CodeIgniter\CodeIgniter))
16 FCPATH\index.php(56): CodeIgniter\Boot::bootWeb(Object(Config\Paths))
CRITICAL - 2025-03-11 05:57:19 --> CodeIgniter\Exceptions\BadMethodCallException: Call to undefined method App\Models\PaymentModel::sum
[Method: GET, Route: admin/staff/salaries]
in SYSTEMPATH\Model.php on line 930.
 1 APPPATH\Controllers\Admin.php(744): CodeIgniter\Model->__call('sum', [...])
 2 SYSTEMPATH\CodeIgniter.php(933): App\Controllers\Admin->listStaffSalaries()
 3 SYSTEMPATH\CodeIgniter.php(507): CodeIgniter\CodeIgniter->runController(Object(App\Controllers\Admin))
 4 SYSTEMPATH\CodeIgniter.php(354): CodeIgniter\CodeIgniter->handleRequest(null, Object(Config\Cache), false)
 5 SYSTEMPATH\Boot.php(334): CodeIgniter\CodeIgniter->run()
 6 SYSTEMPATH\Boot.php(67): CodeIgniter\Boot::runCodeIgniter(Object(CodeIgniter\CodeIgniter))
 7 FCPATH\index.php(56): CodeIgniter\Boot::bootWeb(Object(Config\Paths))
CRITICAL - 2025-03-11 05:58:48 --> CodeIgniter\Exceptions\BadMethodCallException: Call to undefined method App\Models\PaymentModel::sum
[Method: GET, Route: admin/staff/salaries]
in SYSTEMPATH\Model.php on line 930.
 1 APPPATH\Controllers\Admin.php(744): CodeIgniter\Model->__call('sum', [...])
 2 SYSTEMPATH\CodeIgniter.php(933): App\Controllers\Admin->listStaffSalaries()
 3 SYSTEMPATH\CodeIgniter.php(507): CodeIgniter\CodeIgniter->runController(Object(App\Controllers\Admin))
 4 SYSTEMPATH\CodeIgniter.php(354): CodeIgniter\CodeIgniter->handleRequest(null, Object(Config\Cache), false)
 5 SYSTEMPATH\Boot.php(334): CodeIgniter\CodeIgniter->run()
 6 SYSTEMPATH\Boot.php(67): CodeIgniter\Boot::runCodeIgniter(Object(CodeIgniter\CodeIgniter))
 7 FCPATH\index.php(56): CodeIgniter\Boot::bootWeb(Object(Config\Paths))
CRITICAL - 2025-03-11 05:58:49 --> CodeIgniter\Exceptions\BadMethodCallException: Call to undefined method App\Models\PaymentModel::sum
[Method: GET, Route: admin/staff/salaries]
in SYSTEMPATH\Model.php on line 930.
 1 APPPATH\Controllers\Admin.php(744): CodeIgniter\Model->__call('sum', [...])
 2 SYSTEMPATH\CodeIgniter.php(933): App\Controllers\Admin->listStaffSalaries()
 3 SYSTEMPATH\CodeIgniter.php(507): CodeIgniter\CodeIgniter->runController(Object(App\Controllers\Admin))
 4 SYSTEMPATH\CodeIgniter.php(354): CodeIgniter\CodeIgniter->handleRequest(null, Object(Config\Cache), false)
 5 SYSTEMPATH\Boot.php(334): CodeIgniter\CodeIgniter->run()
 6 SYSTEMPATH\Boot.php(67): CodeIgniter\Boot::runCodeIgniter(Object(CodeIgniter\CodeIgniter))
 7 FCPATH\index.php(56): CodeIgniter\Boot::bootWeb(Object(Config\Paths))
CRITICAL - 2025-03-11 05:59:04 --> CodeIgniter\Exceptions\BadMethodCallException: Call to undefined method App\Models\PaymentModel::sum
[Method: GET, Route: admin/staff/salaries]
in SYSTEMPATH\Model.php on line 930.
 1 APPPATH\Controllers\Admin.php(744): CodeIgniter\Model->__call('sum', [...])
 2 SYSTEMPATH\CodeIgniter.php(933): App\Controllers\Admin->listStaffSalaries()
 3 SYSTEMPATH\CodeIgniter.php(507): CodeIgniter\CodeIgniter->runController(Object(App\Controllers\Admin))
 4 SYSTEMPATH\CodeIgniter.php(354): CodeIgniter\CodeIgniter->handleRequest(null, Object(Config\Cache), false)
 5 SYSTEMPATH\Boot.php(334): CodeIgniter\CodeIgniter->run()
 6 SYSTEMPATH\Boot.php(67): CodeIgniter\Boot::runCodeIgniter(Object(CodeIgniter\CodeIgniter))
 7 FCPATH\index.php(56): CodeIgniter\Boot::bootWeb(Object(Config\Paths))
CRITICAL - 2025-03-11 05:59:05 --> CodeIgniter\Exceptions\BadMethodCallException: Call to undefined method App\Models\PaymentModel::sum
[Method: GET, Route: admin/staff/salaries]
in SYSTEMPATH\Model.php on line 930.
 1 APPPATH\Controllers\Admin.php(744): CodeIgniter\Model->__call('sum', [...])
 2 SYSTEMPATH\CodeIgniter.php(933): App\Controllers\Admin->listStaffSalaries()
 3 SYSTEMPATH\CodeIgniter.php(507): CodeIgniter\CodeIgniter->runController(Object(App\Controllers\Admin))
 4 SYSTEMPATH\CodeIgniter.php(354): CodeIgniter\CodeIgniter->handleRequest(null, Object(Config\Cache), false)
 5 SYSTEMPATH\Boot.php(334): CodeIgniter\CodeIgniter->run()
 6 SYSTEMPATH\Boot.php(67): CodeIgniter\Boot::runCodeIgniter(Object(CodeIgniter\CodeIgniter))
 7 FCPATH\index.php(56): CodeIgniter\Boot::bootWeb(Object(Config\Paths))
CRITICAL - 2025-03-11 05:59:05 --> CodeIgniter\Exceptions\BadMethodCallException: Call to undefined method App\Models\PaymentModel::sum
[Method: GET, Route: admin/staff/salaries]
in SYSTEMPATH\Model.php on line 930.
 1 APPPATH\Controllers\Admin.php(744): CodeIgniter\Model->__call('sum', [...])
 2 SYSTEMPATH\CodeIgniter.php(933): App\Controllers\Admin->listStaffSalaries()
 3 SYSTEMPATH\CodeIgniter.php(507): CodeIgniter\CodeIgniter->runController(Object(App\Controllers\Admin))
 4 SYSTEMPATH\CodeIgniter.php(354): CodeIgniter\CodeIgniter->handleRequest(null, Object(Config\Cache), false)
 5 SYSTEMPATH\Boot.php(334): CodeIgniter\CodeIgniter->run()
 6 SYSTEMPATH\Boot.php(67): CodeIgniter\Boot::runCodeIgniter(Object(CodeIgniter\CodeIgniter))
 7 FCPATH\index.php(56): CodeIgniter\Boot::bootWeb(Object(Config\Paths))
CRITICAL - 2025-03-11 05:59:05 --> CodeIgniter\Exceptions\BadMethodCallException: Call to undefined method App\Models\PaymentModel::sum
[Method: GET, Route: admin/staff/salaries]
in SYSTEMPATH\Model.php on line 930.
 1 APPPATH\Controllers\Admin.php(744): CodeIgniter\Model->__call('sum', [...])
 2 SYSTEMPATH\CodeIgniter.php(933): App\Controllers\Admin->listStaffSalaries()
 3 SYSTEMPATH\CodeIgniter.php(507): CodeIgniter\CodeIgniter->runController(Object(App\Controllers\Admin))
 4 SYSTEMPATH\CodeIgniter.php(354): CodeIgniter\CodeIgniter->handleRequest(null, Object(Config\Cache), false)
 5 SYSTEMPATH\Boot.php(334): CodeIgniter\CodeIgniter->run()
 6 SYSTEMPATH\Boot.php(67): CodeIgniter\Boot::runCodeIgniter(Object(CodeIgniter\CodeIgniter))
 7 FCPATH\index.php(56): CodeIgniter\Boot::bootWeb(Object(Config\Paths))
CRITICAL - 2025-03-11 05:59:06 --> CodeIgniter\Exceptions\BadMethodCallException: Call to undefined method App\Models\PaymentModel::sum
[Method: GET, Route: admin/staff/salaries]
in SYSTEMPATH\Model.php on line 930.
 1 APPPATH\Controllers\Admin.php(744): CodeIgniter\Model->__call('sum', [...])
 2 SYSTEMPATH\CodeIgniter.php(933): App\Controllers\Admin->listStaffSalaries()
 3 SYSTEMPATH\CodeIgniter.php(507): CodeIgniter\CodeIgniter->runController(Object(App\Controllers\Admin))
 4 SYSTEMPATH\CodeIgniter.php(354): CodeIgniter\CodeIgniter->handleRequest(null, Object(Config\Cache), false)
 5 SYSTEMPATH\Boot.php(334): CodeIgniter\CodeIgniter->run()
 6 SYSTEMPATH\Boot.php(67): CodeIgniter\Boot::runCodeIgniter(Object(CodeIgniter\CodeIgniter))
 7 FCPATH\index.php(56): CodeIgniter\Boot::bootWeb(Object(Config\Paths))
CRITICAL - 2025-03-11 05:59:06 --> CodeIgniter\Exceptions\BadMethodCallException: Call to undefined method App\Models\PaymentModel::sum
[Method: GET, Route: admin/staff/salaries]
in SYSTEMPATH\Model.php on line 930.
 1 APPPATH\Controllers\Admin.php(744): CodeIgniter\Model->__call('sum', [...])
 2 SYSTEMPATH\CodeIgniter.php(933): App\Controllers\Admin->listStaffSalaries()
 3 SYSTEMPATH\CodeIgniter.php(507): CodeIgniter\CodeIgniter->runController(Object(App\Controllers\Admin))
 4 SYSTEMPATH\CodeIgniter.php(354): CodeIgniter\CodeIgniter->handleRequest(null, Object(Config\Cache), false)
 5 SYSTEMPATH\Boot.php(334): CodeIgniter\CodeIgniter->run()
 6 SYSTEMPATH\Boot.php(67): CodeIgniter\Boot::runCodeIgniter(Object(CodeIgniter\CodeIgniter))
 7 FCPATH\index.php(56): CodeIgniter\Boot::bootWeb(Object(Config\Paths))
CRITICAL - 2025-03-11 05:59:06 --> CodeIgniter\Exceptions\BadMethodCallException: Call to undefined method App\Models\PaymentModel::sum
[Method: GET, Route: admin/staff/salaries]
in SYSTEMPATH\Model.php on line 930.
 1 APPPATH\Controllers\Admin.php(744): CodeIgniter\Model->__call('sum', [...])
 2 SYSTEMPATH\CodeIgniter.php(933): App\Controllers\Admin->listStaffSalaries()
 3 SYSTEMPATH\CodeIgniter.php(507): CodeIgniter\CodeIgniter->runController(Object(App\Controllers\Admin))
 4 SYSTEMPATH\CodeIgniter.php(354): CodeIgniter\CodeIgniter->handleRequest(null, Object(Config\Cache), false)
 5 SYSTEMPATH\Boot.php(334): CodeIgniter\CodeIgniter->run()
 6 SYSTEMPATH\Boot.php(67): CodeIgniter\Boot::runCodeIgniter(Object(CodeIgniter\CodeIgniter))
 7 FCPATH\index.php(56): CodeIgniter\Boot::bootWeb(Object(Config\Paths))
CRITICAL - 2025-03-11 06:52:21 --> ErrorException: Undefined variable $totalDeliveries
[Method: GET, Route: admin/dashboard]
in APPPATH\Views\layouts\dashboard.php on line 35.
 1 APPPATH\Views\layouts\dashboard.php(35): CodeIgniter\Debug\Exceptions->errorHandler(2, 'Undefined variable $totalDeliveries', 'C:\\xampp\\htdocs\\meesho\\app\\Views\\layouts\\dashboard.php', 35)
 2 SYSTEMPATH\View\View.php(224): include('C:\\xampp\\htdocs\\meesho\\app\\Views\\layouts\\dashboard.php')
 3 SYSTEMPATH\View\View.php(227): CodeIgniter\View\View->CodeIgniter\View\{closure}()
 4 SYSTEMPATH\View\View.php(240): CodeIgniter\View\View->render('layouts/dashboard', null, true)
 5 SYSTEMPATH\View\View.php(475): CodeIgniter\View\View->render('common/footer', null, true)
 6 APPPATH\Views\admin_layout.php(10): CodeIgniter\View\View->include('common/footer')
 7 SYSTEMPATH\View\View.php(224): include('C:\\xampp\\htdocs\\meesho\\app\\Views\\admin_layout.php')
 8 SYSTEMPATH\View\View.php(227): CodeIgniter\View\View->CodeIgniter\View\{closure}()
 9 SYSTEMPATH\Common.php(1173): CodeIgniter\View\View->render('admin_layout', [], true)
10 APPPATH\Controllers\LoginController.php(52): view('admin_layout', [...])
11 SYSTEMPATH\CodeIgniter.php(933): App\Controllers\LoginController->dashboard()
12 SYSTEMPATH\CodeIgniter.php(507): CodeIgniter\CodeIgniter->runController(Object(App\Controllers\LoginController))
13 SYSTEMPATH\CodeIgniter.php(354): CodeIgniter\CodeIgniter->handleRequest(null, Object(Config\Cache), false)
14 SYSTEMPATH\Boot.php(334): CodeIgniter\CodeIgniter->run()
15 SYSTEMPATH\Boot.php(67): CodeIgniter\Boot::runCodeIgniter(Object(CodeIgniter\CodeIgniter))
16 FCPATH\index.php(56): CodeIgniter\Boot::bootWeb(Object(Config\Paths))
CRITICAL - 2025-03-11 06:53:21 --> ErrorException: Undefined variable $totalDeliveries
[Method: GET, Route: admin/dashboard]
in APPPATH\Views\layouts\dashboard.php on line 35.
 1 APPPATH\Views\layouts\dashboard.php(35): CodeIgniter\Debug\Exceptions->errorHandler(2, 'Undefined variable $totalDeliveries', 'C:\\xampp\\htdocs\\meesho\\app\\Views\\layouts\\dashboard.php', 35)
 2 SYSTEMPATH\View\View.php(224): include('C:\\xampp\\htdocs\\meesho\\app\\Views\\layouts\\dashboard.php')
 3 SYSTEMPATH\View\View.php(227): CodeIgniter\View\View->CodeIgniter\View\{closure}()
 4 SYSTEMPATH\View\View.php(240): CodeIgniter\View\View->render('layouts/dashboard', null, true)
 5 SYSTEMPATH\View\View.php(475): CodeIgniter\View\View->render('common/footer', null, true)
 6 APPPATH\Views\admin_layout.php(10): CodeIgniter\View\View->include('common/footer')
 7 SYSTEMPATH\View\View.php(224): include('C:\\xampp\\htdocs\\meesho\\app\\Views\\admin_layout.php')
 8 SYSTEMPATH\View\View.php(227): CodeIgniter\View\View->CodeIgniter\View\{closure}()
 9 SYSTEMPATH\Common.php(1173): CodeIgniter\View\View->render('admin_layout', [], true)
10 APPPATH\Controllers\LoginController.php(52): view('admin_layout', [...])
11 SYSTEMPATH\CodeIgniter.php(933): App\Controllers\LoginController->dashboard()
12 SYSTEMPATH\CodeIgniter.php(507): CodeIgniter\CodeIgniter->runController(Object(App\Controllers\LoginController))
13 SYSTEMPATH\CodeIgniter.php(354): CodeIgniter\CodeIgniter->handleRequest(null, Object(Config\Cache), false)
14 SYSTEMPATH\Boot.php(334): CodeIgniter\CodeIgniter->run()
15 SYSTEMPATH\Boot.php(67): CodeIgniter\Boot::runCodeIgniter(Object(CodeIgniter\CodeIgniter))
16 FCPATH\index.php(56): CodeIgniter\Boot::bootWeb(Object(Config\Paths))
CRITICAL - 2025-03-11 06:53:21 --> ErrorException: Undefined variable $totalDeliveries
[Method: GET, Route: admin/dashboard]
in APPPATH\Views\layouts\dashboard.php on line 35.
 1 APPPATH\Views\layouts\dashboard.php(35): CodeIgniter\Debug\Exceptions->errorHandler(2, 'Undefined variable $totalDeliveries', 'C:\\xampp\\htdocs\\meesho\\app\\Views\\layouts\\dashboard.php', 35)
 2 SYSTEMPATH\View\View.php(224): include('C:\\xampp\\htdocs\\meesho\\app\\Views\\layouts\\dashboard.php')
 3 SYSTEMPATH\View\View.php(227): CodeIgniter\View\View->CodeIgniter\View\{closure}()
 4 SYSTEMPATH\View\View.php(240): CodeIgniter\View\View->render('layouts/dashboard', null, true)
 5 SYSTEMPATH\View\View.php(475): CodeIgniter\View\View->render('common/footer', null, true)
 6 APPPATH\Views\admin_layout.php(10): CodeIgniter\View\View->include('common/footer')
 7 SYSTEMPATH\View\View.php(224): include('C:\\xampp\\htdocs\\meesho\\app\\Views\\admin_layout.php')
 8 SYSTEMPATH\View\View.php(227): CodeIgniter\View\View->CodeIgniter\View\{closure}()
 9 SYSTEMPATH\Common.php(1173): CodeIgniter\View\View->render('admin_layout', [], true)
10 APPPATH\Controllers\LoginController.php(52): view('admin_layout', [...])
11 SYSTEMPATH\CodeIgniter.php(933): App\Controllers\LoginController->dashboard()
12 SYSTEMPATH\CodeIgniter.php(507): CodeIgniter\CodeIgniter->runController(Object(App\Controllers\LoginController))
13 SYSTEMPATH\CodeIgniter.php(354): CodeIgniter\CodeIgniter->handleRequest(null, Object(Config\Cache), false)
14 SYSTEMPATH\Boot.php(334): CodeIgniter\CodeIgniter->run()
15 SYSTEMPATH\Boot.php(67): CodeIgniter\Boot::runCodeIgniter(Object(CodeIgniter\CodeIgniter))
16 FCPATH\index.php(56): CodeIgniter\Boot::bootWeb(Object(Config\Paths))
CRITICAL - 2025-03-11 06:53:22 --> ErrorException: Undefined variable $totalDeliveries
[Method: GET, Route: admin/dashboard]
in APPPATH\Views\layouts\dashboard.php on line 35.
 1 APPPATH\Views\layouts\dashboard.php(35): CodeIgniter\Debug\Exceptions->errorHandler(2, 'Undefined variable $totalDeliveries', 'C:\\xampp\\htdocs\\meesho\\app\\Views\\layouts\\dashboard.php', 35)
 2 SYSTEMPATH\View\View.php(224): include('C:\\xampp\\htdocs\\meesho\\app\\Views\\layouts\\dashboard.php')
 3 SYSTEMPATH\View\View.php(227): CodeIgniter\View\View->CodeIgniter\View\{closure}()
 4 SYSTEMPATH\View\View.php(240): CodeIgniter\View\View->render('layouts/dashboard', null, true)
 5 SYSTEMPATH\View\View.php(475): CodeIgniter\View\View->render('common/footer', null, true)
 6 APPPATH\Views\admin_layout.php(10): CodeIgniter\View\View->include('common/footer')
 7 SYSTEMPATH\View\View.php(224): include('C:\\xampp\\htdocs\\meesho\\app\\Views\\admin_layout.php')
 8 SYSTEMPATH\View\View.php(227): CodeIgniter\View\View->CodeIgniter\View\{closure}()
 9 SYSTEMPATH\Common.php(1173): CodeIgniter\View\View->render('admin_layout', [], true)
10 APPPATH\Controllers\LoginController.php(52): view('admin_layout', [...])
11 SYSTEMPATH\CodeIgniter.php(933): App\Controllers\LoginController->dashboard()
12 SYSTEMPATH\CodeIgniter.php(507): CodeIgniter\CodeIgniter->runController(Object(App\Controllers\LoginController))
13 SYSTEMPATH\CodeIgniter.php(354): CodeIgniter\CodeIgniter->handleRequest(null, Object(Config\Cache), false)
14 SYSTEMPATH\Boot.php(334): CodeIgniter\CodeIgniter->run()
15 SYSTEMPATH\Boot.php(67): CodeIgniter\Boot::runCodeIgniter(Object(CodeIgniter\CodeIgniter))
16 FCPATH\index.php(56): CodeIgniter\Boot::bootWeb(Object(Config\Paths))
CRITICAL - 2025-03-11 06:53:22 --> ErrorException: Undefined variable $totalDeliveries
[Method: GET, Route: admin/dashboard]
in APPPATH\Views\layouts\dashboard.php on line 35.
 1 APPPATH\Views\layouts\dashboard.php(35): CodeIgniter\Debug\Exceptions->errorHandler(2, 'Undefined variable $totalDeliveries', 'C:\\xampp\\htdocs\\meesho\\app\\Views\\layouts\\dashboard.php', 35)
 2 SYSTEMPATH\View\View.php(224): include('C:\\xampp\\htdocs\\meesho\\app\\Views\\layouts\\dashboard.php')
 3 SYSTEMPATH\View\View.php(227): CodeIgniter\View\View->CodeIgniter\View\{closure}()
 4 SYSTEMPATH\View\View.php(240): CodeIgniter\View\View->render('layouts/dashboard', null, true)
 5 SYSTEMPATH\View\View.php(475): CodeIgniter\View\View->render('common/footer', null, true)
 6 APPPATH\Views\admin_layout.php(10): CodeIgniter\View\View->include('common/footer')
 7 SYSTEMPATH\View\View.php(224): include('C:\\xampp\\htdocs\\meesho\\app\\Views\\admin_layout.php')
 8 SYSTEMPATH\View\View.php(227): CodeIgniter\View\View->CodeIgniter\View\{closure}()
 9 SYSTEMPATH\Common.php(1173): CodeIgniter\View\View->render('admin_layout', [], true)
10 APPPATH\Controllers\LoginController.php(52): view('admin_layout', [...])
11 SYSTEMPATH\CodeIgniter.php(933): App\Controllers\LoginController->dashboard()
12 SYSTEMPATH\CodeIgniter.php(507): CodeIgniter\CodeIgniter->runController(Object(App\Controllers\LoginController))
13 SYSTEMPATH\CodeIgniter.php(354): CodeIgniter\CodeIgniter->handleRequest(null, Object(Config\Cache), false)
14 SYSTEMPATH\Boot.php(334): CodeIgniter\CodeIgniter->run()
15 SYSTEMPATH\Boot.php(67): CodeIgniter\Boot::runCodeIgniter(Object(CodeIgniter\CodeIgniter))
16 FCPATH\index.php(56): CodeIgniter\Boot::bootWeb(Object(Config\Paths))
CRITICAL - 2025-03-11 06:54:34 --> ErrorException: Undefined variable $totalDeliveries
[Method: GET, Route: admin/dashboard]
in APPPATH\Views\layouts\dashboard.php on line 35.
 1 APPPATH\Views\layouts\dashboard.php(35): CodeIgniter\Debug\Exceptions->errorHandler(2, 'Undefined variable $totalDeliveries', 'C:\\xampp\\htdocs\\meesho\\app\\Views\\layouts\\dashboard.php', 35)
 2 SYSTEMPATH\View\View.php(224): include('C:\\xampp\\htdocs\\meesho\\app\\Views\\layouts\\dashboard.php')
 3 SYSTEMPATH\View\View.php(227): CodeIgniter\View\View->CodeIgniter\View\{closure}()
 4 SYSTEMPATH\View\View.php(240): CodeIgniter\View\View->render('layouts/dashboard', null, true)
 5 SYSTEMPATH\View\View.php(475): CodeIgniter\View\View->render('common/footer', null, true)
 6 APPPATH\Views\admin_layout.php(10): CodeIgniter\View\View->include('common/footer')
 7 SYSTEMPATH\View\View.php(224): include('C:\\xampp\\htdocs\\meesho\\app\\Views\\admin_layout.php')
 8 SYSTEMPATH\View\View.php(227): CodeIgniter\View\View->CodeIgniter\View\{closure}()
 9 SYSTEMPATH\Common.php(1173): CodeIgniter\View\View->render('admin_layout', [], true)
10 APPPATH\Controllers\LoginController.php(52): view('admin_layout', [...])
11 SYSTEMPATH\CodeIgniter.php(933): App\Controllers\LoginController->dashboard()
12 SYSTEMPATH\CodeIgniter.php(507): CodeIgniter\CodeIgniter->runController(Object(App\Controllers\LoginController))
13 SYSTEMPATH\CodeIgniter.php(354): CodeIgniter\CodeIgniter->handleRequest(null, Object(Config\Cache), false)
14 SYSTEMPATH\Boot.php(334): CodeIgniter\CodeIgniter->run()
15 SYSTEMPATH\Boot.php(67): CodeIgniter\Boot::runCodeIgniter(Object(CodeIgniter\CodeIgniter))
16 FCPATH\index.php(56): CodeIgniter\Boot::bootWeb(Object(Config\Paths))
CRITICAL - 2025-03-11 06:54:35 --> ErrorException: Undefined variable $totalDeliveries
[Method: GET, Route: admin/dashboard]
in APPPATH\Views\layouts\dashboard.php on line 35.
 1 APPPATH\Views\layouts\dashboard.php(35): CodeIgniter\Debug\Exceptions->errorHandler(2, 'Undefined variable $totalDeliveries', 'C:\\xampp\\htdocs\\meesho\\app\\Views\\layouts\\dashboard.php', 35)
 2 SYSTEMPATH\View\View.php(224): include('C:\\xampp\\htdocs\\meesho\\app\\Views\\layouts\\dashboard.php')
 3 SYSTEMPATH\View\View.php(227): CodeIgniter\View\View->CodeIgniter\View\{closure}()
 4 SYSTEMPATH\View\View.php(240): CodeIgniter\View\View->render('layouts/dashboard', null, true)
 5 SYSTEMPATH\View\View.php(475): CodeIgniter\View\View->render('common/footer', null, true)
 6 APPPATH\Views\admin_layout.php(10): CodeIgniter\View\View->include('common/footer')
 7 SYSTEMPATH\View\View.php(224): include('C:\\xampp\\htdocs\\meesho\\app\\Views\\admin_layout.php')
 8 SYSTEMPATH\View\View.php(227): CodeIgniter\View\View->CodeIgniter\View\{closure}()
 9 SYSTEMPATH\Common.php(1173): CodeIgniter\View\View->render('admin_layout', [], true)
10 APPPATH\Controllers\LoginController.php(52): view('admin_layout', [...])
11 SYSTEMPATH\CodeIgniter.php(933): App\Controllers\LoginController->dashboard()
12 SYSTEMPATH\CodeIgniter.php(507): CodeIgniter\CodeIgniter->runController(Object(App\Controllers\LoginController))
13 SYSTEMPATH\CodeIgniter.php(354): CodeIgniter\CodeIgniter->handleRequest(null, Object(Config\Cache), false)
14 SYSTEMPATH\Boot.php(334): CodeIgniter\CodeIgniter->run()
15 SYSTEMPATH\Boot.php(67): CodeIgniter\Boot::runCodeIgniter(Object(CodeIgniter\CodeIgniter))
16 FCPATH\index.php(56): CodeIgniter\Boot::bootWeb(Object(Config\Paths))
CRITICAL - 2025-03-11 06:54:35 --> ErrorException: Undefined variable $totalDeliveries
[Method: GET, Route: admin/dashboard]
in APPPATH\Views\layouts\dashboard.php on line 35.
 1 APPPATH\Views\layouts\dashboard.php(35): CodeIgniter\Debug\Exceptions->errorHandler(2, 'Undefined variable $totalDeliveries', 'C:\\xampp\\htdocs\\meesho\\app\\Views\\layouts\\dashboard.php', 35)
 2 SYSTEMPATH\View\View.php(224): include('C:\\xampp\\htdocs\\meesho\\app\\Views\\layouts\\dashboard.php')
 3 SYSTEMPATH\View\View.php(227): CodeIgniter\View\View->CodeIgniter\View\{closure}()
 4 SYSTEMPATH\View\View.php(240): CodeIgniter\View\View->render('layouts/dashboard', null, true)
 5 SYSTEMPATH\View\View.php(475): CodeIgniter\View\View->render('common/footer', null, true)
 6 APPPATH\Views\admin_layout.php(10): CodeIgniter\View\View->include('common/footer')
 7 SYSTEMPATH\View\View.php(224): include('C:\\xampp\\htdocs\\meesho\\app\\Views\\admin_layout.php')
 8 SYSTEMPATH\View\View.php(227): CodeIgniter\View\View->CodeIgniter\View\{closure}()
 9 SYSTEMPATH\Common.php(1173): CodeIgniter\View\View->render('admin_layout', [], true)
10 APPPATH\Controllers\LoginController.php(52): view('admin_layout', [...])
11 SYSTEMPATH\CodeIgniter.php(933): App\Controllers\LoginController->dashboard()
12 SYSTEMPATH\CodeIgniter.php(507): CodeIgniter\CodeIgniter->runController(Object(App\Controllers\LoginController))
13 SYSTEMPATH\CodeIgniter.php(354): CodeIgniter\CodeIgniter->handleRequest(null, Object(Config\Cache), false)
14 SYSTEMPATH\Boot.php(334): CodeIgniter\CodeIgniter->run()
15 SYSTEMPATH\Boot.php(67): CodeIgniter\Boot::runCodeIgniter(Object(CodeIgniter\CodeIgniter))
16 FCPATH\index.php(56): CodeIgniter\Boot::bootWeb(Object(Config\Paths))
CRITICAL - 2025-03-11 06:54:36 --> ErrorException: Undefined variable $totalDeliveries
[Method: GET, Route: admin/dashboard]
in APPPATH\Views\layouts\dashboard.php on line 35.
 1 APPPATH\Views\layouts\dashboard.php(35): CodeIgniter\Debug\Exceptions->errorHandler(2, 'Undefined variable $totalDeliveries', 'C:\\xampp\\htdocs\\meesho\\app\\Views\\layouts\\dashboard.php', 35)
 2 SYSTEMPATH\View\View.php(224): include('C:\\xampp\\htdocs\\meesho\\app\\Views\\layouts\\dashboard.php')
 3 SYSTEMPATH\View\View.php(227): CodeIgniter\View\View->CodeIgniter\View\{closure}()
 4 SYSTEMPATH\View\View.php(240): CodeIgniter\View\View->render('layouts/dashboard', null, true)
 5 SYSTEMPATH\View\View.php(475): CodeIgniter\View\View->render('common/footer', null, true)
 6 APPPATH\Views\admin_layout.php(10): CodeIgniter\View\View->include('common/footer')
 7 SYSTEMPATH\View\View.php(224): include('C:\\xampp\\htdocs\\meesho\\app\\Views\\admin_layout.php')
 8 SYSTEMPATH\View\View.php(227): CodeIgniter\View\View->CodeIgniter\View\{closure}()
 9 SYSTEMPATH\Common.php(1173): CodeIgniter\View\View->render('admin_layout', [], true)
10 APPPATH\Controllers\LoginController.php(52): view('admin_layout', [...])
11 SYSTEMPATH\CodeIgniter.php(933): App\Controllers\LoginController->dashboard()
12 SYSTEMPATH\CodeIgniter.php(507): CodeIgniter\CodeIgniter->runController(Object(App\Controllers\LoginController))
13 SYSTEMPATH\CodeIgniter.php(354): CodeIgniter\CodeIgniter->handleRequest(null, Object(Config\Cache), false)
14 SYSTEMPATH\Boot.php(334): CodeIgniter\CodeIgniter->run()
15 SYSTEMPATH\Boot.php(67): CodeIgniter\Boot::runCodeIgniter(Object(CodeIgniter\CodeIgniter))
16 FCPATH\index.php(56): CodeIgniter\Boot::bootWeb(Object(Config\Paths))
CRITICAL - 2025-03-11 06:54:50 --> ErrorException: Undefined variable $totalDeliveries
[Method: GET, Route: admin/dashboard]
in APPPATH\Views\layouts\dashboard.php on line 35.
 1 APPPATH\Views\layouts\dashboard.php(35): CodeIgniter\Debug\Exceptions->errorHandler(2, 'Undefined variable $totalDeliveries', 'C:\\xampp\\htdocs\\meesho\\app\\Views\\layouts\\dashboard.php', 35)
 2 SYSTEMPATH\View\View.php(224): include('C:\\xampp\\htdocs\\meesho\\app\\Views\\layouts\\dashboard.php')
 3 SYSTEMPATH\View\View.php(227): CodeIgniter\View\View->CodeIgniter\View\{closure}()
 4 SYSTEMPATH\View\View.php(240): CodeIgniter\View\View->render('layouts/dashboard', null, true)
 5 SYSTEMPATH\View\View.php(475): CodeIgniter\View\View->render('common/footer', null, true)
 6 APPPATH\Views\admin_layout.php(10): CodeIgniter\View\View->include('common/footer')
 7 SYSTEMPATH\View\View.php(224): include('C:\\xampp\\htdocs\\meesho\\app\\Views\\admin_layout.php')
 8 SYSTEMPATH\View\View.php(227): CodeIgniter\View\View->CodeIgniter\View\{closure}()
 9 SYSTEMPATH\Common.php(1173): CodeIgniter\View\View->render('admin_layout', [], true)
10 APPPATH\Controllers\LoginController.php(52): view('admin_layout', [...])
11 SYSTEMPATH\CodeIgniter.php(933): App\Controllers\LoginController->dashboard()
12 SYSTEMPATH\CodeIgniter.php(507): CodeIgniter\CodeIgniter->runController(Object(App\Controllers\LoginController))
13 SYSTEMPATH\CodeIgniter.php(354): CodeIgniter\CodeIgniter->handleRequest(null, Object(Config\Cache), false)
14 SYSTEMPATH\Boot.php(334): CodeIgniter\CodeIgniter->run()
15 SYSTEMPATH\Boot.php(67): CodeIgniter\Boot::runCodeIgniter(Object(CodeIgniter\CodeIgniter))
16 FCPATH\index.php(56): CodeIgniter\Boot::bootWeb(Object(Config\Paths))
CRITICAL - 2025-03-11 06:55:20 --> ErrorException: Undefined variable $totalDeliveries
[Method: GET, Route: admin/dashboard]
in APPPATH\Views\layouts\dashboard.php on line 35.
 1 APPPATH\Views\layouts\dashboard.php(35): CodeIgniter\Debug\Exceptions->errorHandler(2, 'Undefined variable $totalDeliveries', 'C:\\xampp\\htdocs\\meesho\\app\\Views\\layouts\\dashboard.php', 35)
 2 SYSTEMPATH\View\View.php(224): include('C:\\xampp\\htdocs\\meesho\\app\\Views\\layouts\\dashboard.php')
 3 SYSTEMPATH\View\View.php(227): CodeIgniter\View\View->CodeIgniter\View\{closure}()
 4 SYSTEMPATH\View\View.php(240): CodeIgniter\View\View->render('layouts/dashboard', null, true)
 5 SYSTEMPATH\View\View.php(475): CodeIgniter\View\View->render('common/footer', null, true)
 6 APPPATH\Views\admin_layout.php(10): CodeIgniter\View\View->include('common/footer')
 7 SYSTEMPATH\View\View.php(224): include('C:\\xampp\\htdocs\\meesho\\app\\Views\\admin_layout.php')
 8 SYSTEMPATH\View\View.php(227): CodeIgniter\View\View->CodeIgniter\View\{closure}()
 9 SYSTEMPATH\Common.php(1173): CodeIgniter\View\View->render('admin_layout', [], true)
10 APPPATH\Controllers\LoginController.php(52): view('admin_layout', [...])
11 SYSTEMPATH\CodeIgniter.php(933): App\Controllers\LoginController->dashboard()
12 SYSTEMPATH\CodeIgniter.php(507): CodeIgniter\CodeIgniter->runController(Object(App\Controllers\LoginController))
13 SYSTEMPATH\CodeIgniter.php(354): CodeIgniter\CodeIgniter->handleRequest(null, Object(Config\Cache), false)
14 SYSTEMPATH\Boot.php(334): CodeIgniter\CodeIgniter->run()
15 SYSTEMPATH\Boot.php(67): CodeIgniter\Boot::runCodeIgniter(Object(CodeIgniter\CodeIgniter))
16 FCPATH\index.php(56): CodeIgniter\Boot::bootWeb(Object(Config\Paths))
CRITICAL - 2025-03-11 07:17:50 --> ErrorException: Undefined variable $totaldeleveryStaff
[Method: GET, Route: admin/dashboard]
in APPPATH\Views\layouts\dashboard.php on line 85.
 1 APPPATH\Views\layouts\dashboard.php(85): CodeIgniter\Debug\Exceptions->errorHandler(2, 'Undefined variable $totaldeleveryStaff', 'C:\\xampp\\htdocs\\meesho\\app\\Views\\layouts\\dashboard.php', 85)
 2 SYSTEMPATH\View\View.php(224): include('C:\\xampp\\htdocs\\meesho\\app\\Views\\layouts\\dashboard.php')
 3 SYSTEMPATH\View\View.php(227): CodeIgniter\View\View->CodeIgniter\View\{closure}()
 4 SYSTEMPATH\View\View.php(240): CodeIgniter\View\View->render('layouts/dashboard', null, true)
 5 SYSTEMPATH\View\View.php(475): CodeIgniter\View\View->render('common/footer', null, true)
 6 APPPATH\Views\admin_layout.php(10): CodeIgniter\View\View->include('common/footer')
 7 SYSTEMPATH\View\View.php(224): include('C:\\xampp\\htdocs\\meesho\\app\\Views\\admin_layout.php')
 8 SYSTEMPATH\View\View.php(227): CodeIgniter\View\View->CodeIgniter\View\{closure}()
 9 SYSTEMPATH\Common.php(1173): CodeIgniter\View\View->render('admin_layout', [], true)
10 APPPATH\Controllers\LoginController.php(62): view('admin_layout', [...])
11 SYSTEMPATH\CodeIgniter.php(933): App\Controllers\LoginController->dashboard()
12 SYSTEMPATH\CodeIgniter.php(507): CodeIgniter\CodeIgniter->runController(Object(App\Controllers\LoginController))
13 SYSTEMPATH\CodeIgniter.php(354): CodeIgniter\CodeIgniter->handleRequest(null, Object(Config\Cache), false)
14 SYSTEMPATH\Boot.php(334): CodeIgniter\CodeIgniter->run()
15 SYSTEMPATH\Boot.php(67): CodeIgniter\Boot::runCodeIgniter(Object(CodeIgniter\CodeIgniter))
16 FCPATH\index.php(56): CodeIgniter\Boot::bootWeb(Object(Config\Paths))
ERROR - 2025-03-11 11:50:25 --> Email: sendWithMail throwed ErrorException: mail(): Failed to connect to mailserver at &quot;localhost&quot; port 25, verify your &quot;SMTP&quot; and &quot;smtp_port&quot; setting in php.ini or use ini_set() in C:\xampp\htdocs\meesho\system\Email\Email.php:1764
Stack trace:
#0 [internal function]: CodeIgniter\Debug\Exceptions->errorHandler(2, 'mail(): Failed ...', 'C:\\xampp\\htdocs...', 1764)
#1 C:\xampp\htdocs\meesho\system\Email\Email.php(1764): mail('nimishajamesvic...', '=?UTF-8?Q?Test=...', 'This is a multi...', 'Date: Tue, 11 M...', '-f developernim...')
#2 C:\xampp\htdocs\meesho\system\Email\Email.php(1696): CodeIgniter\Email\Email->sendWithMail()
#3 C:\xampp\htdocs\meesho\system\Email\Email.php(1591): CodeIgniter\Email\Email->spoolEmail()
#4 C:\xampp\htdocs\meesho\app\Controllers\Home.php(29): CodeIgniter\Email\Email->send()
#5 C:\xampp\htdocs\meesho\system\CodeIgniter.php(933): App\Controllers\Home->sendEmail()
#6 C:\xampp\htdocs\meesho\system\CodeIgniter.php(507): CodeIgniter\CodeIgniter->runController(Object(App\Controllers\Home))
#7 C:\xampp\htdocs\meesho\system\CodeIgniter.php(354): CodeIgniter\CodeIgniter->handleRequest(NULL, Object(Config\Cache), false)
#8 C:\xampp\htdocs\meesho\system\Boot.php(334): CodeIgniter\CodeIgniter->run()
#9 C:\xampp\htdocs\meesho\system\Boot.php(67): CodeIgniter\Boot::runCodeIgniter(Object(CodeIgniter\CodeIgniter))
#10 C:\xampp\htdocs\meesho\index.php(56): CodeIgniter\Boot::bootWeb(Object(Config\Paths))
#11 {main}
ERROR - 2025-03-11 11:50:25 --> Email: Unable to send email using PHP mail(). Your server might not be configured to send mail using this method.
ERROR - 2025-03-11 11:50:25 --> 
ERROR - 2025-03-11 11:51:36 --> Email: sendWithMail throwed ErrorException: mail(): Failed to connect to mailserver at &quot;localhost&quot; port 25, verify your &quot;SMTP&quot; and &quot;smtp_port&quot; setting in php.ini or use ini_set() in C:\xampp\htdocs\meesho\system\Email\Email.php:1764
Stack trace:
#0 [internal function]: CodeIgniter\Debug\Exceptions->errorHandler(2, 'mail(): Failed ...', 'C:\\xampp\\htdocs...', 1764)
#1 C:\xampp\htdocs\meesho\system\Email\Email.php(1764): mail('nimishajamesvic...', '=?UTF-8?Q?Test=...', 'This is a multi...', 'Date: Tue, 11 M...', '-f developernim...')
#2 C:\xampp\htdocs\meesho\system\Email\Email.php(1696): CodeIgniter\Email\Email->sendWithMail()
#3 C:\xampp\htdocs\meesho\system\Email\Email.php(1591): CodeIgniter\Email\Email->spoolEmail()
#4 C:\xampp\htdocs\meesho\app\Controllers\Home.php(29): CodeIgniter\Email\Email->send()
#5 C:\xampp\htdocs\meesho\system\CodeIgniter.php(933): App\Controllers\Home->sendEmail()
#6 C:\xampp\htdocs\meesho\system\CodeIgniter.php(507): CodeIgniter\CodeIgniter->runController(Object(App\Controllers\Home))
#7 C:\xampp\htdocs\meesho\system\CodeIgniter.php(354): CodeIgniter\CodeIgniter->handleRequest(NULL, Object(Config\Cache), false)
#8 C:\xampp\htdocs\meesho\system\Boot.php(334): CodeIgniter\CodeIgniter->run()
#9 C:\xampp\htdocs\meesho\system\Boot.php(67): CodeIgniter\Boot::runCodeIgniter(Object(CodeIgniter\CodeIgniter))
#10 C:\xampp\htdocs\meesho\index.php(56): CodeIgniter\Boot::bootWeb(Object(Config\Paths))
#11 {main}
ERROR - 2025-03-11 11:51:36 --> Email: Unable to send email using PHP mail(). Your server might not be configured to send mail using this method.
ERROR - 2025-03-11 11:51:36 --> 
ERROR - 2025-03-11 11:52:38 --> Email: sendWithMail throwed ErrorException: mail(): Failed to connect to mailserver at &quot;localhost&quot; port 25, verify your &quot;SMTP&quot; and &quot;smtp_port&quot; setting in php.ini or use ini_set() in C:\xampp\htdocs\meesho\system\Email\Email.php:1764
Stack trace:
#0 [internal function]: CodeIgniter\Debug\Exceptions->errorHandler(2, 'mail(): Failed ...', 'C:\\xampp\\htdocs...', 1764)
#1 C:\xampp\htdocs\meesho\system\Email\Email.php(1764): mail('nimishajamesvic...', '=?UTF-8?Q?Test=...', 'This is a multi...', 'Date: Tue, 11 M...', '-f developernim...')
#2 C:\xampp\htdocs\meesho\system\Email\Email.php(1696): CodeIgniter\Email\Email->sendWithMail()
#3 C:\xampp\htdocs\meesho\system\Email\Email.php(1591): CodeIgniter\Email\Email->spoolEmail()
#4 C:\xampp\htdocs\meesho\app\Controllers\Home.php(29): CodeIgniter\Email\Email->send()
#5 C:\xampp\htdocs\meesho\system\CodeIgniter.php(933): App\Controllers\Home->sendEmail()
#6 C:\xampp\htdocs\meesho\system\CodeIgniter.php(507): CodeIgniter\CodeIgniter->runController(Object(App\Controllers\Home))
#7 C:\xampp\htdocs\meesho\system\CodeIgniter.php(354): CodeIgniter\CodeIgniter->handleRequest(NULL, Object(Config\Cache), false)
#8 C:\xampp\htdocs\meesho\system\Boot.php(334): CodeIgniter\CodeIgniter->run()
#9 C:\xampp\htdocs\meesho\system\Boot.php(67): CodeIgniter\Boot::runCodeIgniter(Object(CodeIgniter\CodeIgniter))
#10 C:\xampp\htdocs\meesho\index.php(56): CodeIgniter\Boot::bootWeb(Object(Config\Paths))
#11 {main}
ERROR - 2025-03-11 11:52:38 --> Email: Unable to send email using PHP mail(). Your server might not be configured to send mail using this method.
ERROR - 2025-03-11 11:52:38 --> 
CRITICAL - 2025-03-11 13:12:10 --> ErrorException: Undefined variable $totalDeliveries
[Method: GET, Route: admin]
in APPPATH\Views\layouts\dashboard.php on line 35.
 1 APPPATH\Views\layouts\dashboard.php(35): CodeIgniter\Debug\Exceptions->errorHandler(2, 'Undefined variable $totalDeliveries', 'C:\\xampp\\htdocs\\meesho\\app\\Views\\layouts\\dashboard.php', 35)
 2 SYSTEMPATH\View\View.php(224): include('C:\\xampp\\htdocs\\meesho\\app\\Views\\layouts\\dashboard.php')
 3 SYSTEMPATH\View\View.php(227): CodeIgniter\View\View->CodeIgniter\View\{closure}()
 4 SYSTEMPATH\View\View.php(240): CodeIgniter\View\View->render('layouts/dashboard', null, true)
 5 SYSTEMPATH\View\View.php(475): CodeIgniter\View\View->render('common/footer', null, true)
 6 APPPATH\Views\admin_layout.php(10): CodeIgniter\View\View->include('common/footer')
 7 SYSTEMPATH\View\View.php(224): include('C:\\xampp\\htdocs\\meesho\\app\\Views\\admin_layout.php')
 8 SYSTEMPATH\View\View.php(227): CodeIgniter\View\View->CodeIgniter\View\{closure}()
 9 SYSTEMPATH\Common.php(1173): CodeIgniter\View\View->render('admin_layout', [], true)
10 APPPATH\Controllers\Admin.php(22): view('admin_layout', [...])
11 SYSTEMPATH\CodeIgniter.php(933): App\Controllers\Admin->index()
12 SYSTEMPATH\CodeIgniter.php(507): CodeIgniter\CodeIgniter->runController(Object(App\Controllers\Admin))
13 SYSTEMPATH\CodeIgniter.php(354): CodeIgniter\CodeIgniter->handleRequest(null, Object(Config\Cache), false)
14 SYSTEMPATH\Boot.php(334): CodeIgniter\CodeIgniter->run()
15 SYSTEMPATH\Boot.php(67): CodeIgniter\Boot::runCodeIgniter(Object(CodeIgniter\CodeIgniter))
16 FCPATH\index.php(56): CodeIgniter\Boot::bootWeb(Object(Config\Paths))
CRITICAL - 2025-03-11 13:13:30 --> ErrorException: Undefined variable $totalDeliveries
[Method: GET, Route: admin/]
in APPPATH\Views\layouts\dashboard.php on line 35.
 1 APPPATH\Views\layouts\dashboard.php(35): CodeIgniter\Debug\Exceptions->errorHandler(2, 'Undefined variable $totalDeliveries', 'C:\\xampp\\htdocs\\meesho\\app\\Views\\layouts\\dashboard.php', 35)
 2 SYSTEMPATH\View\View.php(224): include('C:\\xampp\\htdocs\\meesho\\app\\Views\\layouts\\dashboard.php')
 3 SYSTEMPATH\View\View.php(227): CodeIgniter\View\View->CodeIgniter\View\{closure}()
 4 SYSTEMPATH\View\View.php(240): CodeIgniter\View\View->render('layouts/dashboard', null, true)
 5 SYSTEMPATH\View\View.php(475): CodeIgniter\View\View->render('common/footer', null, true)
 6 APPPATH\Views\admin_layout.php(10): CodeIgniter\View\View->include('common/footer')
 7 SYSTEMPATH\View\View.php(224): include('C:\\xampp\\htdocs\\meesho\\app\\Views\\admin_layout.php')
 8 SYSTEMPATH\View\View.php(227): CodeIgniter\View\View->CodeIgniter\View\{closure}()
 9 SYSTEMPATH\Common.php(1173): CodeIgniter\View\View->render('admin_layout', [], true)
10 APPPATH\Controllers\Admin.php(22): view('admin_layout', [...])
11 SYSTEMPATH\CodeIgniter.php(933): App\Controllers\Admin->index()
12 SYSTEMPATH\CodeIgniter.php(507): CodeIgniter\CodeIgniter->runController(Object(App\Controllers\Admin))
13 SYSTEMPATH\CodeIgniter.php(354): CodeIgniter\CodeIgniter->handleRequest(null, Object(Config\Cache), false)
14 SYSTEMPATH\Boot.php(334): CodeIgniter\CodeIgniter->run()
15 SYSTEMPATH\Boot.php(67): CodeIgniter\Boot::runCodeIgniter(Object(CodeIgniter\CodeIgniter))
16 FCPATH\index.php(56): CodeIgniter\Boot::bootWeb(Object(Config\Paths))
CRITICAL - 2025-03-11 13:13:30 --> ErrorException: Undefined variable $totalDeliveries
[Method: GET, Route: admin/]
in APPPATH\Views\layouts\dashboard.php on line 35.
 1 APPPATH\Views\layouts\dashboard.php(35): CodeIgniter\Debug\Exceptions->errorHandler(2, 'Undefined variable $totalDeliveries', 'C:\\xampp\\htdocs\\meesho\\app\\Views\\layouts\\dashboard.php', 35)
 2 SYSTEMPATH\View\View.php(224): include('C:\\xampp\\htdocs\\meesho\\app\\Views\\layouts\\dashboard.php')
 3 SYSTEMPATH\View\View.php(227): CodeIgniter\View\View->CodeIgniter\View\{closure}()
 4 SYSTEMPATH\View\View.php(240): CodeIgniter\View\View->render('layouts/dashboard', null, true)
 5 SYSTEMPATH\View\View.php(475): CodeIgniter\View\View->render('common/footer', null, true)
 6 APPPATH\Views\admin_layout.php(10): CodeIgniter\View\View->include('common/footer')
 7 SYSTEMPATH\View\View.php(224): include('C:\\xampp\\htdocs\\meesho\\app\\Views\\admin_layout.php')
 8 SYSTEMPATH\View\View.php(227): CodeIgniter\View\View->CodeIgniter\View\{closure}()
 9 SYSTEMPATH\Common.php(1173): CodeIgniter\View\View->render('admin_layout', [], true)
10 APPPATH\Controllers\Admin.php(22): view('admin_layout', [...])
11 SYSTEMPATH\CodeIgniter.php(933): App\Controllers\Admin->index()
12 SYSTEMPATH\CodeIgniter.php(507): CodeIgniter\CodeIgniter->runController(Object(App\Controllers\Admin))
13 SYSTEMPATH\CodeIgniter.php(354): CodeIgniter\CodeIgniter->handleRequest(null, Object(Config\Cache), false)
14 SYSTEMPATH\Boot.php(334): CodeIgniter\CodeIgniter->run()
15 SYSTEMPATH\Boot.php(67): CodeIgniter\Boot::runCodeIgniter(Object(CodeIgniter\CodeIgniter))
16 FCPATH\index.php(56): CodeIgniter\Boot::bootWeb(Object(Config\Paths))
CRITICAL - 2025-03-11 13:24:28 --> CodeIgniter\Database\Exceptions\DataException: There is no data to update.
[Method: POST, Route: auth/forgot_password/sendResetLink]
in SYSTEMPATH\BaseModel.php on line 1010.
 1 SYSTEMPATH\BaseModel.php(1010): CodeIgniter\Database\Exceptions\DataException::forEmptyDataset('update')
 2 SYSTEMPATH\Model.php(863): CodeIgniter\BaseModel->update([...], [])
 3 APPPATH\Controllers\ForgotPassword.php(42): CodeIgniter\Model->update('54', [...])
 4 SYSTEMPATH\CodeIgniter.php(933): App\Controllers\ForgotPassword->sendResetLink()
 5 SYSTEMPATH\CodeIgniter.php(507): CodeIgniter\CodeIgniter->runController(Object(App\Controllers\ForgotPassword))
 6 SYSTEMPATH\CodeIgniter.php(354): CodeIgniter\CodeIgniter->handleRequest(null, Object(Config\Cache), false)
 7 SYSTEMPATH\Boot.php(334): CodeIgniter\CodeIgniter->run()
 8 SYSTEMPATH\Boot.php(67): CodeIgniter\Boot::runCodeIgniter(Object(CodeIgniter\CodeIgniter))
 9 FCPATH\index.php(56): CodeIgniter\Boot::bootWeb(Object(Config\Paths))
