CRITICAL - 2025-05-02 06:04:20 --> ErrorException: Undefined variable $selectedCycleI
[Method: GET, Route: staff-salariesoncycle]
in APPPATH\Views\layouts\staff_salaries_yclelist.php on line 234.
 1 APPPATH\Views\layouts\staff_salaries_yclelist.php(234): CodeIgniter\Debug\Exceptions->errorHandler(2, 'Undefined variable $selectedCycleI', 'C:\\xampp\\htdocs\\gloriaadmin\\app\\Views\\layouts\\staff_salaries_yclelist.php', 234)
 2 SYSTEMPATH\View\View.php(224): include('C:\\xampp\\htdocs\\gloriaadmin\\app\\Views\\layouts\\staff_salaries_yclelist.php')
 3 SYSTEMPATH\View\View.php(227): CodeIgniter\View\View->CodeIgniter\View\{closure}()
 4 SYSTEMPATH\View\View.php(475): CodeIgniter\View\View->render('layouts/staff_salaries_yclelist', null, true)
 5 APPPATH\Views\staff_salaries_yclelist.php(6): CodeIgniter\View\View->include('layouts/staff_salaries_yclelist')
 6 SYSTEMPATH\View\View.php(224): include('C:\\xampp\\htdocs\\gloriaadmin\\app\\Views\\staff_salaries_yclelist.php')
 7 SYSTEMPATH\View\View.php(227): CodeIgniter\View\View->CodeIgniter\View\{closure}()
 8 SYSTEMPATH\Common.php(1173): CodeIgniter\View\View->render('staff_salaries_yclelist', [], true)
 9 APPPATH\Controllers\Admin.php(4328): view('staff_salaries_yclelist', [...])
10 SYSTEMPATH\CodeIgniter.php(933): App\Controllers\Admin->listStaffSalariesOncycle()
11 SYSTEMPATH\CodeIgniter.php(507): CodeIgniter\CodeIgniter->runController(Object(App\Controllers\Admin))
12 SYSTEMPATH\CodeIgniter.php(354): CodeIgniter\CodeIgniter->handleRequest(null, Object(Config\Cache), false)
13 SYSTEMPATH\Boot.php(334): CodeIgniter\CodeIgniter->run()
14 SYSTEMPATH\Boot.php(67): CodeIgniter\Boot::runCodeIgniter(Object(CodeIgniter\CodeIgniter))
15 FCPATH\index.php(56): CodeIgniter\Boot::bootWeb(Object(Config\Paths))
CRITICAL - 2025-05-02 14:07:13 --> ErrorException: Undefined variable $totallastcycleDueAmount
[Method: GET, Route: staff-salariesoncycle]
in APPPATH\Views\layouts\staff_salaries_yclelist.php on line 226.
 1 APPPATH\Views\layouts\staff_salaries_yclelist.php(226): CodeIgniter\Debug\Exceptions->errorHandler(2, 'Undefined variable $totallastcycleDueAmount', 'C:\\xampp\\htdocs\\gloriaadmin\\app\\Views\\layouts\\staff_salaries_yclelist.php', 226)
 2 SYSTEMPATH\View\View.php(224): include('C:\\xampp\\htdocs\\gloriaadmin\\app\\Views\\layouts\\staff_salaries_yclelist.php')
 3 SYSTEMPATH\View\View.php(227): CodeIgniter\View\View->CodeIgniter\View\{closure}()
 4 SYSTEMPATH\View\View.php(475): CodeIgniter\View\View->render('layouts/staff_salaries_yclelist', null, true)
 5 APPPATH\Views\staff_salaries_yclelist.php(6): CodeIgniter\View\View->include('layouts/staff_salaries_yclelist')
 6 SYSTEMPATH\View\View.php(224): include('C:\\xampp\\htdocs\\gloriaadmin\\app\\Views\\staff_salaries_yclelist.php')
 7 SYSTEMPATH\View\View.php(227): CodeIgniter\View\View->CodeIgniter\View\{closure}()
 8 SYSTEMPATH\Common.php(1173): CodeIgniter\View\View->render('staff_salaries_yclelist', [], true)
 9 APPPATH\Controllers\Admin.php(4424): view('staff_salaries_yclelist', [...])
10 SYSTEMPATH\CodeIgniter.php(933): App\Controllers\Admin->listStaffSalariesOncycle()
11 SYSTEMPATH\CodeIgniter.php(507): CodeIgniter\CodeIgniter->runController(Object(App\Controllers\Admin))
12 SYSTEMPATH\CodeIgniter.php(354): CodeIgniter\CodeIgniter->handleRequest(null, Object(Config\Cache), false)
13 SYSTEMPATH\Boot.php(334): CodeIgniter\CodeIgniter->run()
14 SYSTEMPATH\Boot.php(67): CodeIgniter\Boot::runCodeIgniter(Object(CodeIgniter\CodeIgniter))
15 FCPATH\index.php(56): CodeIgniter\Boot::bootWeb(Object(Config\Paths))
CRITICAL - 2025-05-02 14:07:23 --> ErrorException: Undefined variable $totallastcycleDueAmount
[Method: GET, Route: staff-salariesoncycle]
in APPPATH\Views\layouts\staff_salaries_yclelist.php on line 226.
 1 APPPATH\Views\layouts\staff_salaries_yclelist.php(226): CodeIgniter\Debug\Exceptions->errorHandler(2, 'Undefined variable $totallastcycleDueAmount', 'C:\\xampp\\htdocs\\gloriaadmin\\app\\Views\\layouts\\staff_salaries_yclelist.php', 226)
 2 SYSTEMPATH\View\View.php(224): include('C:\\xampp\\htdocs\\gloriaadmin\\app\\Views\\layouts\\staff_salaries_yclelist.php')
 3 SYSTEMPATH\View\View.php(227): CodeIgniter\View\View->CodeIgniter\View\{closure}()
 4 SYSTEMPATH\View\View.php(475): CodeIgniter\View\View->render('layouts/staff_salaries_yclelist', null, true)
 5 APPPATH\Views\staff_salaries_yclelist.php(6): CodeIgniter\View\View->include('layouts/staff_salaries_yclelist')
 6 SYSTEMPATH\View\View.php(224): include('C:\\xampp\\htdocs\\gloriaadmin\\app\\Views\\staff_salaries_yclelist.php')
 7 SYSTEMPATH\View\View.php(227): CodeIgniter\View\View->CodeIgniter\View\{closure}()
 8 SYSTEMPATH\Common.php(1173): CodeIgniter\View\View->render('staff_salaries_yclelist', [], true)
 9 APPPATH\Controllers\Admin.php(4424): view('staff_salaries_yclelist', [...])
10 SYSTEMPATH\CodeIgniter.php(933): App\Controllers\Admin->listStaffSalariesOncycle()
11 SYSTEMPATH\CodeIgniter.php(507): CodeIgniter\CodeIgniter->runController(Object(App\Controllers\Admin))
12 SYSTEMPATH\CodeIgniter.php(354): CodeIgniter\CodeIgniter->handleRequest(null, Object(Config\Cache), false)
13 SYSTEMPATH\Boot.php(334): CodeIgniter\CodeIgniter->run()
14 SYSTEMPATH\Boot.php(67): CodeIgniter\Boot::runCodeIgniter(Object(CodeIgniter\CodeIgniter))
15 FCPATH\index.php(56): CodeIgniter\Boot::bootWeb(Object(Config\Paths))
