CRITICAL - 2025-04-28 04:57:55 --> ErrorException: Undefined variable $staff
[Method: GET, Route: commission-biweekly]
in APPPATH\Views\layouts\biweekly_salaries_list.php on line 279.
 1 APPPATH\Views\layouts\biweekly_salaries_list.php(279): CodeIgniter\Debug\Exceptions->errorHandler(2, 'Undefined variable $staff', 'C:\\xampp\\htdocs\\gloriaadmin\\app\\Views\\layouts\\biweekly_salaries_list.php', 279)
 2 SYSTEMPATH\View\View.php(224): include('C:\\xampp\\htdocs\\gloriaadmin\\app\\Views\\layouts\\biweekly_salaries_list.php')
 3 SYSTEMPATH\View\View.php(227): CodeIgniter\View\View->CodeIgniter\View\{closure}()
 4 SYSTEMPATH\View\View.php(475): CodeIgniter\View\View->render('layouts/biweekly_salaries_list', null, true)
 5 APPPATH\Views\biweekly_salaries_list.php(6): CodeIgniter\View\View->include('layouts/biweekly_salaries_list')
 6 SYSTEMPATH\View\View.php(224): include('C:\\xampp\\htdocs\\gloriaadmin\\app\\Views\\biweekly_salaries_list.php')
 7 SYSTEMPATH\View\View.php(227): CodeIgniter\View\View->CodeIgniter\View\{closure}()
 8 SYSTEMPATH\Common.php(1173): CodeIgniter\View\View->render('biweekly_salaries_list', [], true)
 9 APPPATH\Controllers\Admin.php(2592): view('biweekly_salaries_list', [...])
10 SYSTEMPATH\CodeIgniter.php(933): App\Controllers\Admin->biweeklyStatement()
11 SYSTEMPATH\CodeIgniter.php(507): CodeIgniter\CodeIgniter->runController(Object(App\Controllers\Admin))
12 SYSTEMPATH\CodeIgniter.php(354): CodeIgniter\CodeIgniter->handleRequest(null, Object(Config\Cache), false)
13 SYSTEMPATH\Boot.php(334): CodeIgniter\CodeIgniter->run()
14 SYSTEMPATH\Boot.php(67): CodeIgniter\Boot::runCodeIgniter(Object(CodeIgniter\CodeIgniter))
15 FCPATH\index.php(56): CodeIgniter\Boot::bootWeb(Object(Config\Paths))
CRITICAL - 2025-04-28 05:03:29 --> ErrorException: Undefined variable $menus
[Method: GET, Route: commission-biweekly]
in APPPATH\Views\common\menu_view.php on line 37.
 1 APPPATH\Views\common\menu_view.php(37): CodeIgniter\Debug\Exceptions->errorHandler(2, 'Undefined variable $menus', 'C:\\xampp\\htdocs\\gloriaadmin\\app\\Views\\common\\menu_view.php', 37)
 2 SYSTEMPATH\View\View.php(224): include('C:\\xampp\\htdocs\\gloriaadmin\\app\\Views\\common\\menu_view.php')
 3 SYSTEMPATH\View\View.php(227): CodeIgniter\View\View->CodeIgniter\View\{closure}()
 4 SYSTEMPATH\View\View.php(475): CodeIgniter\View\View->render('common/menu_view', null, true)
 5 APPPATH\Views\biweekly_salaries_list.php(4): CodeIgniter\View\View->include('common/menu_view')
 6 SYSTEMPATH\View\View.php(224): include('C:\\xampp\\htdocs\\gloriaadmin\\app\\Views\\biweekly_salaries_list.php')
 7 SYSTEMPATH\View\View.php(227): CodeIgniter\View\View->CodeIgniter\View\{closure}()
 8 SYSTEMPATH\Common.php(1173): CodeIgniter\View\View->render('biweekly_salaries_list', [], true)
 9 APPPATH\Controllers\Admin.php(2500): view('biweekly_salaries_list')
10 SYSTEMPATH\CodeIgniter.php(933): App\Controllers\Admin->biweeklyStatement()
11 SYSTEMPATH\CodeIgniter.php(507): CodeIgniter\CodeIgniter->runController(Object(App\Controllers\Admin))
12 SYSTEMPATH\CodeIgniter.php(354): CodeIgniter\CodeIgniter->handleRequest(null, Object(Config\Cache), false)
13 SYSTEMPATH\Boot.php(334): CodeIgniter\CodeIgniter->run()
14 SYSTEMPATH\Boot.php(67): CodeIgniter\Boot::runCodeIgniter(Object(CodeIgniter\CodeIgniter))
15 FCPATH\index.php(56): CodeIgniter\Boot::bootWeb(Object(Config\Paths))
CRITICAL - 2025-04-28 05:03:53 --> ErrorException: Undefined variable $menus
[Method: GET, Route: commission-biweekly]
in APPPATH\Views\common\menu_view.php on line 37.
 1 APPPATH\Views\common\menu_view.php(37): CodeIgniter\Debug\Exceptions->errorHandler(2, 'Undefined variable $menus', 'C:\\xampp\\htdocs\\gloriaadmin\\app\\Views\\common\\menu_view.php', 37)
 2 SYSTEMPATH\View\View.php(224): include('C:\\xampp\\htdocs\\gloriaadmin\\app\\Views\\common\\menu_view.php')
 3 SYSTEMPATH\View\View.php(227): CodeIgniter\View\View->CodeIgniter\View\{closure}()
 4 SYSTEMPATH\View\View.php(475): CodeIgniter\View\View->render('common/menu_view', null, true)
 5 APPPATH\Views\biweekly_salaries_list.php(4): CodeIgniter\View\View->include('common/menu_view')
 6 SYSTEMPATH\View\View.php(224): include('C:\\xampp\\htdocs\\gloriaadmin\\app\\Views\\biweekly_salaries_list.php')
 7 SYSTEMPATH\View\View.php(227): CodeIgniter\View\View->CodeIgniter\View\{closure}()
 8 SYSTEMPATH\Common.php(1173): CodeIgniter\View\View->render('biweekly_salaries_list', [], true)
 9 APPPATH\Controllers\Admin.php(2500): view('biweekly_salaries_list')
10 SYSTEMPATH\CodeIgniter.php(933): App\Controllers\Admin->biweeklyStatement()
11 SYSTEMPATH\CodeIgniter.php(507): CodeIgniter\CodeIgniter->runController(Object(App\Controllers\Admin))
12 SYSTEMPATH\CodeIgniter.php(354): CodeIgniter\CodeIgniter->handleRequest(null, Object(Config\Cache), false)
13 SYSTEMPATH\Boot.php(334): CodeIgniter\CodeIgniter->run()
14 SYSTEMPATH\Boot.php(67): CodeIgniter\Boot::runCodeIgniter(Object(CodeIgniter\CodeIgniter))
15 FCPATH\index.php(56): CodeIgniter\Boot::bootWeb(Object(Config\Paths))
CRITICAL - 2025-04-28 05:03:54 --> ErrorException: Undefined variable $menus
[Method: GET, Route: commission-biweekly]
in APPPATH\Views\common\menu_view.php on line 37.
 1 APPPATH\Views\common\menu_view.php(37): CodeIgniter\Debug\Exceptions->errorHandler(2, 'Undefined variable $menus', 'C:\\xampp\\htdocs\\gloriaadmin\\app\\Views\\common\\menu_view.php', 37)
 2 SYSTEMPATH\View\View.php(224): include('C:\\xampp\\htdocs\\gloriaadmin\\app\\Views\\common\\menu_view.php')
 3 SYSTEMPATH\View\View.php(227): CodeIgniter\View\View->CodeIgniter\View\{closure}()
 4 SYSTEMPATH\View\View.php(475): CodeIgniter\View\View->render('common/menu_view', null, true)
 5 APPPATH\Views\biweekly_salaries_list.php(4): CodeIgniter\View\View->include('common/menu_view')
 6 SYSTEMPATH\View\View.php(224): include('C:\\xampp\\htdocs\\gloriaadmin\\app\\Views\\biweekly_salaries_list.php')
 7 SYSTEMPATH\View\View.php(227): CodeIgniter\View\View->CodeIgniter\View\{closure}()
 8 SYSTEMPATH\Common.php(1173): CodeIgniter\View\View->render('biweekly_salaries_list', [], true)
 9 APPPATH\Controllers\Admin.php(2500): view('biweekly_salaries_list')
10 SYSTEMPATH\CodeIgniter.php(933): App\Controllers\Admin->biweeklyStatement()
11 SYSTEMPATH\CodeIgniter.php(507): CodeIgniter\CodeIgniter->runController(Object(App\Controllers\Admin))
12 SYSTEMPATH\CodeIgniter.php(354): CodeIgniter\CodeIgniter->handleRequest(null, Object(Config\Cache), false)
13 SYSTEMPATH\Boot.php(334): CodeIgniter\CodeIgniter->run()
14 SYSTEMPATH\Boot.php(67): CodeIgniter\Boot::runCodeIgniter(Object(CodeIgniter\CodeIgniter))
15 FCPATH\index.php(56): CodeIgniter\Boot::bootWeb(Object(Config\Paths))
CRITICAL - 2025-04-28 05:03:54 --> ErrorException: Undefined variable $menus
[Method: GET, Route: commission-biweekly]
in APPPATH\Views\common\menu_view.php on line 37.
 1 APPPATH\Views\common\menu_view.php(37): CodeIgniter\Debug\Exceptions->errorHandler(2, 'Undefined variable $menus', 'C:\\xampp\\htdocs\\gloriaadmin\\app\\Views\\common\\menu_view.php', 37)
 2 SYSTEMPATH\View\View.php(224): include('C:\\xampp\\htdocs\\gloriaadmin\\app\\Views\\common\\menu_view.php')
 3 SYSTEMPATH\View\View.php(227): CodeIgniter\View\View->CodeIgniter\View\{closure}()
 4 SYSTEMPATH\View\View.php(475): CodeIgniter\View\View->render('common/menu_view', null, true)
 5 APPPATH\Views\biweekly_salaries_list.php(4): CodeIgniter\View\View->include('common/menu_view')
 6 SYSTEMPATH\View\View.php(224): include('C:\\xampp\\htdocs\\gloriaadmin\\app\\Views\\biweekly_salaries_list.php')
 7 SYSTEMPATH\View\View.php(227): CodeIgniter\View\View->CodeIgniter\View\{closure}()
 8 SYSTEMPATH\Common.php(1173): CodeIgniter\View\View->render('biweekly_salaries_list', [], true)
 9 APPPATH\Controllers\Admin.php(2500): view('biweekly_salaries_list')
10 SYSTEMPATH\CodeIgniter.php(933): App\Controllers\Admin->biweeklyStatement()
11 SYSTEMPATH\CodeIgniter.php(507): CodeIgniter\CodeIgniter->runController(Object(App\Controllers\Admin))
12 SYSTEMPATH\CodeIgniter.php(354): CodeIgniter\CodeIgniter->handleRequest(null, Object(Config\Cache), false)
13 SYSTEMPATH\Boot.php(334): CodeIgniter\CodeIgniter->run()
14 SYSTEMPATH\Boot.php(67): CodeIgniter\Boot::runCodeIgniter(Object(CodeIgniter\CodeIgniter))
15 FCPATH\index.php(56): CodeIgniter\Boot::bootWeb(Object(Config\Paths))
CRITICAL - 2025-04-28 05:03:54 --> ErrorException: Undefined variable $menus
[Method: GET, Route: commission-biweekly]
in APPPATH\Views\common\menu_view.php on line 37.
 1 APPPATH\Views\common\menu_view.php(37): CodeIgniter\Debug\Exceptions->errorHandler(2, 'Undefined variable $menus', 'C:\\xampp\\htdocs\\gloriaadmin\\app\\Views\\common\\menu_view.php', 37)
 2 SYSTEMPATH\View\View.php(224): include('C:\\xampp\\htdocs\\gloriaadmin\\app\\Views\\common\\menu_view.php')
 3 SYSTEMPATH\View\View.php(227): CodeIgniter\View\View->CodeIgniter\View\{closure}()
 4 SYSTEMPATH\View\View.php(475): CodeIgniter\View\View->render('common/menu_view', null, true)
 5 APPPATH\Views\biweekly_salaries_list.php(4): CodeIgniter\View\View->include('common/menu_view')
 6 SYSTEMPATH\View\View.php(224): include('C:\\xampp\\htdocs\\gloriaadmin\\app\\Views\\biweekly_salaries_list.php')
 7 SYSTEMPATH\View\View.php(227): CodeIgniter\View\View->CodeIgniter\View\{closure}()
 8 SYSTEMPATH\Common.php(1173): CodeIgniter\View\View->render('biweekly_salaries_list', [], true)
 9 APPPATH\Controllers\Admin.php(2500): view('biweekly_salaries_list')
10 SYSTEMPATH\CodeIgniter.php(933): App\Controllers\Admin->biweeklyStatement()
11 SYSTEMPATH\CodeIgniter.php(507): CodeIgniter\CodeIgniter->runController(Object(App\Controllers\Admin))
12 SYSTEMPATH\CodeIgniter.php(354): CodeIgniter\CodeIgniter->handleRequest(null, Object(Config\Cache), false)
13 SYSTEMPATH\Boot.php(334): CodeIgniter\CodeIgniter->run()
14 SYSTEMPATH\Boot.php(67): CodeIgniter\Boot::runCodeIgniter(Object(CodeIgniter\CodeIgniter))
15 FCPATH\index.php(56): CodeIgniter\Boot::bootWeb(Object(Config\Paths))
CRITICAL - 2025-04-28 05:04:00 --> ErrorException: Undefined variable $startDate
[Method: GET, Route: commission-biweekly]
in APPPATH\Views\layouts\biweekly_salaries_list.php on line 151.
 1 APPPATH\Views\layouts\biweekly_salaries_list.php(151): CodeIgniter\Debug\Exceptions->errorHandler(2, 'Undefined variable $startDate', 'C:\\xampp\\htdocs\\gloriaadmin\\app\\Views\\layouts\\biweekly_salaries_list.php', 151)
 2 SYSTEMPATH\View\View.php(224): include('C:\\xampp\\htdocs\\gloriaadmin\\app\\Views\\layouts\\biweekly_salaries_list.php')
 3 SYSTEMPATH\View\View.php(227): CodeIgniter\View\View->CodeIgniter\View\{closure}()
 4 SYSTEMPATH\View\View.php(475): CodeIgniter\View\View->render('layouts/biweekly_salaries_list', null, true)
 5 APPPATH\Views\biweekly_salaries_list.php(6): CodeIgniter\View\View->include('layouts/biweekly_salaries_list')
 6 SYSTEMPATH\View\View.php(224): include('C:\\xampp\\htdocs\\gloriaadmin\\app\\Views\\biweekly_salaries_list.php')
 7 SYSTEMPATH\View\View.php(227): CodeIgniter\View\View->CodeIgniter\View\{closure}()
 8 SYSTEMPATH\Common.php(1173): CodeIgniter\View\View->render('biweekly_salaries_list', [], true)
 9 APPPATH\Controllers\Admin.php(2500): view('biweekly_salaries_list', [...])
10 SYSTEMPATH\CodeIgniter.php(933): App\Controllers\Admin->biweeklyStatement()
11 SYSTEMPATH\CodeIgniter.php(507): CodeIgniter\CodeIgniter->runController(Object(App\Controllers\Admin))
12 SYSTEMPATH\CodeIgniter.php(354): CodeIgniter\CodeIgniter->handleRequest(null, Object(Config\Cache), false)
13 SYSTEMPATH\Boot.php(334): CodeIgniter\CodeIgniter->run()
14 SYSTEMPATH\Boot.php(67): CodeIgniter\Boot::runCodeIgniter(Object(CodeIgniter\CodeIgniter))
15 FCPATH\index.php(56): CodeIgniter\Boot::bootWeb(Object(Config\Paths))
CRITICAL - 2025-04-28 05:04:09 --> ErrorException: Undefined variable $startDate
[Method: GET, Route: commission-biweekly]
in APPPATH\Views\layouts\biweekly_salaries_list.php on line 151.
 1 APPPATH\Views\layouts\biweekly_salaries_list.php(151): CodeIgniter\Debug\Exceptions->errorHandler(2, 'Undefined variable $startDate', 'C:\\xampp\\htdocs\\gloriaadmin\\app\\Views\\layouts\\biweekly_salaries_list.php', 151)
 2 SYSTEMPATH\View\View.php(224): include('C:\\xampp\\htdocs\\gloriaadmin\\app\\Views\\layouts\\biweekly_salaries_list.php')
 3 SYSTEMPATH\View\View.php(227): CodeIgniter\View\View->CodeIgniter\View\{closure}()
 4 SYSTEMPATH\View\View.php(475): CodeIgniter\View\View->render('layouts/biweekly_salaries_list', null, true)
 5 APPPATH\Views\biweekly_salaries_list.php(6): CodeIgniter\View\View->include('layouts/biweekly_salaries_list')
 6 SYSTEMPATH\View\View.php(224): include('C:\\xampp\\htdocs\\gloriaadmin\\app\\Views\\biweekly_salaries_list.php')
 7 SYSTEMPATH\View\View.php(227): CodeIgniter\View\View->CodeIgniter\View\{closure}()
 8 SYSTEMPATH\Common.php(1173): CodeIgniter\View\View->render('biweekly_salaries_list', [], true)
 9 APPPATH\Controllers\Admin.php(2500): view('biweekly_salaries_list', [...])
10 SYSTEMPATH\CodeIgniter.php(933): App\Controllers\Admin->biweeklyStatement()
11 SYSTEMPATH\CodeIgniter.php(507): CodeIgniter\CodeIgniter->runController(Object(App\Controllers\Admin))
12 SYSTEMPATH\CodeIgniter.php(354): CodeIgniter\CodeIgniter->handleRequest(null, Object(Config\Cache), false)
13 SYSTEMPATH\Boot.php(334): CodeIgniter\CodeIgniter->run()
14 SYSTEMPATH\Boot.php(67): CodeIgniter\Boot::runCodeIgniter(Object(CodeIgniter\CodeIgniter))
15 FCPATH\index.php(56): CodeIgniter\Boot::bootWeb(Object(Config\Paths))
CRITICAL - 2025-04-28 05:18:01 --> ErrorException: Undefined variable $startDate
[Method: GET, Route: commission-biweekly]
in APPPATH\Views\layouts\biweekly_salaries_list.php on line 151.
 1 APPPATH\Views\layouts\biweekly_salaries_list.php(151): CodeIgniter\Debug\Exceptions->errorHandler(2, 'Undefined variable $startDate', 'C:\\xampp\\htdocs\\gloriaadmin\\app\\Views\\layouts\\biweekly_salaries_list.php', 151)
 2 SYSTEMPATH\View\View.php(224): include('C:\\xampp\\htdocs\\gloriaadmin\\app\\Views\\layouts\\biweekly_salaries_list.php')
 3 SYSTEMPATH\View\View.php(227): CodeIgniter\View\View->CodeIgniter\View\{closure}()
 4 SYSTEMPATH\View\View.php(475): CodeIgniter\View\View->render('layouts/biweekly_salaries_list', null, true)
 5 APPPATH\Views\biweekly_salaries_list.php(6): CodeIgniter\View\View->include('layouts/biweekly_salaries_list')
 6 SYSTEMPATH\View\View.php(224): include('C:\\xampp\\htdocs\\gloriaadmin\\app\\Views\\biweekly_salaries_list.php')
 7 SYSTEMPATH\View\View.php(227): CodeIgniter\View\View->CodeIgniter\View\{closure}()
 8 SYSTEMPATH\Common.php(1173): CodeIgniter\View\View->render('biweekly_salaries_list', [], true)
 9 APPPATH\Controllers\Admin.php(2515): view('biweekly_salaries_list', [...])
10 SYSTEMPATH\CodeIgniter.php(933): App\Controllers\Admin->biweeklyStatement()
11 SYSTEMPATH\CodeIgniter.php(507): CodeIgniter\CodeIgniter->runController(Object(App\Controllers\Admin))
12 SYSTEMPATH\CodeIgniter.php(354): CodeIgniter\CodeIgniter->handleRequest(null, Object(Config\Cache), false)
13 SYSTEMPATH\Boot.php(334): CodeIgniter\CodeIgniter->run()
14 SYSTEMPATH\Boot.php(67): CodeIgniter\Boot::runCodeIgniter(Object(CodeIgniter\CodeIgniter))
15 FCPATH\index.php(56): CodeIgniter\Boot::bootWeb(Object(Config\Paths))
CRITICAL - 2025-04-28 05:54:21 --> ErrorException: Undefined variable $startDate
[Method: GET, Route: commission-biweekly]
in APPPATH\Views\layouts\biweekly_salaries_list.php on line 54.
 1 APPPATH\Views\layouts\biweekly_salaries_list.php(54): CodeIgniter\Debug\Exceptions->errorHandler(2, 'Undefined variable $startDate', 'C:\\xampp\\htdocs\\gloriaadmin\\app\\Views\\layouts\\biweekly_salaries_list.php', 54)
 2 SYSTEMPATH\View\View.php(224): include('C:\\xampp\\htdocs\\gloriaadmin\\app\\Views\\layouts\\biweekly_salaries_list.php')
 3 SYSTEMPATH\View\View.php(227): CodeIgniter\View\View->CodeIgniter\View\{closure}()
 4 SYSTEMPATH\View\View.php(475): CodeIgniter\View\View->render('layouts/biweekly_salaries_list', null, true)
 5 APPPATH\Views\biweekly_salaries_list.php(6): CodeIgniter\View\View->include('layouts/biweekly_salaries_list')
 6 SYSTEMPATH\View\View.php(224): include('C:\\xampp\\htdocs\\gloriaadmin\\app\\Views\\biweekly_salaries_list.php')
 7 SYSTEMPATH\View\View.php(227): CodeIgniter\View\View->CodeIgniter\View\{closure}()
 8 SYSTEMPATH\Common.php(1173): CodeIgniter\View\View->render('biweekly_salaries_list', [], true)
 9 APPPATH\Controllers\Admin.php(2516): view('biweekly_salaries_list', [...])
10 SYSTEMPATH\CodeIgniter.php(933): App\Controllers\Admin->biweeklyStatement()
11 SYSTEMPATH\CodeIgniter.php(507): CodeIgniter\CodeIgniter->runController(Object(App\Controllers\Admin))
12 SYSTEMPATH\CodeIgniter.php(354): CodeIgniter\CodeIgniter->handleRequest(null, Object(Config\Cache), false)
13 SYSTEMPATH\Boot.php(334): CodeIgniter\CodeIgniter->run()
14 SYSTEMPATH\Boot.php(67): CodeIgniter\Boot::runCodeIgniter(Object(CodeIgniter\CodeIgniter))
15 FCPATH\index.php(56): CodeIgniter\Boot::bootWeb(Object(Config\Paths))
CRITICAL - 2025-04-28 05:56:54 --> ErrorException: Undefined variable $startDate
[Method: GET, Route: commission-biweekly]
in APPPATH\Views\layouts\biweekly_salaries_list.php on line 61.
 1 APPPATH\Views\layouts\biweekly_salaries_list.php(61): CodeIgniter\Debug\Exceptions->errorHandler(2, 'Undefined variable $startDate', 'C:\\xampp\\htdocs\\gloriaadmin\\app\\Views\\layouts\\biweekly_salaries_list.php', 61)
 2 SYSTEMPATH\View\View.php(224): include('C:\\xampp\\htdocs\\gloriaadmin\\app\\Views\\layouts\\biweekly_salaries_list.php')
 3 SYSTEMPATH\View\View.php(227): CodeIgniter\View\View->CodeIgniter\View\{closure}()
 4 SYSTEMPATH\View\View.php(475): CodeIgniter\View\View->render('layouts/biweekly_salaries_list', null, true)
 5 APPPATH\Views\biweekly_salaries_list.php(6): CodeIgniter\View\View->include('layouts/biweekly_salaries_list')
 6 SYSTEMPATH\View\View.php(224): include('C:\\xampp\\htdocs\\gloriaadmin\\app\\Views\\biweekly_salaries_list.php')
 7 SYSTEMPATH\View\View.php(227): CodeIgniter\View\View->CodeIgniter\View\{closure}()
 8 SYSTEMPATH\Common.php(1173): CodeIgniter\View\View->render('biweekly_salaries_list', [], true)
 9 APPPATH\Controllers\Admin.php(2516): view('biweekly_salaries_list', [...])
10 SYSTEMPATH\CodeIgniter.php(933): App\Controllers\Admin->biweeklyStatement()
11 SYSTEMPATH\CodeIgniter.php(507): CodeIgniter\CodeIgniter->runController(Object(App\Controllers\Admin))
12 SYSTEMPATH\CodeIgniter.php(354): CodeIgniter\CodeIgniter->handleRequest(null, Object(Config\Cache), false)
13 SYSTEMPATH\Boot.php(334): CodeIgniter\CodeIgniter->run()
14 SYSTEMPATH\Boot.php(67): CodeIgniter\Boot::runCodeIgniter(Object(CodeIgniter\CodeIgniter))
15 FCPATH\index.php(56): CodeIgniter\Boot::bootWeb(Object(Config\Paths))
CRITICAL - 2025-04-28 09:50:29 --> ErrorException: Undefined variable $endDate
[Method: GET, Route: staff-daily-salaries]
in APPPATH\Views\layouts\staff_daily_salaries_list.php on line 145.
 1 APPPATH\Views\layouts\staff_daily_salaries_list.php(145): CodeIgniter\Debug\Exceptions->errorHandler(2, 'Undefined variable $endDate', 'C:\\xampp\\htdocs\\gloriaadmin\\app\\Views\\layouts\\staff_daily_salaries_list.php', 145)
 2 SYSTEMPATH\View\View.php(224): include('C:\\xampp\\htdocs\\gloriaadmin\\app\\Views\\layouts\\staff_daily_salaries_list.php')
 3 SYSTEMPATH\View\View.php(227): CodeIgniter\View\View->CodeIgniter\View\{closure}()
 4 SYSTEMPATH\View\View.php(475): CodeIgniter\View\View->render('layouts/staff_daily_salaries_list', null, true)
 5 APPPATH\Views\staff_daily_salaries_list.php(6): CodeIgniter\View\View->include('layouts/staff_daily_salaries_list')
 6 SYSTEMPATH\View\View.php(224): include('C:\\xampp\\htdocs\\gloriaadmin\\app\\Views\\staff_daily_salaries_list.php')
 7 SYSTEMPATH\View\View.php(227): CodeIgniter\View\View->CodeIgniter\View\{closure}()
 8 SYSTEMPATH\Common.php(1173): CodeIgniter\View\View->render('staff_daily_salaries_list', [], true)
 9 APPPATH\Controllers\Admin.php(2715): view('staff_daily_salaries_list', [...])
10 SYSTEMPATH\CodeIgniter.php(933): App\Controllers\Admin->listStaffDailySalaries()
11 SYSTEMPATH\CodeIgniter.php(507): CodeIgniter\CodeIgniter->runController(Object(App\Controllers\Admin))
12 SYSTEMPATH\CodeIgniter.php(354): CodeIgniter\CodeIgniter->handleRequest(null, Object(Config\Cache), false)
13 SYSTEMPATH\Boot.php(334): CodeIgniter\CodeIgniter->run()
14 SYSTEMPATH\Boot.php(67): CodeIgniter\Boot::runCodeIgniter(Object(CodeIgniter\CodeIgniter))
15 FCPATH\index.php(56): CodeIgniter\Boot::bootWeb(Object(Config\Paths))
