CRITICAL - 2025-03-21 05:37:38 --> ErrorException: Undefined array key "postcode"
[Method: GET, Route: admin/staffmanagement]
in APPPATH\Views\layouts\staff_list.php on line 84.
 1 APPPATH\Views\layouts\staff_list.php(84): CodeIgniter\Debug\Exceptions->errorHandler(2, 'Undefined array key "postcode"', 'C:\\xampp\\htdocs\\meeshodelivery\\app\\Views\\layouts\\staff_list.php', 84)
 2 SYSTEMPATH\View\View.php(224): include('C:\\xampp\\htdocs\\meeshodelivery\\app\\Views\\layouts\\staff_list.php')
 3 SYSTEMPATH\View\View.php(227): CodeIgniter\View\View->CodeIgniter\View\{closure}()
 4 SYSTEMPATH\View\View.php(475): CodeIgniter\View\View->render('layouts/staff_list', null, true)
 5 APPPATH\Views\staff_list.php(6): CodeIgniter\View\View->include('layouts/staff_list')
 6 SYSTEMPATH\View\View.php(224): include('C:\\xampp\\htdocs\\meeshodelivery\\app\\Views\\staff_list.php')
 7 SYSTEMPATH\View\View.php(227): CodeIgniter\View\View->CodeIgniter\View\{closure}()
 8 SYSTEMPATH\Common.php(1173): CodeIgniter\View\View->render('staff_list', [], true)
 9 APPPATH\Controllers\Admin.php(191): view('staff_list', [...])
10 SYSTEMPATH\CodeIgniter.php(933): App\Controllers\Admin->liststaff()
11 SYSTEMPATH\CodeIgniter.php(507): CodeIgniter\CodeIgniter->runController(Object(App\Controllers\Admin))
12 SYSTEMPATH\CodeIgniter.php(354): CodeIgniter\CodeIgniter->handleRequest(null, Object(Config\Cache), false)
13 SYSTEMPATH\Boot.php(334): CodeIgniter\CodeIgniter->run()
14 SYSTEMPATH\Boot.php(67): CodeIgniter\Boot::runCodeIgniter(Object(CodeIgniter\CodeIgniter))
15 FCPATH\index.php(56): CodeIgniter\Boot::bootWeb(Object(Config\Paths))
CRITICAL - 2025-03-21 06:00:03 --> Error: Call to undefined method CodeIgniter\Pager\Pager::hasPrevious()
[Method: GET, Route: admin/staffmanagement]
in APPPATH\Views\layouts\staff_list.php on line 102.
 1 SYSTEMPATH\View\View.php(224): include()
 2 SYSTEMPATH\View\View.php(227): CodeIgniter\View\View->CodeIgniter\View\{closure}()
 3 SYSTEMPATH\View\View.php(475): CodeIgniter\View\View->render('layouts/staff_list', null, true)
 4 APPPATH\Views\staff_list.php(6): CodeIgniter\View\View->include('layouts/staff_list')
 5 SYSTEMPATH\View\View.php(224): include('C:\\xampp\\htdocs\\meeshodelivery\\app\\Views\\staff_list.php')
 6 SYSTEMPATH\View\View.php(227): CodeIgniter\View\View->CodeIgniter\View\{closure}()
 7 SYSTEMPATH\Common.php(1173): CodeIgniter\View\View->render('staff_list', [], true)
 8 APPPATH\Controllers\Admin.php(191): view('staff_list', [...])
 9 SYSTEMPATH\CodeIgniter.php(933): App\Controllers\Admin->liststaff()
10 SYSTEMPATH\CodeIgniter.php(507): CodeIgniter\CodeIgniter->runController(Object(App\Controllers\Admin))
11 SYSTEMPATH\CodeIgniter.php(354): CodeIgniter\CodeIgniter->handleRequest(null, Object(Config\Cache), false)
12 SYSTEMPATH\Boot.php(334): CodeIgniter\CodeIgniter->run()
13 SYSTEMPATH\Boot.php(67): CodeIgniter\Boot::runCodeIgniter(Object(CodeIgniter\CodeIgniter))
14 FCPATH\index.php(56): CodeIgniter\Boot::bootWeb(Object(Config\Paths))
CRITICAL - 2025-03-21 06:03:23 --> CodeIgniter\Exceptions\BadMethodCallException: Call to undefined method App\Models\StaffModel::countStaff
[Method: GET, Route: admin/staffmanagement]
in SYSTEMPATH\Model.php on line 930.
 1 APPPATH\Controllers\Admin.php(215): CodeIgniter\Model->__call('countStaff', [])
 2 SYSTEMPATH\CodeIgniter.php(933): App\Controllers\Admin->liststaff()
 3 SYSTEMPATH\CodeIgniter.php(507): CodeIgniter\CodeIgniter->runController(Object(App\Controllers\Admin))
 4 SYSTEMPATH\CodeIgniter.php(354): CodeIgniter\CodeIgniter->handleRequest(null, Object(Config\Cache), false)
 5 SYSTEMPATH\Boot.php(334): CodeIgniter\CodeIgniter->run()
 6 SYSTEMPATH\Boot.php(67): CodeIgniter\Boot::runCodeIgniter(Object(CodeIgniter\CodeIgniter))
 7 FCPATH\index.php(56): CodeIgniter\Boot::bootWeb(Object(Config\Paths))
CRITICAL - 2025-03-21 06:07:22 --> CodeIgniter\HTTP\Exceptions\BadRequestException: The URI you submitted has disallowed characters: "staffmanagement]"
[Method: GET, Route: admin/staffmanagement%5D]
in SYSTEMPATH\Router\Router.php on line 739.
 1 SYSTEMPATH\Router\Router.php(207): CodeIgniter\Router\Router->checkDisallowedChars('admin/staffmanagement]')
 2 SYSTEMPATH\CodeIgniter.php(832): CodeIgniter\Router\Router->handle('admin/staffmanagement]')
 3 SYSTEMPATH\CodeIgniter.php(455): CodeIgniter\CodeIgniter->tryToRouteIt(Object(CodeIgniter\Router\RouteCollection))
 4 SYSTEMPATH\CodeIgniter.php(354): CodeIgniter\CodeIgniter->handleRequest(null, Object(Config\Cache), false)
 5 SYSTEMPATH\Boot.php(334): CodeIgniter\CodeIgniter->run()
 6 SYSTEMPATH\Boot.php(67): CodeIgniter\Boot::runCodeIgniter(Object(CodeIgniter\CodeIgniter))
 7 FCPATH\index.php(56): CodeIgniter\Boot::bootWeb(Object(Config\Paths))
CRITICAL - 2025-03-21 06:11:22 --> Error: Call to undefined method CodeIgniter\Pager\Pager::hasPrevious()
[Method: GET, Route: admin/staffmanagement]
in APPPATH\Views\layouts\staff_list.php on line 103.
 1 SYSTEMPATH\View\View.php(224): include()
 2 SYSTEMPATH\View\View.php(227): CodeIgniter\View\View->CodeIgniter\View\{closure}()
 3 SYSTEMPATH\View\View.php(475): CodeIgniter\View\View->render('layouts/staff_list', null, true)
 4 APPPATH\Views\staff_list.php(6): CodeIgniter\View\View->include('layouts/staff_list')
 5 SYSTEMPATH\View\View.php(224): include('C:\\xampp\\htdocs\\meeshodelivery\\app\\Views\\staff_list.php')
 6 SYSTEMPATH\View\View.php(227): CodeIgniter\View\View->CodeIgniter\View\{closure}()
 7 SYSTEMPATH\Common.php(1173): CodeIgniter\View\View->render('staff_list', [], true)
 8 APPPATH\Controllers\Admin.php(218): view('staff_list', [...])
 9 SYSTEMPATH\CodeIgniter.php(933): App\Controllers\Admin->liststaff()
10 SYSTEMPATH\CodeIgniter.php(507): CodeIgniter\CodeIgniter->runController(Object(App\Controllers\Admin))
11 SYSTEMPATH\CodeIgniter.php(354): CodeIgniter\CodeIgniter->handleRequest(null, Object(Config\Cache), false)
12 SYSTEMPATH\Boot.php(334): CodeIgniter\CodeIgniter->run()
13 SYSTEMPATH\Boot.php(67): CodeIgniter\Boot::runCodeIgniter(Object(CodeIgniter\CodeIgniter))
14 FCPATH\index.php(56): CodeIgniter\Boot::bootWeb(Object(Config\Paths))
CRITICAL - 2025-03-21 06:11:22 --> Error: Call to undefined method CodeIgniter\Pager\Pager::hasPrevious()
[Method: GET, Route: admin/staffmanagement]
in APPPATH\Views\layouts\staff_list.php on line 103.
 1 SYSTEMPATH\View\View.php(224): include()
 2 SYSTEMPATH\View\View.php(227): CodeIgniter\View\View->CodeIgniter\View\{closure}()
 3 SYSTEMPATH\View\View.php(475): CodeIgniter\View\View->render('layouts/staff_list', null, true)
 4 APPPATH\Views\staff_list.php(6): CodeIgniter\View\View->include('layouts/staff_list')
 5 SYSTEMPATH\View\View.php(224): include('C:\\xampp\\htdocs\\meeshodelivery\\app\\Views\\staff_list.php')
 6 SYSTEMPATH\View\View.php(227): CodeIgniter\View\View->CodeIgniter\View\{closure}()
 7 SYSTEMPATH\Common.php(1173): CodeIgniter\View\View->render('staff_list', [], true)
 8 APPPATH\Controllers\Admin.php(218): view('staff_list', [...])
 9 SYSTEMPATH\CodeIgniter.php(933): App\Controllers\Admin->liststaff()
10 SYSTEMPATH\CodeIgniter.php(507): CodeIgniter\CodeIgniter->runController(Object(App\Controllers\Admin))
11 SYSTEMPATH\CodeIgniter.php(354): CodeIgniter\CodeIgniter->handleRequest(null, Object(Config\Cache), false)
12 SYSTEMPATH\Boot.php(334): CodeIgniter\CodeIgniter->run()
13 SYSTEMPATH\Boot.php(67): CodeIgniter\Boot::runCodeIgniter(Object(CodeIgniter\CodeIgniter))
14 FCPATH\index.php(56): CodeIgniter\Boot::bootWeb(Object(Config\Paths))
CRITICAL - 2025-03-21 06:11:47 --> Error: Call to undefined method CodeIgniter\Pager\Pager::hasPrevious()
[Method: GET, Route: admin/staffmanagement]
in APPPATH\Views\layouts\staff_list.php on line 103.
 1 SYSTEMPATH\View\View.php(224): include()
 2 SYSTEMPATH\View\View.php(227): CodeIgniter\View\View->CodeIgniter\View\{closure}()
 3 SYSTEMPATH\View\View.php(475): CodeIgniter\View\View->render('layouts/staff_list', null, true)
 4 APPPATH\Views\staff_list.php(6): CodeIgniter\View\View->include('layouts/staff_list')
 5 SYSTEMPATH\View\View.php(224): include('C:\\xampp\\htdocs\\meeshodelivery\\app\\Views\\staff_list.php')
 6 SYSTEMPATH\View\View.php(227): CodeIgniter\View\View->CodeIgniter\View\{closure}()
 7 SYSTEMPATH\Common.php(1173): CodeIgniter\View\View->render('staff_list', [], true)
 8 APPPATH\Controllers\Admin.php(218): view('staff_list', [...])
 9 SYSTEMPATH\CodeIgniter.php(933): App\Controllers\Admin->liststaff()
10 SYSTEMPATH\CodeIgniter.php(507): CodeIgniter\CodeIgniter->runController(Object(App\Controllers\Admin))
11 SYSTEMPATH\CodeIgniter.php(354): CodeIgniter\CodeIgniter->handleRequest(null, Object(Config\Cache), false)
12 SYSTEMPATH\Boot.php(334): CodeIgniter\CodeIgniter->run()
13 SYSTEMPATH\Boot.php(67): CodeIgniter\Boot::runCodeIgniter(Object(CodeIgniter\CodeIgniter))
14 FCPATH\index.php(56): CodeIgniter\Boot::bootWeb(Object(Config\Paths))
CRITICAL - 2025-03-21 06:11:48 --> Error: Call to undefined method CodeIgniter\Pager\Pager::hasPrevious()
[Method: GET, Route: admin/staffmanagement]
in APPPATH\Views\layouts\staff_list.php on line 103.
 1 SYSTEMPATH\View\View.php(224): include()
 2 SYSTEMPATH\View\View.php(227): CodeIgniter\View\View->CodeIgniter\View\{closure}()
 3 SYSTEMPATH\View\View.php(475): CodeIgniter\View\View->render('layouts/staff_list', null, true)
 4 APPPATH\Views\staff_list.php(6): CodeIgniter\View\View->include('layouts/staff_list')
 5 SYSTEMPATH\View\View.php(224): include('C:\\xampp\\htdocs\\meeshodelivery\\app\\Views\\staff_list.php')
 6 SYSTEMPATH\View\View.php(227): CodeIgniter\View\View->CodeIgniter\View\{closure}()
 7 SYSTEMPATH\Common.php(1173): CodeIgniter\View\View->render('staff_list', [], true)
 8 APPPATH\Controllers\Admin.php(218): view('staff_list', [...])
 9 SYSTEMPATH\CodeIgniter.php(933): App\Controllers\Admin->liststaff()
10 SYSTEMPATH\CodeIgniter.php(507): CodeIgniter\CodeIgniter->runController(Object(App\Controllers\Admin))
11 SYSTEMPATH\CodeIgniter.php(354): CodeIgniter\CodeIgniter->handleRequest(null, Object(Config\Cache), false)
12 SYSTEMPATH\Boot.php(334): CodeIgniter\CodeIgniter->run()
13 SYSTEMPATH\Boot.php(67): CodeIgniter\Boot::runCodeIgniter(Object(CodeIgniter\CodeIgniter))
14 FCPATH\index.php(56): CodeIgniter\Boot::bootWeb(Object(Config\Paths))
CRITICAL - 2025-03-21 06:23:29 --> ErrorException: Undefined variable $pagerLinks
[Method: GET, Route: admin/staffmanagement]
in APPPATH\Views\layouts\staff_list.php on line 136.
 1 APPPATH\Views\layouts\staff_list.php(136): CodeIgniter\Debug\Exceptions->errorHandler(2, 'Undefined variable $pagerLinks', 'C:\\xampp\\htdocs\\meeshodelivery\\app\\Views\\layouts\\staff_list.php', 136)
 2 SYSTEMPATH\View\View.php(224): include('C:\\xampp\\htdocs\\meeshodelivery\\app\\Views\\layouts\\staff_list.php')
 3 SYSTEMPATH\View\View.php(227): CodeIgniter\View\View->CodeIgniter\View\{closure}()
 4 SYSTEMPATH\View\View.php(475): CodeIgniter\View\View->render('layouts/staff_list', null, true)
 5 APPPATH\Views\staff_list.php(6): CodeIgniter\View\View->include('layouts/staff_list')
 6 SYSTEMPATH\View\View.php(224): include('C:\\xampp\\htdocs\\meeshodelivery\\app\\Views\\staff_list.php')
 7 SYSTEMPATH\View\View.php(227): CodeIgniter\View\View->CodeIgniter\View\{closure}()
 8 SYSTEMPATH\Common.php(1173): CodeIgniter\View\View->render('staff_list', [], true)
 9 APPPATH\Controllers\Admin.php(218): view('staff_list', [...])
10 SYSTEMPATH\CodeIgniter.php(933): App\Controllers\Admin->liststaff()
11 SYSTEMPATH\CodeIgniter.php(507): CodeIgniter\CodeIgniter->runController(Object(App\Controllers\Admin))
12 SYSTEMPATH\CodeIgniter.php(354): CodeIgniter\CodeIgniter->handleRequest(null, Object(Config\Cache), false)
13 SYSTEMPATH\Boot.php(334): CodeIgniter\CodeIgniter->run()
14 SYSTEMPATH\Boot.php(67): CodeIgniter\Boot::runCodeIgniter(Object(CodeIgniter\CodeIgniter))
15 FCPATH\index.php(56): CodeIgniter\Boot::bootWeb(Object(Config\Paths))
CRITICAL - 2025-03-21 07:01:27 --> ErrorException: Undefined variable $searchQuery
[Method: GET, Route: admin/staffmanagement]
in APPPATH\Views\layouts\staff_list.php on line 140.
 1 APPPATH\Views\layouts\staff_list.php(140): CodeIgniter\Debug\Exceptions->errorHandler(2, 'Undefined variable $searchQuery', 'C:\\xampp\\htdocs\\meeshodelivery\\app\\Views\\layouts\\staff_list.php', 140)
 2 SYSTEMPATH\View\View.php(224): include('C:\\xampp\\htdocs\\meeshodelivery\\app\\Views\\layouts\\staff_list.php')
 3 SYSTEMPATH\View\View.php(227): CodeIgniter\View\View->CodeIgniter\View\{closure}()
 4 SYSTEMPATH\View\View.php(475): CodeIgniter\View\View->render('layouts/staff_list', null, true)
 5 APPPATH\Views\staff_list.php(6): CodeIgniter\View\View->include('layouts/staff_list')
 6 SYSTEMPATH\View\View.php(224): include('C:\\xampp\\htdocs\\meeshodelivery\\app\\Views\\staff_list.php')
 7 SYSTEMPATH\View\View.php(227): CodeIgniter\View\View->CodeIgniter\View\{closure}()
 8 SYSTEMPATH\Common.php(1173): CodeIgniter\View\View->render('staff_list', [], true)
 9 APPPATH\Controllers\Admin.php(192): view('staff_list', [...])
10 SYSTEMPATH\CodeIgniter.php(933): App\Controllers\Admin->liststaff()
11 SYSTEMPATH\CodeIgniter.php(507): CodeIgniter\CodeIgniter->runController(Object(App\Controllers\Admin))
12 SYSTEMPATH\CodeIgniter.php(354): CodeIgniter\CodeIgniter->handleRequest(null, Object(Config\Cache), false)
13 SYSTEMPATH\Boot.php(334): CodeIgniter\CodeIgniter->run()
14 SYSTEMPATH\Boot.php(67): CodeIgniter\Boot::runCodeIgniter(Object(CodeIgniter\CodeIgniter))
15 FCPATH\index.php(56): CodeIgniter\Boot::bootWeb(Object(Config\Paths))
CRITICAL - 2025-03-21 08:06:43 --> ErrorException: Undefined array key "deliveries"
[Method: GET, Route: admin/deliverylist]
in APPPATH\Views\layouts\delivery_operations_report.php on line 187.
 1 APPPATH\Views\layouts\delivery_operations_report.php(187): CodeIgniter\Debug\Exceptions->errorHandler(2, 'Undefined array key "deliveries"', 'C:\\xampp\\htdocs\\meeshodelivery\\app\\Views\\layouts\\delivery_operations_report.php', 187)
 2 SYSTEMPATH\View\View.php(224): include('C:\\xampp\\htdocs\\meeshodelivery\\app\\Views\\layouts\\delivery_operations_report.php')
 3 SYSTEMPATH\View\View.php(227): CodeIgniter\View\View->CodeIgniter\View\{closure}()
 4 SYSTEMPATH\View\View.php(475): CodeIgniter\View\View->render('layouts/delivery_operations_report', null, true)
 5 APPPATH\Views\delivery_operations_report.php(6): CodeIgniter\View\View->include('layouts/delivery_operations_report')
 6 SYSTEMPATH\View\View.php(224): include('C:\\xampp\\htdocs\\meeshodelivery\\app\\Views\\delivery_operations_report.php')
 7 SYSTEMPATH\View\View.php(227): CodeIgniter\View\View->CodeIgniter\View\{closure}()
 8 SYSTEMPATH\Common.php(1173): CodeIgniter\View\View->render('delivery_operations_report', [], true)
 9 APPPATH\Controllers\Admin.php(591): view('delivery_operations_report', [...])
10 SYSTEMPATH\CodeIgniter.php(933): App\Controllers\Admin->deliveryOperationsReport()
11 SYSTEMPATH\CodeIgniter.php(507): CodeIgniter\CodeIgniter->runController(Object(App\Controllers\Admin))
12 SYSTEMPATH\CodeIgniter.php(354): CodeIgniter\CodeIgniter->handleRequest(null, Object(Config\Cache), false)
13 SYSTEMPATH\Boot.php(334): CodeIgniter\CodeIgniter->run()
14 SYSTEMPATH\Boot.php(67): CodeIgniter\Boot::runCodeIgniter(Object(CodeIgniter\CodeIgniter))
15 FCPATH\index.php(56): CodeIgniter\Boot::bootWeb(Object(Config\Paths))
CRITICAL - 2025-03-21 08:09:15 --> ErrorException: Undefined variable $pagerLinks
[Method: GET, Route: admin/deliverylist]
in APPPATH\Views\layouts\delivery_operations_report.php on line 221.
 1 APPPATH\Views\layouts\delivery_operations_report.php(221): CodeIgniter\Debug\Exceptions->errorHandler(2, 'Undefined variable $pagerLinks', 'C:\\xampp\\htdocs\\meeshodelivery\\app\\Views\\layouts\\delivery_operations_report.php', 221)
 2 SYSTEMPATH\View\View.php(224): include('C:\\xampp\\htdocs\\meeshodelivery\\app\\Views\\layouts\\delivery_operations_report.php')
 3 SYSTEMPATH\View\View.php(227): CodeIgniter\View\View->CodeIgniter\View\{closure}()
 4 SYSTEMPATH\View\View.php(475): CodeIgniter\View\View->render('layouts/delivery_operations_report', null, true)
 5 APPPATH\Views\delivery_operations_report.php(6): CodeIgniter\View\View->include('layouts/delivery_operations_report')
 6 SYSTEMPATH\View\View.php(224): include('C:\\xampp\\htdocs\\meeshodelivery\\app\\Views\\delivery_operations_report.php')
 7 SYSTEMPATH\View\View.php(227): CodeIgniter\View\View->CodeIgniter\View\{closure}()
 8 SYSTEMPATH\Common.php(1173): CodeIgniter\View\View->render('delivery_operations_report', [], true)
 9 APPPATH\Controllers\Admin.php(591): view('delivery_operations_report', [...])
10 SYSTEMPATH\CodeIgniter.php(933): App\Controllers\Admin->deliveryOperationsReport()
11 SYSTEMPATH\CodeIgniter.php(507): CodeIgniter\CodeIgniter->runController(Object(App\Controllers\Admin))
12 SYSTEMPATH\CodeIgniter.php(354): CodeIgniter\CodeIgniter->handleRequest(null, Object(Config\Cache), false)
13 SYSTEMPATH\Boot.php(334): CodeIgniter\CodeIgniter->run()
14 SYSTEMPATH\Boot.php(67): CodeIgniter\Boot::runCodeIgniter(Object(CodeIgniter\CodeIgniter))
15 FCPATH\index.php(56): CodeIgniter\Boot::bootWeb(Object(Config\Paths))
CRITICAL - 2025-03-21 09:18:12 --> ErrorException: Undefined variable $selectedStaffId
[Method: GET, Route: admin/deliverylist]
in APPPATH\Views\layouts\delivery_operations_report.php on line 152.
 1 APPPATH\Views\layouts\delivery_operations_report.php(152): CodeIgniter\Debug\Exceptions->errorHandler(2, 'Undefined variable $selectedStaffId', 'C:\\xampp\\htdocs\\meeshodelivery\\app\\Views\\layouts\\delivery_operations_report.php', 152)
 2 SYSTEMPATH\View\View.php(224): include('C:\\xampp\\htdocs\\meeshodelivery\\app\\Views\\layouts\\delivery_operations_report.php')
 3 SYSTEMPATH\View\View.php(227): CodeIgniter\View\View->CodeIgniter\View\{closure}()
 4 SYSTEMPATH\View\View.php(475): CodeIgniter\View\View->render('layouts/delivery_operations_report', null, true)
 5 APPPATH\Views\delivery_operations_report.php(6): CodeIgniter\View\View->include('layouts/delivery_operations_report')
 6 SYSTEMPATH\View\View.php(224): include('C:\\xampp\\htdocs\\meeshodelivery\\app\\Views\\delivery_operations_report.php')
 7 SYSTEMPATH\View\View.php(227): CodeIgniter\View\View->CodeIgniter\View\{closure}()
 8 SYSTEMPATH\Common.php(1173): CodeIgniter\View\View->render('delivery_operations_report', [], true)
 9 APPPATH\Controllers\Admin.php(567): view('delivery_operations_report', [...])
10 SYSTEMPATH\CodeIgniter.php(933): App\Controllers\Admin->deliveryOperationsReport()
11 SYSTEMPATH\CodeIgniter.php(507): CodeIgniter\CodeIgniter->runController(Object(App\Controllers\Admin))
12 SYSTEMPATH\CodeIgniter.php(354): CodeIgniter\CodeIgniter->handleRequest(null, Object(Config\Cache), false)
13 SYSTEMPATH\Boot.php(334): CodeIgniter\CodeIgniter->run()
14 SYSTEMPATH\Boot.php(67): CodeIgniter\Boot::runCodeIgniter(Object(CodeIgniter\CodeIgniter))
15 FCPATH\index.php(56): CodeIgniter\Boot::bootWeb(Object(Config\Paths))
CRITICAL - 2025-03-21 09:18:30 --> ErrorException: Undefined variable $selectedStaffId
[Method: GET, Route: admin/deliverylist]
in APPPATH\Views\layouts\delivery_operations_report.php on line 152.
 1 APPPATH\Views\layouts\delivery_operations_report.php(152): CodeIgniter\Debug\Exceptions->errorHandler(2, 'Undefined variable $selectedStaffId', 'C:\\xampp\\htdocs\\meeshodelivery\\app\\Views\\layouts\\delivery_operations_report.php', 152)
 2 SYSTEMPATH\View\View.php(224): include('C:\\xampp\\htdocs\\meeshodelivery\\app\\Views\\layouts\\delivery_operations_report.php')
 3 SYSTEMPATH\View\View.php(227): CodeIgniter\View\View->CodeIgniter\View\{closure}()
 4 SYSTEMPATH\View\View.php(475): CodeIgniter\View\View->render('layouts/delivery_operations_report', null, true)
 5 APPPATH\Views\delivery_operations_report.php(6): CodeIgniter\View\View->include('layouts/delivery_operations_report')
 6 SYSTEMPATH\View\View.php(224): include('C:\\xampp\\htdocs\\meeshodelivery\\app\\Views\\delivery_operations_report.php')
 7 SYSTEMPATH\View\View.php(227): CodeIgniter\View\View->CodeIgniter\View\{closure}()
 8 SYSTEMPATH\Common.php(1173): CodeIgniter\View\View->render('delivery_operations_report', [], true)
 9 APPPATH\Controllers\Admin.php(567): view('delivery_operations_report', [...])
10 SYSTEMPATH\CodeIgniter.php(933): App\Controllers\Admin->deliveryOperationsReport()
11 SYSTEMPATH\CodeIgniter.php(507): CodeIgniter\CodeIgniter->runController(Object(App\Controllers\Admin))
12 SYSTEMPATH\CodeIgniter.php(354): CodeIgniter\CodeIgniter->handleRequest(null, Object(Config\Cache), false)
13 SYSTEMPATH\Boot.php(334): CodeIgniter\CodeIgniter->run()
14 SYSTEMPATH\Boot.php(67): CodeIgniter\Boot::runCodeIgniter(Object(CodeIgniter\CodeIgniter))
15 FCPATH\index.php(56): CodeIgniter\Boot::bootWeb(Object(Config\Paths))
CRITICAL - 2025-03-21 09:18:31 --> ErrorException: Undefined variable $selectedStaffId
[Method: GET, Route: admin/deliverylist]
in APPPATH\Views\layouts\delivery_operations_report.php on line 152.
 1 APPPATH\Views\layouts\delivery_operations_report.php(152): CodeIgniter\Debug\Exceptions->errorHandler(2, 'Undefined variable $selectedStaffId', 'C:\\xampp\\htdocs\\meeshodelivery\\app\\Views\\layouts\\delivery_operations_report.php', 152)
 2 SYSTEMPATH\View\View.php(224): include('C:\\xampp\\htdocs\\meeshodelivery\\app\\Views\\layouts\\delivery_operations_report.php')
 3 SYSTEMPATH\View\View.php(227): CodeIgniter\View\View->CodeIgniter\View\{closure}()
 4 SYSTEMPATH\View\View.php(475): CodeIgniter\View\View->render('layouts/delivery_operations_report', null, true)
 5 APPPATH\Views\delivery_operations_report.php(6): CodeIgniter\View\View->include('layouts/delivery_operations_report')
 6 SYSTEMPATH\View\View.php(224): include('C:\\xampp\\htdocs\\meeshodelivery\\app\\Views\\delivery_operations_report.php')
 7 SYSTEMPATH\View\View.php(227): CodeIgniter\View\View->CodeIgniter\View\{closure}()
 8 SYSTEMPATH\Common.php(1173): CodeIgniter\View\View->render('delivery_operations_report', [], true)
 9 APPPATH\Controllers\Admin.php(567): view('delivery_operations_report', [...])
10 SYSTEMPATH\CodeIgniter.php(933): App\Controllers\Admin->deliveryOperationsReport()
11 SYSTEMPATH\CodeIgniter.php(507): CodeIgniter\CodeIgniter->runController(Object(App\Controllers\Admin))
12 SYSTEMPATH\CodeIgniter.php(354): CodeIgniter\CodeIgniter->handleRequest(null, Object(Config\Cache), false)
13 SYSTEMPATH\Boot.php(334): CodeIgniter\CodeIgniter->run()
14 SYSTEMPATH\Boot.php(67): CodeIgniter\Boot::runCodeIgniter(Object(CodeIgniter\CodeIgniter))
15 FCPATH\index.php(56): CodeIgniter\Boot::bootWeb(Object(Config\Paths))
CRITICAL - 2025-03-21 09:23:37 --> Error: Call to undefined method CodeIgniter\Database\MySQLi\Builder::paginate()
[Method: GET, Route: admin/deliverylist]
in APPPATH\Controllers\Admin.php on line 613.
 1 SYSTEMPATH\CodeIgniter.php(933): App\Controllers\Admin->deliveryOperationsReport()
 2 SYSTEMPATH\CodeIgniter.php(507): CodeIgniter\CodeIgniter->runController(Object(App\Controllers\Admin))
 3 SYSTEMPATH\CodeIgniter.php(354): CodeIgniter\CodeIgniter->handleRequest(null, Object(Config\Cache), false)
 4 SYSTEMPATH\Boot.php(334): CodeIgniter\CodeIgniter->run()
 5 SYSTEMPATH\Boot.php(67): CodeIgniter\Boot::runCodeIgniter(Object(CodeIgniter\CodeIgniter))
 6 FCPATH\index.php(56): CodeIgniter\Boot::bootWeb(Object(Config\Paths))
CRITICAL - 2025-03-21 09:51:02 --> ErrorException: Undefined variable $statusOptions
[Method: GET, Route: admin/adduser]
in APPPATH\Views\layouts\adduser.php on line 129.
 1 APPPATH\Views\layouts\adduser.php(129): CodeIgniter\Debug\Exceptions->errorHandler(2, 'Undefined variable $statusOptions', 'C:\\xampp\\htdocs\\meeshodelivery\\app\\Views\\layouts\\adduser.php', 129)
 2 SYSTEMPATH\View\View.php(224): include('C:\\xampp\\htdocs\\meeshodelivery\\app\\Views\\layouts\\adduser.php')
 3 SYSTEMPATH\View\View.php(227): CodeIgniter\View\View->CodeIgniter\View\{closure}()
 4 SYSTEMPATH\View\View.php(475): CodeIgniter\View\View->render('layouts/adduser', null, true)
 5 APPPATH\Views\add_user.php(6): CodeIgniter\View\View->include('layouts/adduser')
 6 SYSTEMPATH\View\View.php(224): include('C:\\xampp\\htdocs\\meeshodelivery\\app\\Views\\add_user.php')
 7 SYSTEMPATH\View\View.php(227): CodeIgniter\View\View->CodeIgniter\View\{closure}()
 8 SYSTEMPATH\Common.php(1173): CodeIgniter\View\View->render('add_user', [], true)
 9 APPPATH\Controllers\Admin.php(50): view('add_user', [...])
10 SYSTEMPATH\CodeIgniter.php(933): App\Controllers\Admin->addUser()
11 SYSTEMPATH\CodeIgniter.php(507): CodeIgniter\CodeIgniter->runController(Object(App\Controllers\Admin))
12 SYSTEMPATH\CodeIgniter.php(354): CodeIgniter\CodeIgniter->handleRequest(null, Object(Config\Cache), false)
13 SYSTEMPATH\Boot.php(334): CodeIgniter\CodeIgniter->run()
14 SYSTEMPATH\Boot.php(67): CodeIgniter\Boot::runCodeIgniter(Object(CodeIgniter\CodeIgniter))
15 FCPATH\index.php(56): CodeIgniter\Boot::bootWeb(Object(Config\Paths))
CRITICAL - 2025-03-21 11:19:45 --> ErrorException: Undefined variable $start_date
[Method: GET, Route: admin/expenseslist]
in APPPATH\Views\layouts\expenses_list.php on line 45.
 1 APPPATH\Views\layouts\expenses_list.php(45): CodeIgniter\Debug\Exceptions->errorHandler(2, 'Undefined variable $start_date', 'C:\\xampp\\htdocs\\meeshodelivery\\app\\Views\\layouts\\expenses_list.php', 45)
 2 SYSTEMPATH\View\View.php(224): include('C:\\xampp\\htdocs\\meeshodelivery\\app\\Views\\layouts\\expenses_list.php')
 3 SYSTEMPATH\View\View.php(227): CodeIgniter\View\View->CodeIgniter\View\{closure}()
 4 SYSTEMPATH\View\View.php(475): CodeIgniter\View\View->render('layouts/expenses_list', null, true)
 5 APPPATH\Views\expenses_list.php(6): CodeIgniter\View\View->include('layouts/expenses_list')
 6 SYSTEMPATH\View\View.php(224): include('C:\\xampp\\htdocs\\meeshodelivery\\app\\Views\\expenses_list.php')
 7 SYSTEMPATH\View\View.php(227): CodeIgniter\View\View->CodeIgniter\View\{closure}()
 8 SYSTEMPATH\Common.php(1173): CodeIgniter\View\View->render('expenses_list', [], true)
 9 APPPATH\Controllers\Admin.php(389): view('expenses_list', [...])
10 SYSTEMPATH\CodeIgniter.php(933): App\Controllers\Admin->expenseList()
11 SYSTEMPATH\CodeIgniter.php(507): CodeIgniter\CodeIgniter->runController(Object(App\Controllers\Admin))
12 SYSTEMPATH\CodeIgniter.php(354): CodeIgniter\CodeIgniter->handleRequest(null, Object(Config\Cache), false)
13 SYSTEMPATH\Boot.php(334): CodeIgniter\CodeIgniter->run()
14 SYSTEMPATH\Boot.php(67): CodeIgniter\Boot::runCodeIgniter(Object(CodeIgniter\CodeIgniter))
15 FCPATH\index.php(56): CodeIgniter\Boot::bootWeb(Object(Config\Paths))
CRITICAL - 2025-03-21 11:23:37 --> Error: Object of class CodeIgniter\Pager\Pager could not be converted to string
[Method: GET, Route: admin/expenseslist]
in APPPATH\Views\layouts\expenses_list.php on line 81.
 1 SYSTEMPATH\View\View.php(224): include()
 2 SYSTEMPATH\View\View.php(227): CodeIgniter\View\View->CodeIgniter\View\{closure}()
 3 SYSTEMPATH\View\View.php(475): CodeIgniter\View\View->render('layouts/expenses_list', null, true)
 4 APPPATH\Views\expenses_list.php(6): CodeIgniter\View\View->include('layouts/expenses_list')
 5 SYSTEMPATH\View\View.php(224): include('C:\\xampp\\htdocs\\meeshodelivery\\app\\Views\\expenses_list.php')
 6 SYSTEMPATH\View\View.php(227): CodeIgniter\View\View->CodeIgniter\View\{closure}()
 7 SYSTEMPATH\Common.php(1173): CodeIgniter\View\View->render('expenses_list', [], true)
 8 APPPATH\Controllers\Admin.php(389): view('expenses_list', [...])
 9 SYSTEMPATH\CodeIgniter.php(933): App\Controllers\Admin->expenseList()
10 SYSTEMPATH\CodeIgniter.php(507): CodeIgniter\CodeIgniter->runController(Object(App\Controllers\Admin))
11 SYSTEMPATH\CodeIgniter.php(354): CodeIgniter\CodeIgniter->handleRequest(null, Object(Config\Cache), false)
12 SYSTEMPATH\Boot.php(334): CodeIgniter\CodeIgniter->run()
13 SYSTEMPATH\Boot.php(67): CodeIgniter\Boot::runCodeIgniter(Object(CodeIgniter\CodeIgniter))
14 FCPATH\index.php(56): CodeIgniter\Boot::bootWeb(Object(Config\Paths))
CRITICAL - 2025-03-21 11:38:25 --> ErrorException: Undefined variable $pager
[Method: GET, Route: admin/deliveryoperationsreport]
in APPPATH\Views\layouts\delivery_report.php on line 89.
 1 APPPATH\Views\layouts\delivery_report.php(89): CodeIgniter\Debug\Exceptions->errorHandler(2, 'Undefined variable $pager', 'C:\\xampp\\htdocs\\meeshodelivery\\app\\Views\\layouts\\delivery_report.php', 89)
 2 SYSTEMPATH\View\View.php(224): include('C:\\xampp\\htdocs\\meeshodelivery\\app\\Views\\layouts\\delivery_report.php')
 3 SYSTEMPATH\View\View.php(227): CodeIgniter\View\View->CodeIgniter\View\{closure}()
 4 SYSTEMPATH\View\View.php(475): CodeIgniter\View\View->render('layouts/delivery_report', null, true)
 5 APPPATH\Views\delivery_report.php(6): CodeIgniter\View\View->include('layouts/delivery_report')
 6 SYSTEMPATH\View\View.php(224): include('C:\\xampp\\htdocs\\meeshodelivery\\app\\Views\\delivery_report.php')
 7 SYSTEMPATH\View\View.php(227): CodeIgniter\View\View->CodeIgniter\View\{closure}()
 8 SYSTEMPATH\Common.php(1173): CodeIgniter\View\View->render('delivery_report', [], true)
 9 APPPATH\Controllers\Admin.php(631): view('delivery_report', [...])
10 SYSTEMPATH\CodeIgniter.php(933): App\Controllers\Admin->deliveryOperationsReportfiter()
11 SYSTEMPATH\CodeIgniter.php(507): CodeIgniter\CodeIgniter->runController(Object(App\Controllers\Admin))
12 SYSTEMPATH\CodeIgniter.php(354): CodeIgniter\CodeIgniter->handleRequest(null, Object(Config\Cache), false)
13 SYSTEMPATH\Boot.php(334): CodeIgniter\CodeIgniter->run()
14 SYSTEMPATH\Boot.php(67): CodeIgniter\Boot::runCodeIgniter(Object(CodeIgniter\CodeIgniter))
15 FCPATH\index.php(56): CodeIgniter\Boot::bootWeb(Object(Config\Paths))
CRITICAL - 2025-03-21 11:38:41 --> ErrorException: Undefined variable $pager
[Method: GET, Route: admin/deliveryoperationsreport]
in APPPATH\Views\layouts\delivery_report.php on line 89.
 1 APPPATH\Views\layouts\delivery_report.php(89): CodeIgniter\Debug\Exceptions->errorHandler(2, 'Undefined variable $pager', 'C:\\xampp\\htdocs\\meeshodelivery\\app\\Views\\layouts\\delivery_report.php', 89)
 2 SYSTEMPATH\View\View.php(224): include('C:\\xampp\\htdocs\\meeshodelivery\\app\\Views\\layouts\\delivery_report.php')
 3 SYSTEMPATH\View\View.php(227): CodeIgniter\View\View->CodeIgniter\View\{closure}()
 4 SYSTEMPATH\View\View.php(475): CodeIgniter\View\View->render('layouts/delivery_report', null, true)
 5 APPPATH\Views\delivery_report.php(6): CodeIgniter\View\View->include('layouts/delivery_report')
 6 SYSTEMPATH\View\View.php(224): include('C:\\xampp\\htdocs\\meeshodelivery\\app\\Views\\delivery_report.php')
 7 SYSTEMPATH\View\View.php(227): CodeIgniter\View\View->CodeIgniter\View\{closure}()
 8 SYSTEMPATH\Common.php(1173): CodeIgniter\View\View->render('delivery_report', [], true)
 9 APPPATH\Controllers\Admin.php(631): view('delivery_report', [...])
10 SYSTEMPATH\CodeIgniter.php(933): App\Controllers\Admin->deliveryOperationsReportfiter()
11 SYSTEMPATH\CodeIgniter.php(507): CodeIgniter\CodeIgniter->runController(Object(App\Controllers\Admin))
12 SYSTEMPATH\CodeIgniter.php(354): CodeIgniter\CodeIgniter->handleRequest(null, Object(Config\Cache), false)
13 SYSTEMPATH\Boot.php(334): CodeIgniter\CodeIgniter->run()
14 SYSTEMPATH\Boot.php(67): CodeIgniter\Boot::runCodeIgniter(Object(CodeIgniter\CodeIgniter))
15 FCPATH\index.php(56): CodeIgniter\Boot::bootWeb(Object(Config\Paths))
CRITICAL - 2025-03-21 11:47:51 --> ErrorException: Undefined variable $date
[Method: GET, Route: admin/deliveryoperationsreport]
in APPPATH\Views\layouts\delivery_report.php on line 41.
 1 APPPATH\Views\layouts\delivery_report.php(41): CodeIgniter\Debug\Exceptions->errorHandler(2, 'Undefined variable $date', 'C:\\xampp\\htdocs\\meeshodelivery\\app\\Views\\layouts\\delivery_report.php', 41)
 2 SYSTEMPATH\View\View.php(224): include('C:\\xampp\\htdocs\\meeshodelivery\\app\\Views\\layouts\\delivery_report.php')
 3 SYSTEMPATH\View\View.php(227): CodeIgniter\View\View->CodeIgniter\View\{closure}()
 4 SYSTEMPATH\View\View.php(475): CodeIgniter\View\View->render('layouts/delivery_report', null, true)
 5 APPPATH\Views\delivery_report.php(6): CodeIgniter\View\View->include('layouts/delivery_report')
 6 SYSTEMPATH\View\View.php(224): include('C:\\xampp\\htdocs\\meeshodelivery\\app\\Views\\delivery_report.php')
 7 SYSTEMPATH\View\View.php(227): CodeIgniter\View\View->CodeIgniter\View\{closure}()
 8 SYSTEMPATH\Common.php(1173): CodeIgniter\View\View->render('delivery_report', [], true)
 9 APPPATH\Controllers\Admin.php(631): view('delivery_report', [...])
10 SYSTEMPATH\CodeIgniter.php(933): App\Controllers\Admin->deliveryOperationsReportfiter()
11 SYSTEMPATH\CodeIgniter.php(507): CodeIgniter\CodeIgniter->runController(Object(App\Controllers\Admin))
12 SYSTEMPATH\CodeIgniter.php(354): CodeIgniter\CodeIgniter->handleRequest(null, Object(Config\Cache), false)
13 SYSTEMPATH\Boot.php(334): CodeIgniter\CodeIgniter->run()
14 SYSTEMPATH\Boot.php(67): CodeIgniter\Boot::runCodeIgniter(Object(CodeIgniter\CodeIgniter))
15 FCPATH\index.php(56): CodeIgniter\Boot::bootWeb(Object(Config\Paths))
CRITICAL - 2025-03-21 11:48:33 --> ErrorException: Undefined variable $date
[Method: GET, Route: admin/deliveryoperationsreport]
in APPPATH\Views\layouts\delivery_report.php on line 41.
 1 APPPATH\Views\layouts\delivery_report.php(41): CodeIgniter\Debug\Exceptions->errorHandler(2, 'Undefined variable $date', 'C:\\xampp\\htdocs\\meeshodelivery\\app\\Views\\layouts\\delivery_report.php', 41)
 2 SYSTEMPATH\View\View.php(224): include('C:\\xampp\\htdocs\\meeshodelivery\\app\\Views\\layouts\\delivery_report.php')
 3 SYSTEMPATH\View\View.php(227): CodeIgniter\View\View->CodeIgniter\View\{closure}()
 4 SYSTEMPATH\View\View.php(475): CodeIgniter\View\View->render('layouts/delivery_report', null, true)
 5 APPPATH\Views\delivery_report.php(6): CodeIgniter\View\View->include('layouts/delivery_report')
 6 SYSTEMPATH\View\View.php(224): include('C:\\xampp\\htdocs\\meeshodelivery\\app\\Views\\delivery_report.php')
 7 SYSTEMPATH\View\View.php(227): CodeIgniter\View\View->CodeIgniter\View\{closure}()
 8 SYSTEMPATH\Common.php(1173): CodeIgniter\View\View->render('delivery_report', [], true)
 9 APPPATH\Controllers\Admin.php(631): view('delivery_report', [...])
10 SYSTEMPATH\CodeIgniter.php(933): App\Controllers\Admin->deliveryOperationsReportfiter()
11 SYSTEMPATH\CodeIgniter.php(507): CodeIgniter\CodeIgniter->runController(Object(App\Controllers\Admin))
12 SYSTEMPATH\CodeIgniter.php(354): CodeIgniter\CodeIgniter->handleRequest(null, Object(Config\Cache), false)
13 SYSTEMPATH\Boot.php(334): CodeIgniter\CodeIgniter->run()
14 SYSTEMPATH\Boot.php(67): CodeIgniter\Boot::runCodeIgniter(Object(CodeIgniter\CodeIgniter))
15 FCPATH\index.php(56): CodeIgniter\Boot::bootWeb(Object(Config\Paths))
CRITICAL - 2025-03-21 11:48:38 --> ErrorException: Undefined variable $date
[Method: GET, Route: admin/deliveryoperationsreport]
in APPPATH\Views\layouts\delivery_report.php on line 41.
 1 APPPATH\Views\layouts\delivery_report.php(41): CodeIgniter\Debug\Exceptions->errorHandler(2, 'Undefined variable $date', 'C:\\xampp\\htdocs\\meeshodelivery\\app\\Views\\layouts\\delivery_report.php', 41)
 2 SYSTEMPATH\View\View.php(224): include('C:\\xampp\\htdocs\\meeshodelivery\\app\\Views\\layouts\\delivery_report.php')
 3 SYSTEMPATH\View\View.php(227): CodeIgniter\View\View->CodeIgniter\View\{closure}()
 4 SYSTEMPATH\View\View.php(475): CodeIgniter\View\View->render('layouts/delivery_report', null, true)
 5 APPPATH\Views\delivery_report.php(6): CodeIgniter\View\View->include('layouts/delivery_report')
 6 SYSTEMPATH\View\View.php(224): include('C:\\xampp\\htdocs\\meeshodelivery\\app\\Views\\delivery_report.php')
 7 SYSTEMPATH\View\View.php(227): CodeIgniter\View\View->CodeIgniter\View\{closure}()
 8 SYSTEMPATH\Common.php(1173): CodeIgniter\View\View->render('delivery_report', [], true)
 9 APPPATH\Controllers\Admin.php(631): view('delivery_report', [...])
10 SYSTEMPATH\CodeIgniter.php(933): App\Controllers\Admin->deliveryOperationsReportfiter()
11 SYSTEMPATH\CodeIgniter.php(507): CodeIgniter\CodeIgniter->runController(Object(App\Controllers\Admin))
12 SYSTEMPATH\CodeIgniter.php(354): CodeIgniter\CodeIgniter->handleRequest(null, Object(Config\Cache), false)
13 SYSTEMPATH\Boot.php(334): CodeIgniter\CodeIgniter->run()
14 SYSTEMPATH\Boot.php(67): CodeIgniter\Boot::runCodeIgniter(Object(CodeIgniter\CodeIgniter))
15 FCPATH\index.php(56): CodeIgniter\Boot::bootWeb(Object(Config\Paths))
