CRITICAL - 2025-04-06 06:01:57 --> ErrorException: Attempt to read property "hub_name" on string
[Method: GET, Route: admin/dashboard]
in APPPATH\Views\layouts\dashboard.php on line 86.
 1 APPPATH\Views\layouts\dashboard.php(86): CodeIgniter\Debug\Exceptions->errorHandler(2, 'Attempt to read property "hub_name" on string', 'C:\\xampp\\htdocs\\meeshodelivery\\app\\Views\\layouts\\dashboard.php', 86)
 2 SYSTEMPATH\View\View.php(224): include('C:\\xampp\\htdocs\\meeshodelivery\\app\\Views\\layouts\\dashboard.php')
 3 SYSTEMPATH\View\View.php(227): CodeIgniter\View\View->CodeIgniter\View\{closure}()
 4 SYSTEMPATH\View\View.php(475): CodeIgniter\View\View->render('layouts/dashboard', null, true)
 5 APPPATH\Views\admin_layout.php(8): CodeIgniter\View\View->include('layouts/dashboard')
 6 SYSTEMPATH\View\View.php(224): include('C:\\xampp\\htdocs\\meeshodelivery\\app\\Views\\admin_layout.php')
 7 SYSTEMPATH\View\View.php(227): CodeIgniter\View\View->CodeIgniter\View\{closure}()
 8 SYSTEMPATH\Common.php(1173): CodeIgniter\View\View->render('admin_layout', [], true)
 9 APPPATH\Controllers\LoginController.php(195): view('admin_layout', [...])
10 SYSTEMPATH\CodeIgniter.php(933): App\Controllers\LoginController->dashboard()
11 SYSTEMPATH\CodeIgniter.php(507): CodeIgniter\CodeIgniter->runController(Object(App\Controllers\LoginController))
12 SYSTEMPATH\CodeIgniter.php(354): CodeIgniter\CodeIgniter->handleRequest(null, Object(Config\Cache), false)
13 SYSTEMPATH\Boot.php(334): CodeIgniter\CodeIgniter->run()
14 SYSTEMPATH\Boot.php(67): CodeIgniter\Boot::runCodeIgniter(Object(CodeIgniter\CodeIgniter))
15 FCPATH\index.php(56): CodeIgniter\Boot::bootWeb(Object(Config\Paths))
CRITICAL - 2025-04-06 06:45:45 --> ErrorException: Undefined variable $finalData
[Method: GET, Route: admin/dashboard]
in APPPATH\Views\layouts\dashboard.php on line 84.
 1 APPPATH\Views\layouts\dashboard.php(84): CodeIgniter\Debug\Exceptions->errorHandler(2, 'Undefined variable $finalData', 'C:\\xampp\\htdocs\\meeshodelivery\\app\\Views\\layouts\\dashboard.php', 84)
 2 SYSTEMPATH\View\View.php(224): include('C:\\xampp\\htdocs\\meeshodelivery\\app\\Views\\layouts\\dashboard.php')
 3 SYSTEMPATH\View\View.php(227): CodeIgniter\View\View->CodeIgniter\View\{closure}()
 4 SYSTEMPATH\View\View.php(475): CodeIgniter\View\View->render('layouts/dashboard', null, true)
 5 APPPATH\Views\admin_layout.php(8): CodeIgniter\View\View->include('layouts/dashboard')
 6 SYSTEMPATH\View\View.php(224): include('C:\\xampp\\htdocs\\meeshodelivery\\app\\Views\\admin_layout.php')
 7 SYSTEMPATH\View\View.php(227): CodeIgniter\View\View->CodeIgniter\View\{closure}()
 8 SYSTEMPATH\Common.php(1173): CodeIgniter\View\View->render('admin_layout', [], true)
 9 APPPATH\Controllers\LoginController.php(205): view('admin_layout', [...])
10 SYSTEMPATH\CodeIgniter.php(933): App\Controllers\LoginController->dashboard()
11 SYSTEMPATH\CodeIgniter.php(507): CodeIgniter\CodeIgniter->runController(Object(App\Controllers\LoginController))
12 SYSTEMPATH\CodeIgniter.php(354): CodeIgniter\CodeIgniter->handleRequest(null, Object(Config\Cache), false)
13 SYSTEMPATH\Boot.php(334): CodeIgniter\CodeIgniter->run()
14 SYSTEMPATH\Boot.php(67): CodeIgniter\Boot::runCodeIgniter(Object(CodeIgniter\CodeIgniter))
15 FCPATH\index.php(56): CodeIgniter\Boot::bootWeb(Object(Config\Paths))
CRITICAL - 2025-04-06 07:14:31 --> ParseError: syntax error, unexpected token "public", expecting end of file
[Method: GET, Route: admin/dashboard]
in APPPATH\Controllers\LoginController.php on line 238.
 1 SYSTEMPATH\Autoloader\Autoloader.php(295): CodeIgniter\Autoloader\Autoloader->includeFile('C:\\xampp\\htdocs\\meeshodelivery\\app\\Controllers\\LoginController.php')
 2 SYSTEMPATH\Autoloader\Autoloader.php(271): CodeIgniter\Autoloader\Autoloader->loadInNamespace('App\\Controllers\\LoginController')
 3 [internal function]: CodeIgniter\Autoloader\Autoloader->loadClass('App\\Controllers\\LoginController')
 4 SYSTEMPATH\CodeIgniter.php(885): class_exists('\\App\\Controllers\\LoginController', true)
 5 SYSTEMPATH\CodeIgniter.php(494): CodeIgniter\CodeIgniter->startController()
 6 SYSTEMPATH\CodeIgniter.php(354): CodeIgniter\CodeIgniter->handleRequest(null, Object(Config\Cache), false)
 7 SYSTEMPATH\Boot.php(334): CodeIgniter\CodeIgniter->run()
 8 SYSTEMPATH\Boot.php(67): CodeIgniter\Boot::runCodeIgniter(Object(CodeIgniter\CodeIgniter))
 9 FCPATH\index.php(56): CodeIgniter\Boot::bootWeb(Object(Config\Paths))
CRITICAL - 2025-04-06 10:15:32 --> ErrorException: Undefined array key "ifsc"
[Method: GET, Route: admin/staff/view/31]
in APPPATH\Views\layouts\view_staff.php on line 66.
 1 APPPATH\Views\layouts\view_staff.php(66): CodeIgniter\Debug\Exceptions->errorHandler(2, 'Undefined array key "ifsc"', 'C:\\xampp\\htdocs\\meeshodelivery\\app\\Views\\layouts\\view_staff.php', 66)
 2 SYSTEMPATH\View\View.php(224): include('C:\\xampp\\htdocs\\meeshodelivery\\app\\Views\\layouts\\view_staff.php')
 3 SYSTEMPATH\View\View.php(227): CodeIgniter\View\View->CodeIgniter\View\{closure}()
 4 SYSTEMPATH\View\View.php(475): CodeIgniter\View\View->render('layouts/view_staff', null, true)
 5 APPPATH\Views\view_staff.php(6): CodeIgniter\View\View->include('layouts/view_staff')
 6 SYSTEMPATH\View\View.php(224): include('C:\\xampp\\htdocs\\meeshodelivery\\app\\Views\\view_staff.php')
 7 SYSTEMPATH\View\View.php(227): CodeIgniter\View\View->CodeIgniter\View\{closure}()
 8 SYSTEMPATH\Common.php(1173): CodeIgniter\View\View->render('view_staff', [], true)
 9 APPPATH\Controllers\Admin.php(539): view('view_staff', [...])
10 SYSTEMPATH\CodeIgniter.php(933): App\Controllers\Admin->viewStaff('31')
11 SYSTEMPATH\CodeIgniter.php(507): CodeIgniter\CodeIgniter->runController(Object(App\Controllers\Admin))
12 SYSTEMPATH\CodeIgniter.php(354): CodeIgniter\CodeIgniter->handleRequest(null, Object(Config\Cache), false)
13 SYSTEMPATH\Boot.php(334): CodeIgniter\CodeIgniter->run()
14 SYSTEMPATH\Boot.php(67): CodeIgniter\Boot::runCodeIgniter(Object(CodeIgniter\CodeIgniter))
15 FCPATH\index.php(56): CodeIgniter\Boot::bootWeb(Object(Config\Paths))
CRITICAL - 2025-04-06 10:15:47 --> ErrorException: Undefined array key "ifscode"
[Method: GET, Route: admin/staff/view/31]
in APPPATH\Views\layouts\view_staff.php on line 66.
 1 APPPATH\Views\layouts\view_staff.php(66): CodeIgniter\Debug\Exceptions->errorHandler(2, 'Undefined array key "ifscode"', 'C:\\xampp\\htdocs\\meeshodelivery\\app\\Views\\layouts\\view_staff.php', 66)
 2 SYSTEMPATH\View\View.php(224): include('C:\\xampp\\htdocs\\meeshodelivery\\app\\Views\\layouts\\view_staff.php')
 3 SYSTEMPATH\View\View.php(227): CodeIgniter\View\View->CodeIgniter\View\{closure}()
 4 SYSTEMPATH\View\View.php(475): CodeIgniter\View\View->render('layouts/view_staff', null, true)
 5 APPPATH\Views\view_staff.php(6): CodeIgniter\View\View->include('layouts/view_staff')
 6 SYSTEMPATH\View\View.php(224): include('C:\\xampp\\htdocs\\meeshodelivery\\app\\Views\\view_staff.php')
 7 SYSTEMPATH\View\View.php(227): CodeIgniter\View\View->CodeIgniter\View\{closure}()
 8 SYSTEMPATH\Common.php(1173): CodeIgniter\View\View->render('view_staff', [], true)
 9 APPPATH\Controllers\Admin.php(539): view('view_staff', [...])
10 SYSTEMPATH\CodeIgniter.php(933): App\Controllers\Admin->viewStaff('31')
11 SYSTEMPATH\CodeIgniter.php(507): CodeIgniter\CodeIgniter->runController(Object(App\Controllers\Admin))
12 SYSTEMPATH\CodeIgniter.php(354): CodeIgniter\CodeIgniter->handleRequest(null, Object(Config\Cache), false)
13 SYSTEMPATH\Boot.php(334): CodeIgniter\CodeIgniter->run()
14 SYSTEMPATH\Boot.php(67): CodeIgniter\Boot::runCodeIgniter(Object(CodeIgniter\CodeIgniter))
15 FCPATH\index.php(56): CodeIgniter\Boot::bootWeb(Object(Config\Paths))
CRITICAL - 2025-04-06 10:39:01 --> ErrorException: Undefined array key "ifsc"
[Method: GET, Route: admin/staff/edit/33]
in APPPATH\Views\layouts\edit_staff.php on line 110.
 1 APPPATH\Views\layouts\edit_staff.php(110): CodeIgniter\Debug\Exceptions->errorHandler(2, 'Undefined array key "ifsc"', 'C:\\xampp\\htdocs\\meeshodelivery\\app\\Views\\layouts\\edit_staff.php', 110)
 2 SYSTEMPATH\View\View.php(224): include('C:\\xampp\\htdocs\\meeshodelivery\\app\\Views\\layouts\\edit_staff.php')
 3 SYSTEMPATH\View\View.php(227): CodeIgniter\View\View->CodeIgniter\View\{closure}()
 4 SYSTEMPATH\View\View.php(475): CodeIgniter\View\View->render('layouts/edit_staff', null, true)
 5 APPPATH\Views\edit_staff.php(6): CodeIgniter\View\View->include('layouts/edit_staff')
 6 SYSTEMPATH\View\View.php(224): include('C:\\xampp\\htdocs\\meeshodelivery\\app\\Views\\edit_staff.php')
 7 SYSTEMPATH\View\View.php(227): CodeIgniter\View\View->CodeIgniter\View\{closure}()
 8 SYSTEMPATH\Common.php(1173): CodeIgniter\View\View->render('edit_staff', [], true)
 9 APPPATH\Controllers\Admin.php(471): view('edit_staff', [...])
10 SYSTEMPATH\CodeIgniter.php(933): App\Controllers\Admin->editStaff('33')
11 SYSTEMPATH\CodeIgniter.php(507): CodeIgniter\CodeIgniter->runController(Object(App\Controllers\Admin))
12 SYSTEMPATH\CodeIgniter.php(354): CodeIgniter\CodeIgniter->handleRequest(null, Object(Config\Cache), false)
13 SYSTEMPATH\Boot.php(334): CodeIgniter\CodeIgniter->run()
14 SYSTEMPATH\Boot.php(67): CodeIgniter\Boot::runCodeIgniter(Object(CodeIgniter\CodeIgniter))
15 FCPATH\index.php(56): CodeIgniter\Boot::bootWeb(Object(Config\Paths))
CRITICAL - 2025-04-06 10:39:12 --> ErrorException: Undefined array key "ifscode"
[Method: GET, Route: admin/staff/edit/33]
in APPPATH\Views\layouts\edit_staff.php on line 110.
 1 APPPATH\Views\layouts\edit_staff.php(110): CodeIgniter\Debug\Exceptions->errorHandler(2, 'Undefined array key "ifscode"', 'C:\\xampp\\htdocs\\meeshodelivery\\app\\Views\\layouts\\edit_staff.php', 110)
 2 SYSTEMPATH\View\View.php(224): include('C:\\xampp\\htdocs\\meeshodelivery\\app\\Views\\layouts\\edit_staff.php')
 3 SYSTEMPATH\View\View.php(227): CodeIgniter\View\View->CodeIgniter\View\{closure}()
 4 SYSTEMPATH\View\View.php(475): CodeIgniter\View\View->render('layouts/edit_staff', null, true)
 5 APPPATH\Views\edit_staff.php(6): CodeIgniter\View\View->include('layouts/edit_staff')
 6 SYSTEMPATH\View\View.php(224): include('C:\\xampp\\htdocs\\meeshodelivery\\app\\Views\\edit_staff.php')
 7 SYSTEMPATH\View\View.php(227): CodeIgniter\View\View->CodeIgniter\View\{closure}()
 8 SYSTEMPATH\Common.php(1173): CodeIgniter\View\View->render('edit_staff', [], true)
 9 APPPATH\Controllers\Admin.php(471): view('edit_staff', [...])
10 SYSTEMPATH\CodeIgniter.php(933): App\Controllers\Admin->editStaff('33')
11 SYSTEMPATH\CodeIgniter.php(507): CodeIgniter\CodeIgniter->runController(Object(App\Controllers\Admin))
12 SYSTEMPATH\CodeIgniter.php(354): CodeIgniter\CodeIgniter->handleRequest(null, Object(Config\Cache), false)
13 SYSTEMPATH\Boot.php(334): CodeIgniter\CodeIgniter->run()
14 SYSTEMPATH\Boot.php(67): CodeIgniter\Boot::runCodeIgniter(Object(CodeIgniter\CodeIgniter))
15 FCPATH\index.php(56): CodeIgniter\Boot::bootWeb(Object(Config\Paths))
CRITICAL - 2025-04-06 10:39:14 --> ErrorException: Undefined array key "ifscode"
[Method: GET, Route: admin/staff/edit/33]
in APPPATH\Views\layouts\edit_staff.php on line 110.
 1 APPPATH\Views\layouts\edit_staff.php(110): CodeIgniter\Debug\Exceptions->errorHandler(2, 'Undefined array key "ifscode"', 'C:\\xampp\\htdocs\\meeshodelivery\\app\\Views\\layouts\\edit_staff.php', 110)
 2 SYSTEMPATH\View\View.php(224): include('C:\\xampp\\htdocs\\meeshodelivery\\app\\Views\\layouts\\edit_staff.php')
 3 SYSTEMPATH\View\View.php(227): CodeIgniter\View\View->CodeIgniter\View\{closure}()
 4 SYSTEMPATH\View\View.php(475): CodeIgniter\View\View->render('layouts/edit_staff', null, true)
 5 APPPATH\Views\edit_staff.php(6): CodeIgniter\View\View->include('layouts/edit_staff')
 6 SYSTEMPATH\View\View.php(224): include('C:\\xampp\\htdocs\\meeshodelivery\\app\\Views\\edit_staff.php')
 7 SYSTEMPATH\View\View.php(227): CodeIgniter\View\View->CodeIgniter\View\{closure}()
 8 SYSTEMPATH\Common.php(1173): CodeIgniter\View\View->render('edit_staff', [], true)
 9 APPPATH\Controllers\Admin.php(471): view('edit_staff', [...])
10 SYSTEMPATH\CodeIgniter.php(933): App\Controllers\Admin->editStaff('33')
11 SYSTEMPATH\CodeIgniter.php(507): CodeIgniter\CodeIgniter->runController(Object(App\Controllers\Admin))
12 SYSTEMPATH\CodeIgniter.php(354): CodeIgniter\CodeIgniter->handleRequest(null, Object(Config\Cache), false)
13 SYSTEMPATH\Boot.php(334): CodeIgniter\CodeIgniter->run()
14 SYSTEMPATH\Boot.php(67): CodeIgniter\Boot::runCodeIgniter(Object(CodeIgniter\CodeIgniter))
15 FCPATH\index.php(56): CodeIgniter\Boot::bootWeb(Object(Config\Paths))
CRITICAL - 2025-04-06 10:45:50 --> ErrorException: Undefined variable $imagePath
[Method: POST, Route: admin/staff/update/33]
in APPPATH\Controllers\Admin.php on line 530.
 1 APPPATH\Controllers\Admin.php(530): CodeIgniter\Debug\Exceptions->errorHandler(2, 'Undefined variable $imagePath', 'C:\\xampp\\htdocs\\meeshodelivery\\app\\Controllers\\Admin.php', 530)
 2 SYSTEMPATH\CodeIgniter.php(933): App\Controllers\Admin->updateStaff('33')
 3 SYSTEMPATH\CodeIgniter.php(507): CodeIgniter\CodeIgniter->runController(Object(App\Controllers\Admin))
 4 SYSTEMPATH\CodeIgniter.php(354): CodeIgniter\CodeIgniter->handleRequest(null, Object(Config\Cache), false)
 5 SYSTEMPATH\Boot.php(334): CodeIgniter\CodeIgniter->run()
 6 SYSTEMPATH\Boot.php(67): CodeIgniter\Boot::runCodeIgniter(Object(CodeIgniter\CodeIgniter))
 7 FCPATH\index.php(56): CodeIgniter\Boot::bootWeb(Object(Config\Paths))
CRITICAL - 2025-04-06 11:17:43 --> ErrorException: Undefined variable $date
[Method: GET, Route: admin/rto-pickuplist]
in APPPATH\Views\layouts\rtopickup_list.php on line 125.
 1 APPPATH\Views\layouts\rtopickup_list.php(125): CodeIgniter\Debug\Exceptions->errorHandler(2, 'Undefined variable $date', 'C:\\xampp\\htdocs\\meeshodelivery\\app\\Views\\layouts\\rtopickup_list.php', 125)
 2 SYSTEMPATH\View\View.php(224): include('C:\\xampp\\htdocs\\meeshodelivery\\app\\Views\\layouts\\rtopickup_list.php')
 3 SYSTEMPATH\View\View.php(227): CodeIgniter\View\View->CodeIgniter\View\{closure}()
 4 SYSTEMPATH\View\View.php(475): CodeIgniter\View\View->render('layouts/rtopickup_list', null, true)
 5 APPPATH\Views\rtopickup_list.php(6): CodeIgniter\View\View->include('layouts/rtopickup_list')
 6 SYSTEMPATH\View\View.php(224): include('C:\\xampp\\htdocs\\meeshodelivery\\app\\Views\\rtopickup_list.php')
 7 SYSTEMPATH\View\View.php(227): CodeIgniter\View\View->CodeIgniter\View\{closure}()
 8 SYSTEMPATH\Common.php(1173): CodeIgniter\View\View->render('rtopickup_list', [...], true)
 9 APPPATH\Controllers\Admin.php(2394): view('rtopickup_list', [...], [...])
10 SYSTEMPATH\CodeIgniter.php(933): App\Controllers\Admin->rtoPickupList()
11 SYSTEMPATH\CodeIgniter.php(507): CodeIgniter\CodeIgniter->runController(Object(App\Controllers\Admin))
12 SYSTEMPATH\CodeIgniter.php(354): CodeIgniter\CodeIgniter->handleRequest(null, Object(Config\Cache), false)
13 SYSTEMPATH\Boot.php(334): CodeIgniter\CodeIgniter->run()
14 SYSTEMPATH\Boot.php(67): CodeIgniter\Boot::runCodeIgniter(Object(CodeIgniter\CodeIgniter))
15 FCPATH\index.php(56): CodeIgniter\Boot::bootWeb(Object(Config\Paths))
CRITICAL - 2025-04-06 11:17:55 --> ErrorException: Undefined variable $date
[Method: GET, Route: admin/rto-pickuplist]
in APPPATH\Views\layouts\rtopickup_list.php on line 125.
 1 APPPATH\Views\layouts\rtopickup_list.php(125): CodeIgniter\Debug\Exceptions->errorHandler(2, 'Undefined variable $date', 'C:\\xampp\\htdocs\\meeshodelivery\\app\\Views\\layouts\\rtopickup_list.php', 125)
 2 SYSTEMPATH\View\View.php(224): include('C:\\xampp\\htdocs\\meeshodelivery\\app\\Views\\layouts\\rtopickup_list.php')
 3 SYSTEMPATH\View\View.php(227): CodeIgniter\View\View->CodeIgniter\View\{closure}()
 4 SYSTEMPATH\View\View.php(475): CodeIgniter\View\View->render('layouts/rtopickup_list', null, true)
 5 APPPATH\Views\rtopickup_list.php(6): CodeIgniter\View\View->include('layouts/rtopickup_list')
 6 SYSTEMPATH\View\View.php(224): include('C:\\xampp\\htdocs\\meeshodelivery\\app\\Views\\rtopickup_list.php')
 7 SYSTEMPATH\View\View.php(227): CodeIgniter\View\View->CodeIgniter\View\{closure}()
 8 SYSTEMPATH\Common.php(1173): CodeIgniter\View\View->render('rtopickup_list', [...], true)
 9 APPPATH\Controllers\Admin.php(2394): view('rtopickup_list', [...], [...])
10 SYSTEMPATH\CodeIgniter.php(933): App\Controllers\Admin->rtoPickupList()
11 SYSTEMPATH\CodeIgniter.php(507): CodeIgniter\CodeIgniter->runController(Object(App\Controllers\Admin))
12 SYSTEMPATH\CodeIgniter.php(354): CodeIgniter\CodeIgniter->handleRequest(null, Object(Config\Cache), false)
13 SYSTEMPATH\Boot.php(334): CodeIgniter\CodeIgniter->run()
14 SYSTEMPATH\Boot.php(67): CodeIgniter\Boot::runCodeIgniter(Object(CodeIgniter\CodeIgniter))
15 FCPATH\index.php(56): CodeIgniter\Boot::bootWeb(Object(Config\Paths))
CRITICAL - 2025-04-06 11:27:17 --> ErrorException: Undefined variable $date
[Method: GET, Route: admin/inventorylist]
in APPPATH\Views\layouts\inventory_list.php on line 127.
 1 APPPATH\Views\layouts\inventory_list.php(127): CodeIgniter\Debug\Exceptions->errorHandler(2, 'Undefined variable $date', 'C:\\xampp\\htdocs\\meeshodelivery\\app\\Views\\layouts\\inventory_list.php', 127)
 2 SYSTEMPATH\View\View.php(224): include('C:\\xampp\\htdocs\\meeshodelivery\\app\\Views\\layouts\\inventory_list.php')
 3 SYSTEMPATH\View\View.php(227): CodeIgniter\View\View->CodeIgniter\View\{closure}()
 4 SYSTEMPATH\View\View.php(475): CodeIgniter\View\View->render('layouts/inventory_list', null, true)
 5 APPPATH\Views\inventory_list.php(6): CodeIgniter\View\View->include('layouts/inventory_list')
 6 SYSTEMPATH\View\View.php(224): include('C:\\xampp\\htdocs\\meeshodelivery\\app\\Views\\inventory_list.php')
 7 SYSTEMPATH\View\View.php(227): CodeIgniter\View\View->CodeIgniter\View\{closure}()
 8 SYSTEMPATH\Common.php(1173): CodeIgniter\View\View->render('inventory_list', [], true)
 9 APPPATH\Controllers\Admin.php(2273): view('inventory_list', [...])
10 SYSTEMPATH\CodeIgniter.php(933): App\Controllers\Admin->inventoryList()
11 SYSTEMPATH\CodeIgniter.php(507): CodeIgniter\CodeIgniter->runController(Object(App\Controllers\Admin))
12 SYSTEMPATH\CodeIgniter.php(354): CodeIgniter\CodeIgniter->handleRequest(null, Object(Config\Cache), false)
13 SYSTEMPATH\Boot.php(334): CodeIgniter\CodeIgniter->run()
14 SYSTEMPATH\Boot.php(67): CodeIgniter\Boot::runCodeIgniter(Object(CodeIgniter\CodeIgniter))
15 FCPATH\index.php(56): CodeIgniter\Boot::bootWeb(Object(Config\Paths))
