CRITICAL - 2025-04-04 04:37:11 --> ErrorException: Undefined variable $rtomodel
[Method: POST, Route: admin/addrto-pickup/save]
in APPPATH\Controllers\Admin.php on line 2300.
 1 APPPATH\Controllers\Admin.php(2300): CodeIgniter\Debug\Exceptions->errorHandler(2, 'Undefined variable $rtomodel', 'C:\\xampp\\htdocs\\meeshodelivery\\app\\Controllers\\Admin.php', 2300)
 2 SYSTEMPATH\CodeIgniter.php(933): App\Controllers\Admin->saveRtoPickup()
 3 SYSTEMPATH\CodeIgniter.php(507): CodeIgniter\CodeIgniter->runController(Object(App\Controllers\Admin))
 4 SYSTEMPATH\CodeIgniter.php(354): CodeIgniter\CodeIgniter->handleRequest(null, Object(Config\Cache), false)
 5 SYSTEMPATH\Boot.php(334): CodeIgniter\CodeIgniter->run()
 6 SYSTEMPATH\Boot.php(67): CodeIgniter\Boot::runCodeIgniter(Object(CodeIgniter\CodeIgniter))
 7 FCPATH\index.php(56): CodeIgniter\Boot::bootWeb(Object(Config\Paths))
CRITICAL - 2025-04-04 04:37:47 --> ErrorException: Undefined array key "inventory_id"
[Method: GET, Route: admin/rto-pickuplist]
in APPPATH\Views\layouts\rtopickup_list.php on line 178.
 1 APPPATH\Views\layouts\rtopickup_list.php(178): CodeIgniter\Debug\Exceptions->errorHandler(2, 'Undefined array key "inventory_id"', 'C:\\xampp\\htdocs\\meeshodelivery\\app\\Views\\layouts\\rtopickup_list.php', 178)
 2 SYSTEMPATH\View\View.php(224): include('C:\\xampp\\htdocs\\meeshodelivery\\app\\Views\\layouts\\rtopickup_list.php')
 3 SYSTEMPATH\View\View.php(227): CodeIgniter\View\View->CodeIgniter\View\{closure}()
 4 SYSTEMPATH\View\View.php(475): CodeIgniter\View\View->render('layouts/rtopickup_list', null, true)
 5 APPPATH\Views\rtopickup_list.php(6): CodeIgniter\View\View->include('layouts/rtopickup_list')
 6 SYSTEMPATH\View\View.php(224): include('C:\\xampp\\htdocs\\meeshodelivery\\app\\Views\\rtopickup_list.php')
 7 SYSTEMPATH\View\View.php(227): CodeIgniter\View\View->CodeIgniter\View\{closure}()
 8 SYSTEMPATH\Common.php(1173): CodeIgniter\View\View->render('rtopickup_list', [], true)
 9 APPPATH\Controllers\Admin.php(2347): view('rtopickup_list', [...])
10 SYSTEMPATH\CodeIgniter.php(933): App\Controllers\Admin->rtoPickupList()
11 SYSTEMPATH\CodeIgniter.php(507): CodeIgniter\CodeIgniter->runController(Object(App\Controllers\Admin))
12 SYSTEMPATH\CodeIgniter.php(354): CodeIgniter\CodeIgniter->handleRequest(null, Object(Config\Cache), false)
13 SYSTEMPATH\Boot.php(334): CodeIgniter\CodeIgniter->run()
14 SYSTEMPATH\Boot.php(67): CodeIgniter\Boot::runCodeIgniter(Object(CodeIgniter\CodeIgniter))
15 FCPATH\index.php(56): CodeIgniter\Boot::bootWeb(Object(Config\Paths))
CRITICAL - 2025-04-04 04:52:59 --> ErrorException: Undefined array key "inventory_id"
[Method: GET, Route: admin/rto-pickup/edit/2]
in APPPATH\Views\layouts\edit_rtopickup.php on line 26.
 1 APPPATH\Views\layouts\edit_rtopickup.php(26): CodeIgniter\Debug\Exceptions->errorHandler(2, 'Undefined array key "inventory_id"', 'C:\\xampp\\htdocs\\meeshodelivery\\app\\Views\\layouts\\edit_rtopickup.php', 26)
 2 SYSTEMPATH\View\View.php(224): include('C:\\xampp\\htdocs\\meeshodelivery\\app\\Views\\layouts\\edit_rtopickup.php')
 3 SYSTEMPATH\View\View.php(227): CodeIgniter\View\View->CodeIgniter\View\{closure}()
 4 SYSTEMPATH\View\View.php(475): CodeIgniter\View\View->render('layouts/edit_rtopickup', null, true)
 5 APPPATH\Views\edit_rtopickup.php(6): CodeIgniter\View\View->include('layouts/edit_rtopickup')
 6 SYSTEMPATH\View\View.php(224): include('C:\\xampp\\htdocs\\meeshodelivery\\app\\Views\\edit_rtopickup.php')
 7 SYSTEMPATH\View\View.php(227): CodeIgniter\View\View->CodeIgniter\View\{closure}()
 8 SYSTEMPATH\Common.php(1173): CodeIgniter\View\View->render('edit_rtopickup', [], true)
 9 APPPATH\Controllers\Admin.php(2361): view('edit_rtopickup', [...])
10 SYSTEMPATH\CodeIgniter.php(933): App\Controllers\Admin->RtoPickupEdit('2')
11 SYSTEMPATH\CodeIgniter.php(507): CodeIgniter\CodeIgniter->runController(Object(App\Controllers\Admin))
12 SYSTEMPATH\CodeIgniter.php(354): CodeIgniter\CodeIgniter->handleRequest(null, Object(Config\Cache), false)
13 SYSTEMPATH\Boot.php(334): CodeIgniter\CodeIgniter->run()
14 SYSTEMPATH\Boot.php(67): CodeIgniter\Boot::runCodeIgniter(Object(CodeIgniter\CodeIgniter))
15 FCPATH\index.php(56): CodeIgniter\Boot::bootWeb(Object(Config\Paths))
CRITICAL - 2025-04-04 04:53:11 --> ErrorException: Undefined array key "date"
[Method: GET, Route: admin/rto-pickup/edit/2]
in APPPATH\Views\layouts\edit_rtopickup.php on line 38.
 1 APPPATH\Views\layouts\edit_rtopickup.php(38): CodeIgniter\Debug\Exceptions->errorHandler(2, 'Undefined array key "date"', 'C:\\xampp\\htdocs\\meeshodelivery\\app\\Views\\layouts\\edit_rtopickup.php', 38)
 2 SYSTEMPATH\View\View.php(224): include('C:\\xampp\\htdocs\\meeshodelivery\\app\\Views\\layouts\\edit_rtopickup.php')
 3 SYSTEMPATH\View\View.php(227): CodeIgniter\View\View->CodeIgniter\View\{closure}()
 4 SYSTEMPATH\View\View.php(475): CodeIgniter\View\View->render('layouts/edit_rtopickup', null, true)
 5 APPPATH\Views\edit_rtopickup.php(6): CodeIgniter\View\View->include('layouts/edit_rtopickup')
 6 SYSTEMPATH\View\View.php(224): include('C:\\xampp\\htdocs\\meeshodelivery\\app\\Views\\edit_rtopickup.php')
 7 SYSTEMPATH\View\View.php(227): CodeIgniter\View\View->CodeIgniter\View\{closure}()
 8 SYSTEMPATH\Common.php(1173): CodeIgniter\View\View->render('edit_rtopickup', [], true)
 9 APPPATH\Controllers\Admin.php(2361): view('edit_rtopickup', [...])
10 SYSTEMPATH\CodeIgniter.php(933): App\Controllers\Admin->RtoPickupEdit('2')
11 SYSTEMPATH\CodeIgniter.php(507): CodeIgniter\CodeIgniter->runController(Object(App\Controllers\Admin))
12 SYSTEMPATH\CodeIgniter.php(354): CodeIgniter\CodeIgniter->handleRequest(null, Object(Config\Cache), false)
13 SYSTEMPATH\Boot.php(334): CodeIgniter\CodeIgniter->run()
14 SYSTEMPATH\Boot.php(67): CodeIgniter\Boot::runCodeIgniter(Object(CodeIgniter\CodeIgniter))
15 FCPATH\index.php(56): CodeIgniter\Boot::bootWeb(Object(Config\Paths))
CRITICAL - 2025-04-04 04:56:23 --> Error: Call to a member function update() on array
[Method: POST, Route: admin/rto-pickup/update/1]
in APPPATH\Controllers\Admin.php on line 2388.
 1 SYSTEMPATH\CodeIgniter.php(933): App\Controllers\Admin->RtoPickupUpdate('1')
 2 SYSTEMPATH\CodeIgniter.php(507): CodeIgniter\CodeIgniter->runController(Object(App\Controllers\Admin))
 3 SYSTEMPATH\CodeIgniter.php(354): CodeIgniter\CodeIgniter->handleRequest(null, Object(Config\Cache), false)
 4 SYSTEMPATH\Boot.php(334): CodeIgniter\CodeIgniter->run()
 5 SYSTEMPATH\Boot.php(67): CodeIgniter\Boot::runCodeIgniter(Object(CodeIgniter\CodeIgniter))
 6 FCPATH\index.php(56): CodeIgniter\Boot::bootWeb(Object(Config\Paths))
CRITICAL - 2025-04-04 06:51:34 --> ErrorException: Undefined variable $inventory
[Method: GET, Route: admin/rto-pickuplist]
in APPPATH\Views\layouts\rtopickup_list.php on line 176.
 1 APPPATH\Views\layouts\rtopickup_list.php(176): CodeIgniter\Debug\Exceptions->errorHandler(2, 'Undefined variable $inventory', 'C:\\xampp\\htdocs\\meeshodelivery\\app\\Views\\layouts\\rtopickup_list.php', 176)
 2 SYSTEMPATH\View\View.php(224): include('C:\\xampp\\htdocs\\meeshodelivery\\app\\Views\\layouts\\rtopickup_list.php')
 3 SYSTEMPATH\View\View.php(227): CodeIgniter\View\View->CodeIgniter\View\{closure}()
 4 SYSTEMPATH\View\View.php(475): CodeIgniter\View\View->render('layouts/rtopickup_list', null, true)
 5 APPPATH\Views\rtopickup_list.php(6): CodeIgniter\View\View->include('layouts/rtopickup_list')
 6 SYSTEMPATH\View\View.php(224): include('C:\\xampp\\htdocs\\meeshodelivery\\app\\Views\\rtopickup_list.php')
 7 SYSTEMPATH\View\View.php(227): CodeIgniter\View\View->CodeIgniter\View\{closure}()
 8 SYSTEMPATH\Common.php(1173): CodeIgniter\View\View->render('rtopickup_list', [], true)
 9 APPPATH\Controllers\Admin.php(2350): view('rtopickup_list', [...])
10 SYSTEMPATH\CodeIgniter.php(933): App\Controllers\Admin->rtoPickupList()
11 SYSTEMPATH\CodeIgniter.php(507): CodeIgniter\CodeIgniter->runController(Object(App\Controllers\Admin))
12 SYSTEMPATH\CodeIgniter.php(354): CodeIgniter\CodeIgniter->handleRequest(null, Object(Config\Cache), false)
13 SYSTEMPATH\Boot.php(334): CodeIgniter\CodeIgniter->run()
14 SYSTEMPATH\Boot.php(67): CodeIgniter\Boot::runCodeIgniter(Object(CodeIgniter\CodeIgniter))
15 FCPATH\index.php(56): CodeIgniter\Boot::bootWeb(Object(Config\Paths))
CRITICAL - 2025-04-04 11:01:52 --> ErrorException: Undefined variable $date
[Method: GET, Route: admin/inventory-pending]
in APPPATH\Views\layouts\inventory_pending.php on line 96.
 1 APPPATH\Views\layouts\inventory_pending.php(96): CodeIgniter\Debug\Exceptions->errorHandler(2, 'Undefined variable $date', 'C:\\xampp\\htdocs\\meeshodelivery\\app\\Views\\layouts\\inventory_pending.php', 96)
 2 SYSTEMPATH\View\View.php(224): include('C:\\xampp\\htdocs\\meeshodelivery\\app\\Views\\layouts\\inventory_pending.php')
 3 SYSTEMPATH\View\View.php(227): CodeIgniter\View\View->CodeIgniter\View\{closure}()
 4 SYSTEMPATH\View\View.php(475): CodeIgniter\View\View->render('layouts/inventory_pending', null, true)
 5 APPPATH\Views\inventory_pending.php(6): CodeIgniter\View\View->include('layouts/inventory_pending')
 6 SYSTEMPATH\View\View.php(224): include('C:\\xampp\\htdocs\\meeshodelivery\\app\\Views\\inventory_pending.php')
 7 SYSTEMPATH\View\View.php(227): CodeIgniter\View\View->CodeIgniter\View\{closure}()
 8 SYSTEMPATH\Common.php(1173): CodeIgniter\View\View->render('inventory_pending', [], true)
 9 APPPATH\Controllers\Admin.php(2411): view('inventory_pending', [...])
10 SYSTEMPATH\CodeIgniter.php(933): App\Controllers\Admin->inventoryPending()
11 SYSTEMPATH\CodeIgniter.php(507): CodeIgniter\CodeIgniter->runController(Object(App\Controllers\Admin))
12 SYSTEMPATH\CodeIgniter.php(354): CodeIgniter\CodeIgniter->handleRequest(null, Object(Config\Cache), false)
13 SYSTEMPATH\Boot.php(334): CodeIgniter\CodeIgniter->run()
14 SYSTEMPATH\Boot.php(67): CodeIgniter\Boot::runCodeIgniter(Object(CodeIgniter\CodeIgniter))
15 FCPATH\index.php(56): CodeIgniter\Boot::bootWeb(Object(Config\Paths))
CRITICAL - 2025-04-04 11:05:55 --> ErrorException: Undefined variable $pager
[Method: GET, Route: admin/inventory-pending]
in APPPATH\Views\layouts\inventory_pending.php on line 185.
 1 APPPATH\Views\layouts\inventory_pending.php(185): CodeIgniter\Debug\Exceptions->errorHandler(2, 'Undefined variable $pager', 'C:\\xampp\\htdocs\\meeshodelivery\\app\\Views\\layouts\\inventory_pending.php', 185)
 2 SYSTEMPATH\View\View.php(224): include('C:\\xampp\\htdocs\\meeshodelivery\\app\\Views\\layouts\\inventory_pending.php')
 3 SYSTEMPATH\View\View.php(227): CodeIgniter\View\View->CodeIgniter\View\{closure}()
 4 SYSTEMPATH\View\View.php(475): CodeIgniter\View\View->render('layouts/inventory_pending', null, true)
 5 APPPATH\Views\inventory_pending.php(6): CodeIgniter\View\View->include('layouts/inventory_pending')
 6 SYSTEMPATH\View\View.php(224): include('C:\\xampp\\htdocs\\meeshodelivery\\app\\Views\\inventory_pending.php')
 7 SYSTEMPATH\View\View.php(227): CodeIgniter\View\View->CodeIgniter\View\{closure}()
 8 SYSTEMPATH\Common.php(1173): CodeIgniter\View\View->render('inventory_pending', [], true)
 9 APPPATH\Controllers\Admin.php(2411): view('inventory_pending', [...])
10 SYSTEMPATH\CodeIgniter.php(933): App\Controllers\Admin->inventoryPending()
11 SYSTEMPATH\CodeIgniter.php(507): CodeIgniter\CodeIgniter->runController(Object(App\Controllers\Admin))
12 SYSTEMPATH\CodeIgniter.php(354): CodeIgniter\CodeIgniter->handleRequest(null, Object(Config\Cache), false)
13 SYSTEMPATH\Boot.php(334): CodeIgniter\CodeIgniter->run()
14 SYSTEMPATH\Boot.php(67): CodeIgniter\Boot::runCodeIgniter(Object(CodeIgniter\CodeIgniter))
15 FCPATH\index.php(56): CodeIgniter\Boot::bootWeb(Object(Config\Paths))
CRITICAL - 2025-04-04 11:08:11 --> Error: Cannot use object of type stdClass as array
[Method: GET, Route: admin/inventory-pending]
in APPPATH\Views\layouts\inventory_pending.php on line 157.
 1 SYSTEMPATH\View\View.php(224): include()
 2 SYSTEMPATH\View\View.php(227): CodeIgniter\View\View->CodeIgniter\View\{closure}()
 3 SYSTEMPATH\View\View.php(475): CodeIgniter\View\View->render('layouts/inventory_pending', null, true)
 4 APPPATH\Views\inventory_pending.php(6): CodeIgniter\View\View->include('layouts/inventory_pending')
 5 SYSTEMPATH\View\View.php(224): include('C:\\xampp\\htdocs\\meeshodelivery\\app\\Views\\inventory_pending.php')
 6 SYSTEMPATH\View\View.php(227): CodeIgniter\View\View->CodeIgniter\View\{closure}()
 7 SYSTEMPATH\Common.php(1173): CodeIgniter\View\View->render('inventory_pending', [], true)
 8 APPPATH\Controllers\Admin.php(2411): view('inventory_pending', [...])
 9 SYSTEMPATH\CodeIgniter.php(933): App\Controllers\Admin->inventoryPending()
10 SYSTEMPATH\CodeIgniter.php(507): CodeIgniter\CodeIgniter->runController(Object(App\Controllers\Admin))
11 SYSTEMPATH\CodeIgniter.php(354): CodeIgniter\CodeIgniter->handleRequest(null, Object(Config\Cache), false)
12 SYSTEMPATH\Boot.php(334): CodeIgniter\CodeIgniter->run()
13 SYSTEMPATH\Boot.php(67): CodeIgniter\Boot::runCodeIgniter(Object(CodeIgniter\CodeIgniter))
14 FCPATH\index.php(56): CodeIgniter\Boot::bootWeb(Object(Config\Paths))
CRITICAL - 2025-04-04 11:09:23 --> ErrorException: Undefined variable $inventory
[Method: GET, Route: admin/inventory-pending]
in APPPATH\Views\layouts\inventory_pending.php on line 159.
 1 APPPATH\Views\layouts\inventory_pending.php(159): CodeIgniter\Debug\Exceptions->errorHandler(2, 'Undefined variable $inventory', 'C:\\xampp\\htdocs\\meeshodelivery\\app\\Views\\layouts\\inventory_pending.php', 159)
 2 SYSTEMPATH\View\View.php(224): include('C:\\xampp\\htdocs\\meeshodelivery\\app\\Views\\layouts\\inventory_pending.php')
 3 SYSTEMPATH\View\View.php(227): CodeIgniter\View\View->CodeIgniter\View\{closure}()
 4 SYSTEMPATH\View\View.php(475): CodeIgniter\View\View->render('layouts/inventory_pending', null, true)
 5 APPPATH\Views\inventory_pending.php(6): CodeIgniter\View\View->include('layouts/inventory_pending')
 6 SYSTEMPATH\View\View.php(224): include('C:\\xampp\\htdocs\\meeshodelivery\\app\\Views\\inventory_pending.php')
 7 SYSTEMPATH\View\View.php(227): CodeIgniter\View\View->CodeIgniter\View\{closure}()
 8 SYSTEMPATH\Common.php(1173): CodeIgniter\View\View->render('inventory_pending', [], true)
 9 APPPATH\Controllers\Admin.php(2411): view('inventory_pending', [...])
10 SYSTEMPATH\CodeIgniter.php(933): App\Controllers\Admin->inventoryPending()
11 SYSTEMPATH\CodeIgniter.php(507): CodeIgniter\CodeIgniter->runController(Object(App\Controllers\Admin))
12 SYSTEMPATH\CodeIgniter.php(354): CodeIgniter\CodeIgniter->handleRequest(null, Object(Config\Cache), false)
13 SYSTEMPATH\Boot.php(334): CodeIgniter\CodeIgniter->run()
14 SYSTEMPATH\Boot.php(67): CodeIgniter\Boot::runCodeIgniter(Object(CodeIgniter\CodeIgniter))
15 FCPATH\index.php(56): CodeIgniter\Boot::bootWeb(Object(Config\Paths))
CRITICAL - 2025-04-04 13:06:43 --> ErrorException: Undefined property: stdClass::$date
[Method: GET, Route: admin/rto-pickup-pending]
in APPPATH\Views\layouts\rto_pending.php on line 164.
 1 APPPATH\Views\layouts\rto_pending.php(164): CodeIgniter\Debug\Exceptions->errorHandler(2, 'Undefined property: stdClass::$date', 'C:\\xampp\\htdocs\\meeshodelivery\\app\\Views\\layouts\\rto_pending.php', 164)
 2 SYSTEMPATH\View\View.php(224): include('C:\\xampp\\htdocs\\meeshodelivery\\app\\Views\\layouts\\rto_pending.php')
 3 SYSTEMPATH\View\View.php(227): CodeIgniter\View\View->CodeIgniter\View\{closure}()
 4 SYSTEMPATH\View\View.php(475): CodeIgniter\View\View->render('layouts/rto_pending', null, true)
 5 APPPATH\Views\rto_pending.php(6): CodeIgniter\View\View->include('layouts/rto_pending')
 6 SYSTEMPATH\View\View.php(224): include('C:\\xampp\\htdocs\\meeshodelivery\\app\\Views\\rto_pending.php')
 7 SYSTEMPATH\View\View.php(227): CodeIgniter\View\View->CodeIgniter\View\{closure}()
 8 SYSTEMPATH\Common.php(1173): CodeIgniter\View\View->render('rto_pending', [], true)
 9 APPPATH\Controllers\Admin.php(2418): view('rto_pending', [...])
10 SYSTEMPATH\CodeIgniter.php(933): App\Controllers\Admin->rtopickupPending()
11 SYSTEMPATH\CodeIgniter.php(507): CodeIgniter\CodeIgniter->runController(Object(App\Controllers\Admin))
12 SYSTEMPATH\CodeIgniter.php(354): CodeIgniter\CodeIgniter->handleRequest(null, Object(Config\Cache), false)
13 SYSTEMPATH\Boot.php(334): CodeIgniter\CodeIgniter->run()
14 SYSTEMPATH\Boot.php(67): CodeIgniter\Boot::runCodeIgniter(Object(CodeIgniter\CodeIgniter))
15 FCPATH\index.php(56): CodeIgniter\Boot::bootWeb(Object(Config\Paths))
CRITICAL - 2025-04-04 13:07:38 --> ErrorException: Undefined property: stdClass::$date
[Method: GET, Route: admin/rto-pickup-pending]
in APPPATH\Views\layouts\rto_pending.php on line 164.
 1 APPPATH\Views\layouts\rto_pending.php(164): CodeIgniter\Debug\Exceptions->errorHandler(2, 'Undefined property: stdClass::$date', 'C:\\xampp\\htdocs\\meeshodelivery\\app\\Views\\layouts\\rto_pending.php', 164)
 2 SYSTEMPATH\View\View.php(224): include('C:\\xampp\\htdocs\\meeshodelivery\\app\\Views\\layouts\\rto_pending.php')
 3 SYSTEMPATH\View\View.php(227): CodeIgniter\View\View->CodeIgniter\View\{closure}()
 4 SYSTEMPATH\View\View.php(475): CodeIgniter\View\View->render('layouts/rto_pending', null, true)
 5 APPPATH\Views\rto_pending.php(6): CodeIgniter\View\View->include('layouts/rto_pending')
 6 SYSTEMPATH\View\View.php(224): include('C:\\xampp\\htdocs\\meeshodelivery\\app\\Views\\rto_pending.php')
 7 SYSTEMPATH\View\View.php(227): CodeIgniter\View\View->CodeIgniter\View\{closure}()
 8 SYSTEMPATH\Common.php(1173): CodeIgniter\View\View->render('rto_pending', [], true)
 9 APPPATH\Controllers\Admin.php(2418): view('rto_pending', [...])
10 SYSTEMPATH\CodeIgniter.php(933): App\Controllers\Admin->rtopickupPending()
11 SYSTEMPATH\CodeIgniter.php(507): CodeIgniter\CodeIgniter->runController(Object(App\Controllers\Admin))
12 SYSTEMPATH\CodeIgniter.php(354): CodeIgniter\CodeIgniter->handleRequest(null, Object(Config\Cache), false)
13 SYSTEMPATH\Boot.php(334): CodeIgniter\CodeIgniter->run()
14 SYSTEMPATH\Boot.php(67): CodeIgniter\Boot::runCodeIgniter(Object(CodeIgniter\CodeIgniter))
15 FCPATH\index.php(56): CodeIgniter\Boot::bootWeb(Object(Config\Paths))
CRITICAL - 2025-04-04 13:07:38 --> ErrorException: Undefined property: stdClass::$date
[Method: GET, Route: admin/rto-pickup-pending]
in APPPATH\Views\layouts\rto_pending.php on line 164.
 1 APPPATH\Views\layouts\rto_pending.php(164): CodeIgniter\Debug\Exceptions->errorHandler(2, 'Undefined property: stdClass::$date', 'C:\\xampp\\htdocs\\meeshodelivery\\app\\Views\\layouts\\rto_pending.php', 164)
 2 SYSTEMPATH\View\View.php(224): include('C:\\xampp\\htdocs\\meeshodelivery\\app\\Views\\layouts\\rto_pending.php')
 3 SYSTEMPATH\View\View.php(227): CodeIgniter\View\View->CodeIgniter\View\{closure}()
 4 SYSTEMPATH\View\View.php(475): CodeIgniter\View\View->render('layouts/rto_pending', null, true)
 5 APPPATH\Views\rto_pending.php(6): CodeIgniter\View\View->include('layouts/rto_pending')
 6 SYSTEMPATH\View\View.php(224): include('C:\\xampp\\htdocs\\meeshodelivery\\app\\Views\\rto_pending.php')
 7 SYSTEMPATH\View\View.php(227): CodeIgniter\View\View->CodeIgniter\View\{closure}()
 8 SYSTEMPATH\Common.php(1173): CodeIgniter\View\View->render('rto_pending', [], true)
 9 APPPATH\Controllers\Admin.php(2418): view('rto_pending', [...])
10 SYSTEMPATH\CodeIgniter.php(933): App\Controllers\Admin->rtopickupPending()
11 SYSTEMPATH\CodeIgniter.php(507): CodeIgniter\CodeIgniter->runController(Object(App\Controllers\Admin))
12 SYSTEMPATH\CodeIgniter.php(354): CodeIgniter\CodeIgniter->handleRequest(null, Object(Config\Cache), false)
13 SYSTEMPATH\Boot.php(334): CodeIgniter\CodeIgniter->run()
14 SYSTEMPATH\Boot.php(67): CodeIgniter\Boot::runCodeIgniter(Object(CodeIgniter\CodeIgniter))
15 FCPATH\index.php(56): CodeIgniter\Boot::bootWeb(Object(Config\Paths))
CRITICAL - 2025-04-04 13:07:38 --> ErrorException: Undefined property: stdClass::$date
[Method: GET, Route: admin/rto-pickup-pending]
in APPPATH\Views\layouts\rto_pending.php on line 164.
 1 APPPATH\Views\layouts\rto_pending.php(164): CodeIgniter\Debug\Exceptions->errorHandler(2, 'Undefined property: stdClass::$date', 'C:\\xampp\\htdocs\\meeshodelivery\\app\\Views\\layouts\\rto_pending.php', 164)
 2 SYSTEMPATH\View\View.php(224): include('C:\\xampp\\htdocs\\meeshodelivery\\app\\Views\\layouts\\rto_pending.php')
 3 SYSTEMPATH\View\View.php(227): CodeIgniter\View\View->CodeIgniter\View\{closure}()
 4 SYSTEMPATH\View\View.php(475): CodeIgniter\View\View->render('layouts/rto_pending', null, true)
 5 APPPATH\Views\rto_pending.php(6): CodeIgniter\View\View->include('layouts/rto_pending')
 6 SYSTEMPATH\View\View.php(224): include('C:\\xampp\\htdocs\\meeshodelivery\\app\\Views\\rto_pending.php')
 7 SYSTEMPATH\View\View.php(227): CodeIgniter\View\View->CodeIgniter\View\{closure}()
 8 SYSTEMPATH\Common.php(1173): CodeIgniter\View\View->render('rto_pending', [], true)
 9 APPPATH\Controllers\Admin.php(2418): view('rto_pending', [...])
10 SYSTEMPATH\CodeIgniter.php(933): App\Controllers\Admin->rtopickupPending()
11 SYSTEMPATH\CodeIgniter.php(507): CodeIgniter\CodeIgniter->runController(Object(App\Controllers\Admin))
12 SYSTEMPATH\CodeIgniter.php(354): CodeIgniter\CodeIgniter->handleRequest(null, Object(Config\Cache), false)
13 SYSTEMPATH\Boot.php(334): CodeIgniter\CodeIgniter->run()
14 SYSTEMPATH\Boot.php(67): CodeIgniter\Boot::runCodeIgniter(Object(CodeIgniter\CodeIgniter))
15 FCPATH\index.php(56): CodeIgniter\Boot::bootWeb(Object(Config\Paths))
CRITICAL - 2025-04-04 13:07:39 --> ErrorException: Undefined property: stdClass::$date
[Method: GET, Route: admin/rto-pickup-pending]
in APPPATH\Views\layouts\rto_pending.php on line 164.
 1 APPPATH\Views\layouts\rto_pending.php(164): CodeIgniter\Debug\Exceptions->errorHandler(2, 'Undefined property: stdClass::$date', 'C:\\xampp\\htdocs\\meeshodelivery\\app\\Views\\layouts\\rto_pending.php', 164)
 2 SYSTEMPATH\View\View.php(224): include('C:\\xampp\\htdocs\\meeshodelivery\\app\\Views\\layouts\\rto_pending.php')
 3 SYSTEMPATH\View\View.php(227): CodeIgniter\View\View->CodeIgniter\View\{closure}()
 4 SYSTEMPATH\View\View.php(475): CodeIgniter\View\View->render('layouts/rto_pending', null, true)
 5 APPPATH\Views\rto_pending.php(6): CodeIgniter\View\View->include('layouts/rto_pending')
 6 SYSTEMPATH\View\View.php(224): include('C:\\xampp\\htdocs\\meeshodelivery\\app\\Views\\rto_pending.php')
 7 SYSTEMPATH\View\View.php(227): CodeIgniter\View\View->CodeIgniter\View\{closure}()
 8 SYSTEMPATH\Common.php(1173): CodeIgniter\View\View->render('rto_pending', [], true)
 9 APPPATH\Controllers\Admin.php(2418): view('rto_pending', [...])
10 SYSTEMPATH\CodeIgniter.php(933): App\Controllers\Admin->rtopickupPending()
11 SYSTEMPATH\CodeIgniter.php(507): CodeIgniter\CodeIgniter->runController(Object(App\Controllers\Admin))
12 SYSTEMPATH\CodeIgniter.php(354): CodeIgniter\CodeIgniter->handleRequest(null, Object(Config\Cache), false)
13 SYSTEMPATH\Boot.php(334): CodeIgniter\CodeIgniter->run()
14 SYSTEMPATH\Boot.php(67): CodeIgniter\Boot::runCodeIgniter(Object(CodeIgniter\CodeIgniter))
15 FCPATH\index.php(56): CodeIgniter\Boot::bootWeb(Object(Config\Paths))
CRITICAL - 2025-04-04 13:07:39 --> ErrorException: Undefined property: stdClass::$date
[Method: GET, Route: admin/rto-pickup-pending]
in APPPATH\Views\layouts\rto_pending.php on line 164.
 1 APPPATH\Views\layouts\rto_pending.php(164): CodeIgniter\Debug\Exceptions->errorHandler(2, 'Undefined property: stdClass::$date', 'C:\\xampp\\htdocs\\meeshodelivery\\app\\Views\\layouts\\rto_pending.php', 164)
 2 SYSTEMPATH\View\View.php(224): include('C:\\xampp\\htdocs\\meeshodelivery\\app\\Views\\layouts\\rto_pending.php')
 3 SYSTEMPATH\View\View.php(227): CodeIgniter\View\View->CodeIgniter\View\{closure}()
 4 SYSTEMPATH\View\View.php(475): CodeIgniter\View\View->render('layouts/rto_pending', null, true)
 5 APPPATH\Views\rto_pending.php(6): CodeIgniter\View\View->include('layouts/rto_pending')
 6 SYSTEMPATH\View\View.php(224): include('C:\\xampp\\htdocs\\meeshodelivery\\app\\Views\\rto_pending.php')
 7 SYSTEMPATH\View\View.php(227): CodeIgniter\View\View->CodeIgniter\View\{closure}()
 8 SYSTEMPATH\Common.php(1173): CodeIgniter\View\View->render('rto_pending', [], true)
 9 APPPATH\Controllers\Admin.php(2418): view('rto_pending', [...])
10 SYSTEMPATH\CodeIgniter.php(933): App\Controllers\Admin->rtopickupPending()
11 SYSTEMPATH\CodeIgniter.php(507): CodeIgniter\CodeIgniter->runController(Object(App\Controllers\Admin))
12 SYSTEMPATH\CodeIgniter.php(354): CodeIgniter\CodeIgniter->handleRequest(null, Object(Config\Cache), false)
13 SYSTEMPATH\Boot.php(334): CodeIgniter\CodeIgniter->run()
14 SYSTEMPATH\Boot.php(67): CodeIgniter\Boot::runCodeIgniter(Object(CodeIgniter\CodeIgniter))
15 FCPATH\index.php(56): CodeIgniter\Boot::bootWeb(Object(Config\Paths))
CRITICAL - 2025-04-04 13:07:39 --> ErrorException: Undefined property: stdClass::$date
[Method: GET, Route: admin/rto-pickup-pending]
in APPPATH\Views\layouts\rto_pending.php on line 164.
 1 APPPATH\Views\layouts\rto_pending.php(164): CodeIgniter\Debug\Exceptions->errorHandler(2, 'Undefined property: stdClass::$date', 'C:\\xampp\\htdocs\\meeshodelivery\\app\\Views\\layouts\\rto_pending.php', 164)
 2 SYSTEMPATH\View\View.php(224): include('C:\\xampp\\htdocs\\meeshodelivery\\app\\Views\\layouts\\rto_pending.php')
 3 SYSTEMPATH\View\View.php(227): CodeIgniter\View\View->CodeIgniter\View\{closure}()
 4 SYSTEMPATH\View\View.php(475): CodeIgniter\View\View->render('layouts/rto_pending', null, true)
 5 APPPATH\Views\rto_pending.php(6): CodeIgniter\View\View->include('layouts/rto_pending')
 6 SYSTEMPATH\View\View.php(224): include('C:\\xampp\\htdocs\\meeshodelivery\\app\\Views\\rto_pending.php')
 7 SYSTEMPATH\View\View.php(227): CodeIgniter\View\View->CodeIgniter\View\{closure}()
 8 SYSTEMPATH\Common.php(1173): CodeIgniter\View\View->render('rto_pending', [], true)
 9 APPPATH\Controllers\Admin.php(2418): view('rto_pending', [...])
10 SYSTEMPATH\CodeIgniter.php(933): App\Controllers\Admin->rtopickupPending()
11 SYSTEMPATH\CodeIgniter.php(507): CodeIgniter\CodeIgniter->runController(Object(App\Controllers\Admin))
12 SYSTEMPATH\CodeIgniter.php(354): CodeIgniter\CodeIgniter->handleRequest(null, Object(Config\Cache), false)
13 SYSTEMPATH\Boot.php(334): CodeIgniter\CodeIgniter->run()
14 SYSTEMPATH\Boot.php(67): CodeIgniter\Boot::runCodeIgniter(Object(CodeIgniter\CodeIgniter))
15 FCPATH\index.php(56): CodeIgniter\Boot::bootWeb(Object(Config\Paths))
CRITICAL - 2025-04-04 13:07:39 --> ErrorException: Undefined property: stdClass::$date
[Method: GET, Route: admin/rto-pickup-pending]
in APPPATH\Views\layouts\rto_pending.php on line 164.
 1 APPPATH\Views\layouts\rto_pending.php(164): CodeIgniter\Debug\Exceptions->errorHandler(2, 'Undefined property: stdClass::$date', 'C:\\xampp\\htdocs\\meeshodelivery\\app\\Views\\layouts\\rto_pending.php', 164)
 2 SYSTEMPATH\View\View.php(224): include('C:\\xampp\\htdocs\\meeshodelivery\\app\\Views\\layouts\\rto_pending.php')
 3 SYSTEMPATH\View\View.php(227): CodeIgniter\View\View->CodeIgniter\View\{closure}()
 4 SYSTEMPATH\View\View.php(475): CodeIgniter\View\View->render('layouts/rto_pending', null, true)
 5 APPPATH\Views\rto_pending.php(6): CodeIgniter\View\View->include('layouts/rto_pending')
 6 SYSTEMPATH\View\View.php(224): include('C:\\xampp\\htdocs\\meeshodelivery\\app\\Views\\rto_pending.php')
 7 SYSTEMPATH\View\View.php(227): CodeIgniter\View\View->CodeIgniter\View\{closure}()
 8 SYSTEMPATH\Common.php(1173): CodeIgniter\View\View->render('rto_pending', [], true)
 9 APPPATH\Controllers\Admin.php(2418): view('rto_pending', [...])
10 SYSTEMPATH\CodeIgniter.php(933): App\Controllers\Admin->rtopickupPending()
11 SYSTEMPATH\CodeIgniter.php(507): CodeIgniter\CodeIgniter->runController(Object(App\Controllers\Admin))
12 SYSTEMPATH\CodeIgniter.php(354): CodeIgniter\CodeIgniter->handleRequest(null, Object(Config\Cache), false)
13 SYSTEMPATH\Boot.php(334): CodeIgniter\CodeIgniter->run()
14 SYSTEMPATH\Boot.php(67): CodeIgniter\Boot::runCodeIgniter(Object(CodeIgniter\CodeIgniter))
15 FCPATH\index.php(56): CodeIgniter\Boot::bootWeb(Object(Config\Paths))
CRITICAL - 2025-04-04 13:07:39 --> ErrorException: Undefined property: stdClass::$date
[Method: GET, Route: admin/rto-pickup-pending]
in APPPATH\Views\layouts\rto_pending.php on line 164.
 1 APPPATH\Views\layouts\rto_pending.php(164): CodeIgniter\Debug\Exceptions->errorHandler(2, 'Undefined property: stdClass::$date', 'C:\\xampp\\htdocs\\meeshodelivery\\app\\Views\\layouts\\rto_pending.php', 164)
 2 SYSTEMPATH\View\View.php(224): include('C:\\xampp\\htdocs\\meeshodelivery\\app\\Views\\layouts\\rto_pending.php')
 3 SYSTEMPATH\View\View.php(227): CodeIgniter\View\View->CodeIgniter\View\{closure}()
 4 SYSTEMPATH\View\View.php(475): CodeIgniter\View\View->render('layouts/rto_pending', null, true)
 5 APPPATH\Views\rto_pending.php(6): CodeIgniter\View\View->include('layouts/rto_pending')
 6 SYSTEMPATH\View\View.php(224): include('C:\\xampp\\htdocs\\meeshodelivery\\app\\Views\\rto_pending.php')
 7 SYSTEMPATH\View\View.php(227): CodeIgniter\View\View->CodeIgniter\View\{closure}()
 8 SYSTEMPATH\Common.php(1173): CodeIgniter\View\View->render('rto_pending', [], true)
 9 APPPATH\Controllers\Admin.php(2418): view('rto_pending', [...])
10 SYSTEMPATH\CodeIgniter.php(933): App\Controllers\Admin->rtopickupPending()
11 SYSTEMPATH\CodeIgniter.php(507): CodeIgniter\CodeIgniter->runController(Object(App\Controllers\Admin))
12 SYSTEMPATH\CodeIgniter.php(354): CodeIgniter\CodeIgniter->handleRequest(null, Object(Config\Cache), false)
13 SYSTEMPATH\Boot.php(334): CodeIgniter\CodeIgniter->run()
14 SYSTEMPATH\Boot.php(67): CodeIgniter\Boot::runCodeIgniter(Object(CodeIgniter\CodeIgniter))
15 FCPATH\index.php(56): CodeIgniter\Boot::bootWeb(Object(Config\Paths))
CRITICAL - 2025-04-04 13:07:49 --> ErrorException: Undefined property: stdClass::$date
[Method: GET, Route: admin/rto-pickup-pending]
in APPPATH\Views\layouts\rto_pending.php on line 164.
 1 APPPATH\Views\layouts\rto_pending.php(164): CodeIgniter\Debug\Exceptions->errorHandler(2, 'Undefined property: stdClass::$date', 'C:\\xampp\\htdocs\\meeshodelivery\\app\\Views\\layouts\\rto_pending.php', 164)
 2 SYSTEMPATH\View\View.php(224): include('C:\\xampp\\htdocs\\meeshodelivery\\app\\Views\\layouts\\rto_pending.php')
 3 SYSTEMPATH\View\View.php(227): CodeIgniter\View\View->CodeIgniter\View\{closure}()
 4 SYSTEMPATH\View\View.php(475): CodeIgniter\View\View->render('layouts/rto_pending', null, true)
 5 APPPATH\Views\rto_pending.php(6): CodeIgniter\View\View->include('layouts/rto_pending')
 6 SYSTEMPATH\View\View.php(224): include('C:\\xampp\\htdocs\\meeshodelivery\\app\\Views\\rto_pending.php')
 7 SYSTEMPATH\View\View.php(227): CodeIgniter\View\View->CodeIgniter\View\{closure}()
 8 SYSTEMPATH\Common.php(1173): CodeIgniter\View\View->render('rto_pending', [], true)
 9 APPPATH\Controllers\Admin.php(2418): view('rto_pending', [...])
10 SYSTEMPATH\CodeIgniter.php(933): App\Controllers\Admin->rtopickupPending()
11 SYSTEMPATH\CodeIgniter.php(507): CodeIgniter\CodeIgniter->runController(Object(App\Controllers\Admin))
12 SYSTEMPATH\CodeIgniter.php(354): CodeIgniter\CodeIgniter->handleRequest(null, Object(Config\Cache), false)
13 SYSTEMPATH\Boot.php(334): CodeIgniter\CodeIgniter->run()
14 SYSTEMPATH\Boot.php(67): CodeIgniter\Boot::runCodeIgniter(Object(CodeIgniter\CodeIgniter))
15 FCPATH\index.php(56): CodeIgniter\Boot::bootWeb(Object(Config\Paths))
CRITICAL - 2025-04-04 13:08:15 --> ErrorException: Undefined property: stdClass::$inventory_pending
[Method: GET, Route: admin/rto-pickup-pending]
in APPPATH\Views\layouts\rto_pending.php on line 165.
 1 APPPATH\Views\layouts\rto_pending.php(165): CodeIgniter\Debug\Exceptions->errorHandler(2, 'Undefined property: stdClass::$inventory_pending', 'C:\\xampp\\htdocs\\meeshodelivery\\app\\Views\\layouts\\rto_pending.php', 165)
 2 SYSTEMPATH\View\View.php(224): include('C:\\xampp\\htdocs\\meeshodelivery\\app\\Views\\layouts\\rto_pending.php')
 3 SYSTEMPATH\View\View.php(227): CodeIgniter\View\View->CodeIgniter\View\{closure}()
 4 SYSTEMPATH\View\View.php(475): CodeIgniter\View\View->render('layouts/rto_pending', null, true)
 5 APPPATH\Views\rto_pending.php(6): CodeIgniter\View\View->include('layouts/rto_pending')
 6 SYSTEMPATH\View\View.php(224): include('C:\\xampp\\htdocs\\meeshodelivery\\app\\Views\\rto_pending.php')
 7 SYSTEMPATH\View\View.php(227): CodeIgniter\View\View->CodeIgniter\View\{closure}()
 8 SYSTEMPATH\Common.php(1173): CodeIgniter\View\View->render('rto_pending', [], true)
 9 APPPATH\Controllers\Admin.php(2418): view('rto_pending', [...])
10 SYSTEMPATH\CodeIgniter.php(933): App\Controllers\Admin->rtopickupPending()
11 SYSTEMPATH\CodeIgniter.php(507): CodeIgniter\CodeIgniter->runController(Object(App\Controllers\Admin))
12 SYSTEMPATH\CodeIgniter.php(354): CodeIgniter\CodeIgniter->handleRequest(null, Object(Config\Cache), false)
13 SYSTEMPATH\Boot.php(334): CodeIgniter\CodeIgniter->run()
14 SYSTEMPATH\Boot.php(67): CodeIgniter\Boot::runCodeIgniter(Object(CodeIgniter\CodeIgniter))
15 FCPATH\index.php(56): CodeIgniter\Boot::bootWeb(Object(Config\Paths))
CRITICAL - 2025-04-04 13:16:44 --> ErrorException: Undefined property: stdClass::$return_date
[Method: GET, Route: admin/rto-pickup-pending]
in APPPATH\Views\layouts\rto_pending.php on line 164.
 1 APPPATH\Views\layouts\rto_pending.php(164): CodeIgniter\Debug\Exceptions->errorHandler(2, 'Undefined property: stdClass::$return_date', 'C:\\xampp\\htdocs\\meeshodelivery\\app\\Views\\layouts\\rto_pending.php', 164)
 2 SYSTEMPATH\View\View.php(224): include('C:\\xampp\\htdocs\\meeshodelivery\\app\\Views\\layouts\\rto_pending.php')
 3 SYSTEMPATH\View\View.php(227): CodeIgniter\View\View->CodeIgniter\View\{closure}()
 4 SYSTEMPATH\View\View.php(475): CodeIgniter\View\View->render('layouts/rto_pending', null, true)
 5 APPPATH\Views\rto_pending.php(6): CodeIgniter\View\View->include('layouts/rto_pending')
 6 SYSTEMPATH\View\View.php(224): include('C:\\xampp\\htdocs\\meeshodelivery\\app\\Views\\rto_pending.php')
 7 SYSTEMPATH\View\View.php(227): CodeIgniter\View\View->CodeIgniter\View\{closure}()
 8 SYSTEMPATH\Common.php(1173): CodeIgniter\View\View->render('rto_pending', [], true)
 9 APPPATH\Controllers\Admin.php(2418): view('rto_pending', [...])
10 SYSTEMPATH\CodeIgniter.php(933): App\Controllers\Admin->rtopickupPending()
11 SYSTEMPATH\CodeIgniter.php(507): CodeIgniter\CodeIgniter->runController(Object(App\Controllers\Admin))
12 SYSTEMPATH\CodeIgniter.php(354): CodeIgniter\CodeIgniter->handleRequest(null, Object(Config\Cache), false)
13 SYSTEMPATH\Boot.php(334): CodeIgniter\CodeIgniter->run()
14 SYSTEMPATH\Boot.php(67): CodeIgniter\Boot::runCodeIgniter(Object(CodeIgniter\CodeIgniter))
15 FCPATH\index.php(56): CodeIgniter\Boot::bootWeb(Object(Config\Paths))
CRITICAL - 2025-04-04 13:18:25 --> ErrorException: Undefined property: App\Controllers\Admin::$db
[Method: GET, Route: admin/rto-pickup-pending]
in APPPATH\Controllers\Admin.php on line 2418.
 1 APPPATH\Controllers\Admin.php(2418): CodeIgniter\Debug\Exceptions->errorHandler(2, 'Undefined property: App\\Controllers\\Admin::$db', 'C:\\xampp\\htdocs\\meeshodelivery\\app\\Controllers\\Admin.php', 2418)
 2 SYSTEMPATH\CodeIgniter.php(933): App\Controllers\Admin->rtopickupPending()
 3 SYSTEMPATH\CodeIgniter.php(507): CodeIgniter\CodeIgniter->runController(Object(App\Controllers\Admin))
 4 SYSTEMPATH\CodeIgniter.php(354): CodeIgniter\CodeIgniter->handleRequest(null, Object(Config\Cache), false)
 5 SYSTEMPATH\Boot.php(334): CodeIgniter\CodeIgniter->run()
 6 SYSTEMPATH\Boot.php(67): CodeIgniter\Boot::runCodeIgniter(Object(CodeIgniter\CodeIgniter))
 7 FCPATH\index.php(56): CodeIgniter\Boot::bootWeb(Object(Config\Paths))
CRITICAL - 2025-04-04 13:19:12 --> ErrorException: Attempt to read property "hub_name" on array
[Method: GET, Route: admin/rto-pickup-pending]
in APPPATH\Views\layouts\rto_pending.php on line 163.
 1 APPPATH\Views\layouts\rto_pending.php(163): CodeIgniter\Debug\Exceptions->errorHandler(2, 'Attempt to read property "hub_name" on array', 'C:\\xampp\\htdocs\\meeshodelivery\\app\\Views\\layouts\\rto_pending.php', 163)
 2 SYSTEMPATH\View\View.php(224): include('C:\\xampp\\htdocs\\meeshodelivery\\app\\Views\\layouts\\rto_pending.php')
 3 SYSTEMPATH\View\View.php(227): CodeIgniter\View\View->CodeIgniter\View\{closure}()
 4 SYSTEMPATH\View\View.php(475): CodeIgniter\View\View->render('layouts/rto_pending', null, true)
 5 APPPATH\Views\rto_pending.php(6): CodeIgniter\View\View->include('layouts/rto_pending')
 6 SYSTEMPATH\View\View.php(224): include('C:\\xampp\\htdocs\\meeshodelivery\\app\\Views\\rto_pending.php')
 7 SYSTEMPATH\View\View.php(227): CodeIgniter\View\View->CodeIgniter\View\{closure}()
 8 SYSTEMPATH\Common.php(1173): CodeIgniter\View\View->render('rto_pending', [], true)
 9 APPPATH\Controllers\Admin.php(2471): view('rto_pending', [...])
10 SYSTEMPATH\CodeIgniter.php(933): App\Controllers\Admin->rtopickupPending()
11 SYSTEMPATH\CodeIgniter.php(507): CodeIgniter\CodeIgniter->runController(Object(App\Controllers\Admin))
12 SYSTEMPATH\CodeIgniter.php(354): CodeIgniter\CodeIgniter->handleRequest(null, Object(Config\Cache), false)
13 SYSTEMPATH\Boot.php(334): CodeIgniter\CodeIgniter->run()
14 SYSTEMPATH\Boot.php(67): CodeIgniter\Boot::runCodeIgniter(Object(CodeIgniter\CodeIgniter))
15 FCPATH\index.php(56): CodeIgniter\Boot::bootWeb(Object(Config\Paths))
CRITICAL - 2025-04-04 13:20:11 --> ErrorException: Attempt to read property "hub_name" on array
[Method: GET, Route: admin/rto-pickup-pending]
in APPPATH\Views\layouts\rto_pending.php on line 163.
 1 APPPATH\Views\layouts\rto_pending.php(163): CodeIgniter\Debug\Exceptions->errorHandler(2, 'Attempt to read property "hub_name" on array', 'C:\\xampp\\htdocs\\meeshodelivery\\app\\Views\\layouts\\rto_pending.php', 163)
 2 SYSTEMPATH\View\View.php(224): include('C:\\xampp\\htdocs\\meeshodelivery\\app\\Views\\layouts\\rto_pending.php')
 3 SYSTEMPATH\View\View.php(227): CodeIgniter\View\View->CodeIgniter\View\{closure}()
 4 SYSTEMPATH\View\View.php(475): CodeIgniter\View\View->render('layouts/rto_pending', null, true)
 5 APPPATH\Views\rto_pending.php(6): CodeIgniter\View\View->include('layouts/rto_pending')
 6 SYSTEMPATH\View\View.php(224): include('C:\\xampp\\htdocs\\meeshodelivery\\app\\Views\\rto_pending.php')
 7 SYSTEMPATH\View\View.php(227): CodeIgniter\View\View->CodeIgniter\View\{closure}()
 8 SYSTEMPATH\Common.php(1173): CodeIgniter\View\View->render('rto_pending', [], true)
 9 APPPATH\Controllers\Admin.php(2472): view('rto_pending', [...])
10 SYSTEMPATH\CodeIgniter.php(933): App\Controllers\Admin->rtopickupPending()
11 SYSTEMPATH\CodeIgniter.php(507): CodeIgniter\CodeIgniter->runController(Object(App\Controllers\Admin))
12 SYSTEMPATH\CodeIgniter.php(354): CodeIgniter\CodeIgniter->handleRequest(null, Object(Config\Cache), false)
13 SYSTEMPATH\Boot.php(334): CodeIgniter\CodeIgniter->run()
14 SYSTEMPATH\Boot.php(67): CodeIgniter\Boot::runCodeIgniter(Object(CodeIgniter\CodeIgniter))
15 FCPATH\index.php(56): CodeIgniter\Boot::bootWeb(Object(Config\Paths))
CRITICAL - 2025-04-04 13:21:41 --> ErrorException: Undefined array key "return_date"
[Method: GET, Route: admin/rto-pickup-pending]
in APPPATH\Views\layouts\rto_pending.php on line 164.
 1 APPPATH\Views\layouts\rto_pending.php(164): CodeIgniter\Debug\Exceptions->errorHandler(2, 'Undefined array key "return_date"', 'C:\\xampp\\htdocs\\meeshodelivery\\app\\Views\\layouts\\rto_pending.php', 164)
 2 SYSTEMPATH\View\View.php(224): include('C:\\xampp\\htdocs\\meeshodelivery\\app\\Views\\layouts\\rto_pending.php')
 3 SYSTEMPATH\View\View.php(227): CodeIgniter\View\View->CodeIgniter\View\{closure}()
 4 SYSTEMPATH\View\View.php(475): CodeIgniter\View\View->render('layouts/rto_pending', null, true)
 5 APPPATH\Views\rto_pending.php(6): CodeIgniter\View\View->include('layouts/rto_pending')
 6 SYSTEMPATH\View\View.php(224): include('C:\\xampp\\htdocs\\meeshodelivery\\app\\Views\\rto_pending.php')
 7 SYSTEMPATH\View\View.php(227): CodeIgniter\View\View->CodeIgniter\View\{closure}()
 8 SYSTEMPATH\Common.php(1173): CodeIgniter\View\View->render('rto_pending', [], true)
 9 APPPATH\Controllers\Admin.php(2472): view('rto_pending', [...])
10 SYSTEMPATH\CodeIgniter.php(933): App\Controllers\Admin->rtopickupPending()
11 SYSTEMPATH\CodeIgniter.php(507): CodeIgniter\CodeIgniter->runController(Object(App\Controllers\Admin))
12 SYSTEMPATH\CodeIgniter.php(354): CodeIgniter\CodeIgniter->handleRequest(null, Object(Config\Cache), false)
13 SYSTEMPATH\Boot.php(334): CodeIgniter\CodeIgniter->run()
14 SYSTEMPATH\Boot.php(67): CodeIgniter\Boot::runCodeIgniter(Object(CodeIgniter\CodeIgniter))
15 FCPATH\index.php(56): CodeIgniter\Boot::bootWeb(Object(Config\Paths))
CRITICAL - 2025-04-04 13:22:39 --> ErrorException: Undefined array key "return_date"
[Method: GET, Route: admin/rto-pickup-pending]
in APPPATH\Views\layouts\rto_pending.php on line 164.
 1 APPPATH\Views\layouts\rto_pending.php(164): CodeIgniter\Debug\Exceptions->errorHandler(2, 'Undefined array key "return_date"', 'C:\\xampp\\htdocs\\meeshodelivery\\app\\Views\\layouts\\rto_pending.php', 164)
 2 SYSTEMPATH\View\View.php(224): include('C:\\xampp\\htdocs\\meeshodelivery\\app\\Views\\layouts\\rto_pending.php')
 3 SYSTEMPATH\View\View.php(227): CodeIgniter\View\View->CodeIgniter\View\{closure}()
 4 SYSTEMPATH\View\View.php(475): CodeIgniter\View\View->render('layouts/rto_pending', null, true)
 5 APPPATH\Views\rto_pending.php(6): CodeIgniter\View\View->include('layouts/rto_pending')
 6 SYSTEMPATH\View\View.php(224): include('C:\\xampp\\htdocs\\meeshodelivery\\app\\Views\\rto_pending.php')
 7 SYSTEMPATH\View\View.php(227): CodeIgniter\View\View->CodeIgniter\View\{closure}()
 8 SYSTEMPATH\Common.php(1173): CodeIgniter\View\View->render('rto_pending', [], true)
 9 APPPATH\Controllers\Admin.php(2473): view('rto_pending', [...])
10 SYSTEMPATH\CodeIgniter.php(933): App\Controllers\Admin->rtopickupPending()
11 SYSTEMPATH\CodeIgniter.php(507): CodeIgniter\CodeIgniter->runController(Object(App\Controllers\Admin))
12 SYSTEMPATH\CodeIgniter.php(354): CodeIgniter\CodeIgniter->handleRequest(null, Object(Config\Cache), false)
13 SYSTEMPATH\Boot.php(334): CodeIgniter\CodeIgniter->run()
14 SYSTEMPATH\Boot.php(67): CodeIgniter\Boot::runCodeIgniter(Object(CodeIgniter\CodeIgniter))
15 FCPATH\index.php(56): CodeIgniter\Boot::bootWeb(Object(Config\Paths))
CRITICAL - 2025-04-04 13:22:40 --> ErrorException: Undefined array key "return_date"
[Method: GET, Route: admin/rto-pickup-pending]
in APPPATH\Views\layouts\rto_pending.php on line 164.
 1 APPPATH\Views\layouts\rto_pending.php(164): CodeIgniter\Debug\Exceptions->errorHandler(2, 'Undefined array key "return_date"', 'C:\\xampp\\htdocs\\meeshodelivery\\app\\Views\\layouts\\rto_pending.php', 164)
 2 SYSTEMPATH\View\View.php(224): include('C:\\xampp\\htdocs\\meeshodelivery\\app\\Views\\layouts\\rto_pending.php')
 3 SYSTEMPATH\View\View.php(227): CodeIgniter\View\View->CodeIgniter\View\{closure}()
 4 SYSTEMPATH\View\View.php(475): CodeIgniter\View\View->render('layouts/rto_pending', null, true)
 5 APPPATH\Views\rto_pending.php(6): CodeIgniter\View\View->include('layouts/rto_pending')
 6 SYSTEMPATH\View\View.php(224): include('C:\\xampp\\htdocs\\meeshodelivery\\app\\Views\\rto_pending.php')
 7 SYSTEMPATH\View\View.php(227): CodeIgniter\View\View->CodeIgniter\View\{closure}()
 8 SYSTEMPATH\Common.php(1173): CodeIgniter\View\View->render('rto_pending', [], true)
 9 APPPATH\Controllers\Admin.php(2473): view('rto_pending', [...])
10 SYSTEMPATH\CodeIgniter.php(933): App\Controllers\Admin->rtopickupPending()
11 SYSTEMPATH\CodeIgniter.php(507): CodeIgniter\CodeIgniter->runController(Object(App\Controllers\Admin))
12 SYSTEMPATH\CodeIgniter.php(354): CodeIgniter\CodeIgniter->handleRequest(null, Object(Config\Cache), false)
13 SYSTEMPATH\Boot.php(334): CodeIgniter\CodeIgniter->run()
14 SYSTEMPATH\Boot.php(67): CodeIgniter\Boot::runCodeIgniter(Object(CodeIgniter\CodeIgniter))
15 FCPATH\index.php(56): CodeIgniter\Boot::bootWeb(Object(Config\Paths))
CRITICAL - 2025-04-04 13:22:41 --> ErrorException: Undefined array key "return_date"
[Method: GET, Route: admin/rto-pickup-pending]
in APPPATH\Views\layouts\rto_pending.php on line 164.
 1 APPPATH\Views\layouts\rto_pending.php(164): CodeIgniter\Debug\Exceptions->errorHandler(2, 'Undefined array key "return_date"', 'C:\\xampp\\htdocs\\meeshodelivery\\app\\Views\\layouts\\rto_pending.php', 164)
 2 SYSTEMPATH\View\View.php(224): include('C:\\xampp\\htdocs\\meeshodelivery\\app\\Views\\layouts\\rto_pending.php')
 3 SYSTEMPATH\View\View.php(227): CodeIgniter\View\View->CodeIgniter\View\{closure}()
 4 SYSTEMPATH\View\View.php(475): CodeIgniter\View\View->render('layouts/rto_pending', null, true)
 5 APPPATH\Views\rto_pending.php(6): CodeIgniter\View\View->include('layouts/rto_pending')
 6 SYSTEMPATH\View\View.php(224): include('C:\\xampp\\htdocs\\meeshodelivery\\app\\Views\\rto_pending.php')
 7 SYSTEMPATH\View\View.php(227): CodeIgniter\View\View->CodeIgniter\View\{closure}()
 8 SYSTEMPATH\Common.php(1173): CodeIgniter\View\View->render('rto_pending', [], true)
 9 APPPATH\Controllers\Admin.php(2473): view('rto_pending', [...])
10 SYSTEMPATH\CodeIgniter.php(933): App\Controllers\Admin->rtopickupPending()
11 SYSTEMPATH\CodeIgniter.php(507): CodeIgniter\CodeIgniter->runController(Object(App\Controllers\Admin))
12 SYSTEMPATH\CodeIgniter.php(354): CodeIgniter\CodeIgniter->handleRequest(null, Object(Config\Cache), false)
13 SYSTEMPATH\Boot.php(334): CodeIgniter\CodeIgniter->run()
14 SYSTEMPATH\Boot.php(67): CodeIgniter\Boot::runCodeIgniter(Object(CodeIgniter\CodeIgniter))
15 FCPATH\index.php(56): CodeIgniter\Boot::bootWeb(Object(Config\Paths))
CRITICAL - 2025-04-04 13:22:41 --> ErrorException: Undefined array key "return_date"
[Method: GET, Route: admin/rto-pickup-pending]
in APPPATH\Views\layouts\rto_pending.php on line 164.
 1 APPPATH\Views\layouts\rto_pending.php(164): CodeIgniter\Debug\Exceptions->errorHandler(2, 'Undefined array key "return_date"', 'C:\\xampp\\htdocs\\meeshodelivery\\app\\Views\\layouts\\rto_pending.php', 164)
 2 SYSTEMPATH\View\View.php(224): include('C:\\xampp\\htdocs\\meeshodelivery\\app\\Views\\layouts\\rto_pending.php')
 3 SYSTEMPATH\View\View.php(227): CodeIgniter\View\View->CodeIgniter\View\{closure}()
 4 SYSTEMPATH\View\View.php(475): CodeIgniter\View\View->render('layouts/rto_pending', null, true)
 5 APPPATH\Views\rto_pending.php(6): CodeIgniter\View\View->include('layouts/rto_pending')
 6 SYSTEMPATH\View\View.php(224): include('C:\\xampp\\htdocs\\meeshodelivery\\app\\Views\\rto_pending.php')
 7 SYSTEMPATH\View\View.php(227): CodeIgniter\View\View->CodeIgniter\View\{closure}()
 8 SYSTEMPATH\Common.php(1173): CodeIgniter\View\View->render('rto_pending', [], true)
 9 APPPATH\Controllers\Admin.php(2473): view('rto_pending', [...])
10 SYSTEMPATH\CodeIgniter.php(933): App\Controllers\Admin->rtopickupPending()
11 SYSTEMPATH\CodeIgniter.php(507): CodeIgniter\CodeIgniter->runController(Object(App\Controllers\Admin))
12 SYSTEMPATH\CodeIgniter.php(354): CodeIgniter\CodeIgniter->handleRequest(null, Object(Config\Cache), false)
13 SYSTEMPATH\Boot.php(334): CodeIgniter\CodeIgniter->run()
14 SYSTEMPATH\Boot.php(67): CodeIgniter\Boot::runCodeIgniter(Object(CodeIgniter\CodeIgniter))
15 FCPATH\index.php(56): CodeIgniter\Boot::bootWeb(Object(Config\Paths))
CRITICAL - 2025-04-04 13:22:41 --> ErrorException: Undefined array key "return_date"
[Method: GET, Route: admin/rto-pickup-pending]
in APPPATH\Views\layouts\rto_pending.php on line 164.
 1 APPPATH\Views\layouts\rto_pending.php(164): CodeIgniter\Debug\Exceptions->errorHandler(2, 'Undefined array key "return_date"', 'C:\\xampp\\htdocs\\meeshodelivery\\app\\Views\\layouts\\rto_pending.php', 164)
 2 SYSTEMPATH\View\View.php(224): include('C:\\xampp\\htdocs\\meeshodelivery\\app\\Views\\layouts\\rto_pending.php')
 3 SYSTEMPATH\View\View.php(227): CodeIgniter\View\View->CodeIgniter\View\{closure}()
 4 SYSTEMPATH\View\View.php(475): CodeIgniter\View\View->render('layouts/rto_pending', null, true)
 5 APPPATH\Views\rto_pending.php(6): CodeIgniter\View\View->include('layouts/rto_pending')
 6 SYSTEMPATH\View\View.php(224): include('C:\\xampp\\htdocs\\meeshodelivery\\app\\Views\\rto_pending.php')
 7 SYSTEMPATH\View\View.php(227): CodeIgniter\View\View->CodeIgniter\View\{closure}()
 8 SYSTEMPATH\Common.php(1173): CodeIgniter\View\View->render('rto_pending', [], true)
 9 APPPATH\Controllers\Admin.php(2473): view('rto_pending', [...])
10 SYSTEMPATH\CodeIgniter.php(933): App\Controllers\Admin->rtopickupPending()
11 SYSTEMPATH\CodeIgniter.php(507): CodeIgniter\CodeIgniter->runController(Object(App\Controllers\Admin))
12 SYSTEMPATH\CodeIgniter.php(354): CodeIgniter\CodeIgniter->handleRequest(null, Object(Config\Cache), false)
13 SYSTEMPATH\Boot.php(334): CodeIgniter\CodeIgniter->run()
14 SYSTEMPATH\Boot.php(67): CodeIgniter\Boot::runCodeIgniter(Object(CodeIgniter\CodeIgniter))
15 FCPATH\index.php(56): CodeIgniter\Boot::bootWeb(Object(Config\Paths))
CRITICAL - 2025-04-04 13:22:41 --> ErrorException: Undefined array key "return_date"
[Method: GET, Route: admin/rto-pickup-pending]
in APPPATH\Views\layouts\rto_pending.php on line 164.
 1 APPPATH\Views\layouts\rto_pending.php(164): CodeIgniter\Debug\Exceptions->errorHandler(2, 'Undefined array key "return_date"', 'C:\\xampp\\htdocs\\meeshodelivery\\app\\Views\\layouts\\rto_pending.php', 164)
 2 SYSTEMPATH\View\View.php(224): include('C:\\xampp\\htdocs\\meeshodelivery\\app\\Views\\layouts\\rto_pending.php')
 3 SYSTEMPATH\View\View.php(227): CodeIgniter\View\View->CodeIgniter\View\{closure}()
 4 SYSTEMPATH\View\View.php(475): CodeIgniter\View\View->render('layouts/rto_pending', null, true)
 5 APPPATH\Views\rto_pending.php(6): CodeIgniter\View\View->include('layouts/rto_pending')
 6 SYSTEMPATH\View\View.php(224): include('C:\\xampp\\htdocs\\meeshodelivery\\app\\Views\\rto_pending.php')
 7 SYSTEMPATH\View\View.php(227): CodeIgniter\View\View->CodeIgniter\View\{closure}()
 8 SYSTEMPATH\Common.php(1173): CodeIgniter\View\View->render('rto_pending', [], true)
 9 APPPATH\Controllers\Admin.php(2473): view('rto_pending', [...])
10 SYSTEMPATH\CodeIgniter.php(933): App\Controllers\Admin->rtopickupPending()
11 SYSTEMPATH\CodeIgniter.php(507): CodeIgniter\CodeIgniter->runController(Object(App\Controllers\Admin))
12 SYSTEMPATH\CodeIgniter.php(354): CodeIgniter\CodeIgniter->handleRequest(null, Object(Config\Cache), false)
13 SYSTEMPATH\Boot.php(334): CodeIgniter\CodeIgniter->run()
14 SYSTEMPATH\Boot.php(67): CodeIgniter\Boot::runCodeIgniter(Object(CodeIgniter\CodeIgniter))
15 FCPATH\index.php(56): CodeIgniter\Boot::bootWeb(Object(Config\Paths))
