CRITICAL - 2025-05-01 05:34:10 --> CodeIgniter\HTTP\Exceptions\BadRequestException: The URI you submitted has disallowed characters: "staff-salariesoncycle("
[Method: GET, Route: staff-salariesoncycle%28]
in SYSTEMPATH\Router\Router.php on line 739.
 1 SYSTEMPATH\Router\Router.php(207): CodeIgniter\Router\Router->checkDisallowedChars('staff-salariesoncycle(')
 2 SYSTEMPATH\CodeIgniter.php(832): CodeIgniter\Router\Router->handle('staff-salariesoncycle(')
 3 SYSTEMPATH\CodeIgniter.php(455): CodeIgniter\CodeIgniter->tryToRouteIt(Object(CodeIgniter\Router\RouteCollection))
 4 SYSTEMPATH\CodeIgniter.php(354): CodeIgniter\CodeIgniter->handleRequest(null, Object(Config\Cache), false)
 5 SYSTEMPATH\Boot.php(334): CodeIgniter\CodeIgniter->run()
 6 SYSTEMPATH\Boot.php(67): CodeIgniter\Boot::runCodeIgniter(Object(CodeIgniter\CodeIgniter))
 7 FCPATH\index.php(56): CodeIgniter\Boot::bootWeb(Object(Config\Paths))
CRITICAL - 2025-05-01 06:19:13 --> CodeIgniter\View\Exceptions\ViewException: Invalid file: "staff_salaries_cyclelist.php"
[Method: GET, Route: staff-salariesoncycle]
in SYSTEMPATH\Exceptions\FrameworkException.php on line 39.
 1 SYSTEMPATH\View\View.php(212): CodeIgniter\Exceptions\FrameworkException::forInvalidFile('staff_salaries_cyclelist.php')
 2 SYSTEMPATH\Common.php(1173): CodeIgniter\View\View->render('staff_salaries_cyclelist', [], true)
 3 APPPATH\Controllers\Admin.php(4439): view('staff_salaries_cyclelist', [...])
 4 SYSTEMPATH\CodeIgniter.php(933): App\Controllers\Admin->listStaffSalariesOncycle()
 5 SYSTEMPATH\CodeIgniter.php(507): CodeIgniter\CodeIgniter->runController(Object(App\Controllers\Admin))
 6 SYSTEMPATH\CodeIgniter.php(354): CodeIgniter\CodeIgniter->handleRequest(null, Object(Config\Cache), false)
 7 SYSTEMPATH\Boot.php(334): CodeIgniter\CodeIgniter->run()
 8 SYSTEMPATH\Boot.php(67): CodeIgniter\Boot::runCodeIgniter(Object(CodeIgniter\CodeIgniter))
 9 FCPATH\index.php(56): CodeIgniter\Boot::bootWeb(Object(Config\Paths))
